uname@__uname
brk@brk
brk@brk
brk@brk
brk@brk
open@__open_nocancel
fstat@__fxstat
mmap@mmap64
open@__open_nocancel
fstat@__fxstat
mmap@mmap64
read@__read_nocancel
read@__read_nocancel
close@__close_nocancel
munmap@__munmap
open@__open_nocancel
open@__open_nocancel
open@__open_nocancel
open@__open_nocancel
open@__open_nocancel
open@__open_nocancel
open@__open_nocancel
open@__open_nocancel
open@__open_nocancel
open@__open_nocancel
open@__open_nocancel
open@__open_nocancel
write@__write_nocancel
open@__open_nocancel
open@__open_nocancel
open@__open_nocancel
open@__open_nocancel
open@__open_nocancel
open@__open_nocancel
open@__open_nocancel
open@__open_nocancel
open@__open_nocancel
open@__open_nocancel
open@__open_nocancel
open@__open_nocancel
fstat@__fxstat
mmap@mmap64
write@__write_nocancel
exit_group@_exit
