uname@__uname
brk@brk
brk@brk
brk@brk
brk@brk
open@__open_nocancel
fstat@__fxstat
mmap@mmap64
open@__open_nocancel
fstat@__fxstat
read@__read_nocancel
fstat@__fxstat
mmap@mmap64
write@__write_nocancel
read@__read_nocancel
write@__write_nocancel
read@__read_nocancel
write@__write_nocancel
read@__read_nocancel
write@__write_nocancel
read@__read_nocancel
write@__write_nocancel
read@__read_nocancel
write@__write_nocancel
read@__read_nocancel
write@__write_nocancel
write@__write_nocancel
read@__read_nocancel
write@__write_nocancel
read@__read_nocancel
write@__write_nocancel
read@__read_nocancel
write@__write_nocancel
read@__read_nocancel
close@__close_nocancel
write@__write_nocancel
close@__close_nocancel
munmap@__munmap
exit_group@_exit
