uname@__uname
brk@brk
brk@brk
brk@brk
brk@brk
open@__open_nocancel
fstat@__fxstat
mmap@mmap64
chdir@__chdir
chdir@__chdir
stat@__xstat
stat@__xstat
rt_sigaction@__libc_sigaction
rt_sigprocmask@sigprocmask
rt_sigaction@__libc_sigaction
rt_sigprocmask@sigprocmask
rt_sigaction@__libc_sigaction
rt_sigprocmask@sigprocmask
rt_sigaction@__libc_sigaction
rt_sigprocmask@sigprocmask
rt_sigaction@__libc_sigaction
rt_sigprocmask@sigprocmask
rt_sigaction@__libc_sigaction
rt_sigprocmask@sigprocmask
rt_sigaction@__libc_sigaction
rt_sigprocmask@sigprocmask
rt_sigaction@__libc_sigaction
rt_sigprocmask@sigprocmask
rt_sigaction@__libc_sigaction
rt_sigprocmask@sigprocmask
rt_sigaction@__libc_sigaction
rt_sigprocmask@sigprocmask
rt_sigaction@__libc_sigaction
rt_sigprocmask@sigprocmask
rt_sigaction@__libc_sigaction
rt_sigprocmask@sigprocmask
rt_sigaction@__libc_sigaction
rt_sigprocmask@sigprocmask
rt_sigaction@__libc_sigaction
rt_sigprocmask@sigprocmask
rt_sigaction@__libc_sigaction
rt_sigprocmask@sigprocmask
rt_sigaction@__libc_sigaction
rt_sigprocmask@sigprocmask
rt_sigaction@__libc_sigaction
rt_sigprocmask@sigprocmask
rt_sigaction@__libc_sigaction
rt_sigprocmask@sigprocmask
rt_sigaction@__libc_sigaction
rt_sigprocmask@sigprocmask
rt_sigaction@__libc_sigaction
rt_sigprocmask@sigprocmask
rt_sigaction@__libc_sigaction
rt_sigprocmask@sigprocmask
open@__open_nocancel
fstat@__fxstat
mmap@mmap64
stat@__xstat
stat@__xstat
access@__access
stat@__xstat
access@__access
open@__open_nocancel
fstat@__fxstat
mmap@mmap64
read@__read_nocancel
read@__read_nocancel
close@__close_nocancel
munmap@__munmap
ioctl@__ioctl
ioctl@__ioctl
ioctl@__ioctl
open@__open_nocancel
fstat@__fxstat
mmap@mmap64
read@__read_nocancel
open@__open_nocancel
write@__write_nocancel
write@__write_nocancel
write@__write_nocancel
write@__write_nocancel
write@__write_nocancel
write@__write_nocancel
write@__write_nocancel
write@__write_nocancel
write@__write_nocancel
write@__write_nocancel
write@__write_nocancel
write@__write_nocancel
write@__write_nocancel
write@__write_nocancel
write@__write_nocancel
write@__write_nocancel
write@__write_nocancel
write@__write_nocancel
write@__write_nocancel
write@__write_nocancel
write@__write_nocancel
write@__write_nocancel
write@__write_nocancel
write@__write_nocancel
write@__write_nocancel
write@__write_nocancel
write@__write_nocancel
write@__write_nocancel
write@__write_nocancel
write@__write_nocancel
write@__write_nocancel
write@__write_nocancel
write@__write_nocancel
write@__write_nocancel
write@__write_nocancel
write@__write_nocancel
write@__write_nocancel
write@__write_nocancel
write@__write_nocancel
write@__write_nocancel
write@__write_nocancel
write@__write_nocancel
write@__write_nocancel
write@__write_nocancel
write@__write_nocancel
write@__write_nocancel
write@__write_nocancel
write@__write_nocancel
write@__write_nocancel
write@__write_nocancel
write@__write_nocancel
write@__write_nocancel
write@__write_nocancel
write@__write_nocancel
write@__write_nocancel
write@__write_nocancel
write@__write_nocancel
write@__write_nocancel
write@__write_nocancel
write@__write_nocancel
write@__write_nocancel
write@__write_nocancel
write@__write_nocancel
write@__write_nocancel
write@__write_nocancel
write@__write_nocancel
write@__write_nocancel
write@__write_nocancel
write@__write_nocancel
write@__write_nocancel
write@__write_nocancel
write@__write_nocancel
write@__write_nocancel
write@__write_nocancel
write@__write_nocancel
write@__write_nocancel
write@__write_nocancel
write@__write_nocancel
write@__write_nocancel
write@__write_nocancel
write@__write_nocancel
write@__write_nocancel
write@__write_nocancel
write@__write_nocancel
write@__write_nocancel
write@__write_nocancel
write@__write_nocancel
write@__write_nocancel
write@__write_nocancel
write@__write_nocancel
write@__write_nocancel
write@__write_nocancel
write@__write_nocancel
write@__write_nocancel
write@__write_nocancel
write@__write_nocancel
write@__write_nocancel
write@__write_nocancel
write@__write_nocancel
write@__write_nocancel
write@__write_nocancel
write@__write_nocancel
write@__write_nocancel
write@__write_nocancel
write@__write_nocancel
write@__write_nocancel
write@__write_nocancel
write@__write_nocancel
write@__write_nocancel
write@__write_nocancel
write@__write_nocancel
write@__write_nocancel
write@__write_nocancel
write@__write_nocancel
write@__write_nocancel
write@__write_nocancel
write@__write_nocancel
write@__write_nocancel
write@__write_nocancel
write@__write_nocancel
write@__write_nocancel
write@__write_nocancel
write@__write_nocancel
stat@__xstat
open@__open_nocancel
read@__read_nocancel
close@__close_nocancel
munmap@__munmap
open@__open_nocancel
fchdir@__fchdir
chdir@__chdir
fchdir@__fchdir
close@__close_nocancel
stat@__xstat
select@__select_nocancel
write@__write_nocancel
select@__select_nocancel
write@__write_nocancel
write@__write_nocancel
nanosleep@__nanosleep_nocancel
getuid@__getuid
socket@__socket
connect@__connect_nocancel
socket@__socket
connect@__connect_nocancel
open@__open_nocancel
fstat@__fxstat
mmap@mmap64
read@__read_nocancel
read@__read_nocancel
close@__close_nocancel
munmap@__munmap
open@__open_nocancel
fstat@__fxstat
mmap@mmap64
close@__close_nocancel
access@__access
open@__open_nocancel
read@__read_nocancel
fstat@__fxstat
mmap@mmap64
mprotect@mprotect
mmap@mmap64
close@__close_nocancel
access@__access
open@__open_nocancel
read@__read_nocancel
fstat@__fxstat
mmap@mmap64
mprotect@mprotect
mmap@mmap64
mmap@mmap64
close@__close_nocancel
access@__access
open@__open_nocancel
read@__read_nocancel
fstat@__fxstat
mmap@mmap64
mprotect@mprotect
mmap@mmap64
mmap@mmap64
close@__close_nocancel
access@__access
open@__open_nocancel
read@__read_nocancel
fstat@__fxstat
mmap@mmap64
mprotect@mprotect
mmap@mmap64
close@__close_nocancel
mprotect@mprotect
mprotect@mprotect
mprotect@mprotect
mprotect@mprotect
munmap@__munmap
open@__open_nocancel
fstat@__fxstat
mmap@mmap64
close@__close_nocancel
access@__access
open@__open_nocancel
read@__read_nocancel
fstat@__fxstat
mmap@mmap64
mprotect@mprotect
mmap@mmap64
close@__close_nocancel
access@__access
open@__open_nocancel
read@__read_nocancel
fstat@__fxstat
mmap@mmap64
mprotect@mprotect
mmap@mmap64
close@__close_nocancel
mprotect@mprotect
mprotect@mprotect
munmap@__munmap
stat@__xstat
uname@__uname
getpid@getpid
stat@__xstat
stat@__xstat
access@__access
open@__open_nocancel
stat@__xstat
open@__open_nocancel
open@__open_nocancel
open@__open_nocancel
open@__open_nocancel
fstat@__fxstat
fstat@__fxstat
close@__close_nocancel
unlink@unlink
close@__close_nocancel
unlink@unlink
stat@__xstat
unlink@unlink
open@__open_nocancel
lseek@__lseek_nocancel
write@__write_nocancel
close@__close_nocancel
open@__open_nocancel
write@__write_nocancel
brk@brk
brk@brk
read@__read_nocancel
select@__select_nocancel
read@__read_nocancel
close@__close_nocancel
write@__write_nocancel
select@__select_nocancel
select@__select_nocancel
write@__write_nocancel
select@__select_nocancel
select@__select_nocancel
read@__read_nocancel
select@__select_nocancel
select@__select_nocancel
select@__select_nocancel
select@__select_nocancel
select@__select_nocancel
select@__select_nocancel
select@__select_nocancel
select@__select_nocancel
select@__select_nocancel
select@__select_nocancel
select@__select_nocancel
select@__select_nocancel
select@__select_nocancel
write@__write_nocancel
select@__select_nocancel
select@__select_nocancel
select@__select_nocancel
select@__select_nocancel
select@__select_nocancel
select@__select_nocancel
select@__select_nocancel
select@__select_nocancel
select@__select_nocancel
select@__select_nocancel
select@__select_nocancel
select@__select_nocancel
select@__select_nocancel
select@__select_nocancel
select@__select_nocancel
write@__write_nocancel
select@__select_nocancel
select@__select_nocancel
select@__select_nocancel
select@__select_nocancel
select@__select_nocancel
select@__select_nocancel
select@__select_nocancel
select@__select_nocancel
select@__select_nocancel
select@__select_nocancel
select@__select_nocancel
select@__select_nocancel
select@__select_nocancel
select@__select_nocancel
select@__select_nocancel
select@__select_nocancel
select@__select_nocancel
select@__select_nocancel
select@__select_nocancel
select@__select_nocancel
select@__select_nocancel
select@__select_nocancel
select@__select_nocancel
select@__select_nocancel
write@__write_nocancel
stat@__xstat
open@__open_nocancel
fstat@__fxstat
mmap@mmap64
fstat@__fxstat
lseek@__lseek_nocancel
select@__select_nocancel
select@__select_nocancel
select@__select_nocancel
select@__select_nocancel
write@__write_nocancel
write@__write_nocancel
write@__write_nocancel
select@__select_nocancel
write@__write_nocancel
select@__select_nocancel
select@__select_nocancel
select@__select_nocancel
select@__select_nocancel
select@__select_nocancel
select@__select_nocancel
select@__select_nocancel
select@__select_nocancel
select@__select_nocancel
select@__select_nocancel
select@__select_nocancel
write@__write_nocancel
write@__write_nocancel
close@__close_nocancel
munmap@__munmap
select@__select_nocancel
select@__select_nocancel
select@__select_nocancel
select@__select_nocancel
write@__write_nocancel
write@__write_nocancel
stat@__xstat
open@__open_nocancel
stat@__xstat
unlink@unlink
open@__open_nocancel
chmod@__chmod
fchown@__fchown
read@__read_nocancel
write@__write_nocancel
read@__read_nocancel
close@__close_nocancel
utime@utime
close@__close_nocancel
open@__open_nocancel
write@__write_nocancel
close@__close_nocancel
chmod@__chmod
write@__write_nocancel
unlink@unlink
write@__write_nocancel
write@__write_nocancel
write@__write_nocancel
close@__close_nocancel
unlink@unlink
brk@brk
brk@brk
brk@brk
brk@brk
exit_group@_exit
