execve("../source/grep.exe.static", ["../source/grep.exe.static", "-G", "[[:alpha:]]", "../inputs/grep1.dat"], [/* 44 vars */]) = 0
uname({sys="Linux", node="xmenxk-OptiPlex-7010", ...}) = 0
brk(0)                                  = 0x159e000
brk(0x159f1c0)                          = 0x159f1c0
arch_prctl(ARCH_SET_FS, 0x159e880)      = 0
brk(0x15c01c0)                          = 0x15c01c0
brk(0x15c1000)                          = 0x15c1000
open("/usr/lib/locale/locale-archive", O_RDONLY|O_CLOEXEC) = 3
fstat(3, {st_mode=S_IFREG|0644, st_size=2932080, ...}) = 0
mmap(NULL, 2932080, PROT_READ, MAP_PRIVATE, 3, 0) = 0x7f129e812000
close(3)                                = 0
open("../inputs/grep1.dat", O_RDONLY)   = 3
fstat(3, {st_mode=S_IFREG|0644, st_size=314192, ...}) = 0
read(3, "/* grep.c - main driver file for"..., 32768) = 32768
fstat(1, {st_mode=S_IFREG|0664, st_size=0, ...}) = 0
mmap(NULL, 4096, PROT_READ|PROT_WRITE, MAP_PRIVATE|MAP_ANONYMOUS, -1, 0) = 0x7f129e811000
write(1, "/* grep.c - main driver file for"..., 4096) = 4096
write(1, "   page size. */\nstatic char *bu"..., 4096) = 4096
write(1, "e count, context, etc. */\nstatic"..., 4096) = 4096
write(1, "!= lastout)\n\tlastout = 0;\n      "..., 4096) = 4096
write(1, "ys = argv[optind++];\n\tkeycc = st"..., 4096) = 4096
write(1, "opt'\n   but it behaves different"..., 4096) = 4096
write(1, "str;\n      str++;\n  return 0;\nst"..., 4096) = 4096
read(3, "= '-'\n\t   && (argv[optind][1] =="..., 32768) = 32768
write(1, " the index in LONGOPT of the lon"..., 4096) = 4096
write(1, "onexact match found.  */\n\t\tpfoun"..., 4096) = 4096
write(1, " */\n#ifdef TEST\n/* Compile with "..., 4096) = 4096
write(1, "f /* not SYNTAX_TABLE */\n#define"..., 4096) = 4096
write(1, "STREQ(s1, s2) ((strcmp (s1, s2) "..., 4096) = 4096
write(1, " before the first repeat.  Also "..., 4096) = 4096
write(1, "x3)\n#define DEBUG_PRINT4(x1, x2,"..., 4096) = 4096
write(1, "t_number_and_incr (&mcnt2, &p);\n"..., 4096) = 4096
read(3, "_BUFFER_SPACE (1);\t\t\t\t\t\t\\\n    *b"..., 32768) = 32768
write(1, "iling backslash\",\t\t\t/* REG_EESCA"..., 4096) = 4096
write(1, "ng larger than MAX_BUF_SIZE, the"..., 4096) = 4096
write(1, "t syntax;\n     struct re_pattern"..., 4096) = 4096
write(1, "\n        case '$':\n            i"..., 4096) = 4096
write(1, "the buffer.  */\n                "..., 4096) = 4096
write(1, "      class.  */\n               "..., 4096) = 4096
write(1, "   case '{':\n           if (synt"..., 4096) = 4096
write(1, "ILE_STACK_TOP.laststart_offset;\n"..., 4096) = 4096
read(3, "RE_CONTEXT_INDEP_OPS)\n          "..., 32768) = 32768
write(1, "syntax & RE_NO_BK_BRACES)) \n    "..., 4096) = 4096
write(1, "     i.e., b - laststart.\n      "..., 4096) = 4096
write(1, "  laststart = b;\n\t      BUF_PUSH"..., 4096) = 4096
write(1, "\n   `regex_compile' itself.  */\n"..., 4096) = 4096
write(1, "called from within `PUSH_FAILURE"..., 4096) = 4096
write(1, "any items on the stack.  */\n#def"..., 4096) = 4096
write(1, "rn can be null until\n     proven"..., 4096) = 4096
read(3, "}\n  else\n    {\n      bufp->regs_"..., 32768) = 32768
write(1, "!= succeed_n)\n\t    continue;\n   "..., 4096) = 4096
write(1, " length SIZE1 and SIZE2, respect"..., 4096) = 4096
write(1, "e we push this value\n   onto the"..., 4096) = 4096
write(1, "raints.  They must not be valid\n"..., 4096) = 4096
write(1, "erator fails to\n     match anyth"..., 4096) = 4096
write(1, "t not if\n     `string1' is null."..., 4096) = 4096
write(1, "rt == NULL || regs->end == NULL)"..., 4096) = 4096
write(1, "        || (bufp->syntax & RE_DO"..., 4096) = 4096
read(3, "/* do nothing */ ;\n             "..., 32768) = 32768
write(1, "\n            { /* We must scan f"..., 4096) = 4096
write(1, "licate %d.\\n\", regno);\n\t    /* C"..., 4096) = 4096
write(1, "DEBUG_PRINT3 (\" %d (to 0x%x):\\n\""..., 4096) = 4096
write(1, "(re_opcode_t) *p2 == endline))\n\t"..., 4096) = 4096
write(1, "      DEBUG_PRINT1 (\"EXECUTING p"..., 4096) = 4096
write(1, "ordchar.\\n\");\n\t  PREFETCH ();\n\t "..., 4096) = 4096
write(1, "             is, including the e"..., 4096) = 4096
write(1, "     p1 += mcnt;\n      else\n    "..., 4096) = 4096
read(3, "n, cflags)\n    regex_t *preg;\n  "..., 32768) = 32768
write(1, "ng after every newline.\n     If "..., 4096) = 4096
write(1, " regs.end[r];\n      /* If we nee"..., 4096) = 4096
write(1, "#else\n#define ISALPHA(C) isalpha"..., 4096) = 4096
write(1, "o beginning of input string. */\n"..., 4096) = 4096
write(1, "to normal_char;\n\t  return lastto"..., 4096) = 4096
write(1, "\n\t\t      setbit(tolower(c), ccl)"..., 4096) = 4096
write(1, "   size_t len;\n     struct dfa *"..., 4096) = 4096
read(3, "gument, union\n     the lastpos o"..., 32768) = 32768
write(1, "_IN_CONTEXT(constraint, newline,"..., 4096) = 4096
write(1, " its follow, labeled with an app"..., 4096) = 4096
write(1, "lastpos[-2];\n\t    nlastpos[-2] ="..., 4096) = 4096
write(1, "positions of state\n   0 in every"..., 4096) = 4096
write(1, "tf = 1 : 0;\n\t  if (! intersectf)"..., 4096) = 4096
write(1, "  else if (ISALNUM(c))\n\t\ttrans[c"..., 4096) = 4096
write(1, " Copy of d->trans so it can be o"..., 4096) = 4096
write(1, "h (\"is\")\n   When we get to the r"..., 4096) = 4096
read(3, "derr);\n#endif\n  for (ri = 0; ri "..., 32768) = 32768
write(1, " cpp;\n/* Given pointers to two s"..., 4096) = 4096
write(1, " lmp->in = new;\n\t  break;\n\tcase "..., 4096) = 4096
write(1, "elberg, Tiergartenstrasse 15, D-"..., 4096) = 4096
write(1, " (len--)\n      label = kwset->tr"..., 4096) = 4096
write(1, "e *link;\n  if (!tree)\n    return"..., 4096) = 4096
write(1, " then the shift at the fail shou"..., 4096) = 4096
write(1, " while (lim - end >= d)\n      if"..., 4096) = 4096
write(1, "any other GNU distributions.  Co"..., 4096) = 4096
read(3, "size;\n\n  /* Move the existing ob"..., 32768) = 19280
write(1, "  /* 12 is sizeof (mhead) and 4 "..., 4096) = 4096
write(1, "ck_free\n/* This function has two"..., 4096) = 4096
write(1, "obstack *obstack;\n     POINTER p"..., 4096) = 4096
write(1, "matches. */\nstatic void\nkwsmusts"..., 4096) = 4096
write(1, "    goto failure;\n\t  /* Narrow d"..., 4096) = 4096
read(3, "", 32768)                      = 0
close(3)                                = 0
write(1, "tvfv\n3eif agoutvf end = buf + si"..., 237) = 237
close(1)                                = 0
munmap(0x7f129e811000, 4096)            = 0
exit_group(0)                           = ?
