execve("../source/grep.exe.static", ["../source/grep.exe.static", "-n", "1", "../inputs/grep1.dat"], [/* 44 vars */]) = 0
uname({sys="Linux", node="xmenxk-OptiPlex-7010", ...}) = 0
brk(0)                                  = 0x700000
brk(0x7011c0)                           = 0x7011c0
arch_prctl(ARCH_SET_FS, 0x700880)       = 0
brk(0x7221c0)                           = 0x7221c0
brk(0x723000)                           = 0x723000
open("/usr/lib/locale/locale-archive", O_RDONLY|O_CLOEXEC) = 3
fstat(3, {st_mode=S_IFREG|0644, st_size=2932080, ...}) = 0
mmap(NULL, 2932080, PROT_READ, MAP_PRIVATE, 3, 0) = 0x7fd2e7db6000
close(3)                                = 0
open("../inputs/grep1.dat", O_RDONLY)   = 3
fstat(3, {st_mode=S_IFREG|0644, st_size=314192, ...}) = 0
read(3, "/* grep.c - main driver file for"..., 32768) = 32768
fstat(1, {st_mode=S_IFREG|0664, st_size=0, ...}) = 0
mmap(NULL, 4096, PROT_READ|PROT_WRITE, MAP_PRIVATE|MAP_ANONYMOUS, -1, 0) = 0x7fd2e7db5000
read(3, "= '-'\n\t   && (argv[optind][1] =="..., 32768) = 32768
write(1, "2:   Copyright (C) 1992 Free Sof"..., 4096) = 4096
read(3, "_BUFFER_SPACE (1);\t\t\t\t\t\t\\\n    *b"..., 32768) = 32768
write(1, "ion_optind = optind ? optind : 1"..., 4096) = 4096
read(3, "RE_CONTEXT_INDEP_OPS)\n          "..., 32768) = 32768
write(1, "(1 << BYTEWIDTH) / BYTEWIDTH);\n3"..., 4096) = 4096
read(3, "}\n  else\n    {\n      bufp->regs_"..., 32768) = 32768
write(1, "ring2, size2);\t\\\n4132:  DEBUG_PR"..., 4096) = 4096
read(3, "/* do nothing */ ;\n             "..., 32768) = 32768
write(1, "2;\n4852:  unsigned num_regs = bu"..., 4096) = 4096
write(1, "   DEBUG_PRINT1 (\"EXECUTING endl"..., 4096) = 4096
read(3, "n, cflags)\n    regex_t *preg;\n  "..., 32768) = 32768
write(1, "               if (!alt_match_nu"..., 4096) = 4096
read(3, "gument, union\n     the lastpos o"..., 32768) = 32768
read(3, "derr);\n#endif\n  for (ri = 0; ri "..., 32768) = 32768
write(1, ");\n7546:  position t1, t2;\n7554:"..., 4096) = 4096
read(3, "size;\n\n  /* Move the existing ob"..., 32768) = 19280
write(1, "lmp->right[ln - i - 1] != rmp->r"..., 4096) = 4096
read(3, "", 32768)                      = 0
close(3)                                = 0
write(1, "ast (obstack, character);\n10422:"..., 1320) = 1320
close(1)                                = 0
munmap(0x7fd2e7db5000, 4096)            = 0
exit_group(0)                           = ?
