execve("../source/grep.exe.static", ["../source/grep.exe.static", "-G", "[12]", "../inputs/grep0.dat", "../inputs/grep1.dat", "../inputs/grepNull.dat"], [/* 44 vars */]) = 0
uname({sys="Linux", node="xmenxk-OptiPlex-7010", ...}) = 0
brk(0)                                  = 0xc98000
brk(0xc991c0)                           = 0xc991c0
arch_prctl(ARCH_SET_FS, 0xc98880)       = 0
brk(0xcba1c0)                           = 0xcba1c0
brk(0xcbb000)                           = 0xcbb000
open("/usr/lib/locale/locale-archive", O_RDONLY|O_CLOEXEC) = 3
fstat(3, {st_mode=S_IFREG|0644, st_size=2932080, ...}) = 0
mmap(NULL, 2932080, PROT_READ, MAP_PRIVATE, 3, 0) = 0x7fd82d3a3000
close(3)                                = 0
open("../inputs/grep0.dat", O_RDONLY)   = 3
fstat(3, {st_mode=S_IFREG|0644, st_size=297, ...}) = 0
read(3, "Before an alternative\nstore_op2 "..., 32768) = 297
fstat(1, {st_mode=S_IFREG|0664, st_size=0, ...}) = 0
mmap(NULL, 4096, PROT_READ|PROT_WRITE, MAP_PRIVATE|MAP_ANONYMOUS, -1, 0) = 0x7fd82d3a2000
read(3, "", 32768)                      = 0
close(3)                                = 0
open("../inputs/grep1.dat", O_RDONLY)   = 3
fstat(3, {st_mode=S_IFREG|0644, st_size=314192, ...}) = 0
read(3, "/* grep.c - main driver file for"..., 32768) = 32768
write(1, "../inputs/grep0.dat:store_op2 (o"..., 4096) = 4096
read(3, "= '-'\n\t   && (argv[optind][1] =="..., 32768) = 32768
write(1, "== 1)\n../inputs/grep1.dat:\t    e"..., 4096) = 4096
read(3, "_BUFFER_SPACE (1);\t\t\t\t\t\t\\\n    *b"..., 32768) = 32768
write(1, "s/grep1.dat:#define true 1\n../in"..., 4096) = 4096
write(1, "\t\\\n../inputs/grep1.dat:    *b++ "..., 4096) = 4096
read(3, "RE_CONTEXT_INDEP_OPS)\n          "..., 32768) = 32768
write(1, "uts/grep1.dat:                  "..., 4096) = 4096
write(1, "dat:       1))\n../inputs/grep1.d"..., 4096) = 4096
read(3, "}\n  else\n    {\n      bufp->regs_"..., 32768) = 32768
write(1, "BYTEWIDTH - 1; j >= 0; j--)\n../i"..., 4096) = 4096
write(1, "ts/grep1.dat:#define MATCHING_IN"..., 4096) = 4096
write(1, "    DEBUG_PRINT2 (\"\\n0x%x: \", p)"..., 4096) = 4096
read(3, "/* do nothing */ ;\n             "..., 32768) = 32768
write(1, "p1 += 2;\n../inputs/grep1.dat:\t  "..., 4096) = 4096
write(1, "((re_opcode_t) p1[3] == charset\n"..., 4096) = 4096
read(3, "n, cflags)\n    regex_t *preg;\n  "..., 32768) = 32768
write(1, "\t/* Failure to match.  */\n../inp"..., 4096) = 4096
write(1, "88 Free Software Foundation, Inc"..., 4096) = 4096
read(3, "gument, union\n     the lastpos o"..., 32768) = 32768
write(1, ">elems[j++];\n../inputs/grep1.dat"..., 4096) = 4096
read(3, "derr);\n#endif\n  for (ri = 0; ri "..., 32768) = 32768
write(1, "grep1.dat:\td->trans = d->realtra"..., 4096) = 4096
read(3, "size;\n\n  /* Move the existing ob"..., 32768) = 19280
write(1, "et->words;\n../inputs/grep1.dat: "..., 4096) = 4096
read(3, "", 32768)                      = 0
close(3)                                = 0
open("../inputs/grepNull.dat", O_RDONLY) = 3
fstat(3, {st_mode=S_IFREG|0644, st_size=0, ...}) = 0
read(3, "", 32768)                      = 0
close(3)                                = 0
write(1, " (obstack, character);\n../inputs"..., 1870) = 1870
close(1)                                = 0
munmap(0x7fd82d3a2000, 4096)            = 0
exit_group(0)                           = ?
