execve("../source/grep.exe.static", ["../source/grep.exe.static", "-G", "[]X]\\|end", "../inputs/grep0.dat", "../inputs/grep1.dat", "../inputs/grepNull.dat"], [/* 44 vars */]) = 0
uname({sys="Linux", node="xmenxk-OptiPlex-7010", ...}) = 0
brk(0)                                  = 0x1910000
brk(0x19111c0)                          = 0x19111c0
arch_prctl(ARCH_SET_FS, 0x1910880)      = 0
brk(0x19321c0)                          = 0x19321c0
brk(0x1933000)                          = 0x1933000
open("/usr/lib/locale/locale-archive", O_RDONLY|O_CLOEXEC) = 3
fstat(3, {st_mode=S_IFREG|0644, st_size=2932080, ...}) = 0
mmap(NULL, 2932080, PROT_READ, MAP_PRIVATE, 3, 0) = 0x7f1b0faf3000
close(3)                                = 0
open("../inputs/grep0.dat", O_RDONLY)   = 3
fstat(3, {st_mode=S_IFREG|0644, st_size=297, ...}) = 0
read(3, "Before an alternative\nstore_op2 "..., 32768) = 297
read(3, "", 32768)                      = 0
close(3)                                = 0
open("../inputs/grep1.dat", O_RDONLY)   = 3
fstat(3, {st_mode=S_IFREG|0644, st_size=314192, ...}) = 0
read(3, "/* grep.c - main driver file for"..., 32768) = 32768
fstat(1, {st_mode=S_IFREG|0664, st_size=0, ...}) = 0
mmap(NULL, 4096, PROT_READ|PROT_WRITE, MAP_PRIVATE|MAP_ANONYMOUS, -1, 0) = 0x7f1b0faf2000
write(1, "../inputs/grep1.dat:/*** end of "..., 4096) = 4096
read(3, "= '-'\n\t   && (argv[optind][1] =="..., 32768) = 32768
write(1, "Setting the environment variable"..., 4096) = 4096
write(1, ":#endif\n../inputs/grep1.dat:#end"..., 4096) = 4096
read(3, "_BUFFER_SPACE (1);\t\t\t\t\t\t\\\n    *b"..., 32768) = 32768
write(1, ".dat:#undef EXTRACT_NUMBER_AND_I"..., 4096) = 4096
write(1, "gned char *pending_exact = 0;\n.."..., 4096) = 4096
read(3, "RE_CONTEXT_INDEP_OPS)\n          "..., 32768) = 32768
write(1, "     if (p == pend) return REG_E"..., 4096) = 4096
write(1, "me the\n../inputs/grep1.dat:   st"..., 4096) = 4096
read(3, "}\n  else\n    {\n      bufp->regs_"..., 32768) = 32768
write(1, "fail_stack.avail];\n../inputs/gre"..., 4096) = 4096
write(1, "nd);\t\t\t\t\t\t\\\n../inputs/grep1.dat:"..., 4096) = 4096
write(1, "     || (same_str_p && d > match"..., 4096) = 4096
read(3, "/* do nothing */ ;\n             "..., 32768) = 32768
write(1, "TER_TO_OFFSET (old_regend[*p]));"..., 4096) = 4096
write(1, "lish that there\n../inputs/grep1."..., 4096) = 4096
read(3, "n, cflags)\n    regex_t *preg;\n  "..., 32768) = 32768
write(1, "inputs/grep1.dat:#endif /* not e"..., 4096) = 4096
write(1, "and an\n../inputs/grep1.dat:   st"..., 4096) = 4096
read(3, "gument, union\n     the lastpos o"..., 32768) = 32768
write(1, "\n../inputs/grep1.dat:    if (s1-"..., 4096) = 4096
write(1, "j].index], merged.nelem - 1);\n.."..., 4096) = 4096
write(1, "./inputs/grep1.dat:\t      (lefto"..., 4096) = 4096
read(3, "derr);\n#endif\n  for (ri = 0; ri "..., 32768) = 32768
write(1, "s1]))\n../inputs/grep1.dat:\t    s"..., 4096) = 4096
write(1, "';\n../inputs/grep1.dat:\t      mp"..., 4096) = 4096
read(3, "size;\n\n  /* Move the existing ob"..., 32768) = 19280
write(1, "ode. */\n../inputs/grep1.dat:\t\t f"..., 4096) = 4096
read(3, "", 32768)                      = 0
close(3)                                = 0
open("../inputs/grepNull.dat", O_RDONLY) = 3
fstat(3, {st_mode=S_IFREG|0644, st_size=0, ...}) = 0
read(3, "", 32768)                      = 0
close(3)                                = 0
write(1, "HAT_LISTS_NOT_NEWLINE);\n../input"..., 3371) = 3371
close(1)                                = 0
munmap(0x7f1b0faf2000, 4096)            = 0
exit_group(0)                           = ?
