execve("../source/grep.exe.static", ["../source/grep.exe.static", "-G", "[]X]", "../inputs/grep0.dat", "../inputs/grep1.dat", "../inputs/grepNull.dat"], [/* 44 vars */]) = 0
uname({sys="Linux", node="xmenxk-OptiPlex-7010", ...}) = 0
brk(0)                                  = 0x1b9a000
brk(0x1b9b1c0)                          = 0x1b9b1c0
arch_prctl(ARCH_SET_FS, 0x1b9a880)      = 0
brk(0x1bbc1c0)                          = 0x1bbc1c0
brk(0x1bbd000)                          = 0x1bbd000
open("/usr/lib/locale/locale-archive", O_RDONLY|O_CLOEXEC) = 3
fstat(3, {st_mode=S_IFREG|0644, st_size=2932080, ...}) = 0
mmap(NULL, 2932080, PROT_READ, MAP_PRIVATE, 3, 0) = 0x7f464d98b000
close(3)                                = 0
open("../inputs/grep0.dat", O_RDONLY)   = 3
fstat(3, {st_mode=S_IFREG|0644, st_size=297, ...}) = 0
read(3, "Before an alternative\nstore_op2 "..., 32768) = 297
read(3, "", 32768)                      = 0
close(3)                                = 0
open("../inputs/grep1.dat", O_RDONLY)   = 3
fstat(3, {st_mode=S_IFREG|0644, st_size=314192, ...}) = 0
read(3, "/* grep.c - main driver file for"..., 32768) = 32768
fstat(1, {st_mode=S_IFREG|0664, st_size=0, ...}) = 0
mmap(NULL, 4096, PROT_READ|PROT_WRITE, MAP_PRIVATE|MAP_ANONYMOUS, -1, 0) = 0x7f464d98a000
read(3, "= '-'\n\t   && (argv[optind][1] =="..., 32768) = 32768
write(1, "../inputs/grep1.dat:#undef MAX\n."..., 4096) = 4096
write(1, "p1.dat:\t      if (argv[optind][1"..., 4096) = 4096
read(3, "_BUFFER_SPACE (1);\t\t\t\t\t\t\\\n    *b"..., 32768) = 32768
write(1, "rintchar (string2[this_char]);\n."..., 4096) = 4096
read(3, "RE_CONTEXT_INDEP_OPS)\n          "..., 32768) = 32768
write(1, "         if (syntax & RE_CONTEXT"..., 4096) = 4096
read(3, "}\n  else\n    {\n      bufp->regs_"..., 32768) = 32768
write(1, "      EXTRACT_NUMBER_AND_INCR (j"..., 4096) = 4096
read(3, "/* do nothing */ ;\n             "..., 32768) = 32768
write(1, "WIDTH)))\n../inputs/grep1.dat:\t  "..., 4096) = 4096
write(1, "& p1[5] != c)\n../inputs/grep1.da"..., 4096) = 4096
read(3, "n, cflags)\n    regex_t *preg;\n  "..., 32768) = 32768
write(1, " are identical for LEN\n../inputs"..., 4096) = 4096
read(3, "gument, union\n     the lastpos o"..., 32768) = 32768
write(1, "es[c1].name);\n../inputs/grep1.da"..., 4096) = 4096
write(1, "ESSARY(d->follows[pos[j].index]."..., 4096) = 4096
write(1, "../inputs/grep1.dat:\t  if (! MAT"..., 4096) = 4096
read(3, "derr);\n#endif\n  for (ri = 0; ri "..., 32768) = 32768
write(1, "\n../inputs/grep1.dat:\t  sbit[i] "..., 4096) = 4096
write(1, "f (lmp->is[0] != '\\0' && rmp->is"..., 4096) = 4096
read(3, "size;\n\n  /* Move the existing ob"..., 32768) = 19280
read(3, "", 32768)                      = 0
close(3)                                = 0
open("../inputs/grepNull.dat", O_RDONLY) = 3
fstat(3, {st_mode=S_IFREG|0644, st_size=0, ...}) = 0
read(3, "", 32768)                      = 0
close(3)                                = 0
write(1, "1])], tp += d;\n../inputs/grep1.d"..., 3688) = 3688
close(1)                                = 0
munmap(0x7f464d98a000, 4096)            = 0
exit_group(0)                           = ?
