execve("../source/grep.exe.static", ["../source/grep.exe.static", "-E", "[^[:alnum:]]", "../inputs/grep0.dat", "../inputs/grep1.dat", "../inputs/grepNull.dat"], [/* 44 vars */]) = 0
uname({sys="Linux", node="xmenxk-OptiPlex-7010", ...}) = 0
brk(0)                                  = 0x77d000
brk(0x77e1c0)                           = 0x77e1c0
arch_prctl(ARCH_SET_FS, 0x77d880)       = 0
brk(0x79f1c0)                           = 0x79f1c0
brk(0x7a0000)                           = 0x7a0000
open("/usr/lib/locale/locale-archive", O_RDONLY|O_CLOEXEC) = 3
fstat(3, {st_mode=S_IFREG|0644, st_size=2932080, ...}) = 0
mmap(NULL, 2932080, PROT_READ, MAP_PRIVATE, 3, 0) = 0x7fd96078d000
close(3)                                = 0
open("../inputs/grep0.dat", O_RDONLY)   = 3
fstat(3, {st_mode=S_IFREG|0644, st_size=297, ...}) = 0
read(3, "Before an alternative\nstore_op2 "..., 32768) = 297
fstat(1, {st_mode=S_IFREG|0664, st_size=0, ...}) = 0
mmap(NULL, 4096, PROT_READ|PROT_WRITE, MAP_PRIVATE|MAP_ANONYMOUS, -1, 0) = 0x7fd96078c000
read(3, "", 32768)                      = 0
close(3)                                = 0
open("../inputs/grep1.dat", O_RDONLY)   = 3
fstat(3, {st_mode=S_IFREG|0644, st_size=314192, ...}) = 0
read(3, "/* grep.c - main driver file for"..., 32768) = 32768
write(1, "../inputs/grep0.dat:Before an al"..., 4096) = 4096
write(1, "t:#ifndef HAVE_STRERROR\n../input"..., 4096) = 4096
write(1, "ar *buffer;\t\t/* Base of buffer. "..., 4096) = 4096
write(1, "./inputs/grep1.dat:     about th"..., 4096) = 4096
write(1, "ne)\n../inputs/grep1.dat:    {\n.."..., 4096) = 4096
write(1, "../inputs/grep1.dat:  p = beg;\n."..., 4096) = 4096
write(1, "dat:  for (i = 0; matchers[i].na"..., 4096) = 4096
write(1, "s/grep1.dat:\tkeyfound = 1;\n../in"..., 4096) = 4096
write(1, "dat:\t      {\n../inputs/grep1.dat"..., 4096) = 4096
write(1, "e when using the GNU C library\n."..., 4096) = 4096
write(1, "o avoid linking in the\n../inputs"..., 4096) = 4096
write(1, "em.  */\n../inputs/grep1.dat:stat"..., 4096) = 4096
write(1, "../inputs/grep1.dat:   or is an "..., 4096) = 4096
read(3, "= '-'\n\t   && (argv[optind][1] =="..., 32768) = 32768
write(1, "e end of options.\n../inputs/grep"..., 4096) = 4096
write(1, "\t  if (opterr)\n../inputs/grep1.d"..., 4096) = 4096
write(1, "\n../inputs/grep1.dat:    if (*ne"..., 4096) = 4096
write(1, "nputs/grep1.dat:      c = getopt"..., 4096) = 4096
write(1, "1.dat:#else  /* not emacs */\n../"..., 4096) = 4096
write(1, "ts/grep1.dat:#define ISBLANK(c) "..., 4096) = 4096
write(1, "/grep1.dat:   `string1' or just "..., 4096) = 4096
write(1, "s/grep1.dat:           byte cont"..., 4096) = 4096
write(1, "ter_dot,\t/* Succeeds if after po"..., 4096) = 4096
write(1, " I/O for debugging.  */\n../input"..., 4096) = 4096
write(1, "ep1.dat:\t  break;\n../inputs/grep"..., 4096) = 4096
write(1, "       extract_number_and_incr ("..., 4096) = 4096
write(1, " *string2;\n../inputs/grep1.dat: "..., 4096) = 4096
read(3, "_BUFFER_SPACE (1);\t\t\t\t\t\t\\\n    *b"..., 32768) = 32768
write(1, "oid insert_op1 (), insert_op2 ()"..., 4096) = 4096
write(1, "ORE_JUMP2', but for inserting.  "..., 4096) = 4096
write(1, "ile_stack.stack[compile_stack.av"..., 4096) = 4096
write(1, "char *translate = bufp->translat"..., 4096) = 4096
write(1, "   }\n../inputs/grep1.dat:      i"..., 4096) = 4096
write(1, "s/grep1.dat:                    "..., 4096) = 4096
write(1, "   laststart, b + 3);\n../inputs/"..., 4096) = 4096
write(1, "       /* Look ahead to see if i"..., 4096) = 4096
write(1, "p1.dat:                        \n"..., 4096) = 4096
write(1, ";\n../inputs/grep1.dat:          "..., 4096) = 4096
write(1, "'.  */\n../inputs/grep1.dat:     "..., 4096) = 4096
write(1, "           jump so it will jump "..., 4096) = 4096
read(3, "RE_CONTEXT_INDEP_OPS)\n          "..., 32768) = 32768
write(1, "puts/grep1.dat:                 "..., 4096) = 4096
write(1, "start, 5, lower_bound, b);\n../in"..., 4096) = 4096
write(1, "\n../inputs/grep1.dat:           "..., 4096) = 4096
write(1, "ep1.dat:\t\t      ? *p == '{'\n../i"..., 4096) = 4096
write(1, "ession.  We assume there is at\n."..., 4096) = 4096
write(1, "   signed char *.\n../inputs/grep"..., 4096) = 4096
write(1, "\n../inputs/grep1.dat:  ((fail_st"..., 4096) = 4096
write(1, "_PRINT2 (\"\\n  Doubled stack; siz"..., 4096) = 4096
write(1, "at:    + NUM_NONREG_ITEMS)\n../in"..., 4096) = 4096
write(1, "M ();\t\t\\\n../inputs/grep1.dat:   "..., 4096) = 4096
write(1, "1.dat:          return 0;\n../inp"..., 4096) = 4096
write(1, "the body of a\n../inputs/grep1.da"..., 4096) = 4096
read(3, "}\n  else\n    {\n      bufp->regs_"..., 32768) = 32768
write(1, " } /* while p */\n../inputs/grep1"..., 4096) = 4096
write(1, "p1.dat:     int size1, size2;\n.."..., 4096) = 4096
write(1, ".dat:      if (range >= 0 && sta"..., 4096) = 4096
write(1, "the search strings `string1'\n../"..., 4096) = 4096
write(1, "han the value for the highest re"..., 4096) = 4096
write(1, "nfailure_points_popped = 0;\n../i"..., 4096) = 4096
write(1, "t bother to initialize all the r"..., 4096) = 4096
write(1, "end1;\n../inputs/grep1.dat:      "..., 4096) = 4096
write(1, "t:                     For examp"..., 4096) = 4096
write(1, "nitialized.  */\n../inputs/grep1."..., 4096) = 4096
write(1, "/inputs/grep1.dat:          DEBU"..., 4096) = 4096
write(1, "ts/grep1.dat:            lowest_"..., 4096) = 4096
read(3, "/* do nothing */ ;\n             "..., 32768) = 32768
write(1, "rmation for this group that we h"..., 4096) = 4096
write(1, " number and the inner group coun"..., 4096) = 4096
write(1, "dat:          /* In all other ca"..., 4096) = 4096
write(1, "ailure_jump:\n../inputs/grep1.dat"..., 4096) = 4096
write(1, "       /* If we're at the end of"..., 4096) = 4096
write(1, "g, dummy_high_reg;\n../inputs/gre"..., 4096) = 4096
write(1, "%x to no_op.\\n\", p+2);\n../inputs"..., 4096) = 4096
write(1, "        case wordchar:\n../inputs"..., 4096) = 4096
write(1, ":                    goto fail;\n"..., 4096) = 4096
write(1, "and\n../inputs/grep1.dat:        "..., 4096) = 4096
write(1, " /* while p1 < end */\n../inputs/"..., 4096) = 4096
write(1, "*p2 = s2;\n../inputs/grep1.dat:  "..., 4096) = 4096
read(3, "n, cflags)\n    regex_t *preg;\n  "..., 32768) = 32768
write(1, "grep1.dat:    0 <= re_search (&r"..., 4096) = 4096
write(1, "AT_LISTS_NOT_NEWLINE;\n../inputs/"..., 4096) = 4096
write(1, "  }\n../inputs/grep1.dat:      /*"..., 4096) = 4096
write(1, "  GNU General Public License for"..., 4096) = 4096
write(1, ".dat:}\n../inputs/grep1.dat:stati"..., 4096) = 4096
write(1, "ts/grep1.dat:static void\n../inpu"..., 4096) = 4096
write(1, " ISXDIGIT)\n../inputs/grep1.dat:F"..., 4096) = 4096
write(1, "nputs/grep1.dat:\tcase '5':\n../in"..., 4096) = 4096
write(1, "nputs/grep1.dat:\t  return lastto"..., 4096) = 4096
write(1, "CH(c1, \"Unbalanced [\");\n../input"..., 4096) = 4096
write(1, "a->depth = depth;\n../inputs/grep"..., 4096) = 4096
write(1, "    addtok(QMARK);\n../inputs/gre"..., 4096) = 4096
write(1, "inputs/grep1.dat:/* Merge two se"..., 4096) = 4096
write(1, "1.dat:  d->states[i].first_end ="..., 4096) = 4096
read(3, "gument, union\n     the lastpos o"..., 32768) = 32768
write(1, "t, we're pretending constructs l"..., 4096) = 4096
write(1, "s. */\n../inputs/grep1.dat:  posi"..., 4096) = 4096
write(1, " copy(&merged, &d->follows[pos[j"..., 4096) = 4096
write(1, "ow set of a real position, repla"..., 4096) = 4096
write(1, "group, set\n../inputs/grep1.dat: "..., 4096) = 4096
write(1, "1.dat:\t    for (j = 0; j < CHARC"..., 4096) = 4096
write(1, "puts/grep1.dat:\t  if (PREV_LETTE"..., 4096) = 4096
write(1, "e(tmp.elems);\n../inputs/grep1.da"..., 4096) = 4096
write(1, "ct dfa *d;\n../inputs/grep1.dat:{"..., 4096) = 4096
write(1, "return (char *) p;\n../inputs/gre"..., 4096) = 4096
write(1, "/grep1.dat:    if (d->trans[i])\n"..., 4096) = 4096
write(1, "simplify the *entire* r.e. being"..., 4096) = 4096
write(1, "../inputs/grep1.dat:    if (istr"..., 4096) = 4096
read(3, "derr);\n#endif\n  for (ri = 0; ri "..., 32768) = 32768
write(1, "at:\t}\n../inputs/grep1.dat:    }\n"..., 4096) = 4096
write(1, "ht side */\n../inputs/grep1.dat:\t"..., 4096) = 4096
write(1, "    }\n../inputs/grep1.dat:\t  els"..., 4096) = 4096
write(1, "See also Aho, A.V., and M. Coras"..., 4096) = 4096
write(1, "inputs/grep1.dat:  char *target;"..., 4096) = 4096
write(1, " (!link)\n../inputs/grep1.dat:\t  "..., 4096) = 4096
write(1, "../inputs/grep1.dat:  if (!trie-"..., 4096) = 4096
write(1, "ep1.dat:}\n../inputs/grep1.dat:/*"..., 4096) = 4096
write(1, " root. */\n../inputs/grep1.dat:\t "..., 4096) = 4096
write(1, "-1])], tp += d;\n../inputs/grep1."..., 4096) = 4096
write(1, "dat:      if (d)\n../inputs/grep1"..., 4096) = 4096
write(1, " length of the\n../inputs/grep1.d"..., 4096) = 4096
write(1, "h as\n../inputs/grep1.dat:   DEFA"..., 4096) = 4096
read(3, "size;\n\n  /* Move the existing ob"..., 32768) = 19280
write(1, "limit = chunk->limit\n../inputs/g"..., 4096) = 4096
write(1, "ently aligned.  */\n../inputs/gre"..., 4096) = 4096
write(1, ";\n../inputs/grep1.dat:      lp ="..., 4096) = 4096
write(1, "\n../inputs/grep1.dat:  obstack_g"..., 4096) = 4096
write(1, "de <stdlib.h>\n../inputs/grep1.da"..., 4096) = 4096
write(1, "1.dat:}\n../inputs/grep1.dat:stat"..., 4096) = 4096
write(1, "^0-9A-Za-z_]\\\\|$\\\\)\");\n../inputs"..., 4096) = 4096
write(1, "ts/grep1.dat:\t  if (!end)\n../inp"..., 4096) = 4096
write(1, ", *lim, *err;\n../inputs/grep1.da"..., 4096) = 4096
read(3, "", 32768)                      = 0
close(3)                                = 0
open("../inputs/grepNull.dat", O_RDONLY) = 3
fstat(3, {st_mode=S_IFREG|0644, st_size=0, ...}) = 0
read(3, "", 32768)                      = 0
close(3)                                = 0
write(1, "        if ag\n../inputs/grep1.da"..., 73) = 73
close(1)                                = 0
munmap(0x7fd96078c000, 4096)            = 0
exit_group(0)                           = ?
