execve("../source/grep.exe.static", ["../source/grep.exe.static", "-3", "return", "../inputs/grep1.dat"], [/* 44 vars */]) = 0
uname({sys="Linux", node="xmenxk-OptiPlex-7010", ...}) = 0
brk(0)                                  = 0x1b2e000
brk(0x1b2f1c0)                          = 0x1b2f1c0
arch_prctl(ARCH_SET_FS, 0x1b2e880)      = 0
brk(0x1b501c0)                          = 0x1b501c0
brk(0x1b51000)                          = 0x1b51000
open("/usr/lib/locale/locale-archive", O_RDONLY|O_CLOEXEC) = 3
fstat(3, {st_mode=S_IFREG|0644, st_size=2932080, ...}) = 0
mmap(NULL, 2932080, PROT_READ, MAP_PRIVATE, 3, 0) = 0x7f6cc2383000
close(3)                                = 0
open("../inputs/grep1.dat", O_RDONLY)   = 3
fstat(3, {st_mode=S_IFREG|0644, st_size=314192, ...}) = 0
read(3, "/* grep.c - main driver file for"..., 32768) = 32768
fstat(1, {st_mode=S_IFREG|0664, st_size=0, ...}) = 0
mmap(NULL, 4096, PROT_READ|PROT_WRITE, MAP_PRIVATE|MAP_ANONYMOUS, -1, 0) = 0x7f6cc2382000
write(1, "\n  for (p = (unsigned char *) vp"..., 4096) = 4096
read(3, "= '-'\n\t   && (argv[optind][1] =="..., 32768) = 32768
read(3, "_BUFFER_SPACE (1);\t\t\t\t\t\t\\\n    *b"..., 32768) = 32768
write(1, "by a `=', or else the in next AR"..., 4096) = 4096
write(1, "d perhaps `buffer') and `transla"..., 4096) = 4096
read(3, "RE_CONTEXT_INDEP_OPS)\n          "..., 32768) = 32768
write(1, "pile_stack.stack, compile_stack."..., 4096) = 4096
read(3, "}\n  else\n    {\n      bufp->regs_"..., 32768) = 32768
write(1, "   num_regs be declared.  DOUBLE"..., 4096) = 4096
read(3, "/* do nothing */ ;\n             "..., 32768) = 32768
write(1, " size2)\n    {\n      FREE_VARIABL"..., 4096) = 4096
read(3, "n, cflags)\n    regex_t *preg;\n  "..., 32768) = 32768
write(1, "fer)\n\treturn \"No previous regula"..., 4096) = 4096
read(3, "gument, union\n     the lastpos o"..., 32768) = 32768
write(1, "ly END. */\nstatic int laststart;"..., 4096) = 4096
read(3, "derr);\n#endif\n  for (ri = 0; ri "..., 32768) = 32768
write(1, "\n      if (s >= 0)\n\t{\n--\n\tsequen"..., 4096) = 4096
read(3, "size;\n\n  /* Move the existing ob"..., 32768) = 19280
write(1, "   {\n      kwsfree((kwset_t) kws"..., 4096) = 4096
read(3, "", 32768)                      = 0
close(3)                                = 0
write(1, "(obstack_copy) (obstack, pointer"..., 1273) = 1273
close(1)                                = 0
munmap(0x7f6cc2382000, 4096)            = 0
exit_group(0)                           = ?
