execve("../source/grep.exe.static", ["../source/grep.exe.static", "-vinbh", "include", "../inputs/grep1.dat"], [/* 44 vars */]) = 0
uname({sys="Linux", node="xmenxk-OptiPlex-7010", ...}) = 0
brk(0)                                  = 0x1a74000
brk(0x1a751c0)                          = 0x1a751c0
arch_prctl(ARCH_SET_FS, 0x1a74880)      = 0
brk(0x1a961c0)                          = 0x1a961c0
brk(0x1a97000)                          = 0x1a97000
open("/usr/lib/locale/locale-archive", O_RDONLY|O_CLOEXEC) = 3
fstat(3, {st_mode=S_IFREG|0644, st_size=2932080, ...}) = 0
mmap(NULL, 2932080, PROT_READ, MAP_PRIVATE, 3, 0) = 0x7fd0c01a4000
close(3)                                = 0
open("../inputs/grep1.dat", O_RDONLY)   = 3
fstat(3, {st_mode=S_IFREG|0644, st_size=314192, ...}) = 0
read(3, "/* grep.c - main driver file for"..., 32768) = 32768
fstat(1, {st_mode=S_IFREG|0664, st_size=0, ...}) = 0
mmap(NULL, 4096, PROT_READ|PROT_WRITE, MAP_PRIVATE|MAP_ANONYMOUS, -1, 0) = 0x7fd0c01a3000
write(1, "1:0:/* grep.c - main driver file"..., 4096) = 4096
write(1, "3234:void\n151:3239:fatal(mesg, e"..., 4096) = 4096
write(1, "286:6204:      bufalloc = 5 * bu"..., 4096) = 4096
write(1, "287:    error(\"writing output\", "..., 4096) = 4096
write(1, ";\n543:11974:  save = 0;\n544:1198"..., 4096) = 4096
write(1, ");\n681:14691:\tmatcher = \"posix-e"..., 4096) = 4096
write(1, "      {\n818:17422:\t\tif (out_file"..., 4096) = 4096
write(1, "ca\talloca\n933:20719:#endif\t/* GN"..., 4096) = 4096
write(1, " ARGV-elements in any order and "..., 4096) = 4096
write(1, " is an option element.  The char"..., 4096) = 4096
read(3, "= '-'\n\t   && (argv[optind][1] =="..., 32768) = 32768
write(1, ":      if (optstring[0] == '-')\n"..., 4096) = 4096
write(1, "     while (*s && *s != '=')\n131"..., 4096) = 4096
write(1, "876:  {\n1428:35880:    char c = "..., 4096) = 4096
write(1, "s_option_optind;\n1557:38566:\t  p"..., 4096) = 4096
write(1, "ntax_table;\n1691:41520:\n1692:415"..., 4096) = 4096
write(1, "d easier to debug.  \n1794:44552:"..., 4096) = 4096
write(1, "\n1890:47603:  charset_not,\n1891:"..., 4096) = 4096
write(1, "70:50816:           Jump to the "..., 4096) = 4096
write(1, "ng (if the variable `debug' is n"..., 4096) = 4096
write(1, "et [%s\",\n2200:56636:\t           "..., 4096) = 4096
write(1, "315:59457:          \n2316:59468:"..., 4096) = 4096
write(1, "be changed between regex compila"..., 4096) = 4096
read(3, "_BUFFER_SPACE (1);\t\t\t\t\t\t\\\n    *b"..., 32768) = 32768
write(1, "\t\t\t\t\t\t\\\n2527:65326:    while (b "..., 4096) = 4096
write(1, "ber of groups we can report\n2613"..., 4096) = 4096
write(1, "    reg_syntax_t syntax;\n2710:71"..., 4096) = 4096
write(1, "4575:\t{ /* If zero allocated, bu"..., 4096) = 4096
write(1, "                  {\n2899:77630: "..., 4096) = 4096
write(1, "is\n2978:80840:                  "..., 4096) = 4096
write(1, "83960:                  }\n3067:8"..., 4096) = 4096
write(1, "UNCT (ch))\n3140:87258:          "..., 4096) = 4096
write(1, "ixup_alt_jump \n3241:90247:      "..., 4096) = 4096
write(1, "            /* We're at the end "..., 4096) = 4096
read(3, "RE_CONTEXT_INDEP_OPS)\n          "..., 32768) = 32768
write(1, "     {\n3398:96704:              "..., 4096) = 4096
write(1, "at' (inserted next),\n3481:99901:"..., 4096) = 4096
write(1, "arl  */\n3550:103158:            "..., 4096) = 4096
write(1, " '+' || *p == '?'))\n3658:105970:"..., 4096) = 4096
write(1, "ev = p - 2;\n3780:108594:  boolea"..., 4096) = 4096
write(1, "17:  /* Here we see why `this_ch"..., 4096) = 4096
write(1, ",\t\t\\\n3966:114547:       1))\n3967"..., 4096) = 4096
write(1, "  MATCHED_SOMETHING (reg_info[th"..., 4096) = 4096
write(1, "ved NULL, thus retaining our cur"..., 4096) = 4096
write(1, "(p != pend || !FAIL_STACK_EMPTY "..., 4096) = 4096
write(1, "_dot:\n4323:126721:          cont"..., 4096) = 4096
read(3, "}\n  else\n    {\n      bufp->regs_"..., 32768) = 32768
write(1, "++ */\n4430:129533:\n4431:129534: "..., 4096) = 4096
write(1, "size1, string2, size2, startpos,"..., 4096) = 4096
write(1, "90:        \n4616:135499:      if"..., 4096) = 4096
write(1, "\t\t\t\t\t\t    \t\\\n4710:138468:    {\t\t"..., 4096) = 4096
write(1, "1524:   \n4796:141528:   If REGS "..., 4096) = 4096
write(1, "end;\n4873:144774:\n4874:144775:  "..., 4096) = 4096
write(1, " FREE_VARIABLES ();\n4951:148027:"..., 4096) = 4096
write(1, "151006:                      bes"..., 4096) = 4096
write(1, "98:                 indices.  Re"..., 4096) = 4096
write(1, "06:157233:          break;\n5207:"..., 4096) = 4096
write(1, ".  */\n5293:160293:          p +="..., 4096) = 4096
read(3, "/* do nothing */ ;\n             "..., 32768) = 32768
write(1, ":                  case jump_n:\n"..., 4096) = 4096
write(1, "in the same string, then\n5447:16"..., 4096) = 4096
write(1, "  `pop_failure_point' will keep "..., 4096) = 4096
write(1, "    if (lowest_active_reg == NO_"..., 4096) = 4096
write(1, " match => pop_failure_jump.\\n\");"..., 4096) = 4096
write(1, "69:179149:          /* See comme"..., 4096) = 4096
write(1, "nt)\n5868:182063:  \t    goto fail"..., 4096) = 4096
write(1, "ump))\n5969:184949:              "..., 4096) = 4096
write(1, "     jump_past_alt.  */\n6061:187"..., 4096) = 4096
write(1, "65:190781:    case begbuf:\n6166:"..., 4096) = 4096
write(1, "     by passing null for the REG"..., 4096) = 4096
read(3, "n, cflags)\n    regex_t *preg;\n  "..., 32768) = 32768
write(1, "lure, and nothing about the\n6378"..., 4096) = 4096
write(1, ":  private_preg.not_bol = !!(efl"..., 4096) = 4096
write(1, "ee (preg->translate);\n6586:20220"..., 4096) = 4096
write(1, "\n6708:205122:{\n6709:205124:  ptr"..., 4096) = 4096
write(1, " ~s[i];\n6848:207545:}\n6849:20754"..., 4096) = 4096
write(1, ":210369:  \":alnum:]\", is_alnum,\n"..., 4096) = 4096
write(1, "96:\t  return lasttok = STAR;\n707"..., 4096) = 4096
write(1, "normal_char;\n7192:215710:\t  zero"..., 4096) = 4096
write(1, "\n7304:218450:{\n7305:218452:  REA"..., 4096) = 4096
write(1, "ks(tindex, ntokens);\n7445:220874"..., 4096) = 4096
write(1, "ndex < s2->elems[j].index)\n7580:"..., 4096) = 4096
write(1, "ce\n7679:226329:   that position "..., 4096) = 4096
read(3, "gument, union\n     the lastpos o"..., 32768) = 32768
write(1, "he lastpos of its\n7774:229300:  "..., 4096) = 4096
write(1, "2387:\t*nfirstpos++ = *nlastpos++"..., 4096) = 4096
write(1, "OC(d->follows[i].elems, position"..., 4096) = 4096
write(1, "he positions of s.\n8046:238414:\n"..., 4096) = 4096
write(1, "  if (! MATCHES_LETTER_CONTEXT(p"..., 4096) = 4096
write(1, "515:      else\n8219:244526:\tstat"..., 4096) = 4096
write(1, ":     exist at once.  1024 is ar"..., 4096) = 4096
write(1, " match needs to be verified by a"..., 4096) = 4096
write(1, "   int i;\n8542:252933:\n8543:2529"..., 4096) = 4096
write(1, "ight\tZERO\t\tp->in\n8644:255812:\n86"..., 4096) = 4096
write(1, "nt len;\n8759:258519:{\n8760:25852"..., 4096) = 4096
read(3, "derr);\n#endif\n  for (ri = 0; ri "..., 32768) = 32768
write(1, "1028:}\n8891:261030:\n8892:261031:"..., 4096) = 4096
write(1, "*/\n9018:263598:\t  --mp;\n9019:263"..., 4096) = 4096
write(1, ">musts;\n9135:266295:      dfa->m"..., 4096) = 4096
write(1, "9245:269322:  unsigned int accep"..., 4096) = 4096
write(1, "     while (link && label != lin"..., 4096) = 4096
write(1, "coding the\n9446:275113:     inde"..., 4096) = 4096
write(1, "62:277804:/* Compute the shift f"..., 4096) = 4096
write(1, "886:\t shift exceeds their inheri"..., 4096) = 4096
write(1, "\t    return tp - len;\n9761:28363"..., 4096) = 4096
write(1, "90:286156:\t    else\n9891:286166:"..., 4096) = 4096
write(1, "89122:#if defined (_LIBC) || !de"..., 4096) = 4096
read(3, "size;\n\n  /* Move the existing ob"..., 32768) = 19280
write(1, ")()) chunkfun;\n10084:292111:  h-"..., 4096) = 4096
write(1, "0174:295021:     is sufficiently"..., 4096) = 4096
write(1, "262:297972:      h->object_base "..., 4096) = 4096
write(1, "     int length;\n10369:300696:{\n"..., 4096) = 4096
write(1, "10490:303406:#define ISUPPER(C) "..., 4096) = 4096
write(1, ", 0);\n10601:306206:\t}\n10602:3062"..., 4096) = 4096
write(1, "08846:\n10713:308847:      i = st"..., 4096) = 4096
write(1, ":311618:\t\t    --len;\n10815:31163"..., 4096) = 4096
read(3, "", 32768)                      = 0
close(3)                                = 0
write(1, "9:313960:3eif agoutvf end = buf "..., 450) = 450
close(1)                                = 0
munmap(0x7fd0c01a3000, 4096)            = 0
exit_group(0)                           = ?
