execve("../source/grep.exe.static", ["../source/grep.exe.static", "-vinb", "include", "../inputs/grep0.dat", "../inputs/grep1.dat", "../inputs/grepNull.dat"], [/* 44 vars */]) = 0
uname({sys="Linux", node="xmenxk-OptiPlex-7010", ...}) = 0
brk(0)                                  = 0x2053000
brk(0x20541c0)                          = 0x20541c0
arch_prctl(ARCH_SET_FS, 0x2053880)      = 0
brk(0x20751c0)                          = 0x20751c0
brk(0x2076000)                          = 0x2076000
open("/usr/lib/locale/locale-archive", O_RDONLY|O_CLOEXEC) = 3
fstat(3, {st_mode=S_IFREG|0644, st_size=2932080, ...}) = 0
mmap(NULL, 2932080, PROT_READ, MAP_PRIVATE, 3, 0) = 0x7f0d95bdb000
close(3)                                = 0
open("../inputs/grep0.dat", O_RDONLY)   = 3
fstat(3, {st_mode=S_IFREG|0644, st_size=297, ...}) = 0
read(3, "Before an alternative\nstore_op2 "..., 32768) = 297
fstat(1, {st_mode=S_IFREG|0664, st_size=0, ...}) = 0
mmap(NULL, 4096, PROT_READ|PROT_WRITE, MAP_PRIVATE|MAP_ANONYMOUS, -1, 0) = 0x7f0d95bda000
read(3, "", 32768)                      = 0
close(3)                                = 0
open("../inputs/grep1.dat", O_RDONLY)   = 3
fstat(3, {st_mode=S_IFREG|0644, st_size=314192, ...}) = 0
read(3, "/* grep.c - main driver file for"..., 32768) = 32768
write(1, "../inputs/grep0.dat:1:0:Before a"..., 4096) = 4096
write(1, "../inputs/grep1.dat:78:1892:#def"..., 4096) = 4096
write(1, "t:168:3481:\n../inputs/grep1.dat:"..., 4096) = 4096
write(1, "../inputs/grep1.dat:249:5400:   "..., 4096) = 4096
write(1, "/grep1.dat:324:7312:      cc = b"..., 4096) = 4096
write(1, "ferror(stdout))\n../inputs/grep1."..., 4096) = 4096
write(1, "./inputs/grep1.dat:481:10910:\n.."..., 4096) = 4096
write(1, "rep1.dat:567:12416:      i = 0;\n"..., 4096) = 4096
write(1, "./inputs/grep1.dat:649:14062:\t !"..., 4096) = 4096
write(1, "= fread(keys + keycc, 1, keyallo"..., 4096) = 4096
write(1, "nputs/grep1.dat:814:17301:\t    f"..., 4096) = 4096
write(1, "/grep1.dat:887:19252:#define all"..., 4096) = 4096
write(1, "n option that takes an argument,"..., 4096) = 4096
write(1, "lements in any order and that ca"..., 4096) = 4096
write(1, "inputs/grep1.dat:1090:25906:   t"..., 4096) = 4096
write(1, " zero.\n../inputs/grep1.dat:1145:"..., 4096) = 4096
write(1, " (\"POSIXLY_CORRECT\") != NULL)\n.."..., 4096) = 4096
read(3, "= '-'\n\t   && (argv[optind][1] =="..., 32768) = 32768
write(1, " || argv[optind][1] == '\\0')\n../"..., 4096) = 4096
write(1, "und->has_arg)\n../inputs/grep1.da"..., 4096) = 4096
write(1, "    char c = *nextchar++;\n../inp"..., 4096) = 4096
write(1, "ep1.dat:1504:37639:  }\n../inputs"..., 4096) = 4096
write(1, "53:\n../inputs/grep1.dat:1591:390"..., 4096) = 4096
write(1, "RS\n../inputs/grep1.dat:1670:4116"..., 4096) = 4096
write(1, "p1.dat:1749:42948:#endif\n../inpu"..., 4096) = 4096
write(1, "/inputs/grep1.dat:1813:45071:#if"..., 4096) = 4096
write(1, " belonging to specified set.  Fi"..., 4096) = 4096
write(1, "    current string position when"..., 4096) = 4096
write(1, "puts/grep1.dat:1998:51774:#endif"..., 4096) = 4096
write(1, "inputs/grep1.dat:2070:53640:  ex"..., 4096) = 4096
write(1, "585:{\n../inputs/grep1.dat:2143:5"..., 4096) = 4096
write(1, "nputs/grep1.dat:2223:57193:\n../i"..., 4096) = 4096
write(1, "_at: \n../inputs/grep1.dat:2296:5"..., 4096) = 4096
write(1, "_accurate && bufp->fastmap)\n../i"..., 4096) = 4096
write(1, "omprised of the various bits\n../"..., 4096) = 4096
read(3, "_BUFFER_SPACE (1);\t\t\t\t\t\t\\\n    *b"..., 32768) = 32768
write(1, " */\n../inputs/grep1.dat:2510:646"..., 4096) = 4096
write(1, "ep1.dat:2573:66815:\n../inputs/gr"..., 4096) = 4096
write(1, "ffset;  \n../inputs/grep1.dat:263"..., 4096) = 4096
write(1, "th of the compiled pattern;\n../i"..., 4096) = 4096
write(1, "register\n../inputs/grep1.dat:275"..., 4096) = 4096
write(1, "* If at start of pattern, it's a"..., 4096) = 4096
write(1, "./inputs/grep1.dat:2892:77417:\n."..., 4096) = 4096
write(1, "50:79694:                    && "..., 4096) = 4096
write(1, "grep1.dat:3013:81849:           "..., 4096) = 4096
write(1, "/grep1.dat:3071:84148:\n../inputs"..., 4096) = 4096
write(1, "/grep1.dat:3126:86539:\n../inputs"..., 4096) = 4096
write(1, "ALT)\n../inputs/grep1.dat:3189:88"..., 4096) = 4096
write(1, "/inputs/grep1.dat:3252:90832:   "..., 4096) = 4096
write(1, "ts/grep1.dat:3310:93125:        "..., 4096) = 4096
write(1, "5:                STORE_JUMP (ju"..., 4096) = 4096
read(3, "RE_CONTEXT_INDEP_OPS)\n          "..., 32768) = 32768
write(1, "G_EBRACE;\n../inputs/grep1.dat:34"..., 4096) = 4096
write(1, "dat:3483:100041:                "..., 4096) = 4096
write(1, "match the characters as literals"..., 4096) = 4096
write(1, "ts/grep1.dat:3605:104338:       "..., 4096) = 4096
write(1, ".dat:3671:106314:\t  BUF_PUSH (c)"..., 4096) = 4096
write(1, "dat:3750:107881:\n../inputs/grep1"..., 4096) = 4096
write(1, "ep1.dat:3819:109773:{\n../inputs/"..., 4096) = 4096
write(1, "2:111842:      SET_LIST_BIT (TRA"..., 4096) = 4096
write(1, "ack_elt_t *)\t\t\t\t\\\n../inputs/grep"..., 4096) = 4096
write(1, ");\\\n../inputs/grep1.dat:4007:116"..., 4096) = 4096
write(1, "0:118434:    DEBUG_PRINT2 (\"  Pu"..., 4096) = 4096
write(1, "21:120672:  DEBUG_PRINT2 (\"  Pop"..., 4096) = 4096
write(1, "ern_buffer *bufp;\n../inputs/grep"..., 4096) = 4096
write(1, "puts/grep1.dat:4244:124945:\tcase"..., 4096) = 4096
write(1, "s/grep1.dat:4318:126670:\n../inpu"..., 4096) = 4096
write(1, "    {\n../inputs/grep1.dat:4386:1"..., 4096) = 4096
read(3, "}\n  else\n    {\n      bufp->regs_"..., 32768) = 32768
write(1, "ent matches should allocate thei"..., 4096) = 4096
write(1, ".dat:4520:132487:int\n../inputs/g"..., 4096) = 4096
write(1, "p1.dat:4584:134537:\t      if (tr"..., 4096) = 4096
write(1, "into something that fits into\n.."..., 4096) = 4096
write(1, "l;\t\t\t\t\t\t\t\\\n../inputs/grep1.dat:4"..., 4096) = 4096
write(1, " (1 << BYTEWIDTH)\n../inputs/grep"..., 4096) = 4096
write(1, "point on this stack.  It consist"..., 4096) = 4096
write(1, "e entire string. */\n../inputs/gr"..., 4096) = 4096
write(1, "p1.dat:4943:147821:      reg_inf"..., 4096) = 4096
write(1, "UG_PRINT_COMPILED_PATTERN (bufp,"..., 4096) = 4096
write(1, "5066:152070:                  \n."..., 4096) = 4096
write(1, "               regs->start[0] = "..., 4096) = 4096
write(1, "at:5179:156649:           are th"..., 4096) = 4096
write(1, ".\n../inputs/grep1.dat:5253:15839"..., 4096) = 4096
write(1, " operator, e.g., with `((a*)*(b*"..., 4096) = 4096
read(3, "/* do nothing */ ;\n             "..., 32768) = 32768
write(1, "5358:163206:               || (r"..., 4096) = 4096
write(1, "     regend[r] = old_regend[r];\n"..., 4096) = 4096
write(1, " so, if necessary, adjust the co"..., 4096) = 4096
write(1, "on the stack.  Then\n../inputs/gr"..., 4096) = 4096
write(1, "p' to check ahead because we pus"..., 4096) = 4096
write(1, "pattern, we can change.  */\n../i"..., 4096) = 4096
write(1, "76512:           points put on b"..., 4096) = 4096
write(1, " don't want the failure point fo"..., 4096) = 4096
write(1, ":5827:180967:          DEBUG_PRI"..., 4096) = 4096
write(1, "782:        case notwordchar:\n.."..., 4096) = 4096
write(1, "= mcnt;\t\n../inputs/grep1.dat:596"..., 4096) = 4096
write(1, "86688:                 seeing if"..., 4096) = 4096
write(1, "8:              p1 += mcnt;\t/* G"..., 4096) = 4096
write(1, "at:6162:190729:    case no_op:\n."..., 4096) = 4096
write(1, "rep1.dat:6237:192431:   \n../inpu"..., 4096) = 4096
write(1, "grep1.dat:6308:194256:    }\n../i"..., 4096) = 4096
read(3, "n, cflags)\n    regex_t *preg;\n  "..., 32768) = 32768
write(1, "./inputs/grep1.dat:6374:196249: "..., 4096) = 4096
write(1, "t:6438:198280:     unmatched clo"..., 4096) = 4096
write(1, "        for (r = 0; r < nmatch; "..., 4096) = 4096
write(1, "7:  if (preg->fastmap != NULL)\n."..., 4096) = 4096
write(1, "rep1.dat:6659:203973:#undef ISSP"..., 4096) = 4096
write(1, "CALLOC(p, t, n) ((p) = (t *) xca"..., 4096) = 4096
write(1, "rep1.dat:6818:207181:\n../inputs/"..., 4096) = 4096
write(1, "ocated here.  The poor, sufferin"..., 4096) = 4096
write(1, "t:6968:210566:    return 0;\n../i"..., 4096) = 4096
write(1, "\t  if (backslash)\n../inputs/grep"..., 4096) = 4096
write(1, "./inputs/grep1.dat:7117:214007:\t"..., 4096) = 4096
write(1, "char;\n../inputs/grep1.dat:7192:2"..., 4096) = 4096
write(1, "\n../inputs/grep1.dat:7264:217497"..., 4096) = 4096
write(1, "sure STAR\n../inputs/grep1.dat:73"..., 4096) = 4096
write(1, "4:\n../inputs/grep1.dat:7427:2204"..., 4096) = 4096
write(1, "CAT);\n../inputs/grep1.dat:7514:2"..., 4096) = 4096
write(1, "p1.dat:7587:223640:    m->elems["..., 4096) = 4096
write(1, "ns[s->elems[j].index] < 0)\n../in"..., 4096) = 4096
read(3, "gument, union\n     the lastpos o"..., 32768) = 32768
write(1, "MWORD_CONSTRAINT;\n../inputs/grep"..., 4096) = 4096
write(1, "e regexp.  At this point we cons"..., 4096) = 4096
write(1, "./inputs/grep1.dat:7839:231972: "..., 4096) = 4096
write(1, "nlastpos[-2] += nlastpos[-1];\n.."..., 4096) = 4096
write(1, "/inputs/grep1.dat:7971:235939:\t "..., 4096) = 4096
write(1, "elements' follows.  This set is "..., 4096) = 4096
write(1, "alized)\n../inputs/grep1.dat:8089"..., 4096) = 4096
write(1, "et differences both ways. */\n../"..., 4096) = 4096
write(1, ".dat:8218:244515:      else\n../i"..., 4096) = 4096
write(1, "ep1.dat:8284:246502:\t      int c"..., 4096) = 4096
write(1, "t:8353:248384:  /* Now go throug"..., 4096) = 4096
write(1, " newline, count, backref)\n../inp"..., 4096) = 4096
write(1, "52088:      if (s >= 0)\n../input"..., 4096) = 4096
write(1, "void\n../inputs/grep1.dat:8575:25"..., 4096) = 4096
write(1, "1.dat:8637:255684:\tCSET\tZERO\t\tZE"..., 4096) = 4096
write(1, "ts/grep1.dat:8703:257675:    res"..., 4096) = 4096
write(1, "[i];\n../inputs/grep1.dat:8788:25"..., 4096) = 4096
write(1, ":8868:260575:    return NULL;\n.."..., 4096) = 4096
read(3, "derr);\n#endif\n  for (ri = 0; ri "..., 32768) = 32768
write(1, "ts/grep1.dat:8948:262123:    }\n."..., 4096) = 4096
write(1, "uts/grep1.dat:9025:263756:\t    i"..., 4096) = 4096
write(1, "resetmust(mp);\n../inputs/grep1.d"..., 4096) = 4096
write(1, "ke@ai.mit.edu,\n../inputs/grep1.d"..., 4096) = 4096
write(1, "puts/grep1.dat:9246:269392:  str"..., 4096) = 4096
write(1, "t:9310:271427:     kwset_t kws;\n"..., 4096) = 4096
write(1, "nputs/grep1.dat:9379:273329:\t   "..., 4096) = 4096
write(1, "8:275198:    trie->accepting = 1"..., 4096) = 4096
write(1, "6954:    return;\n../inputs/grep1"..., 4096) = 4096
write(1, "target = obstack_alloc(&kwset->o"..., 4096) = 4096
write(1, "./inputs/grep1.dat:9650:281044:\t"..., 4096) = 4096
write(1, "1.dat:9723:282791:\t    d = d1[U("..., 4096) = 4096
write(1, "p1.dat:9800:284424:    }\n../inpu"..., 4096) = 4096
write(1, "uts/grep1.dat:9881:285935:\t}\n../"..., 4096) = 4096
write(1, "1.dat:9957:287591:void\n../inputs"..., 4096) = 4096
write(1, "../inputs/grep1.dat:10019:289916"..., 4096) = 4096
write(1, "ULT_ROUNDING - 1));\n../inputs/gr"..., 4096) = 4096
read(3, "size;\n\n  /* Move the existing ob"..., 32768) = 19280
write(1, ":\n../inputs/grep1.dat:10144:2939"..., 4096) = 4096
write(1, "203:296110:  /* The new chunk ce"..., 4096) = 4096
write(1, "/grep1.dat:10267:298107:    /* o"..., 4096) = 4096
write(1, "3:{\n../inputs/grep1.dat:10334:30"..., 4096) = 4096
write(1, "0411:301535:     int length;\n../"..., 4096) = 4096
write(1, "303376:#define ISALNUM(C) isalnu"..., 4096) = 4096
write(1, "5183:  if (!(kwset = kwsalloc(ma"..., 4096) = 4096
write(1, ":10633:307044:\t In the whole-lin"..., 4096) = 4096
write(1, "6:308726:      strcpy(n, \"\");\n.."..., 4096) = 4096
write(1, "p1.dat:10780:310391:\t    goto fa"..., 4096) = 4096
write(1, "./inputs/grep1.dat:10849:312222:"..., 4096) = 4096
read(3, "", 32768)                      = 0
close(3)                                = 0
open("../inputs/grepNull.dat", O_RDONLY) = 3
fstat(3, {st_mode=S_IFREG|0644, st_size=0, ...}) = 0
read(3, "", 32768)                      = 0
close(3)                                = 0
write(1, "if ag\n../inputs/grep1.dat:10928:"..., 1735) = 1735
close(1)                                = 0
munmap(0x7f0d95bda000, 4096)            = 0
exit_group(0)                           = ?
