execve("../source/grep.exe.static", ["../source/grep.exe.static", "-vib", "TGGGG", "../inputs/grepBinary"], [/* 44 vars */]) = 0
uname({sys="Linux", node="xmenxk-OptiPlex-7010", ...}) = 0
brk(0)                                  = 0x21ae000
brk(0x21af1c0)                          = 0x21af1c0
arch_prctl(ARCH_SET_FS, 0x21ae880)      = 0
brk(0x21d01c0)                          = 0x21d01c0
brk(0x21d1000)                          = 0x21d1000
open("/usr/lib/locale/locale-archive", O_RDONLY|O_CLOEXEC) = 3
fstat(3, {st_mode=S_IFREG|0644, st_size=2932080, ...}) = 0
mmap(NULL, 2932080, PROT_READ, MAP_PRIVATE, 3, 0) = 0x7f079443b000
close(3)                                = 0
open("../inputs/grepBinary", O_RDONLY)  = 3
fstat(3, {st_mode=S_IFREG|0644, st_size=80102, ...}) = 0
read(3, "\177ELF\1\2\1\0\0\0\0\0\0\0\0\0\0\2\0\2\0\0\0\1\0\1\f\370\0\0\0004"..., 32768) = 32768
read(3, "\220\4\240\2\322\7\277\320\200\242\0\t\32\200\0\17\224\20\0\22\20\200\0\10\320\f\200\0\220\2\240\2"..., 32768) = 32768
read(3, "\200\212 \7\22\200\0\21\200\243`\0\200\242`_\2\200\0\16\200\243`\0\220$\0\30\200\243@\10"..., 32768) = 14566
read(3, "", 32768)                      = 0
open("/usr/share/locale/locale.alias", O_RDONLY|O_CLOEXEC) = 4
fstat(4, {st_mode=S_IFREG|0644, st_size=2570, ...}) = 0
mmap(NULL, 4096, PROT_READ|PROT_WRITE, MAP_PRIVATE|MAP_ANONYMOUS, -1, 0) = 0x7f079443a000
read(4, "# Locale name alias data base.\n#"..., 4096) = 2570
read(4, "", 4096)                       = 0
close(4)                                = 0
munmap(0x7f079443a000, 4096)            = 0
open("/nfs/spectre/u4/jin/research/experiments/grep/docs/grep_2.4.2/lib/locale/en_US.UTF-8/LC_MESSAGES/grep.mo", O_RDONLY) = -1 ENOENT (No such file or directory)
open("/nfs/spectre/u4/jin/research/experiments/grep/docs/grep_2.4.2/lib/locale/en_US.utf8/LC_MESSAGES/grep.mo", O_RDONLY) = -1 ENOENT (No such file or directory)
open("/nfs/spectre/u4/jin/research/experiments/grep/docs/grep_2.4.2/lib/locale/en_US/LC_MESSAGES/grep.mo", O_RDONLY) = -1 ENOENT (No such file or directory)
open("/nfs/spectre/u4/jin/research/experiments/grep/docs/grep_2.4.2/lib/locale/en.UTF-8/LC_MESSAGES/grep.mo", O_RDONLY) = -1 ENOENT (No such file or directory)
open("/nfs/spectre/u4/jin/research/experiments/grep/docs/grep_2.4.2/lib/locale/en.utf8/LC_MESSAGES/grep.mo", O_RDONLY) = -1 ENOENT (No such file or directory)
open("/nfs/spectre/u4/jin/research/experiments/grep/docs/grep_2.4.2/lib/locale/en/LC_MESSAGES/grep.mo", O_RDONLY) = -1 ENOENT (No such file or directory)
open("/usr/share/locale-langpack/en_US.UTF-8/LC_MESSAGES/grep.mo", O_RDONLY) = -1 ENOENT (No such file or directory)
open("/usr/share/locale-langpack/en_US.utf8/LC_MESSAGES/grep.mo", O_RDONLY) = -1 ENOENT (No such file or directory)
open("/usr/share/locale-langpack/en_US/LC_MESSAGES/grep.mo", O_RDONLY) = -1 ENOENT (No such file or directory)
open("/usr/share/locale-langpack/en.UTF-8/LC_MESSAGES/grep.mo", O_RDONLY) = -1 ENOENT (No such file or directory)
open("/usr/share/locale-langpack/en.utf8/LC_MESSAGES/grep.mo", O_RDONLY) = -1 ENOENT (No such file or directory)
open("/usr/share/locale-langpack/en/LC_MESSAGES/grep.mo", O_RDONLY) = -1 ENOENT (No such file or directory)
fstat(1, {st_mode=S_IFREG|0664, st_size=0, ...}) = 0
mmap(NULL, 4096, PROT_READ|PROT_WRITE, MAP_PRIVATE|MAP_ANONYMOUS, -1, 0) = 0x7f079443a000
close(3)                                = 0
write(1, "Binary file ../inputs/grepBinary"..., 41) = 41
close(1)                                = 0
munmap(0x7f079443a000, 4096)            = 0
exit_group(0)                           = ?
