execve("../source/grep.exe.static", ["../source/grep.exe.static", "-vib", "include", "../inputs/grep1.dat"], [/* 44 vars */]) = 0
uname({sys="Linux", node="xmenxk-OptiPlex-7010", ...}) = 0
brk(0)                                  = 0x2266000
brk(0x22671c0)                          = 0x22671c0
arch_prctl(ARCH_SET_FS, 0x2266880)      = 0
brk(0x22881c0)                          = 0x22881c0
brk(0x2289000)                          = 0x2289000
open("/usr/lib/locale/locale-archive", O_RDONLY|O_CLOEXEC) = 3
fstat(3, {st_mode=S_IFREG|0644, st_size=2932080, ...}) = 0
mmap(NULL, 2932080, PROT_READ, MAP_PRIVATE, 3, 0) = 0x7facb3bdb000
close(3)                                = 0
open("../inputs/grep1.dat", O_RDONLY)   = 3
fstat(3, {st_mode=S_IFREG|0644, st_size=314192, ...}) = 0
read(3, "/* grep.c - main driver file for"..., 32768) = 32768
fstat(1, {st_mode=S_IFREG|0664, st_size=0, ...}) = 0
mmap(NULL, 4096, PROT_READ|PROT_WRITE, MAP_PRIVATE|MAP_ANONYMOUS, -1, 0) = 0x7facb3bda000
write(1, "0:/* grep.c - main driver file f"..., 4096) = 4096
write(1, "sult;\n3581:}\n3583:\n3584:/* Inter"..., 4096) = 4096
write(1, "error(errno));\n7053:\t  goto tryr"..., 4096) = 4096
write(1, "ore || out_after) && used && p !"..., 4096) = 4096
write(1, "v)\n13501:     int argc;\n13516:  "..., 4096) = 4096
write(1, "1;\n16691:\tbreak;\n16699:      def"..., 4096) = 4096
write(1, "brary).  Rather than having ever"..., 4096) = 4096
write(1, "rder, even with programs that we"..., 4096) = 4096
write(1, "it returns that character,\n27264"..., 4096) = 4096
read(3, "= '-'\n\t   && (argv[optind][1] =="..., 32768) = 32768
write(1, "3:\t    exchange ((char **) argv)"..., 4096) = 4096
write(1, "64:\t      if (pfound->has_arg)\n3"..., 4096) = 4096
write(1, "\t  }\n37352:\t\toptopt = c;\n37366:\t"..., 4096) = 4096
write(1, "ar as I know, and neither of the"..., 4096) = 4096
write(1, "ison and Steele.  */\n44126:#defi"..., 4096) = 4096
write(1, "47603:  charset_not,\n47618:\n4761"..., 4096) = 4096
write(1, " word beginning.  */\n51245:  wor"..., 4096) = 4096
write(1, "DOUBLE_STRING(w, s1, sz1, s2, sz"..., 4096) = 4096
write(1, "t, &p);\n57835:  \t  printf (\"/dum"..., 4096) = 4096
write(1, "1088:\n61089:void\n61094:print_dou"..., 4096) = 4096
read(3, "_BUFFER_SPACE (1);\t\t\t\t\t\t\\\n    *b"..., 32768) = 32768
write(1, "_RAW(c)\t\t\t\t\t\t\t\\\n64541:  do {if ("..., 4096) = 4096
write(1, "\t\t\t\t\t\\\n68046:          fixup_alt"..., 4096) = 4096
write(1, "e;\n71496:     reg_syntax_t synta"..., 4096) = 4096
write(1, "4982:        }\n74992:      if (!"..., 4096) = 4096
write(1, "not zero matches is allowed\n7841"..., 4096) = 4096
write(1, "        BUF_PUSH ((1 << BYTEWIDT"..., 4096) = 4096
write(1, "                  int ch;\n85509:"..., 4096) = 4096
write(1, "le_interval;\n89016:           el"..., 4096) = 4096
write(1, "1:              assert (compile_"..., 4096) = 4096
read(3, "RE_CONTEXT_INDEP_OPS)\n          "..., 32768) = 32768
write(1, "and it's not the open-interval \n"..., 4096) = 4096
write(1, "            GET_BUFFER_SPACE (nb"..., 4096) = 4096
write(1, "    break;\n103234:\n103235:      "..., 4096) = 4096
write(1, "rough the pattern now.  */\n10646"..., 4096) = 4096
write(1, "COMPILE_STACK's elements and \n10"..., 4096) = 4096
write(1, "ack.size)\n112966:#define FAIL_ST"..., 4096) = 4096
write(1, "NING_AVAIL_SLOTS < NUM_FAILURE_I"..., 4096) = 4096
write(1, "ariables `fail_stack' and (if de"..., 4096) = 4096
write(1, ":  /* Assume that each path thro"..., 4096) = 4096
write(1, "empty string.  These end with\n12"..., 4096) = 4096
read(3, "}\n  else\n    {\n      bufp->regs_"..., 32768) = 32768
write(1, "875:         does these things. "..., 4096) = 4096
write(1, "l_size)\n133219:    range = total"..., 4096) = 4096
write(1, " into one item on the\n136573:   "..., 4096) = 4096
write(1, "139954:    FREE_VAR (best_regsta"..., 4096) = 4096
write(1, "k_type fail_stack;\n143425:#ifdef"..., 4096) = 4096
write(1, "84:      best_regend = REGEX_TAL"..., 4096) = 4096
write(1, "if (d != end_match_2)\n150471:\t  "..., 4096) = 4096
write(1, "s fend off a \"empty body in an e"..., 4096) = 4096
write(1, "1 (\"EXECUTING anychar.\\n\");\n1573"..., 4096) = 4096
read(3, "/* do nothing */ ;\n             "..., 32768) = 32768
write(1, "rator, e.g., with `((a*)*(b*)*)*"..., 4096) = 4096
write(1, "p\n164315:                  && (r"..., 4096) = 4096
write(1, "f mismatch, else move\n167787:   "..., 4096) = 4096
write(1, "that points past both\n171190:   "..., 4096) = 4096
write(1, "          else if ((re_opcode_t)"..., 4096) = 4096
write(1, "lure_jump.  We will end up at\n17"..., 4096) = 4096
write(1, "k;\n181576:          goto fail;\n1"..., 4096) = 4096
write(1, "84842:                      || ("..., 4096) = 4096
write(1, " /* Still have to check that it'"..., 4096) = 4096
write(1, "ak;\n191464:          \n191475:   "..., 4096) = 4096
read(3, "n, cflags)\n    regex_t *preg;\n  "..., 32768) = 32768
write(1, " for the `regs' argument, we\n194"..., 4096) = 4096
write(1, "75:  preg->no_sub = !!(cflags & "..., 4096) = 4096
write(1, "ump core so we can fix it.  */\n2"..., 4096) = 4096
write(1, "wer(C)\n204684:#define ISDIGIT(C)"..., 4096) = 4096
write(1, "nt i;\n207622:\n207623:  for (i = "..., 4096) = 4096
write(1, "oop again.\n210841:     On the pl"..., 4096) = 4096
write(1, "GIT(c))\n213996:\t\t  break;\n214007"..., 4096) = 4096
write(1, ":\t\t  setbit(c, ccl);\n217181:\t\t  "..., 4096) = 4096
write(1, "x - 1);\n220151:      return 1 + "..., 4096) = 4096
write(1, "  position_set *s2;\n223195:     "..., 4096) = 4096
read(3, "gument, union\n     the lastpos o"..., 32768) = 32768
write(1, "be large enough to hold the resu"..., 4096) = 4096
write(1, " in a follow set, we will\n229902"..., 4096) = 4096
write(1, "-1];\n233263:\tfor (j = 0; j < nla"..., 4096) = 4096
write(1, "6:\tepsclosure(&merged, d);\n23661"..., 4096) = 4096
write(1, "tate on a newline transition. */"..., 4096) = 4096
write(1, " a new group. */\n243547:      if"..., 4096) = 4096
write(1, "tines for manipulating a compile"..., 4096) = 4096
write(1, "\n250169:   NULL it points to a p"..., 4096) = 4096
write(1, "17:      free(copy);\n253235:    "..., 4096) = 4096
write(1, "or someplace that we might ponde"..., 4096) = 4096
read(3, "derr);\n#endif\n  for (ri = 0; ri "..., 32768) = 32768
write(1, " cpp = (char **) malloc(sizeof *"..., 4096) = 4096
write(1, "\tcase OR:\n262586:\tcase ORTOP:\n26"..., 4096) = 4096
write(1, "fdef DEBUG\n265703:      fprintf("..., 4096) = 4096
write(1, "har label;\t\t/* Label on this edg"..., 4096) = 4096
write(1, "* The current character doesn't "..., 4096) = 4096
write(1, "->rlink, last);\n275730:  (*last)"..., 4096) = 4096
write(1, ";\n278937:\t  curr = curr->links->"..., 4096) = 4096
write(1, "279:\n282280:  d1 = kwset->delta;"..., 4096) = 4096
write(1, "7:\t    break;\n285349:\t  d = trie"..., 4096) = 4096
write(1, "88531:\n288532:/* This is just to"..., 4096) = 4096
read(3, "size;\n\n  /* Move the existing ob"..., 32768) = 19280
write(1, "292053:  h->chunkfun = (struct _"..., 4096) = 4096
write(1, "G_UNITS.  */\n295455:      alread"..., 4096) = 4096
write(1, " we switch chunks, we can't tell"..., 4096) = 4096
write(1, "cense as published by\n301962:   "..., 4096) = 4096
write(1, "e some set of fixed strings one "..., 4096) = 4096
write(1, "\n308514:\t (^|[^A-Za-z_])(userpat"..., 4096) = 4096
read(3, "", 32768)                      = 0
close(3)                                = 0
write(1, "    /* Try looking further on. *"..., 3460) = 3460
close(1)                                = 0
munmap(0x7facb3bda000, 4096)            = 0
exit_group(0)                           = ?
