execve("../source/grep.exe.static", ["../source/grep.exe.static", "-vi", "include", "../inputs/grep0.dat", "../inputs/grep1.dat", "../inputs/grepNull.dat"], [/* 44 vars */]) = 0
uname({sys="Linux", node="xmenxk-OptiPlex-7010", ...}) = 0
brk(0)                                  = 0x1516000
brk(0x15171c0)                          = 0x15171c0
arch_prctl(ARCH_SET_FS, 0x1516880)      = 0
brk(0x15381c0)                          = 0x15381c0
brk(0x1539000)                          = 0x1539000
open("/usr/lib/locale/locale-archive", O_RDONLY|O_CLOEXEC) = 3
fstat(3, {st_mode=S_IFREG|0644, st_size=2932080, ...}) = 0
mmap(NULL, 2932080, PROT_READ, MAP_PRIVATE, 3, 0) = 0x7f53d1751000
close(3)                                = 0
open("../inputs/grep0.dat", O_RDONLY)   = 3
fstat(3, {st_mode=S_IFREG|0644, st_size=297, ...}) = 0
read(3, "Before an alternative\nstore_op2 "..., 32768) = 297
fstat(1, {st_mode=S_IFREG|0664, st_size=0, ...}) = 0
mmap(NULL, 4096, PROT_READ|PROT_WRITE, MAP_PRIVATE|MAP_ANONYMOUS, -1, 0) = 0x7f53d1750000
read(3, "", 32768)                      = 0
close(3)                                = 0
open("../inputs/grep1.dat", O_RDONLY)   = 3
fstat(3, {st_mode=S_IFREG|0644, st_size=314192, ...}) = 0
read(3, "/* grep.c - main driver file for"..., 32768) = 32768
write(1, "../inputs/grep0.dat:Before an al"..., 4096) = 4096
write(1, "ys_errlist[(E)] : \"bogus error n"..., 4096) = 4096
write(1, "n a page boundary and multiples "..., 4096) = 4096
write(1, "/inputs/grep1.dat:    *dp++ = *s"..., 4096) = 4096
write(1, "s/grep1.dat:\n../inputs/grep1.dat"..., 4096) = 4096
write(1, "grep1.dat:  used = 1;\n../inputs/"..., 4096) = 4096
write(1, ":}\n../inputs/grep1.dat:\n../input"..., 4096) = 4096
write(1, "E, -F, or -G\", 0);\n../inputs/gre"..., 4096) = 4096
write(1, ":\n../inputs/grep1.dat:  (*compil"..., 4096) = 4096
write(1, "_builtin_alloca\n../inputs/grep1."..., 4096) = 4096
write(1, "grep1.dat:\n../inputs/grep1.dat: "..., 4096) = 4096
write(1, "at:#define\tmy_index\tstrchr\n../in"..., 4096) = 4096
write(1, ", it returns that character,\n../"..., 4096) = 4096
write(1, ")\n../inputs/grep1.dat:    {\n../i"..., 4096) = 4096
read(3, "= '-'\n\t   && (argv[optind][1] =="..., 32768) = 32768
write(1, "/grep1.dat:#endif\t\t\t\t/* GETOPT_C"..., 4096) = 4096
write(1, "rep1.dat:\t  else if (pfound->has"..., 4096) = 4096
write(1, "at:\t  {\n../inputs/grep1.dat:\t   "..., 4096) = 4096
write(1, "/grep1.dat:\t  break;\n../inputs/g"..., 4096) = 4096
write(1, "lloc ();\n../inputs/grep1.dat:cha"..., 4096) = 4096
write(1, "ts/grep1.dat:#define ISSPACE(c) "..., 4096) = 4096
write(1, "t) ((t *) REGEX_ALLOCATE ((n) * "..., 4096) = 4096
write(1, "t end of line.  */\n../inputs/gre"..., 4096) = 4096
write(1, "*/\n../inputs/grep1.dat:\n../input"..., 4096) = 4096
write(1, " `iregex.c', you can enter patte"..., 4096) = 4096
write(1, "ep1.dat:\n../inputs/grep1.dat:\tca"..., 4096) = 4096
write(1, "          \n../inputs/grep1.dat: "..., 4096) = 4096
write(1, "  unsigned char *buffer = bufp->"..., 4096) = 4096
write(1, "grep1.dat:\f\n../inputs/grep1.dat:"..., 4096) = 4096
read(3, "_BUFFER_SPACE (1);\t\t\t\t\t\t\\\n    *b"..., 32768) = 32768
write(1, "1.dat:/* Make sure we have one m"..., 4096) = 4096
write(1, "ixup_alt_jump = (fixup_alt_jump "..., 4096) = 4096
write(1, "| STREQ (string, \"print\")\t\t\\\n../"..., 4096) = 4096
write(1, "dat:  unsigned char *fixup_alt_j"..., 4096) = 4096
write(1, "at:              goto normal_cha"..., 4096) = 4096
write(1, "her repeat character.  */\n../inp"..., 4096) = 4096
write(1, "R_SPACE (3);\n../inputs/grep1.dat"..., 4096) = 4096
write(1, "rep1.dat:                   oper"..., 4096) = 4096
write(1, "HAR_CLASS (str)) return REG_ECTY"..., 4096) = 4096
write(1, "grep1.dat:\n../inputs/grep1.dat:\n"..., 4096) = 4096
write(1, "e\n../inputs/grep1.dat:          "..., 4096) = 4096
write(1, "to normal_char;\n../inputs/grep1."..., 4096) = 4096
read(3, "RE_CONTEXT_INDEP_OPS)\n          "..., 32768) = 32768
write(1, "               GET_UNSIGNED_NUMB"..., 4096) = 4096
write(1, "dat:                     /* Init"..., 4096) = 4096
write(1, "inputs/grep1.dat:               "..., 4096) = 4096
write(1, "              goto handle_plus;\n"..., 4096) = 4096
write(1, "t\" for 'two two-byte parameters "..., 4096) = 4096
write(1, "/inputs/grep1.dat:        : next"..., 4096) = 4096
write(1, "e_compile_fastmap and\n../inputs/"..., 4096) = 4096
write(1, "l++] = pattern_op,\t\t\\\n../inputs/"..., 4096) = 4096
write(1, "                 \\\n../inputs/gre"..., 4096) = 4096
write(1, "s/grep1.dat:\n../inputs/grep1.dat"..., 4096) = 4096
write(1, "_accurate', and `can_be_null' fi"..., 4096) = 4096
write(1, "\tcase charset_not:\n../inputs/gre"..., 4096) = 4096
write(1, "../inputs/grep1.dat:            "..., 4096) = 4096
read(3, "}\n  else\n    {\n      bufp->regs_"..., 32768) = 32768
write(1, "he\n../inputs/grep1.dat:         "..., 4096) = 4096
write(1, "atenation of STRING1 and STRING2"..., 4096) = 4096
write(1, "rep1.dat:\t      startpos += iran"..., 4096) = 4096
write(1, "ched a real character; it sets `"..., 4096) = 4096
write(1, "/inputs/grep1.dat:    FREE_VAR ("..., 4096) = 4096
write(1, "  */\n../inputs/grep1.dat:  const"..., 4096) = 4096
write(1, "e not yet matched the entire str"..., 4096) = 4096
write(1, "ter information struct.  */\n../i"..., 4096) = 4096
write(1, "      == MATCHING_IN_FIRST_STRIN"..., 4096) = 4096
write(1, "          if (regs->num_regs < n"..., 4096) = 4096
write(1, "     switch ((re_opcode_t) *p++)"..., 4096) = 4096
write(1, "puts/grep1.dat:           regist"..., 4096) = 4096
read(3, "/* do nothing */ ;\n             "..., 32768) = 32768
write(1, "1.dat:          /* If this was t"..., 4096) = 4096
write(1, "./inputs/grep1.dat:             "..., 4096) = 4096
write(1, "/grep1.dat:\t      {\n../inputs/gr"..., 4096) = 4096
write(1, "\t  if (AT_STRINGS_END (d))\n../in"..., 4096) = 4096
write(1, "ase this on_failure_jump is happ"..., 4096) = 4096
write(1, "              /* p1[0] ... p1[2]"..., 4096) = 4096
write(1, ":          DEBUG_PRINT2 (\"EXECUT"..., 4096) = 4096
write(1, "/inputs/grep1.dat:              "..., 4096) = 4096
write(1, "RINT2 (\"EXECUTING notsyntaxspec "..., 4096) = 4096
write(1, "/grep1.dat:\t    dend = end_match"..., 4096) = 4096
write(1, " number.  */\n../inputs/grep1.dat"..., 4096) = 4096
write(1, "uts/grep1.dat:          if (!com"..., 4096) = 4096
write(1, "_p */\n../inputs/grep1.dat:\n../in"..., 4096) = 4096
read(3, "n, cflags)\n    regex_t *preg;\n  "..., 32768) = 32768
write(1, "_exec' always passes NULL for th"..., 4096) = 4096
write(1, "astmap.  This way, we just try\n."..., 4096) = 4096
write(1, "located = REGS_FIXED;\n../inputs/"..., 4096) = 4096
write(1, ">buffer);\n../inputs/grep1.dat:  "..., 4096) = 4096
write(1, "e(C))\n../inputs/grep1.dat:#defin"..., 4096) = 4096
write(1, "at:\tcase NOTLIMWORD: s = \"NOTLIM"..., 4096) = 4096
write(1, "ld;\n../inputs/grep1.dat:\n../inpu"..., 4096) = 4096
write(1, "t:  int backslash = 0, invert;\n."..., 4096) = 4096
write(1, "inputs/grep1.dat:\t  if (backslas"..., 4096) = 4096
write(1, "../inputs/grep1.dat:\tcase '.':\n."..., 4096) = 4096
write(1, "../inputs/grep1.dat:\t    }\n../in"..., 4096) = 4096
write(1, "regexp(int);\n../inputs/grep1.dat"..., 4096) = 4096
write(1, " (tok == OR)\n../inputs/grep1.dat"..., 4096) = 4096
write(1, "s[i].index > s2->elems[j].index)"..., 4096) = 4096
write(1, "EEDS_IN_CONTEXT(constraint, newl"..., 4096) = 4096
read(3, "gument, union\n     the lastpos o"..., 32768) = 32768
write(1, "p1.dat:   match the empty string"..., 4096) = 4096
write(1, "\t\t/* Sizes of arrays allocated t"..., 4096) = 4096
write(1, "[pos[j].index], merged.nelem - 1"..., 4096) = 4096
write(1, "dex);\n../inputs/grep1.dat:\t  prt"..., 4096) = 4096
write(1, "puts/grep1.dat:\n../inputs/grep1."..., 4096) = 4096
write(1, "\t\t\t\t d->states[s].newline, 0))\n."..., 4096) = 4096
write(1, "lems, position, d->nleaves);\n../"..., 4096) = 4096
write(1, "../inputs/grep1.dat:\tstate_lette"..., 4096) = 4096
write(1, "ans[i] >= d->tralloc)\n../inputs/"..., 4096) = 4096
write(1, "oc)\n../inputs/grep1.dat:    buil"..., 4096) = 4096
write(1, "UPPER(s[i]))\n../inputs/grep1.dat"..., 4096) = 4096
write(1, "length sequence\" below.\n../input"..., 4096) = 4096
write(1, ":istrstr(lookin, lookfor)\n../inp"..., 4096) = 4096
write(1, "ts/grep1.dat:\t  if (i > len)\n../"..., 4096) = 4096
read(3, "derr);\n#endif\n  for (ri = 0; ri "..., 32768) = 32768
write(1, "p1.dat:      if (mp[i].in == NUL"..., 4096) = 4096
write(1, ":\t    goto done;\t\t/* \"cannot hap"..., 4096) = 4096
write(1, " {\n../inputs/grep1.dat:      dm "..., 4096) = 4096
write(1, "ndif\n../inputs/grep1.dat:\n../inp"..., 4096) = 4096
write(1, "ep1.dat:  kwset->target = 0;\n../"..., 4096) = 4096
write(1, "->balance;\n../inputs/grep1.dat:\t"..., 4096) = 4096
write(1, "lure function for their parent a"..., 4096) = 4096
write(1, "r *trans;\n../inputs/grep1.dat:  "..., 4096) = 4096
write(1, "ail->maxshift = curr->depth - fa"..., 4096) = 4096
write(1, "d = d1[U(tp[-1])], tp += d;\n../i"..., 4096) = 4096
write(1, "ie->links;\n../inputs/grep1.dat:\t"..., 4096) = 4096
write(1, "ch;\n../inputs/grep1.dat:{\n../inp"..., 4096) = 4096
write(1, "hines, copying successive ints d"..., 4096) = 4096
read(3, "size;\n\n  /* Move the existing ob"..., 32768) = 19280
write(1, "../inputs/grep1.dat:  chunk->pre"..., 4096) = 4096
write(1, "at:\n../inputs/grep1.dat:  /* Mov"..., 4096) = 4096
write(1, "at:  /* We use >= because there "..., 4096) = 4096
write(1, "rep1.dat:\n../inputs/grep1.dat:in"..., 4096) = 4096
write(1, "ts/grep1.dat:   This program is "..., 4096) = 4096
write(1, "ed regexp. */\n../inputs/grep1.da"..., 4096) = 4096
write(1, "he DFA matcher that will quickly"..., 4096) = 4096
write(1, "9A-Za-z_]|$)\");\n../inputs/grep1."..., 4096) = 4096
write(1, "t:\t     boundary. */\n../inputs/g"..., 4096) = 4096
read(3, "", 32768)                      = 0
close(3)                                = 0
open("../inputs/grepNull.dat", O_RDONLY) = 3
fstat(3, {st_mode=S_IFREG|0644, st_size=0, ...}) = 0
read(3, "", 32768)                      = 0
close(3)                                = 0
write(1, "rep1.dat:  return 0;\n../inputs/g"..., 1975) = 1975
close(1)                                = 0
munmap(0x7f53d1750000, 4096)            = 0
exit_group(0)                           = ?
