execve("../source/grep.exe.static", ["../source/grep.exe.static", "-vb", "include", "../inputs/grep0.dat", "../inputs/grep1.dat", "../inputs/grepNull.dat"], [/* 44 vars */]) = 0
uname({sys="Linux", node="xmenxk-OptiPlex-7010", ...}) = 0
brk(0)                                  = 0x127a000
brk(0x127b1c0)                          = 0x127b1c0
arch_prctl(ARCH_SET_FS, 0x127a880)      = 0
brk(0x129c1c0)                          = 0x129c1c0
brk(0x129d000)                          = 0x129d000
open("/usr/lib/locale/locale-archive", O_RDONLY|O_CLOEXEC) = 3
fstat(3, {st_mode=S_IFREG|0644, st_size=2932080, ...}) = 0
mmap(NULL, 2932080, PROT_READ, MAP_PRIVATE, 3, 0) = 0x7f8e41cfb000
close(3)                                = 0
open("../inputs/grep0.dat", O_RDONLY)   = 3
fstat(3, {st_mode=S_IFREG|0644, st_size=297, ...}) = 0
read(3, "Before an alternative\nstore_op2 "..., 32768) = 297
fstat(1, {st_mode=S_IFREG|0664, st_size=0, ...}) = 0
mmap(NULL, 4096, PROT_READ|PROT_WRITE, MAP_PRIVATE|MAP_ANONYMOUS, -1, 0) = 0x7f8e41cfa000
read(3, "", 32768)                      = 0
close(3)                                = 0
open("../inputs/grep1.dat", O_RDONLY)   = 3
fstat(3, {st_mode=S_IFREG|0644, st_size=314192, ...}) = 0
read(3, "/* grep.c - main driver file for"..., 32768) = 32768
write(1, "../inputs/grep0.dat:0:Before an "..., 4096) = 4096
write(1, "ndef MAX\n../inputs/grep1.dat:201"..., 4096) = 4096
write(1, "ep1.dat:3710:  char *result;\n../"..., 4096) = 4096
write(1, " contents, and 'buflim'\n../input"..., 4096) = 4096
write(1, "../inputs/grep1.dat:7881:}\n../in"..., 4096) = 4096
write(1, "uts/grep1.dat:9921:  static int "..., 4096) = 4096
write(1, "at:11668:      nlines += n;\n../i"..., 4096) = 4096
write(1, "rcmp(name, matchers[i].name) == "..., 4096) = 4096
write(1, ":\tbreak;\n../inputs/grep1.dat:151"..., 4096) = 4096
write(1, "og;\n../inputs/grep1.dat:16905:\n."..., 4096) = 4096
write(1, "program; if not, write to the Fr"..., 4096) = 4096
write(1, "is completely standard.\n../input"..., 4096) = 4096
write(1, ":23853:\n../inputs/grep1.dat:2385"..., 4096) = 4096
write(1, "located so that they describe\n.."..., 4096) = 4096
write(1, "iated as long as the abbreviatio"..., 4096) = 4096
read(3, "= '-'\n\t   && (argv[optind][1] =="..., 32768) = 32768
write(1, "p1.dat:30785:\t  else if (last_no"..., 4096) = 4096
write(1, "t:32900:\t  ))\n../inputs/grep1.da"..., 4096) = 4096
write(1, "extchar);\n../inputs/grep1.dat:34"..., 4096) = 4096
write(1, "71:\t  }\n../inputs/grep1.dat:3677"..., 4096) = 4096
write(1, "528:\t  digit_optind = this_optio"..., 4096) = 4096
write(1, "t:40621:/* We used to test for `"..., 4096) = 4096
write(1, "n/cc or gcc but without giving a"..., 4096) = 4096
write(1, "p1.dat:44887:/* Emacs already de"..., 4096) = 4096
write(1, "Matches any one char belonging t"..., 4096) = 4096
write(1, "byte relative address.  */\n../in"..., 4096) = 4096
write(1, "tion)[1] = (number) >> 8;\t\t\t\t\t\\\n"..., 4096) = 4096
write(1, "t is useful to test things that "..., 4096) = 4096
write(1, "../inputs/grep1.dat:56102:      "..., 4096) = 4096
write(1, "914:\tcase push_dummy_failure:\n.."..., 4096) = 4096
write(1, "/\n../inputs/grep1.dat:59902:\n../"..., 4096) = 4096
write(1, "/grep1.dat:61725:#define DEBUG_S"..., 4096) = 4096
read(3, "_BUFFER_SPACE (1);\t\t\t\t\t\t\\\n    *b"..., 32768) = 32768
write(1, "racter in the constant\n../inputs"..., 4096) = 4096
write(1, "grep1.dat:66406:#define STORE_JU"..., 4096) = 4096
write(1, "77:typedef int pattern_offset_t;"..., 4096) = 4096
write(1, "grep1.dat:71114:     `used' is s"..., 4096) = 4096
write(1, "(\"\\nCompiling pattern: \");\n../in"..., 4096) = 4096
write(1, "goto normal_char;\n../inputs/grep"..., 4096) = 4096
write(1, "inputs/grep1.dat:77923:\n../input"..., 4096) = 4096
write(1, "t:80444:                        "..., 4096) = 4096
write(1, "             PATFETCH (c1);\n../i"..., 4096) = 4096
write(1, "ts/grep1.dat:85189:\n../inputs/gr"..., 4096) = 4096
write(1, "\n../inputs/grep1.dat:87889:     "..., 4096) = 4096
write(1, "0:              /* These are the"..., 4096) = 4096
write(1, ":92421:\n../inputs/grep1.dat:9242"..., 4096) = 4096
write(1, "re:\n../inputs/grep1.dat:95032:  "..., 4096) = 4096
read(3, "RE_CONTEXT_INDEP_OPS)\n          "..., 32768) = 32768
write(1, "             if (syntax & RE_NO_"..., 4096) = 4096
write(1, "d next),\n../inputs/grep1.dat:999"..., 4096) = 4096
write(1, "  */\n../inputs/grep1.dat:102591:"..., 4096) = 4096
write(1, "4527:                return REG_"..., 4096) = 4096
write(1, "k);\n../inputs/grep1.dat:106624:\n"..., 4096) = 4096
write(1, "uts/grep1.dat:108415:   least on"..., 4096) = 4096
write(1, "uts/grep1.dat:110540:    const c"..., 4096) = 4096
write(1, ";\n../inputs/grep1.dat:112781:\n.."..., 4096) = 4096
write(1, "_FAILURE_ITEM\n../inputs/grep1.da"..., 4096) = 4096
write(1, "o[this_reg]));\t\\\n../inputs/grep1"..., 4096) = 4096
write(1, "bufp',\n../inputs/grep1.dat:11997"..., 4096) = 4096
write(1, "ern in\n../inputs/grep1.dat:12244"..., 4096) = 4096
write(1, "        the fastmap for the corr"..., 4096) = 4096
write(1, ":126563:\t  break;\n../inputs/grep"..., 4096) = 4096
write(1, "128660:                return -2"..., 4096) = 4096
read(3, "}\n  else\n    {\n      bufp->regs_"..., 32768) = 32768
write(1, "sters (bufp, regs, num_regs, sta"..., 4096) = 4096
write(1, ":132884:  int endpos = startpos "..., 4096) = 4096
write(1, "39:\t\tgoto advance;\n../inputs/gre"..., 4096) = 4096
write(1, " have matched a real character; "..., 4096) = 4096
write(1, "uts/grep1.dat:139623:\n../inputs/"..., 4096) = 4096
write(1, "os, regs, stop)\n../inputs/grep1."..., 4096) = 4096
write(1, "pon by a repetition operator fai"..., 4096) = 4096
write(1, "X_TALLOC (num_regs, const char *"..., 4096) = 4096
write(1, "e following input string wheneve"..., 4096) = 4096
write(1, "   restore_best_regs:\n../inputs/"..., 4096) = 4096
write(1, "1.dat:154198:                 in"..., 4096) = 4096
write(1, "tes after that\n../inputs/grep1.d"..., 4096) = 4096
write(1, "s data structure) under the regi"..., 4096) = 4096
write(1, "../inputs/grep1.dat:161208:\n../i"..., 4096) = 4096
read(3, "/* do nothing */ ;\n             "..., 32768) = 32768
write(1, "              EXTRACT_NUMBER_AND"..., 4096) = 4096
write(1, "uts/grep1.dat:166100:\t    int re"..., 4096) = 4096
write(1, ":168374:          else if (d[-1]"..., 4096) = 4096
write(1, "at:170690:\n../inputs/grep1.dat:1"..., 4096) = 4096
write(1, "/inputs/grep1.dat:173208:       "..., 4096) = 4096
write(1, "\n../inputs/grep1.dat:175687:    "..., 4096) = 4096
write(1, "_failure_jump pushes a failure p"..., 4096) = 4096
write(1, "puts/grep1.dat:180552:\t  else   "..., 4096) = 4096
write(1, "nputs/grep1.dat:182543:\t  if (SY"..., 4096) = 4096
write(1, "case jump:\n../inputs/grep1.dat:1"..., 4096) = 4096
write(1, "e starts with only a jump,\n../in"..., 4096) = 4096
write(1, "      return true;\n../inputs/gre"..., 4096) = 4096
write(1, "t:191029:      assert (reg_no > "..., 4096) = 4096
write(1, "(and perhaps `buffer') and `tran"..., 4096) = 4096
read(3, "n, cflags)\n    regex_t *preg;\n  "..., 32768) = 32768
write(1, "../inputs/grep1.dat:195000:    c"..., 4096) = 4096
write(1, "SE)\n../inputs/grep1.dat:197237: "..., 4096) = 4096
write(1, " = !!(eflags & REG_NOTEOL);\n../i"..., 4096) = 4096
write(1, "msg) + 1; /* Includes the null. "..., 4096) = 4096
write(1, "inputs/grep1.dat:203586:\n../inpu"..., 4096) = 4096
write(1, "/grep1.dat:205354:static ptr_t\n."..., 4096) = 4096
write(1, ":207118:     charclass c;\n../inp"..., 4096) = 4096
write(1, "tic char *lexstart;\t\t/* Pointer "..., 4096) = 4096
write(1, "e backslash flag and go through "..., 4096) = 4096
write(1, "nputs/grep1.dat:212671:\t  if (ba"..., 4096) = 4096
write(1, "  || !(syntax_bits & RE_NEWLINE_"..., 4096) = 4096
write(1, "ASH_ESCAPE_IN_LISTS))\n../inputs/"..., 4096) = 4096
write(1, "nputs/grep1.dat:218452:  REALLOC"..., 4096) = 4096
write(1, "   case QMARK:\n../inputs/grep1.d"..., 4096) = 4096
write(1, "221602:  lexstart = lexptr = s;\n"..., 4096) = 4096
write(1, "< s2->elems[j].index)\n../inputs/"..., 4096) = 4096
write(1, " for (j = 0; j < s->nelem; ++j)\n"..., 4096) = 4096
read(3, "gument, union\n     the lastpos o"..., 32768) = 32768
write(1, "t:227547:\t    break;\n../inputs/g"..., 4096) = 4096
write(1, "ode in the lastpos.\n../inputs/gr"..., 4096) = 4096
write(1, "e empty leaf are both empty. */\n"..., 4096) = 4096
write(1, "ts/grep1.dat:234500:\tnlastpos[-2"..., 4096) = 4096
write(1, "nputs/grep1.dat:236709:\tcopy(&me"..., 4096) = 4096
write(1, "     int trans[];\n../inputs/grep"..., 4096) = 4096
write(1, "nstraint,\n../inputs/grep1.dat:24"..., 4096) = 4096
write(1, "../inputs/grep1.dat:243759:\n../i"..., 4096) = 4096
write(1, "uts/grep1.dat:245959:\t    wants_"..., 4096) = 4096
write(1, " 1, d->states[s].letter, 0,\n../i"..., 4096) = 4096
write(1, "f backref is non-NULL it points "..., 4096) = 4096
write(1, "(s >= 0)\n../inputs/grep1.dat:252"..., 4096) = 4096
write(1, "s/grep1.dat:253755:    free((ptr"..., 4096) = 4096
write(1, " and\tsubstrings common to\n../inp"..., 4096) = 4096
write(1, "ep1.dat:258109:    if (strncmp(c"..., 4096) = 4096
write(1, "cp = left; *lcp != '\\0'; ++lcp)\n"..., 4096) = 4096
read(3, "derr);\n#endif\n  for (ri = 0; ri "..., 32768) = 32768
write(1, ":  must *musts;\n../inputs/grep1."..., 4096) = 4096
write(1, "/grep1.dat:263083:\t    rn = strl"..., 4096) = 4096
write(1, " != '\\0')\n../inputs/grep1.dat:26"..., 4096) = 4096
write(1, "tributed in the hope that it wil"..., 4096) = 4096
write(1, ";\t\t\t/* Difference in depths of s"..., 4096) = 4096
write(1, "wsincr(kws, text, len)\n../inputs"..., 4096) = 4096
write(1, "(dirs[depth] == L)\n../inputs/gre"..., 4096) = 4096
write(1, "m the given tree in the\n../input"..., 4096) = 4096
write(1, "inputs/grep1.dat:277425:      a "..., 4096) = 4096
write(1, "= kwset->trie; curr; curr = curr"..., 4096) = 4096
write(1, "at:281850:\n../inputs/grep1.dat:2"..., 4096) = 4096
write(1, "\n../inputs/grep1.dat:283669:}\n.."..., 4096) = 4096
write(1, "dat:285372:      if (mch)\n../inp"..., 4096) = 4096
write(1, "7194:  char *ret;\n../inputs/grep"..., 4096) = 4096
write(1, " might be less smart and round a"..., 4096) = 4096
write(1, " the request.  */\n../inputs/grep"..., 4096) = 4096
read(3, "size;\n\n  /* Move the existing ob"..., 32768) = 19280
write(1, "\n../inputs/grep1.dat:294092:   t"..., 4096) = 4096
write(1, "llocated_p (h, obj)\n../inputs/gr"..., 4096) = 4096
write(1, "can be an empty object at that a"..., 4096) = 4096
write(1, "     int character;\n../inputs/gr"..., 4096) = 4096
write(1, "40:\n../inputs/grep1.dat:302564:\n"..., 4096) = 4096
write(1, ":304534:/* Regex compiled regexp"..., 4096) = 4096
write(1, "x(RE_SYNTAX_GREP | RE_HAT_LISTS_"..., 4096) = 4096
write(1, "nputs/grep1.dat:308421:  if (mat"..., 4096) = 4096
write(1, "rep1.dat:310296:\t  beg = dfaexec"..., 4096) = 4096
write(1, "nputs/grep1.dat:312320:      if "..., 4096) = 4096
read(3, "", 32768)                      = 0
close(3)                                = 0
open("../inputs/grepNull.dat", O_RDONLY) = 3
fstat(3, {st_mode=S_IFREG|0644, st_size=0, ...}) = 0
read(3, "", 32768)                      = 0
close(3)                                = 0
write(1, ":313917:wswswsif outvfvf\n../inpu"..., 797) = 797
close(1)                                = 0
munmap(0x7f8e41cfa000, 4096)            = 0
exit_group(0)                           = ?
