execve("../source/grep.exe.static", ["../source/grep.exe.static", "-il", "include", "../inputs/grep1.dat"], [/* 44 vars */]) = 0
uname({sys="Linux", node="xmenxk-OptiPlex-7010", ...}) = 0
brk(0)                                  = 0xcb7000
brk(0xcb81c0)                           = 0xcb81c0
arch_prctl(ARCH_SET_FS, 0xcb7880)       = 0
brk(0xcd91c0)                           = 0xcd91c0
brk(0xcda000)                           = 0xcda000
open("/usr/lib/locale/locale-archive", O_RDONLY|O_CLOEXEC) = 3
fstat(3, {st_mode=S_IFREG|0644, st_size=2932080, ...}) = 0
mmap(NULL, 2932080, PROT_READ, MAP_PRIVATE, 3, 0) = 0x7faa57b8c000
close(3)                                = 0
open("../inputs/grep1.dat", O_RDONLY)   = 3
fstat(3, {st_mode=S_IFREG|0644, st_size=314192, ...}) = 0
read(3, "/* grep.c - main driver file for"..., 32768) = 32768
fstat(1, {st_mode=S_IFREG|0664, st_size=0, ...}) = 0
mmap(NULL, 4096, PROT_READ|PROT_WRITE, MAP_PRIVATE|MAP_ANONYMOUS, -1, 0) = 0x7faa57b8b000
close(3)                                = 0
write(1, "../inputs/grep1.dat\n", 20)   = 20
close(1)                                = 0
munmap(0x7faa57b8b000, 4096)            = 0
exit_group(0)                           = ?
