execve("../source/grep.exe.static", ["../source/grep.exe.static", "1\\+\\+", "../inputs/grep1.dat"], [/* 44 vars */]) = 0
uname({sys="Linux", node="xmenxk-OptiPlex-7010", ...}) = 0
brk(0)                                  = 0xa72000
brk(0xa731c0)                           = 0xa731c0
arch_prctl(ARCH_SET_FS, 0xa72880)       = 0
brk(0xa941c0)                           = 0xa941c0
brk(0xa95000)                           = 0xa95000
open("/usr/lib/locale/locale-archive", O_RDONLY|O_CLOEXEC) = 3
fstat(3, {st_mode=S_IFREG|0644, st_size=2932080, ...}) = 0
mmap(NULL, 2932080, PROT_READ, MAP_PRIVATE, 3, 0) = 0x7f0a74ad0000
close(3)                                = 0
open("../inputs/grep1.dat", O_RDONLY)   = 3
fstat(3, {st_mode=S_IFREG|0644, st_size=314192, ...}) = 0
read(3, "/* grep.c - main driver file for"..., 32768) = 32768
fstat(1, {st_mode=S_IFREG|0664, st_size=0, ...}) = 0
mmap(NULL, 4096, PROT_READ|PROT_WRITE, MAP_PRIVATE|MAP_ANONYMOUS, -1, 0) = 0x7f0a74acf000
read(3, "= '-'\n\t   && (argv[optind][1] =="..., 32768) = 32768
write(1, "   Copyright (C) 1992 Free Softw"..., 4096) = 4096
read(3, "_BUFFER_SPACE (1);\t\t\t\t\t\t\\\n    *b"..., 32768) = 32768
write(1, "\n#define Sword 1\n   done = 1;\n  "..., 4096) = 4096
read(3, "RE_CONTEXT_INDEP_OPS)\n          "..., 32768) = 32768
read(3, "}\n  else\n    {\n      bufp->regs_"..., 32768) = 32768
write(1, " + 1 : 0;\n                  STOR"..., 4096) = 4096
write(1, "o on.\n   STRING1 and STRING2 hav"..., 4096) = 4096
read(3, "/* do nothing */ ;\n             "..., 32768) = 32768
write(1, " num_regs + 1)\n                 "..., 4096) = 4096
read(3, "n, cflags)\n    regex_t *preg;\n  "..., 32768) = 32768
write(1, "beg.\\n\");\n\t  if (WORDCHAR_P (d) "..., 4096) = 4096
read(3, "gument, union\n     the lastpos o"..., 32768) = 32768
write(1, "NTBITS;\n  c[b / INTBITS] |= 1 <<"..., 4096) = 4096
read(3, "derr);\n#endif\n  for (ri = 0; ri "..., 32768) = 32768
read(3, "size;\n\n  /* Move the existing ob"..., 32768) = 19280
write(1, "it = 1;\n\t  sbit[i] = 1;\n  s = s1"..., 4096) = 4096
read(3, "", 32768)                      = 0
close(3)                                = 0
write(1, ">maybe_empty_object = 1;\nvoid (o"..., 1309) = 1309
close(1)                                = 0
munmap(0x7f0a74acf000, 4096)            = 0
exit_group(0)                           = ?
