execve("../source/grep.exe.static", ["../source/grep.exe.static", "[1A-Z-A]", "../inputs/grep1.dat"], [/* 44 vars */]) = 0
uname({sys="Linux", node="xmenxk-OptiPlex-7010", ...}) = 0
brk(0)                                  = 0x88c000
brk(0x88d1c0)                           = 0x88d1c0
arch_prctl(ARCH_SET_FS, 0x88c880)       = 0
brk(0x8ae1c0)                           = 0x8ae1c0
brk(0x8af000)                           = 0x8af000
open("/usr/lib/locale/locale-archive", O_RDONLY|O_CLOEXEC) = 3
fstat(3, {st_mode=S_IFREG|0644, st_size=2932080, ...}) = 0
mmap(NULL, 2932080, PROT_READ, MAP_PRIVATE, 3, 0) = 0x7f3a43370000
close(3)                                = 0
open("../inputs/grep1.dat", O_RDONLY)   = 3
fstat(3, {st_mode=S_IFREG|0644, st_size=314192, ...}) = 0
read(3, "/* grep.c - main driver file for"..., 32768) = 32768
fstat(1, {st_mode=S_IFREG|0664, st_size=0, ...}) = 0
mmap(NULL, 4096, PROT_READ|PROT_WRITE, MAP_PRIVATE|MAP_ANONYMOUS, -1, 0) = 0x7f3a4336f000
write(1, "/* grep.c - main driver file for"..., 4096) = 4096
write(1, "dvise(maddr, bufalloc - bufsallo"..., 4096) = 4096
write(1, "ase 'y':\t\t\t/* For old-timers . ."..., 4096) = 4096
write(1, " char to be scanned in the optio"..., 4096) = 4096
read(3, "= '-'\n\t   && (argv[optind][1] =="..., 32768) = 32768
write(1, "lements.\n   See the comments abo"..., 4096) = 4096
write(1, "s not a valid short\n\t Otherwise "..., 4096) = 4096
write(1, "type uses should be through macr"..., 4096) = 4096
write(1, "the text that is matched, for st"..., 4096) = 4096
write(1, "x prints many voluminous message"..., 4096) = 4096
read(3, "_BUFFER_SPACE (1);\t\t\t\t\t\t\\\n    *b"..., 32768) = 32768
write(1, "ror codes listed\n   in regex.h. "..., 4096) = 4096
write(1, "r) + bufp->buffer;\t\t\t\\\n         "..., 4096) = 4096
write(1, "n.  We reset it\n  bufp->used = 0"..., 4096) = 4096
write(1, "       BUF_PUSH (anychar);\n     "..., 4096) = 4096
write(1, "RAPH (ch))\n                     "..., 4096) = 4096
read(3, "RE_CONTEXT_INDEP_OPS)\n          "..., 32768) = 32768
write(1, "group_offset;\n                  "..., 4096) = 4096
write(1, "         for the relative addres"..., 4096) = 4096
write(1, "PARENS || prev_prev_backslash))\n"..., 4096) = 4096
write(1, "il]\n/* Used to omit pushing fail"..., 4096) = 4096
write(1, "e registers.\n     REGSTART, REGE"..., 4096) = 4096
read(3, "}\n  else\n    {\n      bufp->regs_"..., 32768) = 32768
write(1, " (j % BYTEWIDTH))))\n            "..., 4096) = 4096
write(1, " contained\n   Do not consider ma"..., 4096) = 4096
write(1, "\n/* Test if at very beginning or"..., 4096) = 4096
write(1, "or fails to\n     are when we las"..., 4096) = 4096
write(1, ", save it.  */\n                 "..., 4096) = 4096
write(1, "\"EXECUTING exactn %d.\\n\", mcnt);"..., 4096) = 4096
read(3, "/* do nothing */ ;\n             "..., 32768) = 32768
write(1, "HING (reg_info[*p])\n            "..., 4096) = 4096
write(1, " DEBUG_PRINT3 (\" %d (to 0x%x)\", "..., 4096) = 4096
write(1, "my failure\n           popped.  F"..., 4096) = 4096
write(1, "\n   Return true if the pattern u"..., 4096) = 4096
read(3, "n, cflags)\n    regex_t *preg;\n  "..., 32768) = 32768
write(1, " and puts the result in BUFP.\n  "..., 4096) = 4096
write(1, "he\n   string; if REG_NOTEOL is s"..., 4096) = 4096
write(1, "austed\");\nxmalloc_1(n)\n    dfaer"..., 4096) = 4096
write(1, "ok = ENDLINE;\n\tcase '1':\n\t  if ("..., 4096) = 4096
write(1, "MARK\n     closure STAR\n     clos"..., 4096) = 4096
read(3, "gument, union\n     the lastpos o"..., 32768) = 32768
write(1, "REALLOC_IF_NECESSARY(d->states, "..., 4096) = 4096
write(1, " position *lastpos;\t\t/* Array wh"..., 4096) = 4096
write(1, " \" %d:\", d->follows[i].elems[j]."..., 4096) = 4096
write(1, "re are no characters left, there"..., 4096) = 4096
write(1, "    d->success[s] |= 4;\n  if (AC"..., 4096) = 4096
write(1, "d->musts; dm; dm = ndm)\n      nd"..., 4096) = 4096
read(3, "derr);\n#endif\n  for (ri = 0; ri "..., 32768) = 32768
write(1, " i <= dfa->tindex; ++i)\n      if"..., 4096) = 4096
write(1, "hing:  An Aid to Bibliographic S"..., 4096) = 4096
write(1, "pth && ((dirs[depth] == L && --l"..., 4096) = 4096
write(1, "->next)\n\t  /* Enqueue the immedi"..., 4096) = 4096
write(1, "rie->shift;\n\t  c = trans ? trans"..., 4096) = 4096
read(3, "size;\n\n  /* Move the existing ob"..., 32768) = 19280
write(1, "ra = ((((12 + DEFAULT_ROUNDING -"..., 4096) = 4096
write(1, "because there cannot be an objec"..., 4096) = 4096
write(1, "or -w, we also consider _ to be "..., 4096) = 4096
read(3, "", 32768)                      = 0
close(3)                                = 0
write(1, " length anchored at the same pla"..., 810) = 810
close(1)                                = 0
munmap(0x7f3a4336f000, 4096)            = 0
exit_group(0)                           = ?
