execve("../source/grep.exe.static", ["../source/grep.exe.static", "[A-B]", "../inputs/grep1.dat"], [/* 44 vars */]) = 0
uname({sys="Linux", node="xmenxk-OptiPlex-7010", ...}) = 0
brk(0)                                  = 0x1bb4000
brk(0x1bb51c0)                          = 0x1bb51c0
arch_prctl(ARCH_SET_FS, 0x1bb4880)      = 0
brk(0x1bd61c0)                          = 0x1bd61c0
brk(0x1bd7000)                          = 0x1bd7000
open("/usr/lib/locale/locale-archive", O_RDONLY|O_CLOEXEC) = 3
fstat(3, {st_mode=S_IFREG|0644, st_size=2932080, ...}) = 0
mmap(NULL, 2932080, PROT_READ, MAP_PRIVATE, 3, 0) = 0x7f7ad76c1000
close(3)                                = 0
open("../inputs/grep1.dat", O_RDONLY)   = 3
fstat(3, {st_mode=S_IFREG|0644, st_size=314192, ...}) = 0
read(3, "/* grep.c - main driver file for"..., 32768) = 32768
fstat(1, {st_mode=S_IFREG|0664, st_size=0, ...}) = 0
mmap(NULL, 4096, PROT_READ|PROT_WRITE, MAP_PRIVATE|MAP_ANONYMOUS, -1, 0) = 0x7f7ad76c0000
write(1, "   but WITHOUT ANY WARRANTY; wit"..., 4096) = 4096
read(3, "= '-'\n\t   && (argv[optind][1] =="..., 32768) = 32768
write(1, "the following\n   ARGV-element, i"..., 4096) = 4096
read(3, "_BUFFER_SPACE (1);\t\t\t\t\t\t\\\n    *b"..., 32768) = 32768
write(1, "ave a bit in the map is\n        "..., 4096) = 4096
write(1, "llocated == MAX_BUF_SIZE) \t\t\t\t\\\n"..., 4096) = 4096
write(1, " == pend) return REG_EESCAPE;\n  "..., 4096) = 4096
read(3, "RE_CONTEXT_INDEP_OPS)\n          "..., 32768) = 32768
write(1, " if (upper_bound < 0) upper_boun"..., 4096) = 4096
write(1, "complement operation.  Assumes `"..., 4096) = 4096
read(3, "}\n  else\n    {\n      bufp->regs_"..., 32768) = 32768
write(1, ");\t\t\t\t\\\n  DEBUG_PRINT2 (\"  Poppi"..., 4096) = 4096
write(1, "_VAR (fail_stack.stack);\t\t\t\t\t\\\n "..., 4096) = 4096
read(3, "/* do nothing */ ;\n             "..., 32768) = 32768
write(1, "TCHED ();\n          DEBUG_PRINT2"..., 4096) = 4096
write(1, "fter that, handle like `on_failu"..., 4096) = 4096
read(3, "n, cflags)\n    regex_t *preg;\n  "..., 32768) = 32768
write(1, "the address of the pattern strin"..., 4096) = 4096
read(3, "gument, union\n     the lastpos o"..., 32768) = 32768
write(1, "\n\t  if (backslash != ((syntax_bi"..., 4096) = 4096
read(3, "derr);\n#endif\n  for (ri = 0; ri "..., 32768) = 32768
write(1, " = NO_CONSTRAINT;\n\t/* Allocate t"..., 4096) = 4096
read(3, "size;\n\n  /* Move the existing ob"..., 32768) = 19280
write(1, "r rapid search. */\n  struct trie"..., 4096) = 4096
read(3, "", 32768)                      = 0
close(3)                                = 0
write(1, "-9A-Za-z_]\\\\)\\\\(\");\n\tstrcpy(n + "..., 1008) = 1008
close(1)                                = 0
munmap(0x7f7ad76c0000, 4096)            = 0
exit_group(0)                           = ?
