execve("../source/grep.exe.static", ["../source/grep.exe.static", "*", "../inputs/grep1.dat"], [/* 44 vars */]) = 0
uname({sys="Linux", node="xmenxk-OptiPlex-7010", ...}) = 0
brk(0)                                  = 0xe5b000
brk(0xe5c1c0)                           = 0xe5c1c0
arch_prctl(ARCH_SET_FS, 0xe5b880)       = 0
brk(0xe7d1c0)                           = 0xe7d1c0
brk(0xe7e000)                           = 0xe7e000
open("/usr/lib/locale/locale-archive", O_RDONLY|O_CLOEXEC) = 3
fstat(3, {st_mode=S_IFREG|0644, st_size=2932080, ...}) = 0
mmap(NULL, 2932080, PROT_READ, MAP_PRIVATE, 3, 0) = 0x7fef101f1000
close(3)                                = 0
open("../inputs/grep1.dat", O_RDONLY)   = 3
fstat(3, {st_mode=S_IFREG|0644, st_size=314192, ...}) = 0
read(3, "/* grep.c - main driver file for"..., 32768) = 32768
fstat(1, {st_mode=S_IFREG|0664, st_size=0, ...}) = 0
mmap(NULL, 4096, PROT_READ|PROT_WRITE, MAP_PRIVATE|MAP_ANONYMOUS, -1, 0) = 0x7fef101f0000
write(1, "/* grep.c - main driver file for"..., 4096) = 4096
write(1, "ndp)) != 0)\n      /* Avoid match"..., 4096) = 4096
read(3, "= '-'\n\t   && (argv[optind][1] =="..., 32768) = 32768
write(1, "ments is empty.  */\n      /* Det"..., 4096) = 4096
write(1, "n of `SIGN_EXTEND_CHAR',\n   (Per"..., 4096) = 4096
write(1, "  Followed by\n           a byte "..., 4096) = 4096
read(3, "_BUFFER_SPACE (1);\t\t\t\t\t\t\\\n    *b"..., 32768) = 32768
write(1, "\t\\\n/* Go backwards one character"..., 4096) = 4096
write(1, "dif /* DEBUG */\n  /* Initialize "..., 4096) = 4096
read(3, "RE_CONTEXT_INDEP_OPS)\n          "..., 32768) = 32768
write(1, "else if (syntax & RE_CHAR_CLASSE"..., 4096) = 4096
write(1, "mal_char and normal_backslash ne"..., 4096) = 4096
write(1, "space\n   space, so it is not a h"..., 4096) = 4096
read(3, "}\n  else\n    {\n      bufp->regs_"..., 32768) = 32768
write(1, "; j--)\n          /* `.' matches "..., 4096) = 4096
write(1, "tring2.  */ \t\t\t\\\n/* Test if at v"..., 4096) = 4096
write(1, " latter's empty -- but not if\n  "..., 4096) = 4096
read(3, "/* do nothing */ ;\n             "..., 32768) = 32768
write(1, "e new highest active register.  "..., 4096) = 4096
write(1, "xt character.  */\n          else"..., 4096) = 4096
write(1, "       /* If don't have to jump "..., 4096) = 4096
read(3, "n, cflags)\n    regex_t *preg;\n  "..., 32768) = 32768
write(1, "of times to succeed.  */\n      i"..., 4096) = 4096
write(1, "ly, 1988 by Arthur David Olson t"..., 4096) = 4096
read(3, "gument, union\n     the lastpos o"..., 32768) = 32768
write(1, "ons.  If any position of the set"..., 4096) = 4096
write(1, "er of groups actually used. */\n "..., 4096) = 4096
read(3, "derr);\n#endif\n  for (ri = 0; ri "..., 32768) = 32768
write(1, ". */\n\t    s1 = t[*p++];\n\t    s ="..., 4096) = 4096
write(1, "is edge. */\n  char balance;\t\t\t/*"..., 4096) = 4096
write(1, " values for the delta table; wil"..., 4096) = 4096
read(3, "size;\n\n  /* Move the existing ob"..., 32768) = 19280
write(1, ") ((h)->extra_arg, (size)) \\\n   "..., 4096) = 4096
write(1, "ck_grow, which causes trouble on"..., 4096) = 4096
read(3, "", 32768)                      = 0
close(3)                                = 0
write(1, "'; ++lim)\nstatic char *\n     cha"..., 107) = 107
close(1)                                = 0
munmap(0x7fef101f0000, 4096)            = 0
exit_group(0)                           = ?
