execve("../source/grep.exe.static", ["../source/grep.exe.static", "\\+", "../inputs/grep1.dat"], [/* 44 vars */]) = 0
uname({sys="Linux", node="xmenxk-OptiPlex-7010", ...}) = 0
brk(0)                                  = 0x221f000
brk(0x22201c0)                          = 0x22201c0
arch_prctl(ARCH_SET_FS, 0x221f880)      = 0
brk(0x22411c0)                          = 0x22411c0
brk(0x2242000)                          = 0x2242000
open("/usr/lib/locale/locale-archive", O_RDONLY|O_CLOEXEC) = 3
fstat(3, {st_mode=S_IFREG|0644, st_size=2932080, ...}) = 0
mmap(NULL, 2932080, PROT_READ, MAP_PRIVATE, 3, 0) = 0x7f998ef9e000
close(3)                                = 0
open("../inputs/grep1.dat", O_RDONLY)   = 3
fstat(3, {st_mode=S_IFREG|0644, st_size=314192, ...}) = 0
read(3, "/* grep.c - main driver file for"..., 32768) = 32768
fstat(1, {st_mode=S_IFREG|0664, st_size=0, ...}) = 0
mmap(NULL, 4096, PROT_READ|PROT_WRITE, MAP_PRIVATE|MAP_ANONYMOUS, -1, 0) = 0x7f998ef9d000
read(3, "= '-'\n\t   && (argv[optind][1] =="..., 32768) = 32768
write(1, "  for (p = (unsigned char *) vp;"..., 4096) = 4096
read(3, "_BUFFER_SPACE (1);\t\t\t\t\t\t\\\n    *b"..., 32768) = 32768
read(3, "RE_CONTEXT_INDEP_OPS)\n          "..., 32768) = 32768
write(1, " *p++;\n\t  mcnt = *p++;\n  print_p"..., 4096) = 4096
read(3, "}\n  else\n    {\n      bufp->regs_"..., 32768) = 32768
read(3, "/* do nothing */ ;\n             "..., 32768) = 32768
write(1, "REG_ITEMS \t\\\n    + NUM_NONREG_IT"..., 4096) = 4096
read(3, "n, cflags)\n    regex_t *preg;\n  "..., 32768) = 32768
read(3, "gument, union\n     the lastpos o"..., 32768) = 32768
write(1, "++) != (enum syntaxcode) mcnt)\n\t"..., 4096) = 4096
read(3, "derr);\n#endif\n  for (ri = 0; ri "..., 32768) = 32768
write(1, " (i = 0; i < ngrps; ++i)\n      f"..., 4096) = 4096
read(3, "size;\n\n  /* Move the existing ob"..., 32768) = 19280
read(3, "", 32768)                      = 0
close(3)                                = 0
write(1, "j_size + length) + (obj_size >> "..., 1524) = 1524
close(1)                                = 0
munmap(0x7f998ef9d000, 4096)            = 0
exit_group(0)                           = ?
