execve("../source/grep.exe.static", ["../source/grep.exe.static", "-G", "[1-5]", "../inputs/grep1.dat"], [/* 44 vars */]) = 0
uname({sys="Linux", node="xmenxk-OptiPlex-7010", ...}) = 0
brk(0)                                  = 0x953000
brk(0x9541c0)                           = 0x9541c0
arch_prctl(ARCH_SET_FS, 0x953880)       = 0
brk(0x9751c0)                           = 0x9751c0
brk(0x976000)                           = 0x976000
open("/usr/lib/locale/locale-archive", O_RDONLY|O_CLOEXEC) = 3
fstat(3, {st_mode=S_IFREG|0644, st_size=2932080, ...}) = 0
mmap(NULL, 2932080, PROT_READ, MAP_PRIVATE, 3, 0) = 0x7fc05f52a000
close(3)                                = 0
open("../inputs/grep1.dat", O_RDONLY)   = 3
fstat(3, {st_mode=S_IFREG|0644, st_size=314192, ...}) = 0
read(3, "/* grep.c - main driver file for"..., 32768) = 32768
fstat(1, {st_mode=S_IFREG|0664, st_size=0, ...}) = 0
mmap(NULL, 4096, PROT_READ|PROT_WRITE, MAP_PRIVATE|MAP_ANONYMOUS, -1, 0) = 0x7fc05f529000
read(3, "= '-'\n\t   && (argv[optind][1] =="..., 32768) = 32768
write(1, "   Copyright (C) 1992 Free Softw"..., 4096) = 4096
read(3, "_BUFFER_SPACE (1);\t\t\t\t\t\t\\\n    *b"..., 32768) = 32768
write(1, " argv[optind][1] == '-'\n\t      i"..., 4096) = 4096
read(3, "RE_CONTEXT_INDEP_OPS)\n          "..., 32768) = 32768
write(1, "ACE (2);\t\t\t\t\t\t\\\n    *b++ = (unsi"..., 4096) = 4096
write(1, "T_JUMP (jump, laststart, b + 3);"..., 4096) = 4096
read(3, "}\n  else\n    {\n      bufp->regs_"..., 32768) = 32768
write(1, "x\\n\", regstart[this_reg]);\t\t\\\n\tD"..., 4096) = 4096
write(1, "\n     the virtual concatenation "..., 4096) = 4096
read(3, "/* do nothing */ ;\n             "..., 32768) = 32768
write(1, "   DEBUG_PRINT1 (\"end of pattern"..., 4096) = 4096
write(1, ";\n                    dend2 = re"..., 4096) = 4096
read(3, "n, cflags)\n    regex_t *preg;\n  "..., 32768) = 32768
write(1, "G notwordbound.\\n\");\n          D"..., 4096) = 4096
read(3, "gument, union\n     the lastpos o"..., 32768) = 32768
write(1, " Free Software Foundation; eithe"..., 4096) = 4096
read(3, "derr);\n#endif\n  for (ri = 0; ri "..., 32768) = 32768
write(1, "rstpos[-1]; ++i)\n      wants_new"..., 4096) = 4096
read(3, "size;\n\n  /* Move the existing ob"..., 32768) = 19280
write(1, "\tif (kwset->target[i] == kwset->"..., 4096) = 4096
read(3, "", 32768)                      = 0
close(3)                                = 0
write(1, "if gout\n3eif agout end = buf + s"..., 80) = 80
close(1)                                = 0
munmap(0x7fc05f529000, 4096)            = 0
exit_group(0)                           = ?
