execve("../source/grep.exe.static", ["../source/grep.exe.static", "-E", "\\*(?p)", "../inputs/grep0.dat", "../inputs/grep1.dat", "../inputs/grepNull.dat"], [/* 44 vars */]) = 0
uname({sys="Linux", node="xmenxk-OptiPlex-7010", ...}) = 0
brk(0)                                  = 0x6fb000
brk(0x6fc1c0)                           = 0x6fc1c0
arch_prctl(ARCH_SET_FS, 0x6fb880)       = 0
brk(0x71d1c0)                           = 0x71d1c0
brk(0x71e000)                           = 0x71e000
open("/usr/lib/locale/locale-archive", O_RDONLY|O_CLOEXEC) = 3
fstat(3, {st_mode=S_IFREG|0644, st_size=2932080, ...}) = 0
mmap(NULL, 2932080, PROT_READ, MAP_PRIVATE, 3, 0) = 0x7f5ab9a78000
close(3)                                = 0
open("../inputs/grep0.dat", O_RDONLY)   = 3
fstat(3, {st_mode=S_IFREG|0644, st_size=297, ...}) = 0
read(3, "Before an alternative\nstore_op2 "..., 32768) = 297
read(3, "", 32768)                      = 0
close(3)                                = 0
open("../inputs/grep1.dat", O_RDONLY)   = 3
fstat(3, {st_mode=S_IFREG|0644, st_size=314192, ...}) = 0
read(3, "/* grep.c - main driver file for"..., 32768) = 32768
fstat(1, {st_mode=S_IFREG|0664, st_size=0, ...}) = 0
mmap(NULL, 4096, PROT_READ|PROT_WRITE, MAP_PRIVATE|MAP_ANONYMOUS, -1, 0) = 0x7f5ab9a77000
read(3, "= '-'\n\t   && (argv[optind][1] =="..., 32768) = 32768
read(3, "_BUFFER_SPACE (1);\t\t\t\t\t\t\\\n    *b"..., 32768) = 32768
read(3, "RE_CONTEXT_INDEP_OPS)\n          "..., 32768) = 32768
read(3, "}\n  else\n    {\n      bufp->regs_"..., 32768) = 32768
write(1, "../inputs/grep1.dat:  unsigned c"..., 4096) = 4096
read(3, "/* do nothing */ ;\n             "..., 32768) = 32768
write(1, "     switch ((int) ((re_opcode_t"..., 4096) = 4096
read(3, "n, cflags)\n    regex_t *preg;\n  "..., 32768) = 32768
read(3, "gument, union\n     the lastpos o"..., 32768) = 32768
read(3, "derr);\n#endif\n  for (ri = 0; ri "..., 32768) = 32768
read(3, "size;\n\n  /* Move the existing ob"..., 32768) = 19280
read(3, "", 32768)                      = 0
close(3)                                = 0
open("../inputs/grepNull.dat", O_RDONLY) = 3
fstat(3, {st_mode=S_IFREG|0644, st_size=0, ...}) = 0
read(3, "", 32768)                      = 0
close(3)                                = 0
write(1, "inputs/grep1.dat:    unsigned ch"..., 1390) = 1390
close(1)                                = 0
munmap(0x7f5ab9a77000, 4096)            = 0
exit_group(0)                           = ?
