uname@__uname
brk@brk
brk@brk
brk@brk
brk@brk
open@__open_nocancel
fstat@__fxstat
mmap@mmap64
read@__read_nocancel
lseek@__lseek_nocancel
open@__open_nocancel
read@__read_nocancel
close@__close_nocancel
munmap@__munmap
open@__open_nocancel
fstat@__fxstat
mmap@mmap64
read@__read_nocancel
fstat@__fxstat
mmap@mmap64
write@__write_nocancel
fstat@__fxstat
mmap@mmap64
write@__write_nocancel
read@__read_nocancel
close@__close_nocancel
munmap@__munmap
close@__close_nocancel
munmap@__munmap
write@__write_nocancel
close@__close_nocancel
munmap@__munmap
exit_group@_exit
