uname@__uname
brk@brk
brk@brk
brk@brk
brk@brk
open@__open_nocancel
fstat@__fxstat
gettimeofday@gettimeofday
getpid@getpid
open@__open_nocancel
fcntl@fcntl
fstat@__fxstat
mmap@mmap64
lseek@__lseek_nocancel
fstat@__fxstat
mmap@mmap64
read@__read_nocancel
write@__write_nocancel
write@__write_nocancel
write@__write_nocancel
write@__write_nocancel
write@__write_nocancel
write@__write_nocancel
write@__write_nocancel
write@__write_nocancel
write@__write_nocancel
write@__write_nocancel
write@__write_nocancel
write@__write_nocancel
write@__write_nocancel
write@__write_nocancel
write@__write_nocancel
write@__write_nocancel
write@__write_nocancel
write@__write_nocancel
write@__write_nocancel
write@__write_nocancel
write@__write_nocancel
write@__write_nocancel
write@__write_nocancel
write@__write_nocancel
write@__write_nocancel
write@__write_nocancel
write@__write_nocancel
write@__write_nocancel
write@__write_nocancel
write@__write_nocancel
write@__write_nocancel
write@__write_nocancel
write@__write_nocancel
write@__write_nocancel
write@__write_nocancel
write@__write_nocancel
write@__write_nocancel
write@__write_nocancel
write@__write_nocancel
write@__write_nocancel
write@__write_nocancel
write@__write_nocancel
write@__write_nocancel
write@__write_nocancel
write@__write_nocancel
write@__write_nocancel
write@__write_nocancel
write@__write_nocancel
write@__write_nocancel
write@__write_nocancel
write@__write_nocancel
write@__write_nocancel
write@__write_nocancel
write@__write_nocancel
write@__write_nocancel
write@__write_nocancel
write@__write_nocancel
write@__write_nocancel
write@__write_nocancel
write@__write_nocancel
write@__write_nocancel
write@__write_nocancel
write@__write_nocancel
write@__write_nocancel
write@__write_nocancel
write@__write_nocancel
write@__write_nocancel
write@__write_nocancel
write@__write_nocancel
write@__write_nocancel
write@__write_nocancel
write@__write_nocancel
write@__write_nocancel
write@__write_nocancel
write@__write_nocancel
write@__write_nocancel
write@__write_nocancel
write@__write_nocancel
write@__write_nocancel
write@__write_nocancel
write@__write_nocancel
write@__write_nocancel
write@__write_nocancel
write@__write_nocancel
write@__write_nocancel
write@__write_nocancel
write@__write_nocancel
write@__write_nocancel
write@__write_nocancel
write@__write_nocancel
write@__write_nocancel
write@__write_nocancel
write@__write_nocancel
write@__write_nocancel
write@__write_nocancel
write@__write_nocancel
write@__write_nocancel
write@__write_nocancel
write@__write_nocancel
write@__write_nocancel
write@__write_nocancel
write@__write_nocancel
write@__write_nocancel
write@__write_nocancel
write@__write_nocancel
write@__write_nocancel
write@__write_nocancel
write@__write_nocancel
write@__write_nocancel
write@__write_nocancel
write@__write_nocancel
read@__read_nocancel
close@__close_nocancel
munmap@__munmap
close@__close_nocancel
munmap@__munmap
rename@rename
rename@rename
close@__close_nocancel
exit_group@_exit
