close@__close_nocancel
time@time
close@__close_nocancel
rt_sigprocmask@sigprocmask
fcntl@fcntl
fcntl@fcntl
lstat@__lxstat64
select@__select_nocancel
time@time
close@__close_nocancel
lstat@__lxstat64
select@__select_nocancel
rt_sigaction@__libc_sigaction
rt_sigaction@__libc_sigaction
rt_sigaction@__libc_sigaction
time@time
alarm@alarm
rt_sigprocmask@sigprocmask
select@__select_nocancel
rt_sigprocmask@sigprocmask
alarm@alarm
time@time
rt_sigprocmask@sigprocmask
rt_sigprocmask@sigprocmask
open@__open_nocancel
rt_sigprocmask@sigprocmask
geteuid@__geteuid
rt_sigprocmask@sigprocmask
fcntl@fcntl
close@__close_nocancel
time@time
alarm@alarm
lstat@__lxstat64
select@__select_nocancel
rt_sigaction@__libc_sigaction
rt_sigaction@__libc_sigaction
rt_sigaction@__libc_sigaction
time@time
alarm@alarm
rt_sigprocmask@sigprocmask
select@__select_nocancel
rt_sigprocmask@sigprocmask
alarm@alarm
time@time
rt_sigprocmask@sigprocmask
rt_sigprocmask@sigprocmask
open@__open_nocancel
rt_sigprocmask@sigprocmask
geteuid@__geteuid
rt_sigprocmask@sigprocmask
fcntl@fcntl
close@__close_nocancel
time@time
alarm@alarm
lstat@__lxstat64
select@__select_nocancel
rt_sigaction@__libc_sigaction
rt_sigaction@__libc_sigaction
rt_sigaction@__libc_sigaction
time@time
alarm@alarm
rt_sigprocmask@sigprocmask
select@__select_nocancel
rt_sigprocmask@sigprocmask
alarm@alarm
time@time
rt_sigprocmask@sigprocmask
rt_sigprocmask@sigprocmask
open@__open_nocancel
rt_sigprocmask@sigprocmask
geteuid@__geteuid
rt_sigprocmask@sigprocmask
fcntl@fcntl
close@__close_nocancel
time@time
alarm@alarm
lstat@__lxstat64
select@__select_nocancel
rt_sigaction@__libc_sigaction
rt_sigaction@__libc_sigaction
rt_sigaction@__libc_sigaction
time@time
alarm@alarm
rt_sigprocmask@sigprocmask
select@__select_nocancel
rt_sigprocmask@sigprocmask
alarm@alarm
time@time
rt_sigprocmask@sigprocmask
rt_sigprocmask@sigprocmask
open@__open_nocancel
rt_sigprocmask@sigprocmask
geteuid@__geteuid
rt_sigprocmask@sigprocmask
fcntl@fcntl
close@__close_nocancel
time@time
alarm@alarm
lstat@__lxstat64
select@__select_nocancel
time@time
fcntl@fcntl
fcntl@fcntl
accept@__accept_nocancel
pipe@__pipe
rt_sigprocmask@sigprocmask
close@__close_nocancel
time@time
close@__close_nocancel
rt_sigprocmask@sigprocmask
fcntl@fcntl
fcntl@fcntl
lstat@__lxstat64
select@__select_nocancel
time@time
close@__close_nocancel
lstat@__lxstat64
select@__select_nocancel
time@time
fcntl@fcntl
fcntl@fcntl
accept@__accept_nocancel
pipe@__pipe
rt_sigprocmask@sigprocmask
close@__close_nocancel
time@time
close@__close_nocancel
rt_sigprocmask@sigprocmask
fcntl@fcntl
fcntl@fcntl
lstat@__lxstat64
select@__select_nocancel
time@time
close@__close_nocancel
lstat@__lxstat64
select@__select_nocancel
rt_sigaction@__libc_sigaction
rt_sigaction@__libc_sigaction
rt_sigaction@__libc_sigaction
time@time
alarm@alarm
rt_sigprocmask@sigprocmask
select@__select_nocancel
rt_sigprocmask@sigprocmask
alarm@alarm
time@time
rt_sigprocmask@sigprocmask
rt_sigprocmask@sigprocmask
open@__open_nocancel
rt_sigprocmask@sigprocmask
geteuid@__geteuid
rt_sigprocmask@sigprocmask
fcntl@fcntl
close@__close_nocancel
time@time
alarm@alarm
lstat@__lxstat64
select@__select_nocancel
rt_sigprocmask@sigprocmask
rt_sigprocmask@sigprocmask
rt_sigaction@__libc_sigaction
rt_sigprocmask@sigprocmask
select@__select_nocancel
rt_sigprocmask@sigprocmask
rt_sigprocmask@sigprocmask
rt_sigprocmask@sigprocmask
lstat@__lxstat64
select@__select_nocancel
rt_sigprocmask@sigprocmask
rt_sigprocmask@sigprocmask
time@time
fcntl@fcntl
fcntl@fcntl
accept@__accept_nocancel
pipe@__pipe
rt_sigprocmask@sigprocmask
close@__close_nocancel
time@time
close@__close_nocancel
rt_sigprocmask@sigprocmask
fcntl@fcntl
fcntl@fcntl
lstat@__lxstat64
select@__select_nocancel
time@time
close@__close_nocancel
lstat@__lxstat64
select@__select_nocancel
rt_sigaction@__libc_sigaction
rt_sigaction@__libc_sigaction
rt_sigaction@__libc_sigaction
time@time
alarm@alarm
rt_sigprocmask@sigprocmask
select@__select_nocancel
rt_sigprocmask@sigprocmask
alarm@alarm
time@time
rt_sigprocmask@sigprocmask
rt_sigprocmask@sigprocmask
open@__open_nocancel
rt_sigprocmask@sigprocmask
geteuid@__geteuid
rt_sigprocmask@sigprocmask
fcntl@fcntl
close@__close_nocancel
time@time
alarm@alarm
lstat@__lxstat64
select@__select_nocancel
rt_sigaction@__libc_sigaction
rt_sigaction@__libc_sigaction
rt_sigaction@__libc_sigaction
time@time
alarm@alarm
rt_sigprocmask@sigprocmask
select@__select_nocancel
rt_sigprocmask@sigprocmask
alarm@alarm
time@time
rt_sigprocmask@sigprocmask
rt_sigprocmask@sigprocmask
open@__open_nocancel
rt_sigprocmask@sigprocmask
geteuid@__geteuid
rt_sigprocmask@sigprocmask
fcntl@fcntl
close@__close_nocancel
time@time
alarm@alarm
lstat@__lxstat64
select@__select_nocancel
rt_sigaction@__libc_sigaction
rt_sigaction@__libc_sigaction
rt_sigaction@__libc_sigaction
time@time
alarm@alarm
rt_sigprocmask@sigprocmask
select@__select_nocancel
rt_sigprocmask@sigprocmask
alarm@alarm
time@time
rt_sigprocmask@sigprocmask
rt_sigprocmask@sigprocmask
open@__open_nocancel
rt_sigprocmask@sigprocmask
geteuid@__geteuid
rt_sigprocmask@sigprocmask
fcntl@fcntl
close@__close_nocancel
time@time
alarm@alarm
lstat@__lxstat64
select@__select_nocancel
rt_sigprocmask@sigprocmask
rt_sigprocmask@sigprocmask
rt_sigaction@__libc_sigaction
rt_sigprocmask@sigprocmask
select@__select_nocancel
rt_sigprocmask@sigprocmask
rt_sigprocmask@sigprocmask
rt_sigprocmask@sigprocmask
lstat@__lxstat64
select@__select_nocancel
rt_sigprocmask@sigprocmask
rt_sigprocmask@sigprocmask
rt_sigaction@__libc_sigaction
rt_sigprocmask@sigprocmask
select@__select_nocancel
