execve("../source/sed.exe.static", ["../source/sed.exe.static", "-f", "../inputs/scr/s107_0.sed", "../inputs/default.in"], [/* 44 vars */]) = 0
uname({sys="Linux", node="xmenxk-OptiPlex-7010", ...}) = 0
brk(0)                                  = 0x2073000
brk(0x20741c0)                          = 0x20741c0
arch_prctl(ARCH_SET_FS, 0x2073880)      = 0
brk(0x20951c0)                          = 0x20951c0
brk(0x2096000)                          = 0x2096000
open("../inputs/scr/s107_0.sed", O_RDONLY) = 3
fstat(3, {st_mode=S_IFREG|0644, st_size=110, ...}) = 0
mmap(NULL, 4096, PROT_READ|PROT_WRITE, MAP_PRIVATE|MAP_ANONYMOUS, -1, 0) = 0x7f91889a4000
read(3, "#n\n\n#multi-line del and quit\n\n15"..., 4096) = 110
lseek(3, 0, SEEK_CUR)                   = 110
read(3, "", 4096)                       = 0
close(3)                                = 0
munmap(0x7f91889a4000, 4096)            = 0
open("../inputs/default.in", O_RDONLY)  = 3
fstat(3, {st_mode=S_IFREG|0644, st_size=1741, ...}) = 0
mmap(NULL, 4096, PROT_READ|PROT_WRITE, MAP_PRIVATE|MAP_ANONYMOUS, -1, 0) = 0x7f91889a4000
read(3, "..@ A BLACK AND WHITE POEM\n\ni se"..., 4096) = 1741
fstat(1, {st_mode=S_IFREG|0664, st_size=0, ...}) = 0
mmap(NULL, 4096, PROT_READ|PROT_WRITE, MAP_PRIVATE|MAP_ANONYMOUS, -1, 0) = 0x7f91889a3000
lseek(3, -1417, SEEK_CUR)               = 324
close(3)                                = 0
munmap(0x7f91889a4000, 4096)            = 0
write(1, "black and white\n\n", 17)     = 17
close(1)                                = 0
munmap(0x7f91889a3000, 4096)            = 0
exit_group(4)                           = ?
