execve("../source/sed.exe.static", ["../source/sed.exe.static", "-f", "../inputs/scr/s111_0.sed", "../inputs/default.in"], [/* 44 vars */]) = 0
uname({sys="Linux", node="xmenxk-OptiPlex-7010", ...}) = 0
brk(0)                                  = 0x2551000
brk(0x25521c0)                          = 0x25521c0
arch_prctl(ARCH_SET_FS, 0x2551880)      = 0
brk(0x25731c0)                          = 0x25731c0
brk(0x2574000)                          = 0x2574000
open("../inputs/scr/s111_0.sed", O_RDONLY) = 3
fstat(3, {st_mode=S_IFREG|0644, st_size=131, ...}) = 0
mmap(NULL, 4096, PROT_READ|PROT_WRITE, MAP_PRIVATE|MAP_ANONYMOUS, -1, 0) = 0x7fd750c01000
read(3, "#n\n\n#reduce multiple blank lines"..., 4096) = 131
lseek(3, 0, SEEK_CUR)                   = 131
read(3, "", 4096)                       = 0
close(3)                                = 0
munmap(0x7fd750c01000, 4096)            = 0
open("../inputs/default.in", O_RDONLY)  = 3
fstat(3, {st_mode=S_IFREG|0644, st_size=1741, ...}) = 0
mmap(NULL, 4096, PROT_READ|PROT_WRITE, MAP_PRIVATE|MAP_ANONYMOUS, -1, 0) = 0x7fd750c01000
read(3, "..@ A BLACK AND WHITE POEM\n\ni se"..., 4096) = 1741
fstat(1, {st_mode=S_IFREG|0664, st_size=0, ...}) = 0
mmap(NULL, 4096, PROT_READ|PROT_WRITE, MAP_PRIVATE|MAP_ANONYMOUS, -1, 0) = 0x7fd750c00000
read(3, "", 4096)                       = 0
close(3)                                = 0
munmap(0x7fd750c01000, 4096)            = 0
write(1, "..@ A BLACK AND WHITE POEM\ni see"..., 1714) = 1714
close(1)                                = 0
munmap(0x7fd750c00000, 4096)            = 0
exit_group(4)                           = ?
