execve("../source/sed.exe.static", ["../source/sed.exe.static", "-f", "../inputs/scr/s116_0.sed", "../inputs/default.in"], [/* 44 vars */]) = 0
uname({sys="Linux", node="xmenxk-OptiPlex-7010", ...}) = 0
brk(0)                                  = 0x2078000
brk(0x20791c0)                          = 0x20791c0
arch_prctl(ARCH_SET_FS, 0x2078880)      = 0
brk(0x209a1c0)                          = 0x209a1c0
brk(0x209b000)                          = 0x209b000
open("../inputs/scr/s116_0.sed", O_RDONLY) = 3
fstat(3, {st_mode=S_IFREG|0644, st_size=128, ...}) = 0
mmap(NULL, 4096, PROT_READ|PROT_WRITE, MAP_PRIVATE|MAP_ANONYMOUS, -1, 0) = 0x7f4773281000
read(3, "#n\n\n#sub + append\n\ns/.*w.*/[foun"..., 4096) = 128
lseek(3, 0, SEEK_CUR)                   = 128
open("s116_0.wout", O_WRONLY|O_CREAT|O_TRUNC, 0666) = 4
read(3, "", 4096)                       = 0
close(3)                                = 0
munmap(0x7f4773281000, 4096)            = 0
open("../inputs/default.in", O_RDONLY)  = 3
fstat(3, {st_mode=S_IFREG|0644, st_size=1741, ...}) = 0
mmap(NULL, 4096, PROT_READ|PROT_WRITE, MAP_PRIVATE|MAP_ANONYMOUS, -1, 0) = 0x7f4773281000
read(3, "..@ A BLACK AND WHITE POEM\n\ni se"..., 4096) = 1741
fstat(1, {st_mode=S_IFREG|0664, st_size=0, ...}) = 0
mmap(NULL, 4096, PROT_READ|PROT_WRITE, MAP_PRIVATE|MAP_ANONYMOUS, -1, 0) = 0x7f4773280000
fstat(4, {st_mode=S_IFREG|0664, st_size=0, ...}) = 0
mmap(NULL, 4096, PROT_READ|PROT_WRITE, MAP_PRIVATE|MAP_ANONYMOUS, -1, 0) = 0x7f477327f000
write(4, "[found a 'w']\n", 14)         = 14
write(4, "[found a 'w']\n", 14)         = 14
write(4, "[found a 'w']\n", 14)         = 14
write(4, "[found a 'w']\n", 14)         = 14
write(4, "[found a 'w']\n", 14)         = 14
write(4, "[found a 'w']\n", 14)         = 14
write(4, "[found a 'w']\n", 14)         = 14
write(4, "[found a 'w']\n", 14)         = 14
write(4, "[found a 'w']\n", 14)         = 14
write(4, "[found a 'w']\n", 14)         = 14
write(4, "[found a 'w']\n", 14)         = 14
write(4, "[found a 'w']\n", 14)         = 14
write(4, "[found a 'w']\n", 14)         = 14
write(4, "[found a 'w']\n", 14)         = 14
write(4, "[found a 'w']\n", 14)         = 14
write(4, "[found a 'w']\n", 14)         = 14
write(4, "[found a 'w']\n", 14)         = 14
write(4, "[found a 'w']\n", 14)         = 14
read(3, "", 4096)                       = 0
close(3)                                = 0
munmap(0x7f4773281000, 4096)            = 0
close(4)                                = 0
munmap(0x7f477327f000, 4096)            = 0
write(1, "        --HEADER ABOVE ME--\n..@ "..., 778) = 778
close(1)                                = 0
munmap(0x7f4773280000, 4096)            = 0
exit_group(4)                           = ?
