execve("../source/sed.exe.static", ["../source/sed.exe.static", "-f", "../inputs/scr/s118_0.sed", "../inputs/default.in"], [/* 44 vars */]) = 0
uname({sys="Linux", node="xmenxk-OptiPlex-7010", ...}) = 0
brk(0)                                  = 0x856000
brk(0x8571c0)                           = 0x8571c0
arch_prctl(ARCH_SET_FS, 0x856880)       = 0
brk(0x8781c0)                           = 0x8781c0
brk(0x879000)                           = 0x879000
open("../inputs/scr/s118_0.sed", O_RDONLY) = 3
fstat(3, {st_mode=S_IFREG|0644, st_size=134, ...}) = 0
mmap(NULL, 4096, PROT_READ|PROT_WRITE, MAP_PRIVATE|MAP_ANONYMOUS, -1, 0) = 0x7f456f57c000
read(3, "#n\n\n#sub + insert\n\ns/.*w.*/[foun"..., 4096) = 134
lseek(3, 0, SEEK_CUR)                   = 134
open("s118_0.wout", O_WRONLY|O_CREAT|O_TRUNC, 0666) = 4
read(3, "", 4096)                       = 0
close(3)                                = 0
munmap(0x7f456f57c000, 4096)            = 0
open("../inputs/default.in", O_RDONLY)  = 3
fstat(3, {st_mode=S_IFREG|0644, st_size=1741, ...}) = 0
mmap(NULL, 4096, PROT_READ|PROT_WRITE, MAP_PRIVATE|MAP_ANONYMOUS, -1, 0) = 0x7f456f57c000
read(3, "..@ A BLACK AND WHITE POEM\n\ni se"..., 4096) = 1741
fstat(1, {st_mode=S_IFREG|0664, st_size=0, ...}) = 0
mmap(NULL, 4096, PROT_READ|PROT_WRITE, MAP_PRIVATE|MAP_ANONYMOUS, -1, 0) = 0x7f456f57b000
fstat(4, {st_mode=S_IFREG|0664, st_size=0, ...}) = 0
mmap(NULL, 4096, PROT_READ|PROT_WRITE, MAP_PRIVATE|MAP_ANONYMOUS, -1, 0) = 0x7f456f57a000
write(4, "[found a 'w']\n", 14)         = 14
write(4, "[found a 'w']\n", 14)         = 14
write(4, "[found a 'w']\n", 14)         = 14
write(4, "[found a 'w']\n", 14)         = 14
write(4, "[found a 'w']\n", 14)         = 14
write(4, "[found a 'w']\n", 14)         = 14
write(4, "[found a 'w']\n", 14)         = 14
write(4, "[found a 'w']\n", 14)         = 14
write(4, "[found a 'w']\n", 14)         = 14
write(4, "[found a 'w']\n", 14)         = 14
write(4, "[found a 'w']\n", 14)         = 14
write(4, "[found a 'w']\n", 14)         = 14
write(4, "[found a 'w']\n", 14)         = 14
write(4, "[found a 'w']\n", 14)         = 14
write(4, "[found a 'w']\n", 14)         = 14
write(4, "[found a 'w']\n", 14)         = 14
write(4, "[found a 'w']\n", 14)         = 14
write(4, "[found a 'w']\n", 14)         = 14
read(3, "", 4096)                       = 0
close(3)                                = 0
munmap(0x7f456f57c000, 4096)            = 0
close(4)                                = 0
munmap(0x7f456f57a000, 4096)            = 0
write(1, "        --INSERTED ABOVE HEADER-"..., 1040) = 1040
close(1)                                = 0
munmap(0x7f456f57b000, 4096)            = 0
exit_group(4)                           = ?
