execve("../source/sed.exe.static", ["../source/sed.exe.static", "-f", "../inputs/scr/s123_0.sed", "../inputs/default.in"], [/* 44 vars */]) = 0
uname({sys="Linux", node="xmenxk-OptiPlex-7010", ...}) = 0
brk(0)                                  = 0x1e15000
brk(0x1e161c0)                          = 0x1e161c0
arch_prctl(ARCH_SET_FS, 0x1e15880)      = 0
brk(0x1e371c0)                          = 0x1e371c0
brk(0x1e38000)                          = 0x1e38000
open("../inputs/scr/s123_0.sed", O_RDONLY) = 3
fstat(3, {st_mode=S_IFREG|0644, st_size=93, ...}) = 0
mmap(NULL, 4096, PROT_READ|PROT_WRITE, MAP_PRIVATE|MAP_ANONYMOUS, -1, 0) = 0x7f4aa9046000
read(3, "#n\n\n/cat/{\n        c\\\n--CAT ON T"..., 4096) = 93
lseek(3, 0, SEEK_CUR)                   = 93
open("s123_0.wout", O_WRONLY|O_CREAT|O_TRUNC, 0666) = 4
read(3, "", 4096)                       = 0
close(3)                                = 0
munmap(0x7f4aa9046000, 4096)            = 0
open("../inputs/default.in", O_RDONLY)  = 3
fstat(3, {st_mode=S_IFREG|0644, st_size=1741, ...}) = 0
mmap(NULL, 4096, PROT_READ|PROT_WRITE, MAP_PRIVATE|MAP_ANONYMOUS, -1, 0) = 0x7f4aa9046000
read(3, "..@ A BLACK AND WHITE POEM\n\ni se"..., 4096) = 1741
fstat(1, {st_mode=S_IFREG|0664, st_size=0, ...}) = 0
mmap(NULL, 4096, PROT_READ|PROT_WRITE, MAP_PRIVATE|MAP_ANONYMOUS, -1, 0) = 0x7f4aa9045000
fstat(4, {st_mode=S_IFREG|0664, st_size=0, ...}) = 0
mmap(NULL, 4096, PROT_READ|PROT_WRITE, MAP_PRIVATE|MAP_ANONYMOUS, -1, 0) = 0x7f4aa9044000
write(4, "..@ ON DOGS AND MEOWS\n", 22) = 22
read(3, "", 4096)                       = 0
close(3)                                = 0
munmap(0x7f4aa9046000, 4096)            = 0
close(4)                                = 0
munmap(0x7f4aa9044000, 4096)            = 0
write(1, "..@ ON DOGS AND MEOWS\n--CAT ON T"..., 106) = 106
close(1)                                = 0
munmap(0x7f4aa9045000, 4096)            = 0
exit_group(4)                           = ?
