execve("../source/sed.exe.static", ["../source/sed.exe.static", "-f", "../inputs/scr/s125_0.sed", "../inputs/default.in"], [/* 44 vars */]) = 0
uname({sys="Linux", node="xmenxk-OptiPlex-7010", ...}) = 0
brk(0)                                  = 0x139c000
brk(0x139d1c0)                          = 0x139d1c0
arch_prctl(ARCH_SET_FS, 0x139c880)      = 0
brk(0x13be1c0)                          = 0x13be1c0
brk(0x13bf000)                          = 0x13bf000
open("../inputs/scr/s125_0.sed", O_RDONLY) = 3
fstat(3, {st_mode=S_IFREG|0644, st_size=68, ...}) = 0
mmap(NULL, 4096, PROT_READ|PROT_WRITE, MAP_PRIVATE|MAP_ANONYMOUS, -1, 0) = 0x7f80cafd0000
read(3, "#n\n\n#sub and list\n\ns/\\.\\.@/@\\.\\."..., 4096) = 68
lseek(3, 0, SEEK_CUR)                   = 68
open("s125_0.wout", O_WRONLY|O_CREAT|O_TRUNC, 0666) = 4
read(3, "", 4096)                       = 0
close(3)                                = 0
munmap(0x7f80cafd0000, 4096)            = 0
open("../inputs/default.in", O_RDONLY)  = 3
fstat(3, {st_mode=S_IFREG|0644, st_size=1741, ...}) = 0
mmap(NULL, 4096, PROT_READ|PROT_WRITE, MAP_PRIVATE|MAP_ANONYMOUS, -1, 0) = 0x7f80cafd0000
read(3, "..@ A BLACK AND WHITE POEM\n\ni se"..., 4096) = 1741
fstat(1, {st_mode=S_IFREG|0664, st_size=0, ...}) = 0
mmap(NULL, 4096, PROT_READ|PROT_WRITE, MAP_PRIVATE|MAP_ANONYMOUS, -1, 0) = 0x7f80cafcf000
fstat(4, {st_mode=S_IFREG|0664, st_size=0, ...}) = 0
mmap(NULL, 4096, PROT_READ|PROT_WRITE, MAP_PRIVATE|MAP_ANONYMOUS, -1, 0) = 0x7f80cafce000
write(4, "@.. A BLACK AND WHITE POEM\n", 27) = 27
write(4, "@.. ON DOGS AND CATS\n", 21)  = 21
write(4, "@.. FUNNY NUMBERS\n", 18)     = 18
write(4, "@.. SILLY BLANK LINES\n", 22) = 22
write(4, "@.. UNIX HAX\n", 13)          = 13
write(4, "@.. OPERATOR GUIDE\n", 19)    = 19
write(4, "@.. QUOTED ARGUMENTS\n", 21)  = 21
write(4, "@.. COMPANY LIST\n", 17)      = 17
write(4, "@.. ESCAPE CHARACTERS\n", 22) = 22
write(4, "@.. EMPLOYEES\n", 14)         = 14
write(4, "@.. FOR MY CHAR CLASSES\n", 24) = 24
read(3, "", 4096)                       = 0
close(3)                                = 0
munmap(0x7f80cafd0000, 4096)            = 0
close(4)                                = 0
munmap(0x7f80cafce000, 4096)            = 0
write(1, "@.. A BLACK AND WHITE POEM\n@.. O"..., 234) = 234
close(1)                                = 0
munmap(0x7f80cafcf000, 4096)            = 0
exit_group(4)                           = ?
