execve("../source/sed.exe.static", ["../source/sed.exe.static", "-e", "", "../inputs/default.in"], [/* 44 vars */]) = 0
uname({sys="Linux", node="xmenxk-OptiPlex-7010", ...}) = 0
brk(0)                                  = 0xe25000
brk(0xe261c0)                           = 0xe261c0
arch_prctl(ARCH_SET_FS, 0xe25880)       = 0
brk(0xe471c0)                           = 0xe471c0
brk(0xe48000)                           = 0xe48000
open("../inputs/default.in", O_RDONLY)  = 3
fstat(3, {st_mode=S_IFREG|0644, st_size=1741, ...}) = 0
mmap(NULL, 4096, PROT_READ|PROT_WRITE, MAP_PRIVATE|MAP_ANONYMOUS, -1, 0) = 0x7ff427369000
read(3, "..@ A BLACK AND WHITE POEM\n\ni se"..., 4096) = 1741
fstat(1, {st_mode=S_IFREG|0664, st_size=0, ...}) = 0
mmap(NULL, 4096, PROT_READ|PROT_WRITE, MAP_PRIVATE|MAP_ANONYMOUS, -1, 0) = 0x7ff427368000
read(3, "", 4096)                       = 0
close(3)                                = 0
munmap(0x7ff427369000, 4096)            = 0
write(1, "..@ A BLACK AND WHITE POEM\n\ni se"..., 1741) = 1741
close(1)                                = 0
munmap(0x7ff427368000, 4096)            = 0
exit_group(4)                           = ?
