execve("../source/sed.exe.static", ["../source/sed.exe.static", "-f", "../inputs/scr/s133_0.sed", "../inputs/default.in"], [/* 44 vars */]) = 0
uname({sys="Linux", node="xmenxk-OptiPlex-7010", ...}) = 0
brk(0)                                  = 0x1170000
brk(0x11711c0)                          = 0x11711c0
arch_prctl(ARCH_SET_FS, 0x1170880)      = 0
brk(0x11921c0)                          = 0x11921c0
brk(0x1193000)                          = 0x1193000
open("../inputs/scr/s133_0.sed", O_RDONLY) = 3
fstat(3, {st_mode=S_IFREG|0644, st_size=128, ...}) = 0
mmap(NULL, 4096, PROT_READ|PROT_WRITE, MAP_PRIVATE|MAP_ANONYMOUS, -1, 0) = 0x7fabd25f2000
read(3, "#n\n\n#sub and read\n\n/\\.\\.@ COMPAN"..., 4096) = 128
lseek(3, 0, SEEK_CUR)                   = 128
open("s133_0.wout", O_WRONLY|O_CREAT|O_TRUNC, 0666) = 4
read(3, "", 4096)                       = 0
close(3)                                = 0
munmap(0x7fabd25f2000, 4096)            = 0
open("../inputs/default.in", O_RDONLY)  = 3
fstat(3, {st_mode=S_IFREG|0644, st_size=1741, ...}) = 0
mmap(NULL, 4096, PROT_READ|PROT_WRITE, MAP_PRIVATE|MAP_ANONYMOUS, -1, 0) = 0x7fabd25f2000
read(3, "..@ A BLACK AND WHITE POEM\n\ni se"..., 4096) = 1741
fstat(1, {st_mode=S_IFREG|0664, st_size=0, ...}) = 0
mmap(NULL, 4096, PROT_READ|PROT_WRITE, MAP_PRIVATE|MAP_ANONYMOUS, -1, 0) = 0x7fabd25f1000
fstat(4, {st_mode=S_IFREG|0664, st_size=0, ...}) = 0
mmap(NULL, 4096, PROT_READ|PROT_WRITE, MAP_PRIVATE|MAP_ANONYMOUS, -1, 0) = 0x7fabd25f0000
write(4, "..@ COMPANY DIRECTORY\n", 22) = 22
open("../inputs/company.list", O_RDONLY) = 5
fstat(5, {st_mode=S_IFREG|0644, st_size=82, ...}) = 0
mmap(NULL, 4096, PROT_READ|PROT_WRITE, MAP_PRIVATE|MAP_ANONYMOUS, -1, 0) = 0x7fabd25ef000
read(5, "United Airlines\nMicrosoft\nApple\n"..., 8192) = 82
read(5, "", 4096)                       = 0
read(5, "", 8192)                       = 0
close(5)                                = 0
munmap(0x7fabd25ef000, 4096)            = 0
read(3, "", 4096)                       = 0
close(3)                                = 0
munmap(0x7fabd25f2000, 4096)            = 0
close(4)                                = 0
munmap(0x7fabd25f0000, 4096)            = 0
write(1, "but speak red\nwhen observed\ni se"..., 254) = 254
close(1)                                = 0
munmap(0x7fabd25f1000, 4096)            = 0
exit_group(4)                           = ?
