execve("../source/sed.exe.static", ["../source/sed.exe.static", "-f", "../inputs/scr/s134_0.sed", "../inputs/default.in"], [/* 44 vars */]) = 0
uname({sys="Linux", node="xmenxk-OptiPlex-7010", ...}) = 0
brk(0)                                  = 0xb18000
brk(0xb191c0)                           = 0xb191c0
arch_prctl(ARCH_SET_FS, 0xb18880)       = 0
brk(0xb3a1c0)                           = 0xb3a1c0
brk(0xb3b000)                           = 0xb3b000
open("../inputs/scr/s134_0.sed", O_RDONLY) = 3
fstat(3, {st_mode=S_IFREG|0644, st_size=270, ...}) = 0
mmap(NULL, 4096, PROT_READ|PROT_WRITE, MAP_PRIVATE|MAP_ANONYMOUS, -1, 0) = 0x7f15bc4ea000
read(3, "#n\n                             "..., 4096) = 270
lseek(3, 0, SEEK_CUR)                   = 270
open("s134_0.wout", O_WRONLY|O_CREAT|O_TRUNC, 0666) = 4
read(3, "", 4096)                       = 0
close(3)                                = 0
munmap(0x7f15bc4ea000, 4096)            = 0
open("../inputs/default.in", O_RDONLY)  = 3
fstat(3, {st_mode=S_IFREG|0644, st_size=1741, ...}) = 0
mmap(NULL, 4096, PROT_READ|PROT_WRITE, MAP_PRIVATE|MAP_ANONYMOUS, -1, 0) = 0x7f15bc4ea000
read(3, "..@ A BLACK AND WHITE POEM\n\ni se"..., 4096) = 1741
fstat(1, {st_mode=S_IFREG|0664, st_size=0, ...}) = 0
mmap(NULL, 4096, PROT_READ|PROT_WRITE, MAP_PRIVATE|MAP_ANONYMOUS, -1, 0) = 0x7f15bc4e9000
fstat(4, {st_mode=S_IFREG|0664, st_size=0, ...}) = 0
mmap(NULL, 4096, PROT_READ|PROT_WRITE, MAP_PRIVATE|MAP_ANONYMOUS, -1, 0) = 0x7f15bc4e8000
write(4, "..@ COMPANY DIRECTORY\n", 22) = 22
open("../inputs/company.list", O_RDONLY) = 5
fstat(5, {st_mode=S_IFREG|0644, st_size=82, ...}) = 0
mmap(NULL, 4096, PROT_READ|PROT_WRITE, MAP_PRIVATE|MAP_ANONYMOUS, -1, 0) = 0x7f15bc4e7000
read(5, "United Airlines\nMicrosoft\nApple\n"..., 8192) = 82
read(5, "", 4096)                       = 0
read(5, "", 8192)                       = 0
close(5)                                = 0
munmap(0x7f15bc4e7000, 4096)            = 0
read(3, "", 4096)                       = 0
close(3)                                = 0
munmap(0x7f15bc4ea000, 4096)            = 0
close(4)                                = 0
munmap(0x7f15bc4e8000, 4096)            = 0
write(1, "red must be seen\nwhen observed\nf"..., 708) = 708
close(1)                                = 0
munmap(0x7f15bc4e9000, 4096)            = 0
exit_group(4)                           = ?
