execve("../source/sed.exe.static", ["../source/sed.exe.static", "-f", "../inputs/scr/s140_0.sed", "../inputs/default.in"], [/* 44 vars */]) = 0
uname({sys="Linux", node="xmenxk-OptiPlex-7010", ...}) = 0
brk(0)                                  = 0x218d000
brk(0x218e1c0)                          = 0x218e1c0
arch_prctl(ARCH_SET_FS, 0x218d880)      = 0
brk(0x21af1c0)                          = 0x21af1c0
brk(0x21b0000)                          = 0x21b0000
open("../inputs/scr/s140_0.sed", O_RDONLY) = 3
fstat(3, {st_mode=S_IFREG|0644, st_size=113, ...}) = 0
mmap(NULL, 4096, PROT_READ|PROT_WRITE, MAP_PRIVATE|MAP_ANONYMOUS, -1, 0) = 0x7f493d318000
read(3, "#n\n\n#sub and w command (not flag"..., 4096) = 113
lseek(3, 0, SEEK_CUR)                   = 113
open("s140_0.wout", O_WRONLY|O_CREAT|O_TRUNC, 0666) = 4
read(3, "", 4096)                       = 0
close(3)                                = 0
munmap(0x7f493d318000, 4096)            = 0
open("../inputs/default.in", O_RDONLY)  = 3
fstat(3, {st_mode=S_IFREG|0644, st_size=1741, ...}) = 0
mmap(NULL, 4096, PROT_READ|PROT_WRITE, MAP_PRIVATE|MAP_ANONYMOUS, -1, 0) = 0x7f493d318000
read(3, "..@ A BLACK AND WHITE POEM\n\ni se"..., 4096) = 1741
fstat(1, {st_mode=S_IFREG|0664, st_size=0, ...}) = 0
mmap(NULL, 4096, PROT_READ|PROT_WRITE, MAP_PRIVATE|MAP_ANONYMOUS, -1, 0) = 0x7f493d317000
fstat(4, {st_mode=S_IFREG|0664, st_size=0, ...}) = 0
mmap(NULL, 4096, PROT_READ|PROT_WRITE, MAP_PRIVATE|MAP_ANONYMOUS, -1, 0) = 0x7f493d316000
write(4, "Banks, Freda\t\t\n", 15)      = 15
write(4, "Sommes, Tom\t\t\n", 14)       = 14
read(3, "", 4096)                       = 0
close(3)                                = 0
munmap(0x7f493d318000, 4096)            = 0
close(4)                                = 0
munmap(0x7f493d316000, 4096)            = 0
write(1, "oh yes, the dog and the cat\nthes"..., 114) = 114
close(1)                                = 0
munmap(0x7f493d317000, 4096)            = 0
exit_group(4)                           = ?
