execve("../source/sed.exe.static", ["../source/sed.exe.static", "-f", "../inputs/scr/s142_0.sed", "../inputs/default.in"], [/* 44 vars */]) = 0
uname({sys="Linux", node="xmenxk-OptiPlex-7010", ...}) = 0
brk(0)                                  = 0x70a000
brk(0x70b1c0)                           = 0x70b1c0
arch_prctl(ARCH_SET_FS, 0x70a880)       = 0
brk(0x72c1c0)                           = 0x72c1c0
brk(0x72d000)                           = 0x72d000
open("../inputs/scr/s142_0.sed", O_RDONLY) = 3
fstat(3, {st_mode=S_IFREG|0644, st_size=58, ...}) = 0
mmap(NULL, 4096, PROT_READ|PROT_WRITE, MAP_PRIVATE|MAP_ANONYMOUS, -1, 0) = 0x7f102b55f000
read(3, "#n\n\n#sub and quit\n\n51q\n45,50p\ns/"..., 4096) = 58
lseek(3, 0, SEEK_CUR)                   = 58
open("s142_0.wout", O_WRONLY|O_CREAT|O_TRUNC, 0666) = 4
read(3, "", 4096)                       = 0
close(3)                                = 0
munmap(0x7f102b55f000, 4096)            = 0
open("../inputs/default.in", O_RDONLY)  = 3
fstat(3, {st_mode=S_IFREG|0644, st_size=1741, ...}) = 0
mmap(NULL, 4096, PROT_READ|PROT_WRITE, MAP_PRIVATE|MAP_ANONYMOUS, -1, 0) = 0x7f102b55f000
read(3, "..@ A BLACK AND WHITE POEM\n\ni se"..., 4096) = 1741
fstat(1, {st_mode=S_IFREG|0664, st_size=0, ...}) = 0
mmap(NULL, 4096, PROT_READ|PROT_WRITE, MAP_PRIVATE|MAP_ANONYMOUS, -1, 0) = 0x7f102b55e000
fstat(4, {st_mode=S_IFREG|0664, st_size=0, ...}) = 0
mmap(NULL, 4096, PROT_READ|PROT_WRITE, MAP_PRIVATE|MAP_ANONYMOUS, -1, 0) = 0x7f102b55d000
write(4, "these dogs and CATs\n", 20)   = 20
lseek(3, -1109, SEEK_CUR)               = 632
close(3)                                = 0
munmap(0x7f102b55f000, 4096)            = 0
close(4)                                = 0
munmap(0x7f102b55d000, 4096)            = 0
write(1, "these dogs and CATs\n22\n222\n22222"..., 35) = 35
close(1)                                = 0
munmap(0x7f102b55e000, 4096)            = 0
exit_group(4)                           = ?
