execve("../source/sed.exe.static", ["../source/sed.exe.static", "-f", "../inputs/scr/s143_0.sed", "../inputs/default.in"], [/* 44 vars */]) = 0
uname({sys="Linux", node="xmenxk-OptiPlex-7010", ...}) = 0
brk(0)                                  = 0x2572000
brk(0x25731c0)                          = 0x25731c0
arch_prctl(ARCH_SET_FS, 0x2572880)      = 0
brk(0x25941c0)                          = 0x25941c0
brk(0x2595000)                          = 0x2595000
open("../inputs/scr/s143_0.sed", O_RDONLY) = 3
fstat(3, {st_mode=S_IFREG|0644, st_size=64, ...}) = 0
mmap(NULL, 4096, PROT_READ|PROT_WRITE, MAP_PRIVATE|MAP_ANONYMOUS, -1, 0) = 0x7fb3814e4000
read(3, "#n\n\n#sub and quit\n\n51q\n45,50{\n\tn"..., 4096) = 64
lseek(3, 0, SEEK_CUR)                   = 64
open("s143_0.wout", O_WRONLY|O_CREAT|O_TRUNC, 0666) = 4
read(3, "", 4096)                       = 0
close(3)                                = 0
munmap(0x7fb3814e4000, 4096)            = 0
open("../inputs/default.in", O_RDONLY)  = 3
fstat(3, {st_mode=S_IFREG|0644, st_size=1741, ...}) = 0
mmap(NULL, 4096, PROT_READ|PROT_WRITE, MAP_PRIVATE|MAP_ANONYMOUS, -1, 0) = 0x7fb3814e4000
read(3, "..@ A BLACK AND WHITE POEM\n\ni se"..., 4096) = 1741
fstat(1, {st_mode=S_IFREG|0664, st_size=0, ...}) = 0
mmap(NULL, 4096, PROT_READ|PROT_WRITE, MAP_PRIVATE|MAP_ANONYMOUS, -1, 0) = 0x7fb3814e3000
fstat(4, {st_mode=S_IFREG|0664, st_size=0, ...}) = 0
mmap(NULL, 4096, PROT_READ|PROT_WRITE, MAP_PRIVATE|MAP_ANONYMOUS, -1, 0) = 0x7fb3814e2000
write(4, "oh yes, the dog and the CAT\n", 28) = 28
write(4, "these dogs and CATs\n", 20)   = 20
write(4, "oh yes, the dog and the CAT\n", 28) = 28
write(4, "here's to you, oh ye dogs and ye"..., 38) = 38
lseek(3, -1109, SEEK_CUR)               = 632
close(3)                                = 0
munmap(0x7fb3814e4000, 4096)            = 0
close(4)                                = 0
munmap(0x7fb3814e2000, 4096)            = 0
write(1, "oh yes, the dog and the CAT\nthes"..., 124) = 124
close(1)                                = 0
munmap(0x7fb3814e3000, 4096)            = 0
exit_group(4)                           = ?
