execve("../source/sed.exe.static", ["../source/sed.exe.static", "-f", "../inputs/scr/s146_0.sed", "../inputs/default.in"], [/* 44 vars */]) = 0
uname({sys="Linux", node="xmenxk-OptiPlex-7010", ...}) = 0
brk(0)                                  = 0xfe6000
brk(0xfe71c0)                           = 0xfe71c0
arch_prctl(ARCH_SET_FS, 0xfe6880)       = 0
brk(0x10081c0)                          = 0x10081c0
brk(0x1009000)                          = 0x1009000
open("../inputs/scr/s146_0.sed", O_RDONLY) = 3
fstat(3, {st_mode=S_IFREG|0644, st_size=61, ...}) = 0
mmap(NULL, 4096, PROT_READ|PROT_WRITE, MAP_PRIVATE|MAP_ANONYMOUS, -1, 0) = 0x7fe05cbf8000
read(3, "#n\n\n#vanilla substitution\n\nN\ns/b"..., 4096) = 61
lseek(3, 0, SEEK_CUR)                   = 61
open("s146_0.wout", O_WRONLY|O_CREAT|O_TRUNC, 0666) = 4
read(3, "", 4096)                       = 0
close(3)                                = 0
munmap(0x7fe05cbf8000, 4096)            = 0
open("../inputs/default.in", O_RDONLY)  = 3
fstat(3, {st_mode=S_IFREG|0644, st_size=1741, ...}) = 0
mmap(NULL, 4096, PROT_READ|PROT_WRITE, MAP_PRIVATE|MAP_ANONYMOUS, -1, 0) = 0x7fe05cbf8000
read(3, "..@ A BLACK AND WHITE POEM\n\ni se"..., 4096) = 1741
fstat(1, {st_mode=S_IFREG|0664, st_size=0, ...}) = 0
mmap(NULL, 4096, PROT_READ|PROT_WRITE, MAP_PRIVATE|MAP_ANONYMOUS, -1, 0) = 0x7fe05cbf7000
fstat(4, {st_mode=S_IFREG|0664, st_size=0, ...}) = 0
mmap(NULL, 4096, PROT_READ|PROT_WRITE, MAP_PRIVATE|MAP_ANONYMOUS, -1, 0) = 0x7fe05cbf6000
write(4, "i see\n-BLACK- and white\n", 24) = 24
write(4, "i see\n-BLACK- and white\n", 24) = 24
write(4, "i see\n-BLACK- and white\n", 24) = 24
write(4, "that forces me\nto face -BLACK- t"..., 37) = 37
read(3, "", 4096)                       = 0
close(3)                                = 0
munmap(0x7fe05cbf8000, 4096)            = 0
close(4)                                = 0
munmap(0x7fe05cbf6000, 4096)            = 0
write(1, "i see\n-BLACK- and white\ni see\n-B"..., 109) = 109
close(1)                                = 0
munmap(0x7fe05cbf7000, 4096)            = 0
exit_group(4)                           = ?
