execve("../source/sed.exe.static", ["../source/sed.exe.static", "-f", "../inputs/scr/s147_0.sed", "../inputs/default.in"], [/* 44 vars */]) = 0
uname({sys="Linux", node="xmenxk-OptiPlex-7010", ...}) = 0
brk(0)                                  = 0x1cfc000
brk(0x1cfd1c0)                          = 0x1cfd1c0
arch_prctl(ARCH_SET_FS, 0x1cfc880)      = 0
brk(0x1d1e1c0)                          = 0x1d1e1c0
brk(0x1d1f000)                          = 0x1d1f000
open("../inputs/scr/s147_0.sed", O_RDONLY) = 3
fstat(3, {st_mode=S_IFREG|0644, st_size=62, ...}) = 0
mmap(NULL, 4096, PROT_READ|PROT_WRITE, MAP_PRIVATE|MAP_ANONYMOUS, -1, 0) = 0x7f264f943000
read(3, "#n\n\n#vanilla substitution\n\nn\ns/b"..., 4096) = 62
lseek(3, 0, SEEK_CUR)                   = 62
open("s147_0.wout", O_WRONLY|O_CREAT|O_TRUNC, 0666) = 4
read(3, "", 4096)                       = 0
close(3)                                = 0
munmap(0x7f264f943000, 4096)            = 0
open("../inputs/default.in", O_RDONLY)  = 3
fstat(3, {st_mode=S_IFREG|0644, st_size=1741, ...}) = 0
mmap(NULL, 4096, PROT_READ|PROT_WRITE, MAP_PRIVATE|MAP_ANONYMOUS, -1, 0) = 0x7f264f943000
read(3, "..@ A BLACK AND WHITE POEM\n\ni se"..., 4096) = 1741
fstat(1, {st_mode=S_IFREG|0664, st_size=0, ...}) = 0
mmap(NULL, 4096, PROT_READ|PROT_WRITE, MAP_PRIVATE|MAP_ANONYMOUS, -1, 0) = 0x7f264f942000
fstat(4, {st_mode=S_IFREG|0664, st_size=0, ...}) = 0
mmap(NULL, 4096, PROT_READ|PROT_WRITE, MAP_PRIVATE|MAP_ANONYMOUS, -1, 0) = 0x7f264f941000
write(4, "-BLACK- and white\n", 18)     = 18
write(4, "-BLACK- and white\n", 18)     = 18
write(4, "-BLACK- and white\n", 18)     = 18
write(4, "to face -BLACK- truth\n", 22) = 22
read(3, "", 4096)                       = 0
close(3)                                = 0
munmap(0x7f264f943000, 4096)            = 0
close(4)                                = 0
munmap(0x7f264f941000, 4096)            = 0
write(1, "\n-BLACK- and white\nred must be s"..., 920) = 920
close(1)                                = 0
munmap(0x7f264f942000, 4096)            = 0
exit_group(4)                           = ?
