execve("../source/sed.exe.static", ["../source/sed.exe.static", "-f", "../inputs/scr/s148_0.sed", "../inputs/default.in"], [/* 44 vars */]) = 0
uname({sys="Linux", node="xmenxk-OptiPlex-7010", ...}) = 0
brk(0)                                  = 0x1a56000
brk(0x1a571c0)                          = 0x1a571c0
arch_prctl(ARCH_SET_FS, 0x1a56880)      = 0
brk(0x1a781c0)                          = 0x1a781c0
brk(0x1a79000)                          = 0x1a79000
open("../inputs/scr/s148_0.sed", O_RDONLY) = 3
fstat(3, {st_mode=S_IFREG|0644, st_size=62, ...}) = 0
mmap(NULL, 4096, PROT_READ|PROT_WRITE, MAP_PRIVATE|MAP_ANONYMOUS, -1, 0) = 0x7f9cc691f000
read(3, "#n\n\n#vanilla substitution\n\nN\ns/b"..., 4096) = 62
lseek(3, 0, SEEK_CUR)                   = 62
open("s148_0.wout", O_WRONLY|O_CREAT|O_TRUNC, 0666) = 4
read(3, "", 4096)                       = 0
close(3)                                = 0
munmap(0x7f9cc691f000, 4096)            = 0
open("../inputs/default.in", O_RDONLY)  = 3
fstat(3, {st_mode=S_IFREG|0644, st_size=1741, ...}) = 0
mmap(NULL, 4096, PROT_READ|PROT_WRITE, MAP_PRIVATE|MAP_ANONYMOUS, -1, 0) = 0x7f9cc691f000
read(3, "..@ A BLACK AND WHITE POEM\n\ni se"..., 4096) = 1741
fstat(1, {st_mode=S_IFREG|0664, st_size=0, ...}) = 0
mmap(NULL, 4096, PROT_READ|PROT_WRITE, MAP_PRIVATE|MAP_ANONYMOUS, -1, 0) = 0x7f9cc691e000
fstat(4, {st_mode=S_IFREG|0664, st_size=0, ...}) = 0
mmap(NULL, 4096, PROT_READ|PROT_WRITE, MAP_PRIVATE|MAP_ANONYMOUS, -1, 0) = 0x7f9cc691d000
write(4, "i see\n-BLACK- and white\n", 24) = 24
write(4, "i see\n-BLACK- and white\n", 24) = 24
write(4, "i see\n-BLACK- and white\n", 24) = 24
write(4, "that forces me\nto face -BLACK- t"..., 37) = 37
read(3, "", 4096)                       = 0
close(3)                                = 0
munmap(0x7f9cc691f000, 4096)            = 0
close(4)                                = 0
munmap(0x7f9cc691d000, 4096)            = 0
write(1, "..@ A BLACK AND WHITE POEM\ni see"..., 829) = 829
close(1)                                = 0
munmap(0x7f9cc691e000, 4096)            = 0
exit_group(4)                           = ?
