execve("../source/sed.exe.static", ["../source/sed.exe.static", "-f", "../inputs/scr/s164_0.sed", "../inputs/default.in"], [/* 44 vars */]) = 0
uname({sys="Linux", node="xmenxk-OptiPlex-7010", ...}) = 0
brk(0)                                  = 0xfc8000
brk(0xfc91c0)                           = 0xfc91c0
arch_prctl(ARCH_SET_FS, 0xfc8880)       = 0
brk(0xfea1c0)                           = 0xfea1c0
brk(0xfeb000)                           = 0xfeb000
open("../inputs/scr/s164_0.sed", O_RDONLY) = 3
fstat(3, {st_mode=S_IFREG|0644, st_size=100, ...}) = 0
mmap(NULL, 4096, PROT_READ|PROT_WRITE, MAP_PRIVATE|MAP_ANONYMOUS, -1, 0) = 0x7ffc18e03000
read(3, "#n\n\n#s/d with list\n\n/\\.\\.@/{\n   "..., 4096) = 100
lseek(3, 0, SEEK_CUR)                   = 100
open("s164_0.wout", O_WRONLY|O_CREAT|O_TRUNC, 0666) = 4
read(3, "", 4096)                       = 0
close(3)                                = 0
munmap(0x7ffc18e03000, 4096)            = 0
open("../inputs/default.in", O_RDONLY)  = 3
fstat(3, {st_mode=S_IFREG|0644, st_size=1741, ...}) = 0
mmap(NULL, 4096, PROT_READ|PROT_WRITE, MAP_PRIVATE|MAP_ANONYMOUS, -1, 0) = 0x7ffc18e03000
read(3, "..@ A BLACK AND WHITE POEM\n\ni se"..., 4096) = 1741
fstat(1, {st_mode=S_IFREG|0664, st_size=0, ...}) = 0
mmap(NULL, 4096, PROT_READ|PROT_WRITE, MAP_PRIVATE|MAP_ANONYMOUS, -1, 0) = 0x7ffc18e02000
fstat(4, {st_mode=S_IFREG|0664, st_size=0, ...}) = 0
mmap(NULL, 4096, PROT_READ|PROT_WRITE, MAP_PRIVATE|MAP_ANONYMOUS, -1, 0) = 0x7ffc18e01000
write(4, "anything\n", 9)               = 9
write(4, "anything\n", 9)               = 9
write(4, "anything\n", 9)               = 9
write(4, "anything\n", 9)               = 9
write(4, "anything\n", 9)               = 9
write(4, "anything\n", 9)               = 9
write(4, "anything\n", 9)               = 9
write(4, "anything\n", 9)               = 9
write(4, "anything\n", 9)               = 9
write(4, "anything\n", 9)               = 9
write(4, "anything\n", 9)               = 9
read(3, "", 4096)                       = 0
close(3)                                = 0
munmap(0x7ffc18e03000, 4096)            = 0
close(4)                                = 0
munmap(0x7ffc18e01000, 4096)            = 0
write(1, "..@ A BLACK AND WHITE POEM\\n$\nan"..., 545) = 545
close(1)                                = 0
munmap(0x7ffc18e02000, 4096)            = 0
exit_group(4)                           = ?
