execve("../source/sed.exe.static", ["../source/sed.exe.static", "-f", "../inputs/scr/s167_0.sed", "../inputs/default.in"], [/* 44 vars */]) = 0
uname({sys="Linux", node="xmenxk-OptiPlex-7010", ...}) = 0
brk(0)                                  = 0xc12000
brk(0xc131c0)                           = 0xc131c0
arch_prctl(ARCH_SET_FS, 0xc12880)       = 0
brk(0xc341c0)                           = 0xc341c0
brk(0xc35000)                           = 0xc35000
open("../inputs/scr/s167_0.sed", O_RDONLY) = 3
fstat(3, {st_mode=S_IFREG|0644, st_size=102, ...}) = 0
mmap(NULL, 4096, PROT_READ|PROT_WRITE, MAP_PRIVATE|MAP_ANONYMOUS, -1, 0) = 0x7f51d7949000
read(3, "#n\n\n#s/d with transform (y)\n\ns/ "..., 4096) = 102
lseek(3, 0, SEEK_CUR)                   = 102
open("s167_0.wout", O_WRONLY|O_CREAT|O_TRUNC, 0666) = 4
read(3, "", 4096)                       = 0
close(3)                                = 0
munmap(0x7f51d7949000, 4096)            = 0
open("../inputs/default.in", O_RDONLY)  = 3
fstat(3, {st_mode=S_IFREG|0644, st_size=1741, ...}) = 0
mmap(NULL, 4096, PROT_READ|PROT_WRITE, MAP_PRIVATE|MAP_ANONYMOUS, -1, 0) = 0x7f51d7949000
read(3, "..@ A BLACK AND WHITE POEM\n\ni se"..., 4096) = 1741
fstat(1, {st_mode=S_IFREG|0664, st_size=0, ...}) = 0
mmap(NULL, 4096, PROT_READ|PROT_WRITE, MAP_PRIVATE|MAP_ANONYMOUS, -1, 0) = 0x7f51d7948000
fstat(4, {st_mode=S_IFREG|0664, st_size=0, ...}) = 0
mmap(NULL, 4096, PROT_READ|PROT_WRITE, MAP_PRIVATE|MAP_ANONYMOUS, -1, 0) = 0x7f51d7947000
write(4, "but feel BWORD\n", 15)        = 15
write(4, "blessed are we to BWORD\n", 24) = 24
write(4, "This line is followed BWORD\n", 28) = 28
write(4, "This line is followed BWORD\n", 28) = 28
write(4, "System appears, it should BWORD\n", 32) = 32
write(4, "look snooker BWORD\n", 19)    = 19
read(3, "", 4096)                       = 0
close(3)                                = 0
munmap(0x7f51d7949000, 4096)            = 0
close(4)                                = 0
munmap(0x7f51d7947000, 4096)            = 0
write(1, "\nblAck And whItE\nBWORD red\nrEd m"..., 1104) = 1104
close(1)                                = 0
munmap(0x7f51d7948000, 4096)            = 0
exit_group(4)                           = ?
