execve("../source/sed.exe.static", ["../source/sed.exe.static", "-f", "../inputs/scr/s168_0.sed", "../inputs/default.in"], [/* 44 vars */]) = 0
uname({sys="Linux", node="xmenxk-OptiPlex-7010", ...}) = 0
brk(0)                                  = 0x1728000
brk(0x17291c0)                          = 0x17291c0
arch_prctl(ARCH_SET_FS, 0x1728880)      = 0
brk(0x174a1c0)                          = 0x174a1c0
brk(0x174b000)                          = 0x174b000
open("../inputs/scr/s168_0.sed", O_RDONLY) = 3
fstat(3, {st_mode=S_IFREG|0644, st_size=109, ...}) = 0
mmap(NULL, 4096, PROT_READ|PROT_WRITE, MAP_PRIVATE|MAP_ANONYMOUS, -1, 0) = 0x7f444cf2e000
read(3, "#n\n\n#s/d with transform (y)\n\ny/a"..., 4096) = 109
lseek(3, 0, SEEK_CUR)                   = 109
open("s168_0.wout", O_WRONLY|O_CREAT|O_TRUNC, 0666) = 4
read(3, "", 4096)                       = 0
close(3)                                = 0
munmap(0x7f444cf2e000, 4096)            = 0
open("../inputs/default.in", O_RDONLY)  = 3
fstat(3, {st_mode=S_IFREG|0644, st_size=1741, ...}) = 0
mmap(NULL, 4096, PROT_READ|PROT_WRITE, MAP_PRIVATE|MAP_ANONYMOUS, -1, 0) = 0x7f444cf2e000
read(3, "..@ A BLACK AND WHITE POEM\n\ni se"..., 4096) = 1741
fstat(1, {st_mode=S_IFREG|0664, st_size=0, ...}) = 0
mmap(NULL, 4096, PROT_READ|PROT_WRITE, MAP_PRIVATE|MAP_ANONYMOUS, -1, 0) = 0x7f444cf2d000
fstat(4, {st_mode=S_IFREG|0664, st_size=0, ...}) = 0
mmap(NULL, 4096, PROT_READ|PROT_WRITE, MAP_PRIVATE|MAP_ANONYMOUS, -1, 0) = 0x7f444cf2c000
write(4, "but feel BWORD\n", 15)        = 15
write(4, "these dogs BWORD\n", 17)      = 17
write(4, "blessed BWORD\n", 14)         = 14
write(4, "This line is followed BWORD\n", 28) = 28
write(4, "This line is followed BWORD\n", 28) = 28
write(4, "Here BWORD\n", 11)            = 11
write(4, "System BWORD\n", 13)          = 13
write(4, "Consult Section 3.1 in the Owner"..., 39) = 39
write(4, "Look in the Owner BWORD\n", 24) = 24
write(4, "Two mbnubls BWORD\n", 18)     = 18
write(4, "look snooker BWORD\n", 19)    = 19
read(3, "", 4096)                       = 0
close(3)                                = 0
munmap(0x7f444cf2e000, 4096)            = 0
close(4)                                = 0
munmap(0x7f444cf2c000, 4096)            = 0
write(1, "..@ A BLACK AND WHITE POEM\nI sEE"..., 933) = 933
close(1)                                = 0
munmap(0x7f444cf2d000, 4096)            = 0
exit_group(4)                           = ?
