execve("../source/sed.exe.static", ["../source/sed.exe.static", "-f", "../inputs/scr/s170_0.sed", "../inputs/default.in"], [/* 44 vars */]) = 0
uname({sys="Linux", node="xmenxk-OptiPlex-7010", ...}) = 0
brk(0)                                  = 0x1dff000
brk(0x1e001c0)                          = 0x1e001c0
arch_prctl(ARCH_SET_FS, 0x1dff880)      = 0
brk(0x1e211c0)                          = 0x1e211c0
brk(0x1e22000)                          = 0x1e22000
open("../inputs/scr/s170_0.sed", O_RDONLY) = 3
fstat(3, {st_mode=S_IFREG|0644, st_size=143, ...}) = 0
mmap(NULL, 4096, PROT_READ|PROT_WRITE, MAP_PRIVATE|MAP_ANONYMOUS, -1, 0) = 0x7f4a3ae6d000
read(3, "#n\n\n#s/d with fileread\n\n/m$/n;n;"..., 4096) = 143
lseek(3, 0, SEEK_CUR)                   = 143
open("s170_0.wout", O_WRONLY|O_CREAT|O_TRUNC, 0666) = 4
read(3, "", 4096)                       = 0
close(3)                                = 0
munmap(0x7f4a3ae6d000, 4096)            = 0
open("../inputs/default.in", O_RDONLY)  = 3
fstat(3, {st_mode=S_IFREG|0644, st_size=1741, ...}) = 0
mmap(NULL, 4096, PROT_READ|PROT_WRITE, MAP_PRIVATE|MAP_ANONYMOUS, -1, 0) = 0x7f4a3ae6d000
read(3, "..@ A BLACK AND WHITE POEM\n\ni se"..., 4096) = 1741
fstat(1, {st_mode=S_IFREG|0664, st_size=0, ...}) = 0
mmap(NULL, 4096, PROT_READ|PROT_WRITE, MAP_PRIVATE|MAP_ANONYMOUS, -1, 0) = 0x7f4a3ae6c000
open("../inputs/company.list", O_RDONLY) = 5
fstat(5, {st_mode=S_IFREG|0644, st_size=82, ...}) = 0
mmap(NULL, 4096, PROT_READ|PROT_WRITE, MAP_PRIVATE|MAP_ANONYMOUS, -1, 0) = 0x7f4a3ae6b000
read(5, "United Airlines\nMicrosoft\nApple\n"..., 8192) = 82
read(5, "", 4096)                       = 0
read(5, "", 8192)                       = 0
close(5)                                = 0
munmap(0x7f4a3ae6b000, 4096)            = 0
read(3, "", 4096)                       = 0
close(3)                                = 0
munmap(0x7f4a3ae6d000, 4096)            = 0
close(4)                                = 0
write(1, "\nblack and white\nred must be see"..., 985) = 985
close(1)                                = 0
munmap(0x7f4a3ae6c000, 4096)            = 0
exit_group(4)                           = ?
