execve("../source/sed.exe.static", ["../source/sed.exe.static", "-f", "../inputs/scr/s174_0.sed", "../inputs/default.in"], [/* 44 vars */]) = 0
uname({sys="Linux", node="xmenxk-OptiPlex-7010", ...}) = 0
brk(0)                                  = 0x8b0000
brk(0x8b11c0)                           = 0x8b11c0
arch_prctl(ARCH_SET_FS, 0x8b0880)       = 0
brk(0x8d21c0)                           = 0x8d21c0
brk(0x8d3000)                           = 0x8d3000
open("../inputs/scr/s174_0.sed", O_RDONLY) = 3
fstat(3, {st_mode=S_IFREG|0644, st_size=62, ...}) = 0
mmap(NULL, 4096, PROT_READ|PROT_WRITE, MAP_PRIVATE|MAP_ANONYMOUS, -1, 0) = 0x7f75cbf19000
read(3, "#n\n\n#s/d with filewrite\n\ns/^/   "..., 4096) = 62
lseek(3, 0, SEEK_CUR)                   = 62
open("s174_0.wout", O_WRONLY|O_CREAT|O_TRUNC, 0666) = 4
read(3, "", 4096)                       = 0
close(3)                                = 0
munmap(0x7f75cbf19000, 4096)            = 0
open("../inputs/default.in", O_RDONLY)  = 3
fstat(3, {st_mode=S_IFREG|0644, st_size=1741, ...}) = 0
mmap(NULL, 4096, PROT_READ|PROT_WRITE, MAP_PRIVATE|MAP_ANONYMOUS, -1, 0) = 0x7f75cbf19000
read(3, "..@ A BLACK AND WHITE POEM\n\ni se"..., 4096) = 1741
fstat(1, {st_mode=S_IFREG|0664, st_size=0, ...}) = 0
mmap(NULL, 4096, PROT_READ|PROT_WRITE, MAP_PRIVATE|MAP_ANONYMOUS, -1, 0) = 0x7f75cbf18000
fstat(4, {st_mode=S_IFREG|0664, st_size=0, ...}) = 0
mmap(NULL, 4096, PROT_READ|PROT_WRITE, MAP_PRIVATE|MAP_ANONYMOUS, -1, 0) = 0x7f75cbf17000
write(4, "     ..@ A BLACK AND WHITE POEM\n", 32) = 32
write(4, "     i see\n", 11)            = 11
write(4, "     but speak red\n", 19)    = 19
write(4, "     when observed\n", 19)    = 19
write(4, "     i see\n", 11)            = 11
write(4, "     but count white\n", 21)  = 21
write(4, "     when increased\n", 20)   = 20
write(4, "     i see\n", 11)            = 11
write(4, "     but feel blue\n", 19)    = 19
write(4, "     that forces me\n", 20)   = 20
write(4, "     \n", 6)                  = 6
write(4, "     ..@ ON DOGS AND CATS\n", 26) = 26
write(4, "     \n", 6)                  = 6
write(4, "     two gentle friends of man\n", 31) = 31
write(4, "     these dogs and cats\n", 25) = 25
write(4, "     blessed are we to be graced"..., 33) = 33
write(4, "     \n", 6)                  = 6
write(4, "     \n", 6)                  = 6
write(4, "     \n", 6)                  = 6
write(4, "     \n", 6)                  = 6
write(4, "     \n", 6)                  = 6
write(4, "     2\n", 7)                 = 7
write(4, "     22\n", 8)                = 8
write(4, "     222\n", 9)               = 9
write(4, "     2222222\n", 13)          = 13
write(4, "     \n", 6)                  = 6
write(4, "     This line is followed by 1 "..., 44) = 44
write(4, "     This line is followed by 2 "..., 45) = 45
write(4, "     \n", 6)                  = 6
write(4, "     \n", 6)                  = 6
write(4, "     \n", 6)                  = 6
write(4, "     \n", 6)                  = 6
write(4, "     \n", 6)                  = 6
write(4, "     This is the end.\n", 22) = 22
write(4, "     \n", 6)                  = 6
write(4, "     Here are examples of the UN"..., 35) = 35
write(4, "     System appears, it should b"..., 43) = 43
write(4, "     \n", 6)                  = 6
write(4, "     ..@ OPERATOR GUIDE\n", 24) = 24
write(4, "     Consult Section 3.1 in the "..., 51) = 51
write(4, "     available on your system.\n", 31) = 31
write(4, "     Look in the Owner and Opera"..., 68) = 68
write(4, "     Two manuals are provided in"..., 54) = 54
write(4, "     \n", 6)                  = 6
write(4, "     \n", 6)                  = 6
write(4, "     argv. \"leia\" \"han solo\" \"lu"..., 46) = 46
write(4, "     argv. \"palpatine\"\n", 23) = 23
write(4, "     ..@ COMPANY LIST\n", 22) = 22
write(4, "     \n", 6)                  = 6
write(4, "     \33 \3 \4\n", 11)        = 11
write(4, "     \n", 6)                  = 6
write(4, "     Adams, Henrietta\tNortheast\n", 32) = 32
write(4, "     Dennis, Jim\t\tMidwest\n", 26) = 26
write(4, "     Jeffries, Jane\t\tWest\n", 26) = 26
write(4, "     Sommes, Tom\t\tSouth\n", 24) = 24
write(4, "     \n", 6)                  = 6
write(4, "     look snooker book, oooooh!\n", 32) = 32
read(3, "", 4096)                       = 0
close(3)                                = 0
munmap(0x7f75cbf19000, 4096)            = 0
close(4)                                = 0
munmap(0x7f75cbf17000, 4096)            = 0
write(1, "     ..@ A BLACK AND WHITE POEM\n"..., 1114) = 1114
close(1)                                = 0
munmap(0x7f75cbf18000, 4096)            = 0
exit_group(4)                           = ?
