execve("../source/sed.exe.static", ["../source/sed.exe.static", "-f", "../inputs/scr/s179_0.sed", "../inputs/default.in"], [/* 44 vars */]) = 0
uname({sys="Linux", node="xmenxk-OptiPlex-7010", ...}) = 0
brk(0)                                  = 0x10cc000
brk(0x10cd1c0)                          = 0x10cd1c0
arch_prctl(ARCH_SET_FS, 0x10cc880)      = 0
brk(0x10ee1c0)                          = 0x10ee1c0
brk(0x10ef000)                          = 0x10ef000
open("../inputs/scr/s179_0.sed", O_RDONLY) = 3
fstat(3, {st_mode=S_IFREG|0644, st_size=144, ...}) = 0
mmap(NULL, 4096, PROT_READ|PROT_WRITE, MAP_PRIVATE|MAP_ANONYMOUS, -1, 0) = 0x7faf595d9000
read(3, "#n\n\n#s/d with quit\n\n/o/{\n       "..., 4096) = 144
lseek(3, 0, SEEK_CUR)                   = 144
open("s179_0.wout", O_WRONLY|O_CREAT|O_TRUNC, 0666) = 4
read(3, "", 4096)                       = 0
close(3)                                = 0
munmap(0x7faf595d9000, 4096)            = 0
open("../inputs/default.in", O_RDONLY)  = 3
fstat(3, {st_mode=S_IFREG|0644, st_size=1741, ...}) = 0
mmap(NULL, 4096, PROT_READ|PROT_WRITE, MAP_PRIVATE|MAP_ANONYMOUS, -1, 0) = 0x7faf595d9000
read(3, "..@ A BLACK AND WHITE POEM\n\ni se"..., 4096) = 1741
fstat(1, {st_mode=S_IFREG|0664, st_size=0, ...}) = 0
mmap(NULL, 4096, PROT_READ|PROT_WRITE, MAP_PRIVATE|MAP_ANONYMOUS, -1, 0) = 0x7faf595d8000
fstat(4, {st_mode=S_IFREG|0664, st_size=0, ...}) = 0
mmap(NULL, 4096, PROT_READ|PROT_WRITE, MAP_PRIVATE|MAP_ANONYMOUS, -1, 0) = 0x7faf595d7000
write(4, "when ()bserved\n", 15)        = 15
write(4, "but c()unt white\n", 17)      = 17
lseek(3, -1578, SEEK_CUR)               = 163
close(3)                                = 0
munmap(0x7faf595d9000, 4096)            = 0
close(4)                                = 0
munmap(0x7faf595d7000, 4096)            = 0
write(1, "when ()bserved\nfrom above\nbut c("..., 62) = 62
close(1)                                = 0
munmap(0x7faf595d8000, 4096)            = 0
exit_group(4)                           = ?
