execve("../source/sed.exe.static", ["../source/sed.exe.static", "-f", "../inputs/scr/s184_0.sed", "../inputs/default.in"], [/* 44 vars */]) = 0
uname({sys="Linux", node="xmenxk-OptiPlex-7010", ...}) = 0
brk(0)                                  = 0x1720000
brk(0x17211c0)                          = 0x17211c0
arch_prctl(ARCH_SET_FS, 0x1720880)      = 0
brk(0x17421c0)                          = 0x17421c0
brk(0x1743000)                          = 0x1743000
open("../inputs/scr/s184_0.sed", O_RDONLY) = 3
fstat(3, {st_mode=S_IFREG|0644, st_size=47, ...}) = 0
mmap(NULL, 4096, PROT_READ|PROT_WRITE, MAP_PRIVATE|MAP_ANONYMOUS, -1, 0) = 0x7f829df5c000
read(3, "#n\n\n#s/d alone\n\ns/1/ONE/gpw s184"..., 4096) = 47
lseek(3, 0, SEEK_CUR)                   = 47
open("s184_0.wout", O_WRONLY|O_CREAT|O_TRUNC, 0666) = 4
read(3, "", 4096)                       = 0
close(3)                                = 0
munmap(0x7f829df5c000, 4096)            = 0
open("../inputs/default.in", O_RDONLY)  = 3
fstat(3, {st_mode=S_IFREG|0644, st_size=1741, ...}) = 0
mmap(NULL, 4096, PROT_READ|PROT_WRITE, MAP_PRIVATE|MAP_ANONYMOUS, -1, 0) = 0x7f829df5c000
read(3, "..@ A BLACK AND WHITE POEM\n\ni se"..., 4096) = 1741
fstat(1, {st_mode=S_IFREG|0664, st_size=0, ...}) = 0
mmap(NULL, 4096, PROT_READ|PROT_WRITE, MAP_PRIVATE|MAP_ANONYMOUS, -1, 0) = 0x7f829df5b000
fstat(4, {st_mode=S_IFREG|0664, st_size=0, ...}) = 0
mmap(NULL, 4096, PROT_READ|PROT_WRITE, MAP_PRIVATE|MAP_ANONYMOUS, -1, 0) = 0x7f829df5a000
write(4, "ONE\n", 4)                    = 4
write(4, "ONEONE\n", 7)                 = 7
write(4, "ONEONEONE\n", 10)             = 10
write(4, "ONEONEONEONE\n", 13)          = 13
write(4, "This line is followed by ONE bla"..., 41) = 41
write(4, "Consult Section 3.ONE in the Own"..., 48) = 48
read(3, "", 4096)                       = 0
close(3)                                = 0
munmap(0x7f829df5c000, 4096)            = 0
close(4)                                = 0
munmap(0x7f829df5a000, 4096)            = 0
write(1, "ONE\nONEONE\nONEONEONE\nONEONEONEON"..., 123) = 123
close(1)                                = 0
munmap(0x7f829df5b000, 4096)            = 0
exit_group(4)                           = ?
