execve("../source/sed.exe.static", ["../source/sed.exe.static", "-f", "../inputs/scr/s185_0.sed", "../inputs/default.in"], [/* 44 vars */]) = 0
uname({sys="Linux", node="xmenxk-OptiPlex-7010", ...}) = 0
brk(0)                                  = 0x1034000
brk(0x10351c0)                          = 0x10351c0
arch_prctl(ARCH_SET_FS, 0x1034880)      = 0
brk(0x10561c0)                          = 0x10561c0
brk(0x1057000)                          = 0x1057000
open("../inputs/scr/s185_0.sed", O_RDONLY) = 3
fstat(3, {st_mode=S_IFREG|0644, st_size=136, ...}) = 0
mmap(NULL, 4096, PROT_READ|PROT_WRITE, MAP_PRIVATE|MAP_ANONYMOUS, -1, 0) = 0x7f4b3e302000
read(3, "#n\n\n#s/D with append\n\n/\\.\\.@/{\n "..., 4096) = 136
lseek(3, 0, SEEK_CUR)                   = 136
open("s185_0.wout", O_WRONLY|O_CREAT|O_TRUNC, 0666) = 4
read(3, "", 4096)                       = 0
close(3)                                = 0
munmap(0x7f4b3e302000, 4096)            = 0
open("../inputs/default.in", O_RDONLY)  = 3
fstat(3, {st_mode=S_IFREG|0644, st_size=1741, ...}) = 0
mmap(NULL, 4096, PROT_READ|PROT_WRITE, MAP_PRIVATE|MAP_ANONYMOUS, -1, 0) = 0x7f4b3e302000
read(3, "..@ A BLACK AND WHITE POEM\n\ni se"..., 4096) = 1741
fstat(1, {st_mode=S_IFREG|0664, st_size=0, ...}) = 0
mmap(NULL, 4096, PROT_READ|PROT_WRITE, MAP_PRIVATE|MAP_ANONYMOUS, -1, 0) = 0x7f4b3e301000
fstat(4, {st_mode=S_IFREG|0664, st_size=0, ...}) = 0
mmap(NULL, 4096, PROT_READ|PROT_WRITE, MAP_PRIVATE|MAP_ANONYMOUS, -1, 0) = 0x7f4b3e300000
write(4, "BLANKY!\n", 8)                = 8
write(4, "BLANKY!\n", 8)                = 8
write(4, "BLANKY!\n", 8)                = 8
write(4, "BLANKY!\n", 8)                = 8
write(4, "BLANKY!\n", 8)                = 8
write(4, "BLANKY!\n", 8)                = 8
write(4, "BLANKY!\n", 8)                = 8
write(4, "BLANKY!\n", 8)                = 8
write(4, "BLANKY!\n", 8)                = 8
write(4, "BLANKY!\n", 8)                = 8
write(4, "BLANKY!\n", 8)                = 8
write(4, "BLANKY!\n", 8)                = 8
write(4, "BLANKY!\n", 8)                = 8
write(4, "BLANKY!\n", 8)                = 8
write(4, "BLANKY!\n", 8)                = 8
write(4, "BLANKY!\n", 8)                = 8
write(4, "BLANKY!\n", 8)                = 8
write(4, "BLANKY!\n", 8)                = 8
read(3, "", 4096)                       = 0
close(3)                                = 0
munmap(0x7f4b3e302000, 4096)            = 0
close(4)                                = 0
munmap(0x7f4b3e300000, 4096)            = 0
write(1, "        --HEADER ABOVE ME--\n\nBLA"..., 363) = 363
close(1)                                = 0
munmap(0x7f4b3e301000, 4096)            = 0
exit_group(4)                           = ?
