execve("../source/sed.exe.static", ["../source/sed.exe.static", "-f", "../inputs/scr/s189_0.sed", "../inputs/default.in"], [/* 44 vars */]) = 0
uname({sys="Linux", node="xmenxk-OptiPlex-7010", ...}) = 0
brk(0)                                  = 0x1981000
brk(0x19821c0)                          = 0x19821c0
arch_prctl(ARCH_SET_FS, 0x1981880)      = 0
brk(0x19a31c0)                          = 0x19a31c0
brk(0x19a4000)                          = 0x19a4000
open("../inputs/scr/s189_0.sed", O_RDONLY) = 3
fstat(3, {st_mode=S_IFREG|0644, st_size=158, ...}) = 0
mmap(NULL, 4096, PROT_READ|PROT_WRITE, MAP_PRIVATE|MAP_ANONYMOUS, -1, 0) = 0x7fb2c9983000
read(3, "#n\n\n#s/D with insert\n\ns/.*w.*/[f"..., 4096) = 158
lseek(3, 0, SEEK_CUR)                   = 158
open("s189_0.wout", O_WRONLY|O_CREAT|O_TRUNC, 0666) = 4
read(3, "", 4096)                       = 0
close(3)                                = 0
munmap(0x7fb2c9983000, 4096)            = 0
open("../inputs/default.in", O_RDONLY)  = 3
fstat(3, {st_mode=S_IFREG|0644, st_size=1741, ...}) = 0
mmap(NULL, 4096, PROT_READ|PROT_WRITE, MAP_PRIVATE|MAP_ANONYMOUS, -1, 0) = 0x7fb2c9983000
read(3, "..@ A BLACK AND WHITE POEM\n\ni se"..., 4096) = 1741
fstat(1, {st_mode=S_IFREG|0664, st_size=0, ...}) = 0
mmap(NULL, 4096, PROT_READ|PROT_WRITE, MAP_PRIVATE|MAP_ANONYMOUS, -1, 0) = 0x7fb2c9982000
fstat(4, {st_mode=S_IFREG|0664, st_size=0, ...}) = 0
mmap(NULL, 4096, PROT_READ|PROT_WRITE, MAP_PRIVATE|MAP_ANONYMOUS, -1, 0) = 0x7fb2c9981000
write(4, "[found a 'w']\n", 14)         = 14
write(4, "[found a 'w']\n", 14)         = 14
write(4, "[found a 'w']\n", 14)         = 14
write(4, "[found a 'w']\n", 14)         = 14
write(4, "[found a 'w']\n", 14)         = 14
write(4, "[found a 'w']\n", 14)         = 14
write(4, "[found a 'w']\n", 14)         = 14
write(4, "[found a 'w']\n", 14)         = 14
write(4, "[found a 'w']\n", 14)         = 14
write(4, "[found a 'w']\n", 14)         = 14
write(4, "[found a 'w']\n", 14)         = 14
write(4, "[found a 'w']\n", 14)         = 14
write(4, "[found a 'w']\n", 14)         = 14
write(4, "[found a 'w']\n", 14)         = 14
write(4, "[found a 'w']\n", 14)         = 14
write(4, "[found a 'w']\n", 14)         = 14
write(4, "[found a 'w']\n", 14)         = 14
write(4, "[found a 'w']\n", 14)         = 14
read(3, "", 4096)                       = 0
close(3)                                = 0
munmap(0x7fb2c9983000, 4096)            = 0
close(4)                                = 0
munmap(0x7fb2c9981000, 4096)            = 0
write(1, "        --INSERTED ABOVE HEADER-"..., 1086) = 1086
close(1)                                = 0
munmap(0x7fb2c9982000, 4096)            = 0
exit_group(4)                           = ?
