execve("../source/sed.exe.static", ["../source/sed.exe.static", "-f", "../inputs/scr/s19_0.sed", "../inputs/default.in"], [/* 44 vars */]) = 0
uname({sys="Linux", node="xmenxk-OptiPlex-7010", ...}) = 0
brk(0)                                  = 0xd01000
brk(0xd021c0)                           = 0xd021c0
arch_prctl(ARCH_SET_FS, 0xd01880)       = 0
brk(0xd231c0)                           = 0xd231c0
brk(0xd24000)                           = 0xd24000
open("../inputs/scr/s19_0.sed", O_RDONLY) = 3
fstat(3, {st_mode=S_IFREG|0644, st_size=138, ...}) = 0
mmap(NULL, 4096, PROT_READ|PROT_WRITE, MAP_PRIVATE|MAP_ANONYMOUS, -1, 0) = 0x7ff11380d000
read(3, "#too many open filehandles\n\nw fa"..., 4096) = 138
open("failed01", O_WRONLY|O_CREAT|O_TRUNC, 0666) = 4
open("failed02", O_WRONLY|O_CREAT|O_TRUNC, 0666) = 5
open("failed03", O_WRONLY|O_CREAT|O_TRUNC, 0666) = 6
open("failed04", O_WRONLY|O_CREAT|O_TRUNC, 0666) = 7
open("failed05", O_WRONLY|O_CREAT|O_TRUNC, 0666) = 8
open("failed06", O_WRONLY|O_CREAT|O_TRUNC, 0666) = 9
open("failed07", O_WRONLY|O_CREAT|O_TRUNC, 0666) = 10
open("failed08", O_WRONLY|O_CREAT|O_TRUNC, 0666) = 11
open("failed09", O_WRONLY|O_CREAT|O_TRUNC, 0666) = 12
open("failed10", O_WRONLY|O_CREAT|O_TRUNC, 0666) = 13
read(3, "", 4096)                       = 0
close(3)                                = 0
munmap(0x7ff11380d000, 4096)            = 0
open("../inputs/default.in", O_RDONLY)  = 3
fstat(3, {st_mode=S_IFREG|0644, st_size=1741, ...}) = 0
mmap(NULL, 4096, PROT_READ|PROT_WRITE, MAP_PRIVATE|MAP_ANONYMOUS, -1, 0) = 0x7ff11380d000
read(3, "..@ A BLACK AND WHITE POEM\n\ni se"..., 4096) = 1741
fstat(4, {st_mode=S_IFREG|0664, st_size=0, ...}) = 0
mmap(NULL, 4096, PROT_READ|PROT_WRITE, MAP_PRIVATE|MAP_ANONYMOUS, -1, 0) = 0x7ff11380c000
write(4, "..@ A BLACK AND WHITE POEM\n", 27) = 27
fstat(5, {st_mode=S_IFREG|0664, st_size=0, ...}) = 0
mmap(NULL, 4096, PROT_READ|PROT_WRITE, MAP_PRIVATE|MAP_ANONYMOUS, -1, 0) = 0x7ff11380b000
write(5, "..@ A BLACK AND WHITE POEM\n", 27) = 27
fstat(6, {st_mode=S_IFREG|0664, st_size=0, ...}) = 0
mmap(NULL, 4096, PROT_READ|PROT_WRITE, MAP_PRIVATE|MAP_ANONYMOUS, -1, 0) = 0x7ff11380a000
write(6, "..@ A BLACK AND WHITE POEM\n", 27) = 27
fstat(7, {st_mode=S_IFREG|0664, st_size=0, ...}) = 0
mmap(NULL, 4096, PROT_READ|PROT_WRITE, MAP_PRIVATE|MAP_ANONYMOUS, -1, 0) = 0x7ff113809000
write(7, "..@ A BLACK AND WHITE POEM\n", 27) = 27
fstat(8, {st_mode=S_IFREG|0664, st_size=0, ...}) = 0
mmap(NULL, 4096, PROT_READ|PROT_WRITE, MAP_PRIVATE|MAP_ANONYMOUS, -1, 0) = 0x7ff113808000
write(8, "..@ A BLACK AND WHITE POEM\n", 27) = 27
fstat(9, {st_mode=S_IFREG|0664, st_size=0, ...}) = 0
mmap(NULL, 4096, PROT_READ|PROT_WRITE, MAP_PRIVATE|MAP_ANONYMOUS, -1, 0) = 0x7ff113807000
write(9, "..@ A BLACK AND WHITE POEM\n", 27) = 27
fstat(10, {st_mode=S_IFREG|0664, st_size=0, ...}) = 0
mmap(NULL, 4096, PROT_READ|PROT_WRITE, MAP_PRIVATE|MAP_ANONYMOUS, -1, 0) = 0x7ff113806000
write(10, "..@ A BLACK AND WHITE POEM\n", 27) = 27
fstat(11, {st_mode=S_IFREG|0664, st_size=0, ...}) = 0
mmap(NULL, 4096, PROT_READ|PROT_WRITE, MAP_PRIVATE|MAP_ANONYMOUS, -1, 0) = 0x7ff113805000
write(11, "..@ A BLACK AND WHITE POEM\n", 27) = 27
fstat(12, {st_mode=S_IFREG|0664, st_size=0, ...}) = 0
mmap(NULL, 4096, PROT_READ|PROT_WRITE, MAP_PRIVATE|MAP_ANONYMOUS, -1, 0) = 0x7ff113804000
write(12, "..@ A BLACK AND WHITE POEM\n", 27) = 27
fstat(13, {st_mode=S_IFREG|0664, st_size=0, ...}) = 0
mmap(NULL, 4096, PROT_READ|PROT_WRITE, MAP_PRIVATE|MAP_ANONYMOUS, -1, 0) = 0x7ff113803000
write(13, "..@ A BLACK AND WHITE POEM\n", 27) = 27
fstat(1, {st_mode=S_IFREG|0664, st_size=0, ...}) = 0
mmap(NULL, 4096, PROT_READ|PROT_WRITE, MAP_PRIVATE|MAP_ANONYMOUS, -1, 0) = 0x7ff113802000
write(4, "\n", 1)                       = 1
write(5, "\n", 1)                       = 1
write(6, "\n", 1)                       = 1
write(7, "\n", 1)                       = 1
write(8, "\n", 1)                       = 1
write(9, "\n", 1)                       = 1
write(10, "\n", 1)                      = 1
write(11, "\n", 1)                      = 1
write(12, "\n", 1)                      = 1
write(13, "\n", 1)                      = 1
write(4, "i see\n", 6)                  = 6
write(5, "i see\n", 6)                  = 6
write(6, "i see\n", 6)                  = 6
write(7, "i see\n", 6)                  = 6
write(8, "i see\n", 6)                  = 6
write(9, "i see\n", 6)                  = 6
write(10, "i see\n", 6)                 = 6
write(11, "i see\n", 6)                 = 6
write(12, "i see\n", 6)                 = 6
write(13, "i see\n", 6)                 = 6
write(4, "black and white\n", 16)       = 16
write(5, "black and white\n", 16)       = 16
write(6, "black and white\n", 16)       = 16
write(7, "black and white\n", 16)       = 16
write(8, "black and white\n", 16)       = 16
write(9, "black and white\n", 16)       = 16
write(10, "black and white\n", 16)      = 16
write(11, "black and white\n", 16)      = 16
write(12, "black and white\n", 16)      = 16
write(13, "black and white\n", 16)      = 16
write(4, "but speak red\n", 14)         = 14
write(5, "but speak red\n", 14)         = 14
write(6, "but speak red\n", 14)         = 14
write(7, "but speak red\n", 14)         = 14
write(8, "but speak red\n", 14)         = 14
write(9, "but speak red\n", 14)         = 14
write(10, "but speak red\n", 14)        = 14
write(11, "but speak red\n", 14)        = 14
write(12, "but speak red\n", 14)        = 14
write(13, "but speak red\n", 14)        = 14
write(4, "red must be seen\n", 17)      = 17
write(5, "red must be seen\n", 17)      = 17
write(6, "red must be seen\n", 17)      = 17
write(7, "red must be seen\n", 17)      = 17
write(8, "red must be seen\n", 17)      = 17
write(9, "red must be seen\n", 17)      = 17
write(10, "red must be seen\n", 17)     = 17
write(11, "red must be seen\n", 17)     = 17
write(12, "red must be seen\n", 17)     = 17
write(13, "red must be seen\n", 17)     = 17
write(4, "when observed\n", 14)         = 14
write(5, "when observed\n", 14)         = 14
write(6, "when observed\n", 14)         = 14
write(7, "when observed\n", 14)         = 14
write(8, "when observed\n", 14)         = 14
write(9, "when observed\n", 14)         = 14
write(10, "when observed\n", 14)        = 14
write(11, "when observed\n", 14)        = 14
write(12, "when observed\n", 14)        = 14
write(13, "when observed\n", 14)        = 14
write(4, "from above\n", 11)            = 11
write(5, "from above\n", 11)            = 11
write(6, "from above\n", 11)            = 11
write(7, "from above\n", 11)            = 11
write(8, "from above\n", 11)            = 11
write(9, "from above\n", 11)            = 11
write(10, "from above\n", 11)           = 11
write(11, "from above\n", 11)           = 11
write(12, "from above\n", 11)           = 11
write(13, "from above\n", 11)           = 11
write(4, "i see\n", 6)                  = 6
write(5, "i see\n", 6)                  = 6
write(6, "i see\n", 6)                  = 6
write(7, "i see\n", 6)                  = 6
write(8, "i see\n", 6)                  = 6
write(9, "i see\n", 6)                  = 6
write(10, "i see\n", 6)                 = 6
write(11, "i see\n", 6)                 = 6
write(12, "i see\n", 6)                 = 6
write(13, "i see\n", 6)                 = 6
write(4, "black and white\n", 16)       = 16
write(5, "black and white\n", 16)       = 16
write(6, "black and white\n", 16)       = 16
write(7, "black and white\n", 16)       = 16
write(8, "black and white\n", 16)       = 16
write(9, "black and white\n", 16)       = 16
write(10, "black and white\n", 16)      = 16
write(11, "black and white\n", 16)      = 16
write(12, "black and white\n", 16)      = 16
write(13, "black and white\n", 16)      = 16
write(4, "but count white\n", 16)       = 16
write(5, "but count white\n", 16)       = 16
write(6, "but count white\n", 16)       = 16
write(7, "but count white\n", 16)       = 16
write(8, "but count white\n", 16)       = 16
write(9, "but count white\n", 16)       = 16
write(10, "but count white\n", 16)      = 16
write(11, "but count white\n", 16)      = 16
write(12, "but count white\n", 16)      = 16
write(13, "but count white\n", 16)      = 16
write(4, "for it is stronger\n", 19)    = 19
write(5, "for it is stronger\n", 19)    = 19
write(6, "for it is stronger\n", 19)    = 19
write(7, "for it is stronger\n", 19)    = 19
write(8, "for it is stronger\n", 19)    = 19
write(9, "for it is stronger\n", 19)    = 19
write(10, "for it is stronger\n", 19)   = 19
write(11, "for it is stronger\n", 19)   = 19
write(12, "for it is stronger\n", 19)   = 19
write(13, "for it is stronger\n", 19)   = 19
write(4, "when increased\n", 15)        = 15
write(5, "when increased\n", 15)        = 15
write(6, "when increased\n", 15)        = 15
write(7, "when increased\n", 15)        = 15
write(8, "when increased\n", 15)        = 15
write(9, "when increased\n", 15)        = 15
write(10, "when increased\n", 15)       = 15
write(11, "when increased\n", 15)       = 15
write(12, "when increased\n", 15)       = 15
write(13, "when increased\n", 15)       = 15
write(4, "in intensity\n", 13)          = 13
write(5, "in intensity\n", 13)          = 13
write(6, "in intensity\n", 13)          = 13
write(7, "in intensity\n", 13)          = 13
write(8, "in intensity\n", 13)          = 13
write(9, "in intensity\n", 13)          = 13
write(10, "in intensity\n", 13)         = 13
write(11, "in intensity\n", 13)         = 13
write(12, "in intensity\n", 13)         = 13
write(13, "in intensity\n", 13)         = 13
write(4, "i see\n", 6)                  = 6
write(5, "i see\n", 6)                  = 6
write(6, "i see\n", 6)                  = 6
write(7, "i see\n", 6)                  = 6
write(8, "i see\n", 6)                  = 6
write(9, "i see\n", 6)                  = 6
write(10, "i see\n", 6)                 = 6
write(11, "i see\n", 6)                 = 6
write(12, "i see\n", 6)                 = 6
write(13, "i see\n", 6)                 = 6
write(4, "black and white\n", 16)       = 16
write(5, "black and white\n", 16)       = 16
write(6, "black and white\n", 16)       = 16
write(7, "black and white\n", 16)       = 16
write(8, "black and white\n", 16)       = 16
write(9, "black and white\n", 16)       = 16
write(10, "black and white\n", 16)      = 16
write(11, "black and white\n", 16)      = 16
write(12, "black and white\n", 16)      = 16
write(13, "black and white\n", 16)      = 16
write(4, "but feel blue\n", 14)         = 14
write(5, "but feel blue\n", 14)         = 14
write(6, "but feel blue\n", 14)         = 14
write(7, "but feel blue\n", 14)         = 14
write(8, "but feel blue\n", 14)         = 14
write(9, "but feel blue\n", 14)         = 14
write(10, "but feel blue\n", 14)        = 14
write(11, "but feel blue\n", 14)        = 14
write(12, "but feel blue\n", 14)        = 14
write(13, "but feel blue\n", 14)        = 14
write(4, "due to contrast\n", 16)       = 16
write(5, "due to contrast\n", 16)       = 16
write(6, "due to contrast\n", 16)       = 16
write(7, "due to contrast\n", 16)       = 16
write(8, "due to contrast\n", 16)       = 16
write(9, "due to contrast\n", 16)       = 16
write(10, "due to contrast\n", 16)      = 16
write(11, "due to contrast\n", 16)      = 16
write(12, "due to contrast\n", 16)      = 16
write(13, "due to contrast\n", 16)      = 16
write(4, "that forces me\n", 15)        = 15
write(5, "that forces me\n", 15)        = 15
write(6, "that forces me\n", 15)        = 15
write(7, "that forces me\n", 15)        = 15
write(8, "that forces me\n", 15)        = 15
write(9, "that forces me\n", 15)        = 15
write(10, "that forces me\n", 15)       = 15
write(11, "that forces me\n", 15)       = 15
write(12, "that forces me\n", 15)       = 15
write(13, "that forces me\n", 15)       = 15
write(4, "to face black truth\n", 20)   = 20
write(5, "to face black truth\n", 20)   = 20
write(6, "to face black truth\n", 20)   = 20
write(7, "to face black truth\n", 20)   = 20
write(8, "to face black truth\n", 20)   = 20
write(9, "to face black truth\n", 20)   = 20
write(10, "to face black truth\n", 20)  = 20
write(11, "to face black truth\n", 20)  = 20
write(12, "to face black truth\n", 20)  = 20
write(13, "to face black truth\n", 20)  = 20
write(4, "\n", 1)                       = 1
write(5, "\n", 1)                       = 1
write(6, "\n", 1)                       = 1
write(7, "\n", 1)                       = 1
write(8, "\n", 1)                       = 1
write(9, "\n", 1)                       = 1
write(10, "\n", 1)                      = 1
write(11, "\n", 1)                      = 1
write(12, "\n", 1)                      = 1
write(13, "\n", 1)                      = 1
write(4, "\n", 1)                       = 1
write(5, "\n", 1)                       = 1
write(6, "\n", 1)                       = 1
write(7, "\n", 1)                       = 1
write(8, "\n", 1)                       = 1
write(9, "\n", 1)                       = 1
write(10, "\n", 1)                      = 1
write(11, "\n", 1)                      = 1
write(12, "\n", 1)                      = 1
write(13, "\n", 1)                      = 1
write(4, "..@ ON DOGS AND CATS\n", 21)  = 21
write(5, "..@ ON DOGS AND CATS\n", 21)  = 21
write(6, "..@ ON DOGS AND CATS\n", 21)  = 21
write(7, "..@ ON DOGS AND CATS\n", 21)  = 21
write(8, "..@ ON DOGS AND CATS\n", 21)  = 21
write(9, "..@ ON DOGS AND CATS\n", 21)  = 21
write(10, "..@ ON DOGS AND CATS\n", 21) = 21
write(11, "..@ ON DOGS AND CATS\n", 21) = 21
write(12, "..@ ON DOGS AND CATS\n", 21) = 21
write(13, "..@ ON DOGS AND CATS\n", 21) = 21
write(4, "\"The Dog and The Cat\"\n", 22) = 22
write(5, "\"The Dog and The Cat\"\n", 22) = 22
write(6, "\"The Dog and The Cat\"\n", 22) = 22
write(7, "\"The Dog and The Cat\"\n", 22) = 22
write(8, "\"The Dog and The Cat\"\n", 22) = 22
write(9, "\"The Dog and The Cat\"\n", 22) = 22
write(10, "\"The Dog and The Cat\"\n", 22) = 22
write(11, "\"The Dog and The Cat\"\n", 22) = 22
write(12, "\"The Dog and The Cat\"\n", 22) = 22
write(13, "\"The Dog and The Cat\"\n", 22) = 22
write(4, "\n", 1)                       = 1
write(5, "\n", 1)                       = 1
write(6, "\n", 1)                       = 1
write(7, "\n", 1)                       = 1
write(8, "\n", 1)                       = 1
write(9, "\n", 1)                       = 1
write(10, "\n", 1)                      = 1
write(11, "\n", 1)                      = 1
write(12, "\n", 1)                      = 1
write(13, "\n", 1)                      = 1
write(4, "oh yes, the dog and the cat\n", 28) = 28
write(5, "oh yes, the dog and the cat\n", 28) = 28
write(6, "oh yes, the dog and the cat\n", 28) = 28
write(7, "oh yes, the dog and the cat\n", 28) = 28
write(8, "oh yes, the dog and the cat\n", 28) = 28
write(9, "oh yes, the dog and the cat\n", 28) = 28
write(10, "oh yes, the dog and the cat\n", 28) = 28
write(11, "oh yes, the dog and the cat\n", 28) = 28
write(12, "oh yes, the dog and the cat\n", 28) = 28
write(13, "oh yes, the dog and the cat\n", 28) = 28
write(4, "two gentle friends of man\n", 26) = 26
write(5, "two gentle friends of man\n", 26) = 26
write(6, "two gentle friends of man\n", 26) = 26
write(7, "two gentle friends of man\n", 26) = 26
write(8, "two gentle friends of man\n", 26) = 26
write(9, "two gentle friends of man\n", 26) = 26
write(10, "two gentle friends of man\n", 26) = 26
write(11, "two gentle friends of man\n", 26) = 26
write(12, "two gentle friends of man\n", 26) = 26
write(13, "two gentle friends of man\n", 26) = 26
write(4, "loyal companions they are\n", 26) = 26
write(5, "loyal companions they are\n", 26) = 26
write(6, "loyal companions they are\n", 26) = 26
write(7, "loyal companions they are\n", 26) = 26
write(8, "loyal companions they are\n", 26) = 26
write(9, "loyal companions they are\n", 26) = 26
write(10, "loyal companions they are\n", 26) = 26
write(11, "loyal companions they are\n", 26) = 26
write(12, "loyal companions they are\n", 26) = 26
write(13, "loyal companions they are\n", 26) = 26
write(4, "these dogs and cats\n", 20)   = 20
write(5, "these dogs and cats\n", 20)   = 20
write(6, "these dogs and cats\n", 20)   = 20
write(7, "these dogs and cats\n", 20)   = 20
write(8, "these dogs and cats\n", 20)   = 20
write(9, "these dogs and cats\n", 20)   = 20
write(10, "these dogs and cats\n", 20)  = 20
write(11, "these dogs and cats\n", 20)  = 20
write(12, "these dogs and cats\n", 20)  = 20
write(13, "these dogs and cats\n", 20)  = 20
write(4, "\n", 1)                       = 1
write(5, "\n", 1)                       = 1
write(6, "\n", 1)                       = 1
write(7, "\n", 1)                       = 1
write(8, "\n", 1)                       = 1
write(9, "\n", 1)                       = 1
write(10, "\n", 1)                      = 1
write(11, "\n", 1)                      = 1
write(12, "\n", 1)                      = 1
write(13, "\n", 1)                      = 1
write(4, "blessed are we to be graced\n", 28) = 28
write(5, "blessed are we to be graced\n", 28) = 28
write(6, "blessed are we to be graced\n", 28) = 28
write(7, "blessed are we to be graced\n", 28) = 28
write(8, "blessed are we to be graced\n", 28) = 28
write(9, "blessed are we to be graced\n", 28) = 28
write(10, "blessed are we to be graced\n", 28) = 28
write(11, "blessed are we to be graced\n", 28) = 28
write(12, "blessed are we to be graced\n", 28) = 28
write(13, "blessed are we to be graced\n", 28) = 28
write(4, "with their presence on earth\n", 29) = 29
write(5, "with their presence on earth\n", 29) = 29
write(6, "with their presence on earth\n", 29) = 29
write(7, "with their presence on earth\n", 29) = 29
write(8, "with their presence on earth\n", 29) = 29
write(9, "with their presence on earth\n", 29) = 29
write(10, "with their presence on earth\n", 29) = 29
write(11, "with their presence on earth\n", 29) = 29
write(12, "with their presence on earth\n", 29) = 29
write(13, "with their presence on earth\n", 29) = 29
write(4, "\n", 1)                       = 1
write(5, "\n", 1)                       = 1
write(6, "\n", 1)                       = 1
write(7, "\n", 1)                       = 1
write(8, "\n", 1)                       = 1
write(9, "\n", 1)                       = 1
write(10, "\n", 1)                      = 1
write(11, "\n", 1)                      = 1
write(12, "\n", 1)                      = 1
write(13, "\n", 1)                      = 1
write(4, "oh yes, the dog and the cat\n", 28) = 28
write(5, "oh yes, the dog and the cat\n", 28) = 28
write(6, "oh yes, the dog and the cat\n", 28) = 28
write(7, "oh yes, the dog and the cat\n", 28) = 28
write(8, "oh yes, the dog and the cat\n", 28) = 28
write(9, "oh yes, the dog and the cat\n", 28) = 28
write(10, "oh yes, the dog and the cat\n", 28) = 28
write(11, "oh yes, the dog and the cat\n", 28) = 28
write(12, "oh yes, the dog and the cat\n", 28) = 28
write(13, "oh yes, the dog and the cat\n", 28) = 28
write(4, "\n", 1)                       = 1
write(5, "\n", 1)                       = 1
write(6, "\n", 1)                       = 1
write(7, "\n", 1)                       = 1
write(8, "\n", 1)                       = 1
write(9, "\n", 1)                       = 1
write(10, "\n", 1)                      = 1
write(11, "\n", 1)                      = 1
write(12, "\n", 1)                      = 1
write(13, "\n", 1)                      = 1
write(4, "here's to you, oh ye dogs and ye"..., 38) = 38
write(5, "here's to you, oh ye dogs and ye"..., 38) = 38
write(6, "here's to you, oh ye dogs and ye"..., 38) = 38
write(7, "here's to you, oh ye dogs and ye"..., 38) = 38
write(8, "here's to you, oh ye dogs and ye"..., 38) = 38
write(9, "here's to you, oh ye dogs and ye"..., 38) = 38
write(10, "here's to you, oh ye dogs and ye"..., 38) = 38
write(11, "here's to you, oh ye dogs and ye"..., 38) = 38
write(12, "here's to you, oh ye dogs and ye"..., 38) = 38
write(13, "here's to you, oh ye dogs and ye"..., 38) = 38
write(4, "\n", 1)                       = 1
write(5, "\n", 1)                       = 1
write(6, "\n", 1)                       = 1
write(7, "\n", 1)                       = 1
write(8, "\n", 1)                       = 1
write(9, "\n", 1)                       = 1
write(10, "\n", 1)                      = 1
write(11, "\n", 1)                      = 1
write(12, "\n", 1)                      = 1
write(13, "\n", 1)                      = 1
write(4, "fin.  \"The Dog and The Cat\"\n", 28) = 28
write(5, "fin.  \"The Dog and The Cat\"\n", 28) = 28
write(6, "fin.  \"The Dog and The Cat\"\n", 28) = 28
write(7, "fin.  \"The Dog and The Cat\"\n", 28) = 28
write(8, "fin.  \"The Dog and The Cat\"\n", 28) = 28
write(9, "fin.  \"The Dog and The Cat\"\n", 28) = 28
write(10, "fin.  \"The Dog and The Cat\"\n", 28) = 28
write(11, "fin.  \"The Dog and The Cat\"\n", 28) = 28
write(12, "fin.  \"The Dog and The Cat\"\n", 28) = 28
write(13, "fin.  \"The Dog and The Cat\"\n", 28) = 28
write(4, "\n", 1)                       = 1
write(5, "\n", 1)                       = 1
write(6, "\n", 1)                       = 1
write(7, "\n", 1)                       = 1
write(8, "\n", 1)                       = 1
write(9, "\n", 1)                       = 1
write(10, "\n", 1)                      = 1
write(11, "\n", 1)                      = 1
write(12, "\n", 1)                      = 1
write(13, "\n", 1)                      = 1
write(4, "..@ FUNNY NUMBERS\n", 18)     = 18
write(5, "..@ FUNNY NUMBERS\n", 18)     = 18
write(6, "..@ FUNNY NUMBERS\n", 18)     = 18
write(7, "..@ FUNNY NUMBERS\n", 18)     = 18
write(8, "..@ FUNNY NUMBERS\n", 18)     = 18
write(9, "..@ FUNNY NUMBERS\n", 18)     = 18
write(10, "..@ FUNNY NUMBERS\n", 18)    = 18
write(11, "..@ FUNNY NUMBERS\n", 18)    = 18
write(12, "..@ FUNNY NUMBERS\n", 18)    = 18
write(13, "..@ FUNNY NUMBERS\n", 18)    = 18
write(4, "\n", 1)                       = 1
write(5, "\n", 1)                       = 1
write(6, "\n", 1)                       = 1
write(7, "\n", 1)                       = 1
write(8, "\n", 1)                       = 1
write(9, "\n", 1)                       = 1
write(10, "\n", 1)                      = 1
write(11, "\n", 1)                      = 1
write(12, "\n", 1)                      = 1
write(13, "\n", 1)                      = 1
write(4, "1\n", 2)                      = 2
write(5, "1\n", 2)                      = 2
write(6, "1\n", 2)                      = 2
write(7, "1\n", 2)                      = 2
write(8, "1\n", 2)                      = 2
write(9, "1\n", 2)                      = 2
write(10, "1\n", 2)                     = 2
write(11, "1\n", 2)                     = 2
write(12, "1\n", 2)                     = 2
write(13, "1\n", 2)                     = 2
write(4, "2\n", 2)                      = 2
write(5, "2\n", 2)                      = 2
write(6, "2\n", 2)                      = 2
write(7, "2\n", 2)                      = 2
write(8, "2\n", 2)                      = 2
write(9, "2\n", 2)                      = 2
write(10, "2\n", 2)                     = 2
write(11, "2\n", 2)                     = 2
write(12, "2\n", 2)                     = 2
write(13, "2\n", 2)                     = 2
write(4, "11\n", 3)                     = 3
write(5, "11\n", 3)                     = 3
write(6, "11\n", 3)                     = 3
write(7, "11\n", 3)                     = 3
write(8, "11\n", 3)                     = 3
write(9, "11\n", 3)                     = 3
write(10, "11\n", 3)                    = 3
write(11, "11\n", 3)                    = 3
write(12, "11\n", 3)                    = 3
write(13, "11\n", 3)                    = 3
write(4, "22\n", 3)                     = 3
write(5, "22\n", 3)                     = 3
write(6, "22\n", 3)                     = 3
write(7, "22\n", 3)                     = 3
write(8, "22\n", 3)                     = 3
write(9, "22\n", 3)                     = 3
write(10, "22\n", 3)                    = 3
write(11, "22\n", 3)                    = 3
write(12, "22\n", 3)                    = 3
write(13, "22\n", 3)                    = 3
write(4, "111\n", 4)                    = 4
write(5, "111\n", 4)                    = 4
write(6, "111\n", 4)                    = 4
write(7, "111\n", 4)                    = 4
write(8, "111\n", 4)                    = 4
write(9, "111\n", 4)                    = 4
write(10, "111\n", 4)                   = 4
write(11, "111\n", 4)                   = 4
write(12, "111\n", 4)                   = 4
write(13, "111\n", 4)                   = 4
write(4, "222\n", 4)                    = 4
write(5, "222\n", 4)                    = 4
write(6, "222\n", 4)                    = 4
write(7, "222\n", 4)                    = 4
write(8, "222\n", 4)                    = 4
write(9, "222\n", 4)                    = 4
write(10, "222\n", 4)                   = 4
write(11, "222\n", 4)                   = 4
write(12, "222\n", 4)                   = 4
write(13, "222\n", 4)                   = 4
write(4, "1111\n", 5)                   = 5
write(5, "1111\n", 5)                   = 5
write(6, "1111\n", 5)                   = 5
write(7, "1111\n", 5)                   = 5
write(8, "1111\n", 5)                   = 5
write(9, "1111\n", 5)                   = 5
write(10, "1111\n", 5)                  = 5
write(11, "1111\n", 5)                  = 5
write(12, "1111\n", 5)                  = 5
write(13, "1111\n", 5)                  = 5
write(4, "2222222\n", 8)                = 8
write(5, "2222222\n", 8)                = 8
write(6, "2222222\n", 8)                = 8
write(7, "2222222\n", 8)                = 8
write(8, "2222222\n", 8)                = 8
write(9, "2222222\n", 8)                = 8
write(10, "2222222\n", 8)               = 8
write(11, "2222222\n", 8)               = 8
write(12, "2222222\n", 8)               = 8
write(13, "2222222\n", 8)               = 8
write(4, "\n", 1)                       = 1
write(5, "\n", 1)                       = 1
write(6, "\n", 1)                       = 1
write(7, "\n", 1)                       = 1
write(8, "\n", 1)                       = 1
write(9, "\n", 1)                       = 1
write(10, "\n", 1)                      = 1
write(11, "\n", 1)                      = 1
write(12, "\n", 1)                      = 1
write(13, "\n", 1)                      = 1
write(4, "\n", 1)                       = 1
write(5, "\n", 1)                       = 1
write(6, "\n", 1)                       = 1
write(7, "\n", 1)                       = 1
write(8, "\n", 1)                       = 1
write(9, "\n", 1)                       = 1
write(10, "\n", 1)                      = 1
write(11, "\n", 1)                      = 1
write(12, "\n", 1)                      = 1
write(13, "\n", 1)                      = 1
write(4, "..@ SILLY BLANK LINES\n", 22) = 22
write(5, "..@ SILLY BLANK LINES\n", 22) = 22
write(6, "..@ SILLY BLANK LINES\n", 22) = 22
write(7, "..@ SILLY BLANK LINES\n", 22) = 22
write(8, "..@ SILLY BLANK LINES\n", 22) = 22
write(9, "..@ SILLY BLANK LINES\n", 22) = 22
write(10, "..@ SILLY BLANK LINES\n", 22) = 22
write(11, "..@ SILLY BLANK LINES\n", 22) = 22
write(12, "..@ SILLY BLANK LINES\n", 22) = 22
write(13, "..@ SILLY BLANK LINES\n", 22) = 22
write(4, "This line is followed by 1 blank"..., 39) = 39
write(5, "This line is followed by 1 blank"..., 39) = 39
write(6, "This line is followed by 1 blank"..., 39) = 39
write(7, "This line is followed by 1 blank"..., 39) = 39
write(8, "This line is followed by 1 blank"..., 39) = 39
write(9, "This line is followed by 1 blank"..., 39) = 39
write(10, "This line is followed by 1 blank"..., 39) = 39
write(11, "This line is followed by 1 blank"..., 39) = 39
write(12, "This line is followed by 1 blank"..., 39) = 39
write(13, "This line is followed by 1 blank"..., 39) = 39
write(4, "\n", 1)                       = 1
write(5, "\n", 1)                       = 1
write(6, "\n", 1)                       = 1
write(7, "\n", 1)                       = 1
write(8, "\n", 1)                       = 1
write(9, "\n", 1)                       = 1
write(10, "\n", 1)                      = 1
write(11, "\n", 1)                      = 1
write(12, "\n", 1)                      = 1
write(13, "\n", 1)                      = 1
write(4, "This line is followed by 2 blank"..., 40) = 40
write(5, "This line is followed by 2 blank"..., 40) = 40
write(6, "This line is followed by 2 blank"..., 40) = 40
write(7, "This line is followed by 2 blank"..., 40) = 40
write(8, "This line is followed by 2 blank"..., 40) = 40
write(9, "This line is followed by 2 blank"..., 40) = 40
write(10, "This line is followed by 2 blank"..., 40) = 40
write(11, "This line is followed by 2 blank"..., 40) = 40
write(12, "This line is followed by 2 blank"..., 40) = 40
write(13, "This line is followed by 2 blank"..., 40) = 40
write(4, "\n", 1)                       = 1
write(5, "\n", 1)                       = 1
write(6, "\n", 1)                       = 1
write(7, "\n", 1)                       = 1
write(8, "\n", 1)                       = 1
write(9, "\n", 1)                       = 1
write(10, "\n", 1)                      = 1
write(11, "\n", 1)                      = 1
write(12, "\n", 1)                      = 1
write(13, "\n", 1)                      = 1
write(4, "\n", 1)                       = 1
write(5, "\n", 1)                       = 1
write(6, "\n", 1)                       = 1
write(7, "\n", 1)                       = 1
write(8, "\n", 1)                       = 1
write(9, "\n", 1)                       = 1
write(10, "\n", 1)                      = 1
write(11, "\n", 1)                      = 1
write(12, "\n", 1)                      = 1
write(13, "\n", 1)                      = 1
write(4, "This line is followed by 3 blank"..., 40) = 40
write(5, "This line is followed by 3 blank"..., 40) = 40
write(6, "This line is followed by 3 blank"..., 40) = 40
write(7, "This line is followed by 3 blank"..., 40) = 40
write(8, "This line is followed by 3 blank"..., 40) = 40
write(9, "This line is followed by 3 blank"..., 40) = 40
write(10, "This line is followed by 3 blank"..., 40) = 40
write(11, "This line is followed by 3 blank"..., 40) = 40
write(12, "This line is followed by 3 blank"..., 40) = 40
write(13, "This line is followed by 3 blank"..., 40) = 40
write(4, "\n", 1)                       = 1
write(5, "\n", 1)                       = 1
write(6, "\n", 1)                       = 1
write(7, "\n", 1)                       = 1
write(8, "\n", 1)                       = 1
write(9, "\n", 1)                       = 1
write(10, "\n", 1)                      = 1
write(11, "\n", 1)                      = 1
write(12, "\n", 1)                      = 1
write(13, "\n", 1)                      = 1
write(4, "\n", 1)                       = 1
write(5, "\n", 1)                       = 1
write(6, "\n", 1)                       = 1
write(7, "\n", 1)                       = 1
write(8, "\n", 1)                       = 1
write(9, "\n", 1)                       = 1
write(10, "\n", 1)                      = 1
write(11, "\n", 1)                      = 1
write(12, "\n", 1)                      = 1
write(13, "\n", 1)                      = 1
write(4, "\n", 1)                       = 1
write(5, "\n", 1)                       = 1
write(6, "\n", 1)                       = 1
write(7, "\n", 1)                       = 1
write(8, "\n", 1)                       = 1
write(9, "\n", 1)                       = 1
write(10, "\n", 1)                      = 1
write(11, "\n", 1)                      = 1
write(12, "\n", 1)                      = 1
write(13, "\n", 1)                      = 1
write(4, "This line is followed by 4 blank"..., 40) = 40
write(5, "This line is followed by 4 blank"..., 40) = 40
write(6, "This line is followed by 4 blank"..., 40) = 40
write(7, "This line is followed by 4 blank"..., 40) = 40
write(8, "This line is followed by 4 blank"..., 40) = 40
write(9, "This line is followed by 4 blank"..., 40) = 40
write(10, "This line is followed by 4 blank"..., 40) = 40
write(11, "This line is followed by 4 blank"..., 40) = 40
write(12, "This line is followed by 4 blank"..., 40) = 40
write(13, "This line is followed by 4 blank"..., 40) = 40
write(4, "\n", 1)                       = 1
write(5, "\n", 1)                       = 1
write(6, "\n", 1)                       = 1
write(7, "\n", 1)                       = 1
write(8, "\n", 1)                       = 1
write(9, "\n", 1)                       = 1
write(10, "\n", 1)                      = 1
write(11, "\n", 1)                      = 1
write(12, "\n", 1)                      = 1
write(13, "\n", 1)                      = 1
write(4, "\n", 1)                       = 1
write(5, "\n", 1)                       = 1
write(6, "\n", 1)                       = 1
write(7, "\n", 1)                       = 1
write(8, "\n", 1)                       = 1
write(9, "\n", 1)                       = 1
write(10, "\n", 1)                      = 1
write(11, "\n", 1)                      = 1
write(12, "\n", 1)                      = 1
write(13, "\n", 1)                      = 1
write(4, "\n", 1)                       = 1
write(5, "\n", 1)                       = 1
write(6, "\n", 1)                       = 1
write(7, "\n", 1)                       = 1
write(8, "\n", 1)                       = 1
write(9, "\n", 1)                       = 1
write(10, "\n", 1)                      = 1
write(11, "\n", 1)                      = 1
write(12, "\n", 1)                      = 1
write(13, "\n", 1)                      = 1
write(4, "\n", 1)                       = 1
write(5, "\n", 1)                       = 1
write(6, "\n", 1)                       = 1
write(7, "\n", 1)                       = 1
write(8, "\n", 1)                       = 1
write(9, "\n", 1)                       = 1
write(10, "\n", 1)                      = 1
write(11, "\n", 1)                      = 1
write(12, "\n", 1)                      = 1
write(13, "\n", 1)                      = 1
write(4, "This is the end.\n", 17)      = 17
write(5, "This is the end.\n", 17)      = 17
write(6, "This is the end.\n", 17)      = 17
write(7, "This is the end.\n", 17)      = 17
write(8, "This is the end.\n", 17)      = 17
write(9, "This is the end.\n", 17)      = 17
write(10, "This is the end.\n", 17)     = 17
write(11, "This is the end.\n", 17)     = 17
write(12, "This is the end.\n", 17)     = 17
write(13, "This is the end.\n", 17)     = 17
write(4, "\n", 1)                       = 1
write(5, "\n", 1)                       = 1
write(6, "\n", 1)                       = 1
write(7, "\n", 1)                       = 1
write(8, "\n", 1)                       = 1
write(9, "\n", 1)                       = 1
write(10, "\n", 1)                      = 1
write(11, "\n", 1)                      = 1
write(12, "\n", 1)                      = 1
write(13, "\n", 1)                      = 1
write(4, "\n", 1)                       = 1
write(5, "\n", 1)                       = 1
write(6, "\n", 1)                       = 1
write(7, "\n", 1)                       = 1
write(8, "\n", 1)                       = 1
write(9, "\n", 1)                       = 1
write(10, "\n", 1)                      = 1
write(11, "\n", 1)                      = 1
write(12, "\n", 1)                      = 1
write(13, "\n", 1)                      = 1
write(4, "..@ UNIX HAX\n", 13)          = 13
write(5, "..@ UNIX HAX\n", 13)          = 13
write(6, "..@ UNIX HAX\n", 13)          = 13
write(7, "..@ UNIX HAX\n", 13)          = 13
write(8, "..@ UNIX HAX\n", 13)          = 13
write(9, "..@ UNIX HAX\n", 13)          = 13
write(10, "..@ UNIX HAX\n", 13)         = 13
write(11, "..@ UNIX HAX\n", 13)         = 13
write(12, "..@ UNIX HAX\n", 13)         = 13
write(13, "..@ UNIX HAX\n", 13)         = 13
write(4, "Here are examples of the UNIX\n", 30) = 30
write(5, "Here are examples of the UNIX\n", 30) = 30
write(6, "Here are examples of the UNIX\n", 30) = 30
write(7, "Here are examples of the UNIX\n", 30) = 30
write(8, "Here are examples of the UNIX\n", 30) = 30
write(9, "Here are examples of the UNIX\n", 30) = 30
write(10, "Here are examples of the UNIX\n", 30) = 30
write(11, "Here are examples of the UNIX\n", 30) = 30
write(12, "Here are examples of the UNIX\n", 30) = 30
write(13, "Here are examples of the UNIX\n", 30) = 30
write(4, "System.  Where UNIX\n", 20)   = 20
write(5, "System.  Where UNIX\n", 20)   = 20
write(6, "System.  Where UNIX\n", 20)   = 20
write(7, "System.  Where UNIX\n", 20)   = 20
write(8, "System.  Where UNIX\n", 20)   = 20
write(9, "System.  Where UNIX\n", 20)   = 20
write(10, "System.  Where UNIX\n", 20)  = 20
write(11, "System.  Where UNIX\n", 20)  = 20
write(12, "System.  Where UNIX\n", 20)  = 20
write(13, "System.  Where UNIX\n", 20)  = 20
write(4, "System appears, it should be the"..., 38) = 38
write(5, "System appears, it should be the"..., 38) = 38
write(6, "System appears, it should be the"..., 38) = 38
write(7, "System appears, it should be the"..., 38) = 38
write(8, "System appears, it should be the"..., 38) = 38
write(9, "System appears, it should be the"..., 38) = 38
write(10, "System appears, it should be the"..., 38) = 38
write(11, "System appears, it should be the"..., 38) = 38
write(12, "System appears, it should be the"..., 38) = 38
write(13, "System appears, it should be the"..., 38) = 38
write(4, "Operating System.\n", 18)     = 18
write(5, "Operating System.\n", 18)     = 18
write(6, "Operating System.\n", 18)     = 18
write(7, "Operating System.\n", 18)     = 18
write(8, "Operating System.\n", 18)     = 18
write(9, "Operating System.\n", 18)     = 18
write(10, "Operating System.\n", 18)    = 18
write(11, "Operating System.\n", 18)    = 18
write(12, "Operating System.\n", 18)    = 18
write(13, "Operating System.\n", 18)    = 18
write(4, "\n", 1)                       = 1
write(5, "\n", 1)                       = 1
write(6, "\n", 1)                       = 1
write(7, "\n", 1)                       = 1
write(8, "\n", 1)                       = 1
write(9, "\n", 1)                       = 1
write(10, "\n", 1)                      = 1
write(11, "\n", 1)                      = 1
write(12, "\n", 1)                      = 1
write(13, "\n", 1)                      = 1
write(4, "\n", 1)                       = 1
write(5, "\n", 1)                       = 1
write(6, "\n", 1)                       = 1
write(7, "\n", 1)                       = 1
write(8, "\n", 1)                       = 1
write(9, "\n", 1)                       = 1
write(10, "\n", 1)                      = 1
write(11, "\n", 1)                      = 1
write(12, "\n", 1)                      = 1
write(13, "\n", 1)                      = 1
write(4, "..@ OPERATOR GUIDE\n", 19)    = 19
write(5, "..@ OPERATOR GUIDE\n", 19)    = 19
write(6, "..@ OPERATOR GUIDE\n", 19)    = 19
write(7, "..@ OPERATOR GUIDE\n", 19)    = 19
write(8, "..@ OPERATOR GUIDE\n", 19)    = 19
write(9, "..@ OPERATOR GUIDE\n", 19)    = 19
write(10, "..@ OPERATOR GUIDE\n", 19)   = 19
write(11, "..@ OPERATOR GUIDE\n", 19)   = 19
write(12, "..@ OPERATOR GUIDE\n", 19)   = 19
write(13, "..@ OPERATOR GUIDE\n", 19)   = 19
write(4, "\n", 1)                       = 1
write(5, "\n", 1)                       = 1
write(6, "\n", 1)                       = 1
write(7, "\n", 1)                       = 1
write(8, "\n", 1)                       = 1
write(9, "\n", 1)                       = 1
write(10, "\n", 1)                      = 1
write(11, "\n", 1)                      = 1
write(12, "\n", 1)                      = 1
write(13, "\n", 1)                      = 1
write(4, "Consult Section 3.1 in the Owner"..., 46) = 46
write(5, "Consult Section 3.1 in the Owner"..., 46) = 46
write(6, "Consult Section 3.1 in the Owner"..., 46) = 46
write(7, "Consult Section 3.1 in the Owner"..., 46) = 46
write(8, "Consult Section 3.1 in the Owner"..., 46) = 46
write(9, "Consult Section 3.1 in the Owner"..., 46) = 46
write(10, "Consult Section 3.1 in the Owner"..., 46) = 46
write(11, "Consult Section 3.1 in the Owner"..., 46) = 46
write(12, "Consult Section 3.1 in the Owner"..., 46) = 46
write(13, "Consult Section 3.1 in the Owner"..., 46) = 46
write(4, "Guide for a description of the t"..., 43) = 43
write(5, "Guide for a description of the t"..., 43) = 43
write(6, "Guide for a description of the t"..., 43) = 43
write(7, "Guide for a description of the t"..., 43) = 43
write(8, "Guide for a description of the t"..., 43) = 43
write(9, "Guide for a description of the t"..., 43) = 43
write(10, "Guide for a description of the t"..., 43) = 43
write(11, "Guide for a description of the t"..., 43) = 43
write(12, "Guide for a description of the t"..., 43) = 43
write(13, "Guide for a description of the t"..., 43) = 43
write(4, "available on your system.\n", 26) = 26
write(5, "available on your system.\n", 26) = 26
write(6, "available on your system.\n", 26) = 26
write(7, "available on your system.\n", 26) = 26
write(8, "available on your system.\n", 26) = 26
write(9, "available on your system.\n", 26) = 26
write(10, "available on your system.\n", 26) = 26
write(11, "available on your system.\n", 26) = 26
write(12, "available on your system.\n", 26) = 26
write(13, "available on your system.\n", 26) = 26
write(4, "\n", 1)                       = 1
write(5, "\n", 1)                       = 1
write(6, "\n", 1)                       = 1
write(7, "\n", 1)                       = 1
write(8, "\n", 1)                       = 1
write(9, "\n", 1)                       = 1
write(10, "\n", 1)                      = 1
write(11, "\n", 1)                      = 1
write(12, "\n", 1)                      = 1
write(13, "\n", 1)                      = 1
write(4, "Look in the Owner and Operator G"..., 63) = 63
write(5, "Look in the Owner and Operator G"..., 63) = 63
write(6, "Look in the Owner and Operator G"..., 63) = 63
write(7, "Look in the Owner and Operator G"..., 63) = 63
write(8, "Look in the Owner and Operator G"..., 63) = 63
write(9, "Look in the Owner and Operator G"..., 63) = 63
write(10, "Look in the Owner and Operator G"..., 63) = 63
write(11, "Look in the Owner and Operator G"..., 63) = 63
write(12, "Look in the Owner and Operator G"..., 63) = 63
write(13, "Look in the Owner and Operator G"..., 63) = 63
write(4, "\n", 1)                       = 1
write(5, "\n", 1)                       = 1
write(6, "\n", 1)                       = 1
write(7, "\n", 1)                       = 1
write(8, "\n", 1)                       = 1
write(9, "\n", 1)                       = 1
write(10, "\n", 1)                      = 1
write(11, "\n", 1)                      = 1
write(12, "\n", 1)                      = 1
write(13, "\n", 1)                      = 1
write(4, "Two manuals are provided includi"..., 49) = 49
write(5, "Two manuals are provided includi"..., 49) = 49
write(6, "Two manuals are provided includi"..., 49) = 49
write(7, "Two manuals are provided includi"..., 49) = 49
write(8, "Two manuals are provided includi"..., 49) = 49
write(9, "Two manuals are provided includi"..., 49) = 49
write(10, "Two manuals are provided includi"..., 49) = 49
write(11, "Two manuals are provided includi"..., 49) = 49
write(12, "Two manuals are provided includi"..., 49) = 49
write(13, "Two manuals are provided includi"..., 49) = 49
write(4, "Operator Guide in the User Guide"..., 34) = 34
write(5, "Operator Guide in the User Guide"..., 34) = 34
write(6, "Operator Guide in the User Guide"..., 34) = 34
write(7, "Operator Guide in the User Guide"..., 34) = 34
write(8, "Operator Guide in the User Guide"..., 34) = 34
write(9, "Operator Guide in the User Guide"..., 34) = 34
write(10, "Operator Guide in the User Guide"..., 34) = 34
write(11, "Operator Guide in the User Guide"..., 34) = 34
write(12, "Operator Guide in the User Guide"..., 34) = 34
write(13, "Operator Guide in the User Guide"..., 34) = 34
write(4, "\n", 1)                       = 1
write(5, "\n", 1)                       = 1
write(6, "\n", 1)                       = 1
write(7, "\n", 1)                       = 1
write(8, "\n", 1)                       = 1
write(9, "\n", 1)                       = 1
write(10, "\n", 1)                      = 1
write(11, "\n", 1)                      = 1
write(12, "\n", 1)                      = 1
write(13, "\n", 1)                      = 1
write(4, "The Owner and Operator Guide is "..., 57) = 57
write(5, "The Owner and Operator Guide is "..., 57) = 57
write(6, "The Owner and Operator Guide is "..., 57) = 57
write(7, "The Owner and Operator Guide is "..., 57) = 57
write(8, "The Owner and Operator Guide is "..., 57) = 57
write(9, "The Owner and Operator Guide is "..., 57) = 57
write(10, "The Owner and Operator Guide is "..., 57) = 57
write(11, "The Owner and Operator Guide is "..., 57) = 57
write(12, "The Owner and Operator Guide is "..., 57) = 57
write(13, "The Owner and Operator Guide is "..., 57) = 57
write(4, "\n", 1)                       = 1
write(5, "\n", 1)                       = 1
write(6, "\n", 1)                       = 1
write(7, "\n", 1)                       = 1
write(8, "\n", 1)                       = 1
write(9, "\n", 1)                       = 1
write(10, "\n", 1)                      = 1
write(11, "\n", 1)                      = 1
write(12, "\n", 1)                      = 1
write(13, "\n", 1)                      = 1
write(4, "..@ QUOTED ARGUMENTS\n", 21)  = 21
write(5, "..@ QUOTED ARGUMENTS\n", 21)  = 21
write(6, "..@ QUOTED ARGUMENTS\n", 21)  = 21
write(7, "..@ QUOTED ARGUMENTS\n", 21)  = 21
write(8, "..@ QUOTED ARGUMENTS\n", 21)  = 21
write(9, "..@ QUOTED ARGUMENTS\n", 21)  = 21
write(10, "..@ QUOTED ARGUMENTS\n", 21) = 21
write(11, "..@ QUOTED ARGUMENTS\n", 21) = 21
write(12, "..@ QUOTED ARGUMENTS\n", 21) = 21
write(13, "..@ QUOTED ARGUMENTS\n", 21) = 21
write(4, "argv. \"leia\" \"han solo\" \"luke sk"..., 41) = 41
write(5, "argv. \"leia\" \"han solo\" \"luke sk"..., 41) = 41
write(6, "argv. \"leia\" \"han solo\" \"luke sk"..., 41) = 41
write(7, "argv. \"leia\" \"han solo\" \"luke sk"..., 41) = 41
write(8, "argv. \"leia\" \"han solo\" \"luke sk"..., 41) = 41
write(9, "argv. \"leia\" \"han solo\" \"luke sk"..., 41) = 41
write(10, "argv. \"leia\" \"han solo\" \"luke sk"..., 41) = 41
write(11, "argv. \"leia\" \"han solo\" \"luke sk"..., 41) = 41
write(12, "argv. \"leia\" \"han solo\" \"luke sk"..., 41) = 41
write(13, "argv. \"leia\" \"han solo\" \"luke sk"..., 41) = 41
write(4, "argv. \"darth vader\" \"jar jar\"\n", 30) = 30
write(5, "argv. \"darth vader\" \"jar jar\"\n", 30) = 30
write(6, "argv. \"darth vader\" \"jar jar\"\n", 30) = 30
write(7, "argv. \"darth vader\" \"jar jar\"\n", 30) = 30
write(8, "argv. \"darth vader\" \"jar jar\"\n", 30) = 30
write(9, "argv. \"darth vader\" \"jar jar\"\n", 30) = 30
write(10, "argv. \"darth vader\" \"jar jar\"\n", 30) = 30
write(11, "argv. \"darth vader\" \"jar jar\"\n", 30) = 30
write(12, "argv. \"darth vader\" \"jar jar\"\n", 30) = 30
write(13, "argv. \"darth vader\" \"jar jar\"\n", 30) = 30
write(4, "argv. \"palpatine\"\n", 18)   = 18
write(5, "argv. \"palpatine\"\n", 18)   = 18
write(6, "argv. \"palpatine\"\n", 18)   = 18
write(7, "argv. \"palpatine\"\n", 18)   = 18
write(8, "argv. \"palpatine\"\n", 18)   = 18
write(9, "argv. \"palpatine\"\n", 18)   = 18
write(10, "argv. \"palpatine\"\n", 18)  = 18
write(11, "argv. \"palpatine\"\n", 18)  = 18
write(12, "argv. \"palpatine\"\n", 18)  = 18
write(13, "argv. \"palpatine\"\n", 18)  = 18
write(4, "\n", 1)                       = 1
write(5, "\n", 1)                       = 1
write(6, "\n", 1)                       = 1
write(7, "\n", 1)                       = 1
write(8, "\n", 1)                       = 1
write(9, "\n", 1)                       = 1
write(10, "\n", 1)                      = 1
write(11, "\n", 1)                      = 1
write(12, "\n", 1)                      = 1
write(13, "\n", 1)                      = 1
write(4, "..@ COMPANY LIST\n", 17)      = 17
write(5, "..@ COMPANY LIST\n", 17)      = 17
write(6, "..@ COMPANY LIST\n", 17)      = 17
write(7, "..@ COMPANY LIST\n", 17)      = 17
write(8, "..@ COMPANY LIST\n", 17)      = 17
write(9, "..@ COMPANY LIST\n", 17)      = 17
write(10, "..@ COMPANY LIST\n", 17)     = 17
write(11, "..@ COMPANY LIST\n", 17)     = 17
write(12, "..@ COMPANY LIST\n", 17)     = 17
write(13, "..@ COMPANY LIST\n", 17)     = 17
write(4, "\n", 1)                       = 1
write(5, "\n", 1)                       = 1
write(6, "\n", 1)                       = 1
write(7, "\n", 1)                       = 1
write(8, "\n", 1)                       = 1
write(9, "\n", 1)                       = 1
write(10, "\n", 1)                      = 1
write(11, "\n", 1)                      = 1
write(12, "\n", 1)                      = 1
write(13, "\n", 1)                      = 1
write(4, "\n", 1)                       = 1
write(5, "\n", 1)                       = 1
write(6, "\n", 1)                       = 1
write(7, "\n", 1)                       = 1
write(8, "\n", 1)                       = 1
write(9, "\n", 1)                       = 1
write(10, "\n", 1)                      = 1
write(11, "\n", 1)                      = 1
write(12, "\n", 1)                      = 1
write(13, "\n", 1)                      = 1
write(4, "..@ ESCAPE CHARACTERS\n", 22) = 22
write(5, "..@ ESCAPE CHARACTERS\n", 22) = 22
write(6, "..@ ESCAPE CHARACTERS\n", 22) = 22
write(7, "..@ ESCAPE CHARACTERS\n", 22) = 22
write(8, "..@ ESCAPE CHARACTERS\n", 22) = 22
write(9, "..@ ESCAPE CHARACTERS\n", 22) = 22
write(10, "..@ ESCAPE CHARACTERS\n", 22) = 22
write(11, "..@ ESCAPE CHARACTERS\n", 22) = 22
write(12, "..@ ESCAPE CHARACTERS\n", 22) = 22
write(13, "..@ ESCAPE CHARACTERS\n", 22) = 22
write(4, "\33 \3 \4\n", 6)              = 6
write(5, "\33 \3 \4\n", 6)              = 6
write(6, "\33 \3 \4\n", 6)              = 6
write(7, "\33 \3 \4\n", 6)              = 6
write(8, "\33 \3 \4\n", 6)              = 6
write(9, "\33 \3 \4\n", 6)              = 6
write(10, "\33 \3 \4\n", 6)             = 6
write(11, "\33 \3 \4\n", 6)             = 6
write(12, "\33 \3 \4\n", 6)             = 6
write(13, "\33 \3 \4\n", 6)             = 6
write(4, "\n", 1)                       = 1
write(5, "\n", 1)                       = 1
write(6, "\n", 1)                       = 1
write(7, "\n", 1)                       = 1
write(8, "\n", 1)                       = 1
write(9, "\n", 1)                       = 1
write(10, "\n", 1)                      = 1
write(11, "\n", 1)                      = 1
write(12, "\n", 1)                      = 1
write(13, "\n", 1)                      = 1
write(4, "\n", 1)                       = 1
write(5, "\n", 1)                       = 1
write(6, "\n", 1)                       = 1
write(7, "\n", 1)                       = 1
write(8, "\n", 1)                       = 1
write(9, "\n", 1)                       = 1
write(10, "\n", 1)                      = 1
write(11, "\n", 1)                      = 1
write(12, "\n", 1)                      = 1
write(13, "\n", 1)                      = 1
write(4, "..@ EMPLOYEES\n", 14)         = 14
write(5, "..@ EMPLOYEES\n", 14)         = 14
write(6, "..@ EMPLOYEES\n", 14)         = 14
write(7, "..@ EMPLOYEES\n", 14)         = 14
write(8, "..@ EMPLOYEES\n", 14)         = 14
write(9, "..@ EMPLOYEES\n", 14)         = 14
write(10, "..@ EMPLOYEES\n", 14)        = 14
write(11, "..@ EMPLOYEES\n", 14)        = 14
write(12, "..@ EMPLOYEES\n", 14)        = 14
write(13, "..@ EMPLOYEES\n", 14)        = 14
write(4, "Adams, Henrietta\tNortheast\n", 27) = 27
write(5, "Adams, Henrietta\tNortheast\n", 27) = 27
write(6, "Adams, Henrietta\tNortheast\n", 27) = 27
write(7, "Adams, Henrietta\tNortheast\n", 27) = 27
write(8, "Adams, Henrietta\tNortheast\n", 27) = 27
write(9, "Adams, Henrietta\tNortheast\n", 27) = 27
write(10, "Adams, Henrietta\tNortheast\n", 27) = 27
write(11, "Adams, Henrietta\tNortheast\n", 27) = 27
write(12, "Adams, Henrietta\tNortheast\n", 27) = 27
write(13, "Adams, Henrietta\tNortheast\n", 27) = 27
write(4, "Banks, Freda\t\tSouth\n", 20) = 20
write(5, "Banks, Freda\t\tSouth\n", 20) = 20
write(6, "Banks, Freda\t\tSouth\n", 20) = 20
write(7, "Banks, Freda\t\tSouth\n", 20) = 20
write(8, "Banks, Freda\t\tSouth\n", 20) = 20
write(9, "Banks, Freda\t\tSouth\n", 20) = 20
write(10, "Banks, Freda\t\tSouth\n", 20) = 20
write(11, "Banks, Freda\t\tSouth\n", 20) = 20
write(12, "Banks, Freda\t\tSouth\n", 20) = 20
write(13, "Banks, Freda\t\tSouth\n", 20) = 20
write(4, "Dennis, Jim\t\tMidwest\n", 21) = 21
write(5, "Dennis, Jim\t\tMidwest\n", 21) = 21
write(6, "Dennis, Jim\t\tMidwest\n", 21) = 21
write(7, "Dennis, Jim\t\tMidwest\n", 21) = 21
write(8, "Dennis, Jim\t\tMidwest\n", 21) = 21
write(9, "Dennis, Jim\t\tMidwest\n", 21) = 21
write(10, "Dennis, Jim\t\tMidwest\n", 21) = 21
write(11, "Dennis, Jim\t\tMidwest\n", 21) = 21
write(12, "Dennis, Jim\t\tMidwest\n", 21) = 21
write(13, "Dennis, Jim\t\tMidwest\n", 21) = 21
write(4, "Garvey, Bill\t\tNortheast\n", 24) = 24
write(5, "Garvey, Bill\t\tNortheast\n", 24) = 24
write(6, "Garvey, Bill\t\tNortheast\n", 24) = 24
write(7, "Garvey, Bill\t\tNortheast\n", 24) = 24
write(8, "Garvey, Bill\t\tNortheast\n", 24) = 24
write(9, "Garvey, Bill\t\tNortheast\n", 24) = 24
write(10, "Garvey, Bill\t\tNortheast\n", 24) = 24
write(11, "Garvey, Bill\t\tNortheast\n", 24) = 24
write(12, "Garvey, Bill\t\tNortheast\n", 24) = 24
write(13, "Garvey, Bill\t\tNortheast\n", 24) = 24
write(4, "Jeffries, Jane\t\tWest\n", 21) = 21
write(5, "Jeffries, Jane\t\tWest\n", 21) = 21
write(6, "Jeffries, Jane\t\tWest\n", 21) = 21
write(7, "Jeffries, Jane\t\tWest\n", 21) = 21
write(8, "Jeffries, Jane\t\tWest\n", 21) = 21
write(9, "Jeffries, Jane\t\tWest\n", 21) = 21
write(10, "Jeffries, Jane\t\tWest\n", 21) = 21
write(11, "Jeffries, Jane\t\tWest\n", 21) = 21
write(12, "Jeffries, Jane\t\tWest\n", 21) = 21
write(13, "Jeffries, Jane\t\tWest\n", 21) = 21
write(4, "Madison, Sylvia\t\tMidwest\n", 25) = 25
write(5, "Madison, Sylvia\t\tMidwest\n", 25) = 25
write(6, "Madison, Sylvia\t\tMidwest\n", 25) = 25
write(7, "Madison, Sylvia\t\tMidwest\n", 25) = 25
write(8, "Madison, Sylvia\t\tMidwest\n", 25) = 25
write(9, "Madison, Sylvia\t\tMidwest\n", 25) = 25
write(10, "Madison, Sylvia\t\tMidwest\n", 25) = 25
write(11, "Madison, Sylvia\t\tMidwest\n", 25) = 25
write(12, "Madison, Sylvia\t\tMidwest\n", 25) = 25
write(13, "Madison, Sylvia\t\tMidwest\n", 25) = 25
write(4, "Sommes, Tom\t\tSouth\n", 19)  = 19
write(5, "Sommes, Tom\t\tSouth\n", 19)  = 19
write(6, "Sommes, Tom\t\tSouth\n", 19)  = 19
write(7, "Sommes, Tom\t\tSouth\n", 19)  = 19
write(8, "Sommes, Tom\t\tSouth\n", 19)  = 19
write(9, "Sommes, Tom\t\tSouth\n", 19)  = 19
write(10, "Sommes, Tom\t\tSouth\n", 19) = 19
write(11, "Sommes, Tom\t\tSouth\n", 19) = 19
write(12, "Sommes, Tom\t\tSouth\n", 19) = 19
write(13, "Sommes, Tom\t\tSouth\n", 19) = 19
write(4, "Barley, Carol\t\tWest\n", 20) = 20
write(5, "Barley, Carol\t\tWest\n", 20) = 20
write(6, "Barley, Carol\t\tWest\n", 20) = 20
write(7, "Barley, Carol\t\tWest\n", 20) = 20
write(8, "Barley, Carol\t\tWest\n", 20) = 20
write(9, "Barley, Carol\t\tWest\n", 20) = 20
write(10, "Barley, Carol\t\tWest\n", 20) = 20
write(11, "Barley, Carol\t\tWest\n", 20) = 20
write(12, "Barley, Carol\t\tWest\n", 20) = 20
write(13, "Barley, Carol\t\tWest\n", 20) = 20
write(4, "\n", 1)                       = 1
write(5, "\n", 1)                       = 1
write(6, "\n", 1)                       = 1
write(7, "\n", 1)                       = 1
write(8, "\n", 1)                       = 1
write(9, "\n", 1)                       = 1
write(10, "\n", 1)                      = 1
write(11, "\n", 1)                      = 1
write(12, "\n", 1)                      = 1
write(13, "\n", 1)                      = 1
write(4, "..@ FOR MY CHAR CLASSES\n", 24) = 24
write(5, "..@ FOR MY CHAR CLASSES\n", 24) = 24
write(6, "..@ FOR MY CHAR CLASSES\n", 24) = 24
write(7, "..@ FOR MY CHAR CLASSES\n", 24) = 24
write(8, "..@ FOR MY CHAR CLASSES\n", 24) = 24
write(9, "..@ FOR MY CHAR CLASSES\n", 24) = 24
write(10, "..@ FOR MY CHAR CLASSES\n", 24) = 24
write(11, "..@ FOR MY CHAR CLASSES\n", 24) = 24
write(12, "..@ FOR MY CHAR CLASSES\n", 24) = 24
write(13, "..@ FOR MY CHAR CLASSES\n", 24) = 24
write(4, "look snooker book, oooooh!\n", 27) = 27
write(5, "look snooker book, oooooh!\n", 27) = 27
write(6, "look snooker book, oooooh!\n", 27) = 27
write(7, "look snooker book, oooooh!\n", 27) = 27
write(8, "look snooker book, oooooh!\n", 27) = 27
write(9, "look snooker book, oooooh!\n", 27) = 27
write(10, "look snooker book, oooooh!\n", 27) = 27
write(11, "look snooker book, oooooh!\n", 27) = 27
write(12, "look snooker book, oooooh!\n", 27) = 27
write(13, "look snooker book, oooooh!\n", 27) = 27
write(4, "and band frand command anderson."..., 33) = 33
write(5, "and band frand command anderson."..., 33) = 33
write(6, "and band frand command anderson."..., 33) = 33
write(7, "and band frand command anderson."..., 33) = 33
write(8, "and band frand command anderson."..., 33) = 33
write(9, "and band frand command anderson."..., 33) = 33
write(10, "and band frand command anderson."..., 33) = 33
write(11, "and band frand command anderson."..., 33) = 33
write(12, "and band frand command anderson."..., 33) = 33
write(13, "and band frand command anderson."..., 33) = 33
read(3, "", 4096)                       = 0
close(3)                                = 0
munmap(0x7ff11380d000, 4096)            = 0
close(13)                               = 0
munmap(0x7ff113803000, 4096)            = 0
close(12)                               = 0
munmap(0x7ff113804000, 4096)            = 0
close(11)                               = 0
munmap(0x7ff113805000, 4096)            = 0
close(10)                               = 0
munmap(0x7ff113806000, 4096)            = 0
close(9)                                = 0
munmap(0x7ff113807000, 4096)            = 0
close(8)                                = 0
munmap(0x7ff113808000, 4096)            = 0
close(7)                                = 0
munmap(0x7ff113809000, 4096)            = 0
close(6)                                = 0
munmap(0x7ff11380a000, 4096)            = 0
close(5)                                = 0
munmap(0x7ff11380b000, 4096)            = 0
close(4)                                = 0
munmap(0x7ff11380c000, 4096)            = 0
write(1, "..@ A BLACK AND WHITE POEM\n\ni se"..., 1741) = 1741
close(1)                                = 0
munmap(0x7ff113802000, 4096)            = 0
exit_group(4)                           = ?
