execve("../source/sed.exe.static", ["../source/sed.exe.static", "-f", "../inputs/scr/s192_0.sed", "../inputs/default.in"], [/* 44 vars */]) = 0
uname({sys="Linux", node="xmenxk-OptiPlex-7010", ...}) = 0
brk(0)                                  = 0x12f5000
brk(0x12f61c0)                          = 0x12f61c0
arch_prctl(ARCH_SET_FS, 0x12f5880)      = 0
brk(0x13171c0)                          = 0x13171c0
brk(0x1318000)                          = 0x1318000
open("../inputs/scr/s192_0.sed", O_RDONLY) = 3
fstat(3, {st_mode=S_IFREG|0644, st_size=165, ...}) = 0
mmap(NULL, 4096, PROT_READ|PROT_WRITE, MAP_PRIVATE|MAP_ANONYMOUS, -1, 0) = 0x7fdb6128e000
read(3, "#n\n\n#s/d with insert\n\ns/.*w.*/[f"..., 4096) = 165
lseek(3, 0, SEEK_CUR)                   = 165
open("s192_0.wout", O_WRONLY|O_CREAT|O_TRUNC, 0666) = 4
read(3, "", 4096)                       = 0
close(3)                                = 0
munmap(0x7fdb6128e000, 4096)            = 0
open("../inputs/default.in", O_RDONLY)  = 3
fstat(3, {st_mode=S_IFREG|0644, st_size=1741, ...}) = 0
mmap(NULL, 4096, PROT_READ|PROT_WRITE, MAP_PRIVATE|MAP_ANONYMOUS, -1, 0) = 0x7fdb6128e000
read(3, "..@ A BLACK AND WHITE POEM\n\ni se"..., 4096) = 1741
fstat(1, {st_mode=S_IFREG|0664, st_size=0, ...}) = 0
mmap(NULL, 4096, PROT_READ|PROT_WRITE, MAP_PRIVATE|MAP_ANONYMOUS, -1, 0) = 0x7fdb6128d000
fstat(4, {st_mode=S_IFREG|0664, st_size=0, ...}) = 0
mmap(NULL, 4096, PROT_READ|PROT_WRITE, MAP_PRIVATE|MAP_ANONYMOUS, -1, 0) = 0x7fdb6128c000
write(4, "[found a 'w']\n", 14)         = 14
write(4, "[found a 'w']\n", 14)         = 14
write(4, "[found a 'w']\n", 14)         = 14
write(4, "[found a 'w']\n", 14)         = 14
write(4, "[found a 'w']\n", 14)         = 14
write(4, "[found a 'w']\n", 14)         = 14
write(4, "[found a 'w']\n", 14)         = 14
write(4, "[found a 'w']\n", 14)         = 14
write(4, "[found a 'w']\n", 14)         = 14
write(4, "[found a 'w']\n", 14)         = 14
write(4, "[found a 'w']\n", 14)         = 14
write(4, "[found a 'w']\n", 14)         = 14
write(4, "[found a 'w']\n", 14)         = 14
write(4, "[found a 'w']\n", 14)         = 14
write(4, "[found a 'w']\n", 14)         = 14
write(4, "[found a 'w']\n", 14)         = 14
write(4, "[found a 'w']\n", 14)         = 14
write(4, "[found a 'w']\n", 14)         = 14
write(4, "[found a 'w']\n", 14)         = 14
write(4, "[found a 'w']\n", 14)         = 14
read(3, "", 4096)                       = 0
close(3)                                = 0
munmap(0x7fdb6128e000, 4096)            = 0
close(4)                                = 0
munmap(0x7fdb6128c000, 4096)            = 0
write(1, "        --INSERTED ABOVE HEADER-"..., 1168) = 1168
close(1)                                = 0
munmap(0x7fdb6128d000, 4096)            = 0
exit_group(4)                           = ?
