execve("../source/sed.exe.static", ["../source/sed.exe.static", "-f", "../inputs/scr/s196_0.sed", "../inputs/default.in"], [/* 44 vars */]) = 0
uname({sys="Linux", node="xmenxk-OptiPlex-7010", ...}) = 0
brk(0)                                  = 0xe9d000
brk(0xe9e1c0)                           = 0xe9e1c0
arch_prctl(ARCH_SET_FS, 0xe9d880)       = 0
brk(0xebf1c0)                           = 0xebf1c0
brk(0xec0000)                           = 0xec0000
open("../inputs/scr/s196_0.sed", O_RDONLY) = 3
fstat(3, {st_mode=S_IFREG|0644, st_size=137, ...}) = 0
mmap(NULL, 4096, PROT_READ|PROT_WRITE, MAP_PRIVATE|MAP_ANONYMOUS, -1, 0) = 0x7fe2e9c95000
read(3, "#n\n\n#s/d and change\n\n/white/!{\n "..., 4096) = 137
lseek(3, 0, SEEK_CUR)                   = 137
open("s196_0.wout", O_WRONLY|O_CREAT|O_TRUNC, 0666) = 4
read(3, "", 4096)                       = 0
close(3)                                = 0
munmap(0x7fe2e9c95000, 4096)            = 0
open("../inputs/default.in", O_RDONLY)  = 3
fstat(3, {st_mode=S_IFREG|0644, st_size=1741, ...}) = 0
mmap(NULL, 4096, PROT_READ|PROT_WRITE, MAP_PRIVATE|MAP_ANONYMOUS, -1, 0) = 0x7fe2e9c95000
read(3, "..@ A BLACK AND WHITE POEM\n\ni se"..., 4096) = 1741
fstat(1, {st_mode=S_IFREG|0664, st_size=0, ...}) = 0
mmap(NULL, 4096, PROT_READ|PROT_WRITE, MAP_PRIVATE|MAP_ANONYMOUS, -1, 0) = 0x7fe2e9c94000
fstat(4, {st_mode=S_IFREG|0664, st_size=0, ...}) = 0
mmap(NULL, 4096, PROT_READ|PROT_WRITE, MAP_PRIVATE|MAP_ANONYMOUS, -1, 0) = 0x7fe2e9c93000
write(4, "black and WHITE\n", 16)       = 16
write(4, "black and WHITE\n", 16)       = 16
write(4, "but count WHITE\n", 16)       = 16
write(4, "black and WHITE\n", 16)       = 16
read(3, "", 4096)                       = 0
close(3)                                = 0
munmap(0x7fe2e9c95000, 4096)            = 0
close(4)                                = 0
munmap(0x7fe2e9c93000, 4096)            = 0
write(1, "        ---CHANGED A LINE---\n   "..., 3254) = 3254
close(1)                                = 0
munmap(0x7fe2e9c94000, 4096)            = 0
exit_group(4)                           = ?
