execve("../source/sed.exe.static", ["../source/sed.exe.static", "-f", "../inputs/scr/s198_0.sed", "../inputs/default.in"], [/* 44 vars */]) = 0
uname({sys="Linux", node="xmenxk-OptiPlex-7010", ...}) = 0
brk(0)                                  = 0xc45000
brk(0xc461c0)                           = 0xc461c0
arch_prctl(ARCH_SET_FS, 0xc45880)       = 0
brk(0xc671c0)                           = 0xc671c0
brk(0xc68000)                           = 0xc68000
open("../inputs/scr/s198_0.sed", O_RDONLY) = 3
fstat(3, {st_mode=S_IFREG|0644, st_size=92, ...}) = 0
mmap(NULL, 4096, PROT_READ|PROT_WRITE, MAP_PRIVATE|MAP_ANONYMOUS, -1, 0) = 0x7f91e0625000
read(3, "#n\n\n#s/d with list\n\n/\\.\\.@/{\n   "..., 4096) = 92
lseek(3, 0, SEEK_CUR)                   = 92
open("s198_0.wout", O_WRONLY|O_CREAT|O_TRUNC, 0666) = 4
read(3, "", 4096)                       = 0
close(3)                                = 0
munmap(0x7f91e0625000, 4096)            = 0
open("../inputs/default.in", O_RDONLY)  = 3
fstat(3, {st_mode=S_IFREG|0644, st_size=1741, ...}) = 0
mmap(NULL, 4096, PROT_READ|PROT_WRITE, MAP_PRIVATE|MAP_ANONYMOUS, -1, 0) = 0x7f91e0625000
read(3, "..@ A BLACK AND WHITE POEM\n\ni se"..., 4096) = 1741
fstat(1, {st_mode=S_IFREG|0664, st_size=0, ...}) = 0
mmap(NULL, 4096, PROT_READ|PROT_WRITE, MAP_PRIVATE|MAP_ANONYMOUS, -1, 0) = 0x7f91e0624000
fstat(4, {st_mode=S_IFREG|0664, st_size=0, ...}) = 0
mmap(NULL, 4096, PROT_READ|PROT_WRITE, MAP_PRIVATE|MAP_ANONYMOUS, -1, 0) = 0x7f91e0623000
write(4, "anything\n", 9)               = 9
write(4, "anything\n", 9)               = 9
write(4, "anything\n", 9)               = 9
write(4, "anything\n", 9)               = 9
write(4, "anything\n", 9)               = 9
write(4, "anything\n", 9)               = 9
write(4, "anything\n", 9)               = 9
write(4, "anything\n", 9)               = 9
write(4, "anything\n", 9)               = 9
write(4, "anything\n", 9)               = 9
write(4, "anything\n", 9)               = 9
read(3, "", 4096)                       = 0
close(3)                                = 0
munmap(0x7f91e0625000, 4096)            = 0
close(4)                                = 0
munmap(0x7f91e0623000, 4096)            = 0
write(1, "..@ A BLACK AND WHITE POEM\\n$\nan"..., 545) = 545
close(1)                                = 0
munmap(0x7f91e0624000, 4096)            = 0
exit_group(4)                           = ?
