execve("../source/sed.exe.static", ["../source/sed.exe.static", "-f", "../inputs/scr/s20_0.sed", "../inputs/default.in"], [/* 44 vars */]) = 0
uname({sys="Linux", node="xmenxk-OptiPlex-7010", ...}) = 0
brk(0)                                  = 0xda4000
brk(0xda51c0)                           = 0xda51c0
arch_prctl(ARCH_SET_FS, 0xda4880)       = 0
brk(0xdc61c0)                           = 0xdc61c0
brk(0xdc7000)                           = 0xdc7000
open("../inputs/scr/s20_0.sed", O_RDONLY) = 3
fstat(3, {st_mode=S_IFREG|0644, st_size=101, ...}) = 0
mmap(NULL, 4096, PROT_READ|PROT_WRITE, MAP_PRIVATE|MAP_ANONYMOUS, -1, 0) = 0x7fbb501ec000
read(3, "#n\n\n#testing next and Next in sa"..., 4096) = 101
lseek(3, 0, SEEK_CUR)                   = 101
read(3, "", 4096)                       = 0
close(3)                                = 0
munmap(0x7fbb501ec000, 4096)            = 0
open("../inputs/default.in", O_RDONLY)  = 3
fstat(3, {st_mode=S_IFREG|0644, st_size=1741, ...}) = 0
mmap(NULL, 4096, PROT_READ|PROT_WRITE, MAP_PRIVATE|MAP_ANONYMOUS, -1, 0) = 0x7fbb501ec000
read(3, "..@ A BLACK AND WHITE POEM\n\ni se"..., 4096) = 1741
fstat(1, {st_mode=S_IFREG|0664, st_size=0, ...}) = 0
mmap(NULL, 4096, PROT_READ|PROT_WRITE, MAP_PRIVATE|MAP_ANONYMOUS, -1, 0) = 0x7fbb501eb000
read(3, "", 4096)                       = 0
close(3)                                = 0
munmap(0x7fbb501ec000, 4096)            = 0
write(1, "\ni see\n\n\"The Dog and The Cat\"\n\n\""..., 553) = 553
close(1)                                = 0
munmap(0x7fbb501eb000, 4096)            = 0
exit_group(4)                           = ?
