execve("../source/sed.exe.static", ["../source/sed.exe.static", "-f", "../inputs/scr/s205_0.sed", "../inputs/default.in"], [/* 44 vars */]) = 0
uname({sys="Linux", node="xmenxk-OptiPlex-7010", ...}) = 0
brk(0)                                  = 0x1673000
brk(0x16741c0)                          = 0x16741c0
arch_prctl(ARCH_SET_FS, 0x1673880)      = 0
brk(0x16951c0)                          = 0x16951c0
brk(0x1696000)                          = 0x1696000
open("../inputs/scr/s205_0.sed", O_RDONLY) = 3
fstat(3, {st_mode=S_IFREG|0644, st_size=109, ...}) = 0
mmap(NULL, 4096, PROT_READ|PROT_WRITE, MAP_PRIVATE|MAP_ANONYMOUS, -1, 0) = 0x7fb0b30cf000
read(3, "#n s/D with r, g, p, next\n\n/\\.\\."..., 4096) = 109
lseek(3, 0, SEEK_CUR)                   = 109
open("s205_0.wout", O_WRONLY|O_CREAT|O_TRUNC, 0666) = 4
read(3, "", 4096)                       = 0
close(3)                                = 0
munmap(0x7fb0b30cf000, 4096)            = 0
open("../inputs/default.in", O_RDONLY)  = 3
fstat(3, {st_mode=S_IFREG|0644, st_size=1741, ...}) = 0
mmap(NULL, 4096, PROT_READ|PROT_WRITE, MAP_PRIVATE|MAP_ANONYMOUS, -1, 0) = 0x7fb0b30cf000
read(3, "..@ A BLACK AND WHITE POEM\n\ni se"..., 4096) = 1741
fstat(4, {st_mode=S_IFREG|0664, st_size=0, ...}) = 0
mmap(NULL, 4096, PROT_READ|PROT_WRITE, MAP_PRIVATE|MAP_ANONYMOUS, -1, 0) = 0x7fb0b30ce000
write(4, "..@_A_BLACK_AND_WHITE_POEM\n", 27) = 27
write(4, "i_see\n", 6)                  = 6
write(4, "black_and_white\n", 16)       = 16
write(4, "but_speak_red\n", 14)         = 14
write(4, "red_must_be_seen\n", 17)      = 17
write(4, "when_observed\n", 14)         = 14
write(4, "from_above\n", 11)            = 11
write(4, "i_see\n", 6)                  = 6
write(4, "black_and_white\n", 16)       = 16
write(4, "but_count_white\n", 16)       = 16
write(4, "for_it_is_stronger\n", 19)    = 19
write(4, "when_increased\n", 15)        = 15
write(4, "in_intensity\n", 13)          = 13
write(4, "i_see\n", 6)                  = 6
write(4, "black_and_white\n", 16)       = 16
write(4, "but_feel_blue\n", 14)         = 14
write(4, "due_to_contrast\n", 16)       = 16
write(4, "that_forces_me\n", 15)        = 15
write(4, "to_face_black_truth\n", 20)   = 20
write(4, "..@_ON_DOGS_AND_CATS\n", 21)  = 21
write(4, "\"The_Dog_and_The_Cat\"\n", 22) = 22
write(4, "oh_yes,_the_dog_and_the_cat\n", 28) = 28
write(4, "two_gentle_friends_of_man\n", 26) = 26
write(4, "loyal_companions_they_are\n", 26) = 26
write(4, "these_dogs_and_cats\n", 20)   = 20
write(4, "blessed_are_we_to_be_graced\n", 28) = 28
write(4, "with_their_presence_on_earth\n", 29) = 29
write(4, "oh_yes,_the_dog_and_the_cat\n", 28) = 28
write(4, "here's_to_you,_oh_ye_dogs_and_ye"..., 38) = 38
write(4, "fin.__\"The_Dog_and_The_Cat\"\n", 28) = 28
write(4, "..@_FUNNY_NUMBERS\n", 18)     = 18
write(4, "..@_SILLY_BLANK_LINES\n", 22) = 22
write(4, "This_line_is_followed_by_1_blank"..., 39) = 39
write(4, "This_line_is_followed_by_2_blank"..., 40) = 40
write(4, "This_line_is_followed_by_3_blank"..., 40) = 40
write(4, "This_line_is_followed_by_4_blank"..., 40) = 40
write(4, "This_is_the_end.\n", 17)      = 17
write(4, "..@_UNIX_HAX\n", 13)          = 13
write(4, "Here_are_examples_of_the_UNIX\n", 30) = 30
write(4, "System.__Where_UNIX\n", 20)   = 20
write(4, "System_appears,_it_should_be_the"..., 38) = 38
write(4, "Operating_System.\n", 18)     = 18
write(4, "..@_OPERATOR_GUIDE\n", 19)    = 19
write(4, "Consult_Section_3.1_in_the_Owner"..., 46) = 46
write(4, "Guide_for_a_description_of_the_t"..., 43) = 43
write(4, "available_on_your_system.\n", 26) = 26
write(4, "Look_in_the_Owner_and_Operator_G"..., 63) = 63
write(4, "Two_manuals_are_provided_includi"..., 49) = 49
write(4, "Operator_Guide_in_the_User_Guide"..., 34) = 34
write(4, "The_Owner_and_Operator_Guide_is_"..., 57) = 57
write(4, "..@_QUOTED_ARGUMENTS\n", 21)  = 21
write(4, "argv._\"leia\"_\"han_solo\"_\"luke_sk"..., 41) = 41
write(4, "argv._\"darth_vader\"_\"jar_jar\"\n", 30) = 30
write(4, "argv._\"palpatine\"\n", 18)   = 18
write(4, "..@_COMPANY_LIST\n", 17)      = 17
open("../inputs/company.list", O_RDONLY) = 5
fstat(5, {st_mode=S_IFREG|0644, st_size=82, ...}) = 0
mmap(NULL, 4096, PROT_READ|PROT_WRITE, MAP_PRIVATE|MAP_ANONYMOUS, -1, 0) = 0x7fb0b30cd000
read(5, "United Airlines\nMicrosoft\nApple\n"..., 8192) = 82
read(5, "", 4096)                       = 0
fstat(1, {st_mode=S_IFREG|0664, st_size=0, ...}) = 0
mmap(NULL, 4096, PROT_READ|PROT_WRITE, MAP_PRIVATE|MAP_ANONYMOUS, -1, 0) = 0x7fb0b30cc000
read(5, "", 8192)                       = 0
close(5)                                = 0
munmap(0x7fb0b30cd000, 4096)            = 0
write(4, "..@_ESCAPE_CHARACTERS\n", 22) = 22
write(4, "\33_\3_\4\n", 6)              = 6
write(4, "..@_EMPLOYEES\n", 14)         = 14
write(4, "Adams,_Henrietta\tNortheast\n", 27) = 27
write(4, "Banks,_Freda\t\tSouth\n", 20) = 20
write(4, "Dennis,_Jim\t\tMidwest\n", 21) = 21
write(4, "Garvey,_Bill\t\tNortheast\n", 24) = 24
write(4, "Jeffries,_Jane\t\tWest\n", 21) = 21
write(4, "Madison,_Sylvia\t\tMidwest\n", 25) = 25
write(4, "Sommes,_Tom\t\tSouth\n", 19)  = 19
write(4, "Barley,_Carol\t\tWest\n", 20) = 20
write(4, "..@_FOR_MY_CHAR_CLASSES\n", 24) = 24
write(4, "look_snooker_book,_oooooh!\n", 27) = 27
write(4, "and_band_frand_command_anderson."..., 33) = 33
read(3, "", 4096)                       = 0
close(3)                                = 0
munmap(0x7fb0b30cf000, 4096)            = 0
close(4)                                = 0
munmap(0x7fb0b30ce000, 4096)            = 0
write(1, "United Airlines\nMicrosoft\nApple\n"..., 82) = 82
close(1)                                = 0
munmap(0x7fb0b30cc000, 4096)            = 0
exit_group(4)                           = ?
