execve("../source/sed.exe.static", ["../source/sed.exe.static", "-f", "../inputs/scr/s209_0.sed", "../inputs/default.in"], [/* 44 vars */]) = 0
uname({sys="Linux", node="xmenxk-OptiPlex-7010", ...}) = 0
brk(0)                                  = 0x1040000
brk(0x10411c0)                          = 0x10411c0
arch_prctl(ARCH_SET_FS, 0x1040880)      = 0
brk(0x10621c0)                          = 0x10621c0
brk(0x1063000)                          = 0x1063000
open("../inputs/scr/s209_0.sed", O_RDONLY) = 3
fstat(3, {st_mode=S_IFREG|0644, st_size=95, ...}) = 0
mmap(NULL, 4096, PROT_READ|PROT_WRITE, MAP_PRIVATE|MAP_ANONYMOUS, -1, 0) = 0x7fadd4226000
read(3, "#n\n\n#s/D with next,  p, g, w\n\n/^"..., 4096) = 95
lseek(3, 0, SEEK_CUR)                   = 95
open("s209_0.wout", O_WRONLY|O_CREAT|O_TRUNC, 0666) = 4
read(3, "", 4096)                       = 0
close(3)                                = 0
munmap(0x7fadd4226000, 4096)            = 0
open("../inputs/default.in", O_RDONLY)  = 3
fstat(3, {st_mode=S_IFREG|0644, st_size=1741, ...}) = 0
mmap(NULL, 4096, PROT_READ|PROT_WRITE, MAP_PRIVATE|MAP_ANONYMOUS, -1, 0) = 0x7fadd4226000
read(3, "..@ A BLACK AND WHITE POEM\n\ni se"..., 4096) = 1741
read(3, "", 4096)                       = 0
close(3)                                = 0
munmap(0x7fadd4226000, 4096)            = 0
close(4)                                = 0
close(1)                                = 0
exit_group(4)                           = ?
