execve("../source/sed.exe.static", ["../source/sed.exe.static", "-f", "../inputs/scr/s210_0.sed", "../inputs/default.in"], [/* 44 vars */]) = 0
uname({sys="Linux", node="xmenxk-OptiPlex-7010", ...}) = 0
brk(0)                                  = 0x1299000
brk(0x129a1c0)                          = 0x129a1c0
arch_prctl(ARCH_SET_FS, 0x1299880)      = 0
brk(0x12bb1c0)                          = 0x12bb1c0
brk(0x12bc000)                          = 0x12bc000
open("../inputs/scr/s210_0.sed", O_RDONLY) = 3
fstat(3, {st_mode=S_IFREG|0644, st_size=146, ...}) = 0
mmap(NULL, 4096, PROT_READ|PROT_WRITE, MAP_PRIVATE|MAP_ANONYMOUS, -1, 0) = 0x7f8569db1000
read(3, "#n\n\n#s/D with gpw, Next\n\n/UNIX$/"..., 4096) = 146
lseek(3, 0, SEEK_CUR)                   = 146
open("s210_0.wout", O_WRONLY|O_CREAT|O_TRUNC, 0666) = 4
read(3, "", 4096)                       = 0
close(3)                                = 0
munmap(0x7f8569db1000, 4096)            = 0
open("../inputs/default.in", O_RDONLY)  = 3
fstat(3, {st_mode=S_IFREG|0644, st_size=1741, ...}) = 0
mmap(NULL, 4096, PROT_READ|PROT_WRITE, MAP_PRIVATE|MAP_ANONYMOUS, -1, 0) = 0x7f8569db1000
read(3, "..@ A BLACK AND WHITE POEM\n\ni se"..., 4096) = 1741
read(3, "", 4096)                       = 0
close(3)                                = 0
munmap(0x7f8569db1000, 4096)            = 0
close(4)                                = 0
close(1)                                = 0
exit_group(4)                           = ?
