execve("../source/sed.exe.static", ["../source/sed.exe.static", "-f", "../inputs/scr/s212_0.sed", "../inputs/default.in"], [/* 44 vars */]) = 0
uname({sys="Linux", node="xmenxk-OptiPlex-7010", ...}) = 0
brk(0)                                  = 0xac7000
brk(0xac81c0)                           = 0xac81c0
arch_prctl(ARCH_SET_FS, 0xac7880)       = 0
brk(0xae91c0)                           = 0xae91c0
brk(0xaea000)                           = 0xaea000
open("../inputs/scr/s212_0.sed", O_RDONLY) = 3
fstat(3, {st_mode=S_IFREG|0644, st_size=127, ...}) = 0
mmap(NULL, 4096, PROT_READ|PROT_WRITE, MAP_PRIVATE|MAP_ANONYMOUS, -1, 0) = 0x7fcf6af47000
read(3, "#n\n\n/UNIX$/{\n        N\n        /"..., 4096) = 127
lseek(3, 0, SEEK_CUR)                   = 127
open("s212_0.wout", O_WRONLY|O_CREAT|O_TRUNC, 0666) = 4
read(3, "", 4096)                       = 0
close(3)                                = 0
munmap(0x7fcf6af47000, 4096)            = 0
open("../inputs/default.in", O_RDONLY)  = 3
fstat(3, {st_mode=S_IFREG|0644, st_size=1741, ...}) = 0
mmap(NULL, 4096, PROT_READ|PROT_WRITE, MAP_PRIVATE|MAP_ANONYMOUS, -1, 0) = 0x7fcf6af47000
read(3, "..@ A BLACK AND WHITE POEM\n\ni se"..., 4096) = 1741
fstat(1, {st_mode=S_IFREG|0664, st_size=0, ...}) = 0
mmap(NULL, 4096, PROT_READ|PROT_WRITE, MAP_PRIVATE|MAP_ANONYMOUS, -1, 0) = 0x7fcf6af46000
read(3, "", 4096)                       = 0
close(3)                                = 0
munmap(0x7fcf6af47000, 4096)            = 0
close(4)                                = 0
write(1, "Here are examples of the UNIX Op"..., 72) = 72
close(1)                                = 0
munmap(0x7fcf6af46000, 4096)            = 0
exit_group(4)                           = ?
