execve("../source/sed.exe.static", ["../source/sed.exe.static", "-f", "../inputs/scr/s213_0.sed", "../inputs/default.in"], [/* 44 vars */]) = 0
uname({sys="Linux", node="xmenxk-OptiPlex-7010", ...}) = 0
brk(0)                                  = 0x2155000
brk(0x21561c0)                          = 0x21561c0
arch_prctl(ARCH_SET_FS, 0x2155880)      = 0
brk(0x21771c0)                          = 0x21771c0
brk(0x2178000)                          = 0x2178000
open("../inputs/scr/s213_0.sed", O_RDONLY) = 3
fstat(3, {st_mode=S_IFREG|0644, st_size=99, ...}) = 0
mmap(NULL, 4096, PROT_READ|PROT_WRITE, MAP_PRIVATE|MAP_ANONYMOUS, -1, 0) = 0x7f06c6a50000
read(3, "#n\n\n#s/D with gpw next and q\n\n/l"..., 4096) = 99
lseek(3, 0, SEEK_CUR)                   = 99
open("s213_0.wout", O_WRONLY|O_CREAT|O_TRUNC, 0666) = 4
read(3, "", 4096)                       = 0
close(3)                                = 0
munmap(0x7f06c6a50000, 4096)            = 0
open("../inputs/default.in", O_RDONLY)  = 3
fstat(3, {st_mode=S_IFREG|0644, st_size=1741, ...}) = 0
mmap(NULL, 4096, PROT_READ|PROT_WRITE, MAP_PRIVATE|MAP_ANONYMOUS, -1, 0) = 0x7f06c6a50000
read(3, "..@ A BLACK AND WHITE POEM\n\ni se"..., 4096) = 1741
fstat(1, {st_mode=S_IFREG|0664, st_size=0, ...}) = 0
mmap(NULL, 4096, PROT_READ|PROT_WRITE, MAP_PRIVATE|MAP_ANONYMOUS, -1, 0) = 0x7f06c6a4f000
lseek(3, -1047, SEEK_CUR)               = 694
close(3)                                = 0
munmap(0x7f06c6a50000, 4096)            = 0
close(4)                                = 0
write(1, "This LINE is followed by 1 blank"..., 39) = 39
close(1)                                = 0
munmap(0x7f06c6a4f000, 4096)            = 0
exit_group(4)                           = ?
