execve("../source/sed.exe.static", ["../source/sed.exe.static", "-f", "../inputs/scr/s216_0.sed", "../inputs/default.in"], [/* 44 vars */]) = 0
uname({sys="Linux", node="xmenxk-OptiPlex-7010", ...}) = 0
brk(0)                                  = 0xe6d000
brk(0xe6e1c0)                           = 0xe6e1c0
arch_prctl(ARCH_SET_FS, 0xe6d880)       = 0
brk(0xe8f1c0)                           = 0xe8f1c0
brk(0xe90000)                           = 0xe90000
open("../inputs/scr/s216_0.sed", O_RDONLY) = 3
fstat(3, {st_mode=S_IFREG|0644, st_size=158, ...}) = 0
mmap(NULL, 4096, PROT_READ|PROT_WRITE, MAP_PRIVATE|MAP_ANONYMOUS, -1, 0) = 0x7f9710a9a000
read(3, "#n\n\n#s/D gw, Next, Print, and qu"..., 4096) = 158
lseek(3, 0, SEEK_CUR)                   = 158
open("s216_0.wout", O_WRONLY|O_CREAT|O_TRUNC, 0666) = 4
read(3, "", 4096)                       = 0
close(3)                                = 0
munmap(0x7f9710a9a000, 4096)            = 0
open("../inputs/default.in", O_RDONLY)  = 3
fstat(3, {st_mode=S_IFREG|0644, st_size=1741, ...}) = 0
mmap(NULL, 4096, PROT_READ|PROT_WRITE, MAP_PRIVATE|MAP_ANONYMOUS, -1, 0) = 0x7f9710a9a000
read(3, "..@ A BLACK AND WHITE POEM\n\ni se"..., 4096) = 1741
fstat(1, {st_mode=S_IFREG|0664, st_size=0, ...}) = 0
mmap(NULL, 4096, PROT_READ|PROT_WRITE, MAP_PRIVATE|MAP_ANONYMOUS, -1, 0) = 0x7f9710a99000
read(3, "", 4096)                       = 0
close(3)                                = 0
munmap(0x7f9710a9a000, 4096)            = 0
close(4)                                = 0
write(1, "This LINE is followed by 1 blank"..., 39) = 39
close(1)                                = 0
munmap(0x7f9710a99000, 4096)            = 0
exit_group(4)                           = ?
