execve("../source/sed.exe.static", ["../source/sed.exe.static", "-f", "../inputs/scr/s219_0.sed", "../inputs/default.in"], [/* 44 vars */]) = 0
uname({sys="Linux", node="xmenxk-OptiPlex-7010", ...}) = 0
brk(0)                                  = 0xf55000
brk(0xf561c0)                           = 0xf561c0
arch_prctl(ARCH_SET_FS, 0xf55880)       = 0
brk(0xf771c0)                           = 0xf771c0
brk(0xf78000)                           = 0xf78000
open("../inputs/scr/s219_0.sed", O_RDONLY) = 3
fstat(3, {st_mode=S_IFREG|0644, st_size=85, ...}) = 0
mmap(NULL, 4096, PROT_READ|PROT_WRITE, MAP_PRIVATE|MAP_ANONYMOUS, -1, 0) = 0x7f9e69ed4000
read(3, "#n\n\n#s/D gw, P, next\n\ns/cat/TIGE"..., 4096) = 85
lseek(3, 0, SEEK_CUR)                   = 85
open("s219_0.wout", O_WRONLY|O_CREAT|O_TRUNC, 0666) = 4
read(3, "", 4096)                       = 0
close(3)                                = 0
munmap(0x7f9e69ed4000, 4096)            = 0
open("../inputs/default.in", O_RDONLY)  = 3
fstat(3, {st_mode=S_IFREG|0644, st_size=1741, ...}) = 0
mmap(NULL, 4096, PROT_READ|PROT_WRITE, MAP_PRIVATE|MAP_ANONYMOUS, -1, 0) = 0x7f9e69ed4000
read(3, "..@ A BLACK AND WHITE POEM\n\ni se"..., 4096) = 1741
fstat(4, {st_mode=S_IFREG|0664, st_size=0, ...}) = 0
mmap(NULL, 4096, PROT_READ|PROT_WRITE, MAP_PRIVATE|MAP_ANONYMOUS, -1, 0) = 0x7f9e69ed3000
write(4, "oh yes, the dog and the TIGER\n", 30) = 30
write(4, "these dogs and TIGERs\n", 22) = 22
write(4, "oh yes, the dog and the TIGER\n", 30) = 30
write(4, "here's to you, oh ye dogs and ye"..., 40) = 40
read(3, "", 4096)                       = 0
close(3)                                = 0
munmap(0x7f9e69ed4000, 4096)            = 0
close(4)                                = 0
munmap(0x7f9e69ed3000, 4096)            = 0
close(1)                                = 0
exit_group(4)                           = ?
