execve("../source/sed.exe.static", ["../source/sed.exe.static", "-f", "../inputs/scr/s223_0.sed", "../inputs/default.in"], [/* 44 vars */]) = 0
uname({sys="Linux", node="xmenxk-OptiPlex-7010", ...}) = 0
brk(0)                                  = 0x15df000
brk(0x15e01c0)                          = 0x15e01c0
arch_prctl(ARCH_SET_FS, 0x15df880)      = 0
brk(0x16011c0)                          = 0x16011c0
brk(0x1602000)                          = 0x1602000
open("../inputs/scr/s223_0.sed", O_RDONLY) = 3
fstat(3, {st_mode=S_IFREG|0644, st_size=88, ...}) = 0
mmap(NULL, 4096, PROT_READ|PROT_WRITE, MAP_PRIVATE|MAP_ANONYMOUS, -1, 0) = 0x7f2ef93a3000
read(3, "#n\n\n#append w/ print, next\n\n/\\.\\"..., 4096) = 88
lseek(3, 0, SEEK_CUR)                   = 88
read(3, "", 4096)                       = 0
close(3)                                = 0
munmap(0x7f2ef93a3000, 4096)            = 0
open("../inputs/default.in", O_RDONLY)  = 3
fstat(3, {st_mode=S_IFREG|0644, st_size=1741, ...}) = 0
mmap(NULL, 4096, PROT_READ|PROT_WRITE, MAP_PRIVATE|MAP_ANONYMOUS, -1, 0) = 0x7f2ef93a3000
read(3, "..@ A BLACK AND WHITE POEM\n\ni se"..., 4096) = 1741
fstat(1, {st_mode=S_IFREG|0664, st_size=0, ...}) = 0
mmap(NULL, 4096, PROT_READ|PROT_WRITE, MAP_PRIVATE|MAP_ANONYMOUS, -1, 0) = 0x7f2ef93a2000
read(3, "", 4096)                       = 0
close(3)                                = 0
munmap(0x7f2ef93a3000, 4096)            = 0
write(1, "i see\ni see\nblack and white\nbut "..., 1500) = 1500
close(1)                                = 0
munmap(0x7f2ef93a2000, 4096)            = 0
exit_group(4)                           = ?
