execve("../source/sed.exe.static", ["../source/sed.exe.static", "-f", "../inputs/scr/s225_0.sed", "../inputs/default.in"], [/* 44 vars */]) = 0
uname({sys="Linux", node="xmenxk-OptiPlex-7010", ...}) = 0
brk(0)                                  = 0x7e5000
brk(0x7e61c0)                           = 0x7e61c0
arch_prctl(ARCH_SET_FS, 0x7e5880)       = 0
brk(0x8071c0)                           = 0x8071c0
brk(0x808000)                           = 0x808000
open("../inputs/scr/s225_0.sed", O_RDONLY) = 3
fstat(3, {st_mode=S_IFREG|0644, st_size=58, ...}) = 0
mmap(NULL, 4096, PROT_READ|PROT_WRITE, MAP_PRIVATE|MAP_ANONYMOUS, -1, 0) = 0x7ff2c67e8000
read(3, "#n\n\n#insert\n\n/\\.\\.@/i\\\n<HEADER F"..., 4096) = 58
lseek(3, 0, SEEK_CUR)                   = 58
read(3, "", 4096)                       = 0
close(3)                                = 0
munmap(0x7ff2c67e8000, 4096)            = 0
open("../inputs/default.in", O_RDONLY)  = 3
fstat(3, {st_mode=S_IFREG|0644, st_size=1741, ...}) = 0
mmap(NULL, 4096, PROT_READ|PROT_WRITE, MAP_PRIVATE|MAP_ANONYMOUS, -1, 0) = 0x7ff2c67e8000
read(3, "..@ A BLACK AND WHITE POEM\n\ni se"..., 4096) = 1741
fstat(1, {st_mode=S_IFREG|0664, st_size=0, ...}) = 0
mmap(NULL, 4096, PROT_READ|PROT_WRITE, MAP_PRIVATE|MAP_ANONYMOUS, -1, 0) = 0x7ff2c67e7000
read(3, "", 4096)                       = 0
close(3)                                = 0
munmap(0x7ff2c67e8000, 4096)            = 0
write(1, "<HEADER FOUND>\nbut speak red\nwhe"..., 916) = 916
close(1)                                = 0
munmap(0x7ff2c67e7000, 4096)            = 0
exit_group(4)                           = ?
