execve("../source/sed.exe.static", ["../source/sed.exe.static", "-f", "../inputs/scr/s233_0.sed", "../inputs/default.in"], [/* 44 vars */]) = 0
uname({sys="Linux", node="xmenxk-OptiPlex-7010", ...}) = 0
brk(0)                                  = 0xb74000
brk(0xb751c0)                           = 0xb751c0
arch_prctl(ARCH_SET_FS, 0xb74880)       = 0
brk(0xb961c0)                           = 0xb961c0
brk(0xb97000)                           = 0xb97000
open("../inputs/scr/s233_0.sed", O_RDONLY) = 3
fstat(3, {st_mode=S_IFREG|0644, st_size=37, ...}) = 0
mmap(NULL, 4096, PROT_READ|PROT_WRITE, MAP_PRIVATE|MAP_ANONYMOUS, -1, 0) = 0x7f18480f2000
read(3, "#n\n\n#plain list\n\n/\\.\\.@/{\n\tn\n\tl\n"..., 4096) = 37
lseek(3, 0, SEEK_CUR)                   = 37
read(3, "", 4096)                       = 0
close(3)                                = 0
munmap(0x7f18480f2000, 4096)            = 0
open("../inputs/default.in", O_RDONLY)  = 3
fstat(3, {st_mode=S_IFREG|0644, st_size=1741, ...}) = 0
mmap(NULL, 4096, PROT_READ|PROT_WRITE, MAP_PRIVATE|MAP_ANONYMOUS, -1, 0) = 0x7f18480f2000
read(3, "..@ A BLACK AND WHITE POEM\n\ni se"..., 4096) = 1741
fstat(1, {st_mode=S_IFREG|0664, st_size=0, ...}) = 0
mmap(NULL, 4096, PROT_READ|PROT_WRITE, MAP_PRIVATE|MAP_ANONYMOUS, -1, 0) = 0x7f18480f1000
read(3, "", 4096)                       = 0
close(3)                                = 0
munmap(0x7f18480f2000, 4096)            = 0
write(1, "$\n\n\"The Dog and The Cat\"$\n\"The D"..., 413) = 413
close(1)                                = 0
munmap(0x7f18480f1000, 4096)            = 0
exit_group(4)                           = ?
