execve("../source/sed.exe.static", ["../source/sed.exe.static", "-f", "../inputs/scr/s236_0.sed", "../inputs/default.in"], [/* 44 vars */]) = 0
uname({sys="Linux", node="xmenxk-OptiPlex-7010", ...}) = 0
brk(0)                                  = 0xde6000
brk(0xde71c0)                           = 0xde71c0
arch_prctl(ARCH_SET_FS, 0xde6880)       = 0
brk(0xe081c0)                           = 0xe081c0
brk(0xe09000)                           = 0xe09000
open("../inputs/scr/s236_0.sed", O_RDONLY) = 3
fstat(3, {st_mode=S_IFREG|0644, st_size=59, ...}) = 0
mmap(NULL, 4096, PROT_READ|PROT_WRITE, MAP_PRIVATE|MAP_ANONYMOUS, -1, 0) = 0x7fa4cebb6000
read(3, "#n\n\n#plain list\n\n/\\.\\.@/{\n      "..., 4096) = 59
lseek(3, 0, SEEK_CUR)                   = 59
read(3, "", 4096)                       = 0
close(3)                                = 0
munmap(0x7fa4cebb6000, 4096)            = 0
open("../inputs/default.in", O_RDONLY)  = 3
fstat(3, {st_mode=S_IFREG|0644, st_size=1741, ...}) = 0
mmap(NULL, 4096, PROT_READ|PROT_WRITE, MAP_PRIVATE|MAP_ANONYMOUS, -1, 0) = 0x7fa4cebb6000
read(3, "..@ A BLACK AND WHITE POEM\n\ni se"..., 4096) = 1741
fstat(1, {st_mode=S_IFREG|0664, st_size=0, ...}) = 0
mmap(NULL, 4096, PROT_READ|PROT_WRITE, MAP_PRIVATE|MAP_ANONYMOUS, -1, 0) = 0x7fa4cebb5000
read(3, "", 4096)                       = 0
close(3)                                = 0
munmap(0x7fa4cebb6000, 4096)            = 0
write(1, "..@ A BLACK AND WHITE POEM\\n$\n.."..., 664) = 664
close(1)                                = 0
munmap(0x7fa4cebb5000, 4096)            = 0
exit_group(4)                           = ?
