execve("../source/sed.exe.static", ["../source/sed.exe.static", "-f", "../inputs/scr/s243_0.sed", "../inputs/default.in"], [/* 44 vars */]) = 0
uname({sys="Linux", node="xmenxk-OptiPlex-7010", ...}) = 0
brk(0)                                  = 0x1078000
brk(0x10791c0)                          = 0x10791c0
arch_prctl(ARCH_SET_FS, 0x1078880)      = 0
brk(0x109a1c0)                          = 0x109a1c0
brk(0x109b000)                          = 0x109b000
open("../inputs/scr/s243_0.sed", O_RDONLY) = 3
fstat(3, {st_mode=S_IFREG|0644, st_size=71, ...}) = 0
mmap(NULL, 4096, PROT_READ|PROT_WRITE, MAP_PRIVATE|MAP_ANONYMOUS, -1, 0) = 0x7fe6be26e000
read(3, "#n\n\n#w command (not flag)\n\n/Sout"..., 4096) = 71
lseek(3, 0, SEEK_CUR)                   = 71
open("s243_0.wout", O_WRONLY|O_CREAT|O_TRUNC, 0666) = 4
read(3, "", 4096)                       = 0
close(3)                                = 0
munmap(0x7fe6be26e000, 4096)            = 0
open("../inputs/default.in", O_RDONLY)  = 3
fstat(3, {st_mode=S_IFREG|0644, st_size=1741, ...}) = 0
mmap(NULL, 4096, PROT_READ|PROT_WRITE, MAP_PRIVATE|MAP_ANONYMOUS, -1, 0) = 0x7fe6be26e000
read(3, "..@ A BLACK AND WHITE POEM\n\ni se"..., 4096) = 1741
fstat(4, {st_mode=S_IFREG|0664, st_size=0, ...}) = 0
mmap(NULL, 4096, PROT_READ|PROT_WRITE, MAP_PRIVATE|MAP_ANONYMOUS, -1, 0) = 0x7fe6be26d000
write(4, "Dennis, Jim\t\tMidwest\n", 21) = 21
write(4, "Barley, Carol\t\tWest\n", 20) = 20
read(3, "", 4096)                       = 0
close(3)                                = 0
munmap(0x7fe6be26e000, 4096)            = 0
close(4)                                = 0
munmap(0x7fe6be26d000, 4096)            = 0
close(1)                                = 0
exit_group(4)                           = ?
