execve("../source/sed.exe.static", ["../source/sed.exe.static", "-f", "../inputs/scr/s244_0.sed", "../inputs/default.in"], [/* 44 vars */]) = 0
uname({sys="Linux", node="xmenxk-OptiPlex-7010", ...}) = 0
brk(0)                                  = 0x1191000
brk(0x11921c0)                          = 0x11921c0
arch_prctl(ARCH_SET_FS, 0x1191880)      = 0
brk(0x11b31c0)                          = 0x11b31c0
brk(0x11b4000)                          = 0x11b4000
open("../inputs/scr/s244_0.sed", O_RDONLY) = 3
fstat(3, {st_mode=S_IFREG|0644, st_size=71, ...}) = 0
mmap(NULL, 4096, PROT_READ|PROT_WRITE, MAP_PRIVATE|MAP_ANONYMOUS, -1, 0) = 0x7fa9e0059000
read(3, "#n\n\n#w command (not flag)\n\n/Sout"..., 4096) = 71
lseek(3, 0, SEEK_CUR)                   = 71
open("s244_0.wout", O_WRONLY|O_CREAT|O_TRUNC, 0666) = 4
read(3, "", 4096)                       = 0
close(3)                                = 0
munmap(0x7fa9e0059000, 4096)            = 0
open("../inputs/default.in", O_RDONLY)  = 3
fstat(3, {st_mode=S_IFREG|0644, st_size=1741, ...}) = 0
mmap(NULL, 4096, PROT_READ|PROT_WRITE, MAP_PRIVATE|MAP_ANONYMOUS, -1, 0) = 0x7fa9e0059000
read(3, "..@ A BLACK AND WHITE POEM\n\ni se"..., 4096) = 1741
fstat(4, {st_mode=S_IFREG|0664, st_size=0, ...}) = 0
mmap(NULL, 4096, PROT_READ|PROT_WRITE, MAP_PRIVATE|MAP_ANONYMOUS, -1, 0) = 0x7fa9e0058000
write(4, "Banks, Freda\t\tSouth\nDennis, Jim\t"..., 41) = 41
write(4, "Sommes, Tom\t\tSouth\nBarley, Carol"..., 39) = 39
read(3, "", 4096)                       = 0
close(3)                                = 0
munmap(0x7fa9e0059000, 4096)            = 0
close(4)                                = 0
munmap(0x7fa9e0058000, 4096)            = 0
close(1)                                = 0
exit_group(4)                           = ?
