execve("../source/sed.exe.static", ["../source/sed.exe.static", "-f", "../inputs/scr/s245_0.sed", "../inputs/default.in"], [/* 44 vars */]) = 0
uname({sys="Linux", node="xmenxk-OptiPlex-7010", ...}) = 0
brk(0)                                  = 0xdb3000
brk(0xdb41c0)                           = 0xdb41c0
arch_prctl(ARCH_SET_FS, 0xdb3880)       = 0
brk(0xdd51c0)                           = 0xdd51c0
brk(0xdd6000)                           = 0xdd6000
open("../inputs/scr/s245_0.sed", O_RDONLY) = 3
fstat(3, {st_mode=S_IFREG|0644, st_size=29, ...}) = 0
mmap(NULL, 4096, PROT_READ|PROT_WRITE, MAP_PRIVATE|MAP_ANONYMOUS, -1, 0) = 0x7f216617a000
read(3, "#n\n\n#quit and next\n\n2,5n;p;q\n", 4096) = 29
lseek(3, 0, SEEK_CUR)                   = 29
read(3, "", 4096)                       = 0
close(3)                                = 0
munmap(0x7f216617a000, 4096)            = 0
open("../inputs/default.in", O_RDONLY)  = 3
fstat(3, {st_mode=S_IFREG|0644, st_size=1741, ...}) = 0
mmap(NULL, 4096, PROT_READ|PROT_WRITE, MAP_PRIVATE|MAP_ANONYMOUS, -1, 0) = 0x7f216617a000
read(3, "..@ A BLACK AND WHITE POEM\n\ni se"..., 4096) = 1741
fstat(1, {st_mode=S_IFREG|0664, st_size=0, ...}) = 0
mmap(NULL, 4096, PROT_READ|PROT_WRITE, MAP_PRIVATE|MAP_ANONYMOUS, -1, 0) = 0x7f2166179000
lseek(3, -1714, SEEK_CUR)               = 27
close(3)                                = 0
munmap(0x7f216617a000, 4096)            = 0
write(1, "..@ A BLACK AND WHITE POEM\n", 27) = 27
close(1)                                = 0
munmap(0x7f2166179000, 4096)            = 0
exit_group(4)                           = ?
