execve("../source/sed.exe.static", ["../source/sed.exe.static", "-f", "../inputs/scr/s247_0.sed", "../inputs/default.in"], [/* 44 vars */]) = 0
uname({sys="Linux", node="xmenxk-OptiPlex-7010", ...}) = 0
brk(0)                                  = 0x212b000
brk(0x212c1c0)                          = 0x212c1c0
arch_prctl(ARCH_SET_FS, 0x212b880)      = 0
brk(0x214d1c0)                          = 0x214d1c0
brk(0x214e000)                          = 0x214e000
open("../inputs/scr/s247_0.sed", O_RDONLY) = 3
fstat(3, {st_mode=S_IFREG|0644, st_size=48, ...}) = 0
mmap(NULL, 4096, PROT_READ|PROT_WRITE, MAP_PRIVATE|MAP_ANONYMOUS, -1, 0) = 0x7fe283d4c000
read(3, "#n\n\n#crazy nexts\n\nn;n;n;n;n;n;n;"..., 4096) = 48
lseek(3, 0, SEEK_CUR)                   = 48
read(3, "", 4096)                       = 0
close(3)                                = 0
munmap(0x7fe283d4c000, 4096)            = 0
open("../inputs/default.in", O_RDONLY)  = 3
fstat(3, {st_mode=S_IFREG|0644, st_size=1741, ...}) = 0
mmap(NULL, 4096, PROT_READ|PROT_WRITE, MAP_PRIVATE|MAP_ANONYMOUS, -1, 0) = 0x7fe283d4c000
read(3, "..@ A BLACK AND WHITE POEM\n\ni se"..., 4096) = 1741
fstat(1, {st_mode=S_IFREG|0664, st_size=0, ...}) = 0
mmap(NULL, 4096, PROT_READ|PROT_WRITE, MAP_PRIVATE|MAP_ANONYMOUS, -1, 0) = 0x7fe283d4b000
read(3, "", 4096)                       = 0
close(3)                                = 0
munmap(0x7fe283d4c000, 4096)            = 0
write(1, "when increased\nwhen increased\nwh"..., 387) = 387
close(1)                                = 0
munmap(0x7fe283d4b000, 4096)            = 0
exit_group(4)                           = ?
