execve("../source/sed.exe.static", ["../source/sed.exe.static", "-f", "../inputs/scr/s25_0.sed", "../inputs/default.in"], [/* 44 vars */]) = 0
uname({sys="Linux", node="xmenxk-OptiPlex-7010", ...}) = 0
brk(0)                                  = 0x8d9000
brk(0x8da1c0)                           = 0x8da1c0
arch_prctl(ARCH_SET_FS, 0x8d9880)       = 0
brk(0x8fb1c0)                           = 0x8fb1c0
brk(0x8fc000)                           = 0x8fc000
open("../inputs/scr/s25_0.sed", O_RDONLY) = 3
fstat(3, {st_mode=S_IFREG|0644, st_size=26, ...}) = 0
mmap(NULL, 4096, PROT_READ|PROT_WRITE, MAP_PRIVATE|MAP_ANONYMOUS, -1, 0) = 0x7f881e291000
read(3, "/1/{ \nH \nd \n} \n/2/{ \nG \n}\n", 4096) = 26
read(3, "", 4096)                       = 0
close(3)                                = 0
munmap(0x7f881e291000, 4096)            = 0
open("../inputs/default.in", O_RDONLY)  = 3
fstat(3, {st_mode=S_IFREG|0644, st_size=1741, ...}) = 0
mmap(NULL, 4096, PROT_READ|PROT_WRITE, MAP_PRIVATE|MAP_ANONYMOUS, -1, 0) = 0x7f881e291000
read(3, "..@ A BLACK AND WHITE POEM\n\ni se"..., 4096) = 1741
fstat(1, {st_mode=S_IFREG|0664, st_size=0, ...}) = 0
mmap(NULL, 4096, PROT_READ|PROT_WRITE, MAP_PRIVATE|MAP_ANONYMOUS, -1, 0) = 0x7f881e290000
read(3, "", 4096)                       = 0
close(3)                                = 0
munmap(0x7f881e291000, 4096)            = 0
write(1, "..@ A BLACK AND WHITE POEM\n\ni se"..., 1730) = 1730
close(1)                                = 0
munmap(0x7f881e290000, 4096)            = 0
exit_group(4)                           = ?
