execve("../source/sed.exe.static", ["../source/sed.exe.static", "-e", "s/cat/dog/gw s251_0.wout", "../inputs/default.in"], [/* 44 vars */]) = 0
uname({sys="Linux", node="xmenxk-OptiPlex-7010", ...}) = 0
brk(0)                                  = 0x20f9000
brk(0x20fa1c0)                          = 0x20fa1c0
arch_prctl(ARCH_SET_FS, 0x20f9880)      = 0
brk(0x211b1c0)                          = 0x211b1c0
brk(0x211c000)                          = 0x211c000
open("s251_0.wout", O_WRONLY|O_CREAT|O_TRUNC, 0666) = 3
open("../inputs/default.in", O_RDONLY)  = 4
fstat(4, {st_mode=S_IFREG|0644, st_size=1741, ...}) = 0
mmap(NULL, 4096, PROT_READ|PROT_WRITE, MAP_PRIVATE|MAP_ANONYMOUS, -1, 0) = 0x7fe73aeb1000
read(4, "..@ A BLACK AND WHITE POEM\n\ni se"..., 4096) = 1741
fstat(1, {st_mode=S_IFREG|0664, st_size=0, ...}) = 0
mmap(NULL, 4096, PROT_READ|PROT_WRITE, MAP_PRIVATE|MAP_ANONYMOUS, -1, 0) = 0x7fe73aeb0000
fstat(3, {st_mode=S_IFREG|0664, st_size=0, ...}) = 0
mmap(NULL, 4096, PROT_READ|PROT_WRITE, MAP_PRIVATE|MAP_ANONYMOUS, -1, 0) = 0x7fe73aeaf000
write(3, "oh yes, the dog and the dog\n", 28) = 28
write(3, "these dogs and dogs\n", 20)   = 20
write(3, "oh yes, the dog and the dog\n", 28) = 28
write(3, "here's to you, oh ye dogs and ye"..., 38) = 38
read(4, "", 4096)                       = 0
close(4)                                = 0
munmap(0x7fe73aeb1000, 4096)            = 0
close(3)                                = 0
munmap(0x7fe73aeaf000, 4096)            = 0
write(1, "..@ A BLACK AND WHITE POEM\n\ni se"..., 1741) = 1741
close(1)                                = 0
munmap(0x7fe73aeb0000, 4096)            = 0
exit_group(4)                           = ?
