execve("../source/sed.exe.static", ["../source/sed.exe.static", "-e", "1,5p; s/dog/DOG/gw s252_0.wout", "../inputs/default.in"], [/* 44 vars */]) = 0
uname({sys="Linux", node="xmenxk-OptiPlex-7010", ...}) = 0
brk(0)                                  = 0x1ea1000
brk(0x1ea21c0)                          = 0x1ea21c0
arch_prctl(ARCH_SET_FS, 0x1ea1880)      = 0
brk(0x1ec31c0)                          = 0x1ec31c0
brk(0x1ec4000)                          = 0x1ec4000
open("s252_0.wout", O_WRONLY|O_CREAT|O_TRUNC, 0666) = 3
open("../inputs/default.in", O_RDONLY)  = 4
fstat(4, {st_mode=S_IFREG|0644, st_size=1741, ...}) = 0
mmap(NULL, 4096, PROT_READ|PROT_WRITE, MAP_PRIVATE|MAP_ANONYMOUS, -1, 0) = 0x7f4599c53000
read(4, "..@ A BLACK AND WHITE POEM\n\ni se"..., 4096) = 1741
fstat(1, {st_mode=S_IFREG|0664, st_size=0, ...}) = 0
mmap(NULL, 4096, PROT_READ|PROT_WRITE, MAP_PRIVATE|MAP_ANONYMOUS, -1, 0) = 0x7f4599c52000
fstat(3, {st_mode=S_IFREG|0664, st_size=0, ...}) = 0
mmap(NULL, 4096, PROT_READ|PROT_WRITE, MAP_PRIVATE|MAP_ANONYMOUS, -1, 0) = 0x7f4599c51000
write(3, "oh yes, the DOG and the cat\n", 28) = 28
write(3, "these DOGs and cats\n", 20)   = 20
write(3, "oh yes, the DOG and the cat\n", 28) = 28
write(3, "here's to you, oh ye DOGs and ye"..., 38) = 38
read(4, "", 4096)                       = 0
close(4)                                = 0
munmap(0x7f4599c53000, 4096)            = 0
close(3)                                = 0
munmap(0x7f4599c51000, 4096)            = 0
write(1, "..@ A BLACK AND WHITE POEM\n..@ A"..., 1805) = 1805
close(1)                                = 0
munmap(0x7f4599c52000, 4096)            = 0
exit_group(4)                           = ?
