execve("../source/sed.exe.static", ["../source/sed.exe.static", "-f", "../inputs/scr/s254_0.sed", "../inputs/default.in"], [/* 44 vars */]) = 0
uname({sys="Linux", node="xmenxk-OptiPlex-7010", ...}) = 0
brk(0)                                  = 0xaea000
brk(0xaeb1c0)                           = 0xaeb1c0
arch_prctl(ARCH_SET_FS, 0xaea880)       = 0
brk(0xb0c1c0)                           = 0xb0c1c0
brk(0xb0d000)                           = 0xb0d000
open("../inputs/scr/s254_0.sed", O_RDONLY) = 3
fstat(3, {st_mode=S_IFREG|0644, st_size=105, ...}) = 0
mmap(NULL, 4096, PROT_READ|PROT_WRITE, MAP_PRIVATE|MAP_ANONYMOUS, -1, 0) = 0x7fc407f38000
read(3, "#del and append\n\n/^$/{\n        a"..., 4096) = 105
read(3, "", 4096)                       = 0
close(3)                                = 0
munmap(0x7fc407f38000, 4096)            = 0
open("../inputs/default.in", O_RDONLY)  = 3
fstat(3, {st_mode=S_IFREG|0644, st_size=1741, ...}) = 0
mmap(NULL, 4096, PROT_READ|PROT_WRITE, MAP_PRIVATE|MAP_ANONYMOUS, -1, 0) = 0x7fc407f38000
read(3, "..@ A BLACK AND WHITE POEM\n\ni se"..., 4096) = 1741
fstat(1, {st_mode=S_IFREG|0664, st_size=0, ...}) = 0
mmap(NULL, 4096, PROT_READ|PROT_WRITE, MAP_PRIVATE|MAP_ANONYMOUS, -1, 0) = 0x7fc407f37000
read(3, "", 4096)                       = 0
close(3)                                = 0
munmap(0x7fc407f38000, 4096)            = 0
write(1, "..@ A BLACK AND WHITE POEM\n<AFTE"..., 4089) = 4089
close(1)                                = 0
munmap(0x7fc407f37000, 4096)            = 0
exit_group(4)                           = ?
