execve("../source/sed.exe.static", ["../source/sed.exe.static", "-f", "../inputs/scr/s255_0.sed", "../inputs/default.in"], [/* 44 vars */]) = 0
uname({sys="Linux", node="xmenxk-OptiPlex-7010", ...}) = 0
brk(0)                                  = 0x1865000
brk(0x18661c0)                          = 0x18661c0
arch_prctl(ARCH_SET_FS, 0x1865880)      = 0
brk(0x18871c0)                          = 0x18871c0
brk(0x1888000)                          = 0x1888000
open("../inputs/scr/s255_0.sed", O_RDONLY) = 3
fstat(3, {st_mode=S_IFREG|0644, st_size=57, ...}) = 0
mmap(NULL, 4096, PROT_READ|PROT_WRITE, MAP_PRIVATE|MAP_ANONYMOUS, -1, 0) = 0x7ff1dd49d000
read(3, "#del and insert\n\n/cat/{\n\ti\\\n<CAT"..., 4096) = 57
read(3, "", 4096)                       = 0
close(3)                                = 0
munmap(0x7ff1dd49d000, 4096)            = 0
open("../inputs/default.in", O_RDONLY)  = 3
fstat(3, {st_mode=S_IFREG|0644, st_size=1741, ...}) = 0
mmap(NULL, 4096, PROT_READ|PROT_WRITE, MAP_PRIVATE|MAP_ANONYMOUS, -1, 0) = 0x7ff1dd49d000
read(3, "..@ A BLACK AND WHITE POEM\n\ni se"..., 4096) = 1741
fstat(1, {st_mode=S_IFREG|0664, st_size=0, ...}) = 0
mmap(NULL, 4096, PROT_READ|PROT_WRITE, MAP_PRIVATE|MAP_ANONYMOUS, -1, 0) = 0x7ff1dd49c000
read(3, "", 4096)                       = 0
close(3)                                = 0
munmap(0x7ff1dd49d000, 4096)            = 0
write(1, "..@ A BLACK AND WHITE POEM\n\ni se"..., 1756) = 1756
close(1)                                = 0
munmap(0x7ff1dd49c000, 4096)            = 0
exit_group(4)                           = ?
