execve("../source/sed.exe.static", ["../source/sed.exe.static", "-f", "../inputs/scr/s256_0.sed", "../inputs/default.in"], [/* 44 vars */]) = 0
uname({sys="Linux", node="xmenxk-OptiPlex-7010", ...}) = 0
brk(0)                                  = 0xb12000
brk(0xb131c0)                           = 0xb131c0
arch_prctl(ARCH_SET_FS, 0xb12880)       = 0
brk(0xb341c0)                           = 0xb341c0
brk(0xb35000)                           = 0xb35000
open("../inputs/scr/s256_0.sed", O_RDONLY) = 3
fstat(3, {st_mode=S_IFREG|0644, st_size=79, ...}) = 0
mmap(NULL, 4096, PROT_READ|PROT_WRITE, MAP_PRIVATE|MAP_ANONYMOUS, -1, 0) = 0x7ff72c976000
read(3, "#del and insert\n\n/cat/{\n        "..., 4096) = 79
read(3, "", 4096)                       = 0
close(3)                                = 0
munmap(0x7ff72c976000, 4096)            = 0
open("../inputs/default.in", O_RDONLY)  = 3
fstat(3, {st_mode=S_IFREG|0644, st_size=1741, ...}) = 0
mmap(NULL, 4096, PROT_READ|PROT_WRITE, MAP_PRIVATE|MAP_ANONYMOUS, -1, 0) = 0x7ff72c976000
read(3, "..@ A BLACK AND WHITE POEM\n\ni se"..., 4096) = 1741
fstat(1, {st_mode=S_IFREG|0664, st_size=0, ...}) = 0
mmap(NULL, 4096, PROT_READ|PROT_WRITE, MAP_PRIVATE|MAP_ANONYMOUS, -1, 0) = 0x7ff72c975000
read(3, "", 4096)                       = 0
close(3)                                = 0
munmap(0x7ff72c976000, 4096)            = 0
write(1, "..@ A BLACK AND WHITE POEM\n\ni se"..., 1642) = 1642
close(1)                                = 0
munmap(0x7ff72c975000, 4096)            = 0
exit_group(4)                           = ?
