execve("../source/sed.exe.static", ["../source/sed.exe.static", "-f", "../inputs/scr/s260_0.sed", "../inputs/default.in"], [/* 44 vars */]) = 0
uname({sys="Linux", node="xmenxk-OptiPlex-7010", ...}) = 0
brk(0)                                  = 0x23f0000
brk(0x23f11c0)                          = 0x23f11c0
arch_prctl(ARCH_SET_FS, 0x23f0880)      = 0
brk(0x24121c0)                          = 0x24121c0
brk(0x2413000)                          = 0x2413000
open("../inputs/scr/s260_0.sed", O_RDONLY) = 3
fstat(3, {st_mode=S_IFREG|0644, st_size=47, ...}) = 0
mmap(NULL, 4096, PROT_READ|PROT_WRITE, MAP_PRIVATE|MAP_ANONYMOUS, -1, 0) = 0x7fda9603a000
read(3, "#del and list\n\n20,${\n\tN\n        "..., 4096) = 47
read(3, "", 4096)                       = 0
close(3)                                = 0
munmap(0x7fda9603a000, 4096)            = 0
open("../inputs/default.in", O_RDONLY)  = 3
fstat(3, {st_mode=S_IFREG|0644, st_size=1741, ...}) = 0
mmap(NULL, 4096, PROT_READ|PROT_WRITE, MAP_PRIVATE|MAP_ANONYMOUS, -1, 0) = 0x7fda9603a000
read(3, "..@ A BLACK AND WHITE POEM\n\ni se"..., 4096) = 1741
fstat(1, {st_mode=S_IFREG|0664, st_size=0, ...}) = 0
mmap(NULL, 4096, PROT_READ|PROT_WRITE, MAP_PRIVATE|MAP_ANONYMOUS, -1, 0) = 0x7fda96039000
read(3, "", 4096)                       = 0
close(3)                                = 0
munmap(0x7fda9603a000, 4096)            = 0
write(1, "..@ A BLACK AND WHITE POEM\n\ni se"..., 1859) = 1859
close(1)                                = 0
munmap(0x7fda96039000, 4096)            = 0
exit_group(4)                           = ?
