execve("../source/sed.exe.static", ["../source/sed.exe.static", "-f", "../inputs/scr/s262_0.sed", "../inputs/default.in"], [/* 44 vars */]) = 0
uname({sys="Linux", node="xmenxk-OptiPlex-7010", ...}) = 0
brk(0)                                  = 0x926000
brk(0x9271c0)                           = 0x9271c0
arch_prctl(ARCH_SET_FS, 0x926880)       = 0
brk(0x9481c0)                           = 0x9481c0
brk(0x949000)                           = 0x949000
open("../inputs/scr/s262_0.sed", O_RDONLY) = 3
fstat(3, {st_mode=S_IFREG|0644, st_size=53, ...}) = 0
mmap(NULL, 4096, PROT_READ|PROT_WRITE, MAP_PRIVATE|MAP_ANONYMOUS, -1, 0) = 0x7f83afd70000
read(3, "#del and transform (y)\n\n1,2{\n   "..., 4096) = 53
read(3, "", 4096)                       = 0
close(3)                                = 0
munmap(0x7f83afd70000, 4096)            = 0
open("../inputs/default.in", O_RDONLY)  = 3
fstat(3, {st_mode=S_IFREG|0644, st_size=1741, ...}) = 0
mmap(NULL, 4096, PROT_READ|PROT_WRITE, MAP_PRIVATE|MAP_ANONYMOUS, -1, 0) = 0x7f83afd70000
read(3, "..@ A BLACK AND WHITE POEM\n\ni se"..., 4096) = 1741
fstat(1, {st_mode=S_IFREG|0664, st_size=0, ...}) = 0
mmap(NULL, 4096, PROT_READ|PROT_WRITE, MAP_PRIVATE|MAP_ANONYMOUS, -1, 0) = 0x7f83afd6f000
read(3, "", 4096)                       = 0
close(3)                                = 0
munmap(0x7f83afd70000, 4096)            = 0
write(1, "i see\nblack and white\nbut speak "..., 1713) = 1713
close(1)                                = 0
munmap(0x7f83afd6f000, 4096)            = 0
exit_group(4)                           = ?
