execve("../source/sed.exe.static", ["../source/sed.exe.static", "-f", "../inputs/scr/s270_0.sed", "../inputs/default.in"], [/* 44 vars */]) = 0
uname({sys="Linux", node="xmenxk-OptiPlex-7010", ...}) = 0
brk(0)                                  = 0x15ba000
brk(0x15bb1c0)                          = 0x15bb1c0
arch_prctl(ARCH_SET_FS, 0x15ba880)      = 0
brk(0x15dc1c0)                          = 0x15dc1c0
brk(0x15dd000)                          = 0x15dd000
open("../inputs/scr/s270_0.sed", O_RDONLY) = 3
fstat(3, {st_mode=S_IFREG|0644, st_size=30, ...}) = 0
mmap(NULL, 4096, PROT_READ|PROT_WRITE, MAP_PRIVATE|MAP_ANONYMOUS, -1, 0) = 0x7f77e6c0c000
read(3, "#Lonesome Dove...err Del\n\nN;d\n", 4096) = 30
read(3, "", 4096)                       = 0
close(3)                                = 0
munmap(0x7f77e6c0c000, 4096)            = 0
open("../inputs/default.in", O_RDONLY)  = 3
fstat(3, {st_mode=S_IFREG|0644, st_size=1741, ...}) = 0
mmap(NULL, 4096, PROT_READ|PROT_WRITE, MAP_PRIVATE|MAP_ANONYMOUS, -1, 0) = 0x7f77e6c0c000
read(3, "..@ A BLACK AND WHITE POEM\n\ni se"..., 4096) = 1741
read(3, "", 4096)                       = 0
close(3)                                = 0
munmap(0x7f77e6c0c000, 4096)            = 0
close(1)                                = 0
exit_group(4)                           = ?
