execve("../source/sed.exe.static", ["../source/sed.exe.static", "-f", "../inputs/scr/s272_0.sed", "../inputs/default.in"], [/* 44 vars */]) = 0
uname({sys="Linux", node="xmenxk-OptiPlex-7010", ...}) = 0
brk(0)                                  = 0x20a3000
brk(0x20a41c0)                          = 0x20a41c0
arch_prctl(ARCH_SET_FS, 0x20a3880)      = 0
brk(0x20c51c0)                          = 0x20c51c0
brk(0x20c6000)                          = 0x20c6000
open("../inputs/scr/s272_0.sed", O_RDONLY) = 3
fstat(3, {st_mode=S_IFREG|0644, st_size=105, ...}) = 0
mmap(NULL, 4096, PROT_READ|PROT_WRITE, MAP_PRIVATE|MAP_ANONYMOUS, -1, 0) = 0x7fc134b28000
read(3, "#Del and append\n\n/^$/{\n        a"..., 4096) = 105
read(3, "", 4096)                       = 0
close(3)                                = 0
munmap(0x7fc134b28000, 4096)            = 0
open("../inputs/default.in", O_RDONLY)  = 3
fstat(3, {st_mode=S_IFREG|0644, st_size=1741, ...}) = 0
mmap(NULL, 4096, PROT_READ|PROT_WRITE, MAP_PRIVATE|MAP_ANONYMOUS, -1, 0) = 0x7fc134b28000
read(3, "..@ A BLACK AND WHITE POEM\n\ni se"..., 4096) = 1741
fstat(1, {st_mode=S_IFREG|0664, st_size=0, ...}) = 0
mmap(NULL, 4096, PROT_READ|PROT_WRITE, MAP_PRIVATE|MAP_ANONYMOUS, -1, 0) = 0x7fc134b27000
read(3, "", 4096)                       = 0
close(3)                                = 0
munmap(0x7fc134b28000, 4096)            = 0
write(1, "..@ A BLACK AND WHITE POEM\n<AFTE"..., 4089) = 4089
close(1)                                = 0
munmap(0x7fc134b27000, 4096)            = 0
exit_group(4)                           = ?
