execve("../source/sed.exe.static", ["../source/sed.exe.static", "-f", "../inputs/scr/s275_0.sed", "../inputs/default.in"], [/* 44 vars */]) = 0
uname({sys="Linux", node="xmenxk-OptiPlex-7010", ...}) = 0
brk(0)                                  = 0x1bf2000
brk(0x1bf31c0)                          = 0x1bf31c0
arch_prctl(ARCH_SET_FS, 0x1bf2880)      = 0
brk(0x1c141c0)                          = 0x1c141c0
brk(0x1c15000)                          = 0x1c15000
open("../inputs/scr/s275_0.sed", O_RDONLY) = 3
fstat(3, {st_mode=S_IFREG|0644, st_size=65, ...}) = 0
mmap(NULL, 4096, PROT_READ|PROT_WRITE, MAP_PRIVATE|MAP_ANONYMOUS, -1, 0) = 0x7fad1bf47000
read(3, "#Del and change\n\n/\\.\\.@/,/\\.$/c\\"..., 4096) = 65
read(3, "", 4096)                       = 0
close(3)                                = 0
munmap(0x7fad1bf47000, 4096)            = 0
open("../inputs/default.in", O_RDONLY)  = 3
fstat(3, {st_mode=S_IFREG|0644, st_size=1741, ...}) = 0
mmap(NULL, 4096, PROT_READ|PROT_WRITE, MAP_PRIVATE|MAP_ANONYMOUS, -1, 0) = 0x7fad1bf47000
read(3, "..@ A BLACK AND WHITE POEM\n\ni se"..., 4096) = 1741
fstat(1, {st_mode=S_IFREG|0664, st_size=0, ...}) = 0
mmap(NULL, 4096, PROT_READ|PROT_WRITE, MAP_PRIVATE|MAP_ANONYMOUS, -1, 0) = 0x7fad1bf46000
read(3, "", 4096)                       = 0
close(3)                                = 0
munmap(0x7fad1bf47000, 4096)            = 0
write(1, "<LOTS DELETED>\n<LOTS DELETED>\n<L"..., 60) = 60
close(1)                                = 0
munmap(0x7fad1bf46000, 4096)            = 0
exit_group(4)                           = ?
