execve("../source/sed.exe.static", ["../source/sed.exe.static", "-f", "../inputs/scr/s277_0.sed", "../inputs/default.in"], [/* 44 vars */]) = 0
uname({sys="Linux", node="xmenxk-OptiPlex-7010", ...}) = 0
brk(0)                                  = 0xb41000
brk(0xb421c0)                           = 0xb421c0
arch_prctl(ARCH_SET_FS, 0xb41880)       = 0
brk(0xb631c0)                           = 0xb631c0
brk(0xb64000)                           = 0xb64000
open("../inputs/scr/s277_0.sed", O_RDONLY) = 3
fstat(3, {st_mode=S_IFREG|0644, st_size=32, ...}) = 0
mmap(NULL, 4096, PROT_READ|PROT_WRITE, MAP_PRIVATE|MAP_ANONYMOUS, -1, 0) = 0x7f1fb431d000
read(3, "#Del and list\n\n20,${\n\tl\n\tn\n\tD\n}\n", 4096) = 32
read(3, "", 4096)                       = 0
close(3)                                = 0
munmap(0x7f1fb431d000, 4096)            = 0
open("../inputs/default.in", O_RDONLY)  = 3
fstat(3, {st_mode=S_IFREG|0644, st_size=1741, ...}) = 0
mmap(NULL, 4096, PROT_READ|PROT_WRITE, MAP_PRIVATE|MAP_ANONYMOUS, -1, 0) = 0x7f1fb431d000
read(3, "..@ A BLACK AND WHITE POEM\n\ni se"..., 4096) = 1741
fstat(1, {st_mode=S_IFREG|0664, st_size=0, ...}) = 0
mmap(NULL, 4096, PROT_READ|PROT_WRITE, MAP_PRIVATE|MAP_ANONYMOUS, -1, 0) = 0x7f1fb431c000
read(3, "", 4096)                       = 0
close(3)                                = 0
munmap(0x7f1fb431d000, 4096)            = 0
write(1, "..@ A BLACK AND WHITE POEM\n\ni se"..., 1888) = 1888
close(1)                                = 0
munmap(0x7f1fb431c000, 4096)            = 0
exit_group(4)                           = ?
