execve("../source/sed.exe.static", ["../source/sed.exe.static", "-f", "../inputs/scr/s28_0.sed", "../inputs/default.in"], [/* 44 vars */]) = 0
uname({sys="Linux", node="xmenxk-OptiPlex-7010", ...}) = 0
brk(0)                                  = 0xbe7000
brk(0xbe81c0)                           = 0xbe81c0
arch_prctl(ARCH_SET_FS, 0xbe7880)       = 0
brk(0xc091c0)                           = 0xc091c0
brk(0xc0a000)                           = 0xc0a000
open("../inputs/scr/s28_0.sed", O_RDONLY) = 3
fstat(3, {st_mode=S_IFREG|0644, st_size=76, ...}) = 0
mmap(NULL, 4096, PROT_READ|PROT_WRITE, MAP_PRIVATE|MAP_ANONYMOUS, -1, 0) = 0x7fc43875c000
read(3, "#multiple branch\n\n/^$/b two\ns/.*"..., 4096) = 76
read(3, "", 4096)                       = 0
close(3)                                = 0
munmap(0x7fc43875c000, 4096)            = 0
open("../inputs/default.in", O_RDONLY)  = 3
fstat(3, {st_mode=S_IFREG|0644, st_size=1741, ...}) = 0
mmap(NULL, 4096, PROT_READ|PROT_WRITE, MAP_PRIVATE|MAP_ANONYMOUS, -1, 0) = 0x7fc43875c000
read(3, "..@ A BLACK AND WHITE POEM\n\ni se"..., 4096) = 1741
fstat(1, {st_mode=S_IFREG|0664, st_size=0, ...}) = 0
mmap(NULL, 4096, PROT_READ|PROT_WRITE, MAP_PRIVATE|MAP_ANONYMOUS, -1, 0) = 0x7fc43875b000
read(3, "", 4096)                       = 0
close(3)                                = 0
munmap(0x7fc43875c000, 4096)            = 0
write(1, "--wasn't blank--\n--was blank--\n-"..., 1827) = 1827
close(1)                                = 0
munmap(0x7fc43875b000, 4096)            = 0
exit_group(4)                           = ?
