execve("../source/sed.exe.static", ["../source/sed.exe.static", "-f", "../inputs/scr/s282_0.sed", "../inputs/default.in"], [/* 44 vars */]) = 0
uname({sys="Linux", node="xmenxk-OptiPlex-7010", ...}) = 0
brk(0)                                  = 0xa53000
brk(0xa541c0)                           = 0xa541c0
arch_prctl(ARCH_SET_FS, 0xa53880)       = 0
brk(0xa751c0)                           = 0xa751c0
brk(0xa76000)                           = 0xa76000
open("../inputs/scr/s282_0.sed", O_RDONLY) = 3
fstat(3, {st_mode=S_IFREG|0644, st_size=90, ...}) = 0
mmap(NULL, 4096, PROT_READ|PROT_WRITE, MAP_PRIVATE|MAP_ANONYMOUS, -1, 0) = 0x7f71cfa96000
read(3, "#Del and fileread\n\n/\\.\\.@ COMPAN"..., 4096) = 90
read(3, "", 4096)                       = 0
close(3)                                = 0
munmap(0x7f71cfa96000, 4096)            = 0
open("../inputs/default.in", O_RDONLY)  = 3
fstat(3, {st_mode=S_IFREG|0644, st_size=1741, ...}) = 0
mmap(NULL, 4096, PROT_READ|PROT_WRITE, MAP_PRIVATE|MAP_ANONYMOUS, -1, 0) = 0x7f71cfa96000
read(3, "..@ A BLACK AND WHITE POEM\n\ni se"..., 4096) = 1741
fstat(1, {st_mode=S_IFREG|0664, st_size=0, ...}) = 0
mmap(NULL, 4096, PROT_READ|PROT_WRITE, MAP_PRIVATE|MAP_ANONYMOUS, -1, 0) = 0x7f71cfa95000
open("../inputs/company.list", O_RDONLY) = 4
fstat(4, {st_mode=S_IFREG|0644, st_size=82, ...}) = 0
mmap(NULL, 4096, PROT_READ|PROT_WRITE, MAP_PRIVATE|MAP_ANONYMOUS, -1, 0) = 0x7f71cfa94000
read(4, "United Airlines\nMicrosoft\nApple\n"..., 8192) = 82
read(4, "", 4096)                       = 0
read(4, "", 8192)                       = 0
close(4)                                = 0
munmap(0x7f71cfa94000, 4096)            = 0
read(3, "", 4096)                       = 0
close(3)                                = 0
munmap(0x7f71cfa96000, 4096)            = 0
write(1, "..@ A BLACK AND WHITE POEM\n\ni se"..., 1597) = 1597
close(1)                                = 0
munmap(0x7f71cfa95000, 4096)            = 0
exit_group(4)                           = ?
