execve("../source/sed.exe.static", ["../source/sed.exe.static", "-f", "../inputs/scr/s284_0.sed", "../inputs/default.in"], [/* 44 vars */]) = 0
uname({sys="Linux", node="xmenxk-OptiPlex-7010", ...}) = 0
brk(0)                                  = 0x112e000
brk(0x112f1c0)                          = 0x112f1c0
arch_prctl(ARCH_SET_FS, 0x112e880)      = 0
brk(0x11501c0)                          = 0x11501c0
brk(0x1151000)                          = 0x1151000
open("../inputs/scr/s284_0.sed", O_RDONLY) = 3
fstat(3, {st_mode=S_IFREG|0644, st_size=78, ...}) = 0
mmap(NULL, 4096, PROT_READ|PROT_WRITE, MAP_PRIVATE|MAP_ANONYMOUS, -1, 0) = 0x7fbdb7731000
read(3, "#Del and filewrite (w)\n\n/West$/{"..., 4096) = 78
open("s284_0.wout", O_WRONLY|O_CREAT|O_TRUNC, 0666) = 4
read(3, "", 4096)                       = 0
close(3)                                = 0
munmap(0x7fbdb7731000, 4096)            = 0
open("../inputs/default.in", O_RDONLY)  = 3
fstat(3, {st_mode=S_IFREG|0644, st_size=1741, ...}) = 0
mmap(NULL, 4096, PROT_READ|PROT_WRITE, MAP_PRIVATE|MAP_ANONYMOUS, -1, 0) = 0x7fbdb7731000
read(3, "..@ A BLACK AND WHITE POEM\n\ni se"..., 4096) = 1741
fstat(1, {st_mode=S_IFREG|0664, st_size=0, ...}) = 0
mmap(NULL, 4096, PROT_READ|PROT_WRITE, MAP_PRIVATE|MAP_ANONYMOUS, -1, 0) = 0x7fbdb7730000
fstat(4, {st_mode=S_IFREG|0664, st_size=0, ...}) = 0
mmap(NULL, 4096, PROT_READ|PROT_WRITE, MAP_PRIVATE|MAP_ANONYMOUS, -1, 0) = 0x7fbdb772f000
write(4, "Jeffries, Jane\t\tWest\nMadison, Sy"..., 46) = 46
write(4, "Barley, Carol\t\tWest\n\n", 21) = 21
read(3, "", 4096)                       = 0
close(3)                                = 0
munmap(0x7fbdb7731000, 4096)            = 0
close(4)                                = 0
munmap(0x7fbdb772f000, 4096)            = 0
write(1, "..@ A BLACK AND WHITE POEM\n\ni se"..., 1700) = 1700
close(1)                                = 0
munmap(0x7fbdb7730000, 4096)            = 0
exit_group(4)                           = ?
