execve("../source/sed.exe.static", ["../source/sed.exe.static", "-f", "../inputs/scr/s286_0.sed", "../inputs/default.in"], [/* 44 vars */]) = 0
uname({sys="Linux", node="xmenxk-OptiPlex-7010", ...}) = 0
brk(0)                                  = 0xe9d000
brk(0xe9e1c0)                           = 0xe9e1c0
arch_prctl(ARCH_SET_FS, 0xe9d880)       = 0
brk(0xebf1c0)                           = 0xebf1c0
brk(0xec0000)                           = 0xec0000
open("../inputs/scr/s286_0.sed", O_RDONLY) = 3
fstat(3, {st_mode=S_IFREG|0644, st_size=27, ...}) = 0
mmap(NULL, 4096, PROT_READ|PROT_WRITE, MAP_PRIVATE|MAP_ANONYMOUS, -1, 0) = 0x7f4020d8d000
read(3, "#del and quitty\n\n52q;N;D;N\n", 4096) = 27
read(3, "", 4096)                       = 0
close(3)                                = 0
munmap(0x7f4020d8d000, 4096)            = 0
open("../inputs/default.in", O_RDONLY)  = 3
fstat(3, {st_mode=S_IFREG|0644, st_size=1741, ...}) = 0
mmap(NULL, 4096, PROT_READ|PROT_WRITE, MAP_PRIVATE|MAP_ANONYMOUS, -1, 0) = 0x7f4020d8d000
read(3, "..@ A BLACK AND WHITE POEM\n\ni se"..., 4096) = 1741
fstat(1, {st_mode=S_IFREG|0664, st_size=0, ...}) = 0
mmap(NULL, 4096, PROT_READ|PROT_WRITE, MAP_PRIVATE|MAP_ANONYMOUS, -1, 0) = 0x7f4020d8c000
lseek(3, -1087, SEEK_CUR)               = 654
close(3)                                = 0
munmap(0x7f4020d8d000, 4096)            = 0
write(1, "..@ SILLY BLANK LINES\n", 22) = 22
close(1)                                = 0
munmap(0x7f4020d8c000, 4096)            = 0
exit_group(4)                           = ?
