execve("../source/sed.exe.static", ["../source/sed.exe.static", "-f", "../inputs/scr/s289_0.sed", "../inputs/default.in"], [/* 44 vars */]) = 0
uname({sys="Linux", node="xmenxk-OptiPlex-7010", ...}) = 0
brk(0)                                  = 0x1b68000
brk(0x1b691c0)                          = 0x1b691c0
arch_prctl(ARCH_SET_FS, 0x1b68880)      = 0
brk(0x1b8a1c0)                          = 0x1b8a1c0
brk(0x1b8b000)                          = 0x1b8b000
open("../inputs/scr/s289_0.sed", O_RDONLY) = 3
fstat(3, {st_mode=S_IFREG|0644, st_size=86, ...}) = 0
mmap(NULL, 4096, PROT_READ|PROT_WRITE, MAP_PRIVATE|MAP_ANONYMOUS, -1, 0) = 0x7f853cb6d000
read(3, "#sub and append\n\n20,50{\n\ta\\\n<APP"..., 4096) = 86
open("s289_0.wout", O_WRONLY|O_CREAT|O_TRUNC, 0666) = 4
read(3, "", 4096)                       = 0
close(3)                                = 0
munmap(0x7f853cb6d000, 4096)            = 0
open("../inputs/default.in", O_RDONLY)  = 3
fstat(3, {st_mode=S_IFREG|0644, st_size=1741, ...}) = 0
mmap(NULL, 4096, PROT_READ|PROT_WRITE, MAP_PRIVATE|MAP_ANONYMOUS, -1, 0) = 0x7f853cb6d000
read(3, "..@ A BLACK AND WHITE POEM\n\ni se"..., 4096) = 1741
fstat(4, {st_mode=S_IFREG|0664, st_size=0, ...}) = 0
mmap(NULL, 4096, PROT_READ|PROT_WRITE, MAP_PRIVATE|MAP_ANONYMOUS, -1, 0) = 0x7f853cb6c000
write(4, "     ..@ A BLACK AND WHITE POEM\n", 32) = 32
fstat(1, {st_mode=S_IFREG|0664, st_size=0, ...}) = 0
mmap(NULL, 4096, PROT_READ|PROT_WRITE, MAP_PRIVATE|MAP_ANONYMOUS, -1, 0) = 0x7f853cb6b000
write(4, "     \n", 6)                  = 6
write(4, "     i see\n", 11)            = 11
write(4, "     black and white\n", 21)  = 21
write(4, "     but speak red\n", 19)    = 19
write(4, "     red must be seen\n", 22) = 22
write(4, "     when observed\n", 19)    = 19
write(4, "     from above\n", 16)       = 16
write(4, "     i see\n", 11)            = 11
write(4, "     black and white\n", 21)  = 21
write(4, "     but count white\n", 21)  = 21
write(4, "     for it is stronger\n", 24) = 24
write(4, "     when increased\n", 20)   = 20
write(4, "     in intensity\n", 18)     = 18
write(4, "     i see\n", 11)            = 11
write(4, "     black and white\n", 21)  = 21
write(4, "     but feel blue\n", 19)    = 19
write(4, "     due to contrast\n", 21)  = 21
write(4, "     that forces me\n", 20)   = 20
write(4, "     to face black truth\n", 25) = 25
write(4, "     \n", 6)                  = 6
write(4, "     \n", 6)                  = 6
write(4, "     ..@ ON DOGS AND CATS\n", 26) = 26
write(4, "     \"The Dog and The Cat\"\n", 27) = 27
write(4, "     \n", 6)                  = 6
write(4, "     oh yes, the dog and the cat"..., 33) = 33
write(4, "     two gentle friends of man\n", 31) = 31
write(4, "     loyal companions they are\n", 31) = 31
write(4, "     these dogs and cats\n", 25) = 25
write(4, "     \n", 6)                  = 6
write(4, "     blessed are we to be graced"..., 33) = 33
write(4, "     with their presence on eart"..., 34) = 34
write(4, "     \n", 6)                  = 6
write(4, "     oh yes, the dog and the cat"..., 33) = 33
write(4, "     \n", 6)                  = 6
write(4, "     here's to you, oh ye dogs a"..., 43) = 43
write(4, "     \n", 6)                  = 6
write(4, "     fin.  \"The Dog and The Cat\""..., 33) = 33
write(4, "     \n", 6)                  = 6
write(4, "     ..@ FUNNY NUMBERS\n", 23) = 23
write(4, "     \n", 6)                  = 6
write(4, "     1\n", 7)                 = 7
write(4, "     2\n", 7)                 = 7
write(4, "     11\n", 8)                = 8
write(4, "     22\n", 8)                = 8
write(4, "     111\n", 9)               = 9
write(4, "     222\n", 9)               = 9
write(4, "     1111\n", 10)             = 10
write(4, "     2222222\n", 13)          = 13
write(4, "     \n", 6)                  = 6
write(4, "     \n", 6)                  = 6
write(4, "     ..@ SILLY BLANK LINES\n", 27) = 27
write(4, "     This line is followed by 1 "..., 44) = 44
write(4, "     \n", 6)                  = 6
write(4, "     This line is followed by 2 "..., 45) = 45
write(4, "     \n", 6)                  = 6
write(4, "     \n", 6)                  = 6
write(4, "     This line is followed by 3 "..., 45) = 45
write(4, "     \n", 6)                  = 6
write(4, "     \n", 6)                  = 6
write(4, "     \n", 6)                  = 6
write(4, "     This line is followed by 4 "..., 45) = 45
write(4, "     \n", 6)                  = 6
write(4, "     \n", 6)                  = 6
write(4, "     \n", 6)                  = 6
write(4, "     \n", 6)                  = 6
write(4, "     This is the end.\n", 22) = 22
write(4, "     \n", 6)                  = 6
write(4, "     \n", 6)                  = 6
write(4, "     ..@ UNIX HAX\n", 18)     = 18
write(4, "     Here are examples of the UN"..., 35) = 35
write(4, "     System.  Where UNIX\n", 25) = 25
write(4, "     System appears, it should b"..., 43) = 43
write(4, "     Operating System.\n", 23) = 23
write(4, "     \n", 6)                  = 6
write(4, "     \n", 6)                  = 6
write(4, "     ..@ OPERATOR GUIDE\n", 24) = 24
write(4, "     \n", 6)                  = 6
write(4, "     Consult Section 3.1 in the "..., 51) = 51
write(4, "     Guide for a description of "..., 48) = 48
write(4, "     available on your system.\n", 31) = 31
write(4, "     \n", 6)                  = 6
write(4, "     Look in the Owner and Opera"..., 68) = 68
write(4, "     \n", 6)                  = 6
write(4, "     Two manuals are provided in"..., 54) = 54
write(4, "     Operator Guide in the User "..., 39) = 39
write(4, "     \n", 6)                  = 6
write(4, "     The Owner and Operator Guid"..., 62) = 62
write(4, "     \n", 6)                  = 6
write(4, "     ..@ QUOTED ARGUMENTS\n", 26) = 26
write(4, "     argv. \"leia\" \"han solo\" \"lu"..., 46) = 46
write(4, "     argv. \"darth vader\" \"jar ja"..., 35) = 35
write(4, "     argv. \"palpatine\"\n", 23) = 23
write(4, "     \n", 6)                  = 6
write(4, "     ..@ COMPANY LIST\n", 22) = 22
write(4, "     \n", 6)                  = 6
write(4, "     \n", 6)                  = 6
write(4, "     ..@ ESCAPE CHARACTERS\n", 27) = 27
write(4, "     \33 \3 \4\n", 11)        = 11
write(4, "     \n", 6)                  = 6
write(4, "     \n", 6)                  = 6
write(4, "     ..@ EMPLOYEES\n", 19)    = 19
write(4, "     Adams, Henrietta\tNortheast\n", 32) = 32
write(4, "     Banks, Freda\t\tSouth\n", 25) = 25
write(4, "     Dennis, Jim\t\tMidwest\n", 26) = 26
write(4, "     Garvey, Bill\t\tNortheast\n", 29) = 29
write(4, "     Jeffries, Jane\t\tWest\n", 26) = 26
write(4, "     Madison, Sylvia\t\tMidwest\n", 30) = 30
write(4, "     Sommes, Tom\t\tSouth\n", 24) = 24
write(4, "     Barley, Carol\t\tWest\n", 25) = 25
write(4, "     \n", 6)                  = 6
write(4, "     ..@ FOR MY CHAR CLASSES\n", 29) = 29
write(4, "     look snooker book, oooooh!\n", 32) = 32
write(4, "     and band frand command ande"..., 38) = 38
read(3, "", 4096)                       = 0
close(3)                                = 0
munmap(0x7f853cb6d000, 4096)            = 0
close(4)                                = 0
munmap(0x7f853cb6c000, 4096)            = 0
write(1, "     ..@ A BLACK AND WHITE POEM\n"..., 3210) = 3210
close(1)                                = 0
munmap(0x7f853cb6b000, 4096)            = 0
exit_group(4)                           = ?
