execve("../source/sed.exe.static", ["../source/sed.exe.static", "-f", "../inputs/scr/s298_0.sed", "../inputs/default.in"], [/* 44 vars */]) = 0
uname({sys="Linux", node="xmenxk-OptiPlex-7010", ...}) = 0
brk(0)                                  = 0x2572000
brk(0x25731c0)                          = 0x25731c0
arch_prctl(ARCH_SET_FS, 0x2572880)      = 0
brk(0x25941c0)                          = 0x25941c0
brk(0x2595000)                          = 0x2595000
open("../inputs/scr/s298_0.sed", O_RDONLY) = 3
fstat(3, {st_mode=S_IFREG|0644, st_size=84, ...}) = 0
mmap(NULL, 4096, PROT_READ|PROT_WRITE, MAP_PRIVATE|MAP_ANONYMOUS, -1, 0) = 0x7ffc89d86000
read(3, "#sub and trans (y)\n\n\ny/b/Q/;y/B/"..., 4096) = 84
open("s298_0.wout", O_WRONLY|O_CREAT|O_TRUNC, 0666) = 4
read(3, "", 4096)                       = 0
close(3)                                = 0
munmap(0x7ffc89d86000, 4096)            = 0
open("../inputs/default.in", O_RDONLY)  = 3
fstat(3, {st_mode=S_IFREG|0644, st_size=1741, ...}) = 0
mmap(NULL, 4096, PROT_READ|PROT_WRITE, MAP_PRIVATE|MAP_ANONYMOUS, -1, 0) = 0x7ffc89d86000
read(3, "..@ A BLACK AND WHITE POEM\n\ni se"..., 4096) = 1741
fstat(1, {st_mode=S_IFREG|0664, st_size=0, ...}) = 0
mmap(NULL, 4096, PROT_READ|PROT_WRITE, MAP_PRIVATE|MAP_ANONYMOUS, -1, 0) = 0x7ffc89d85000
fstat(4, {st_mode=S_IFREG|0664, st_size=0, ...}) = 0
mmap(NULL, 4096, PROT_READ|PROT_WRITE, MAP_PRIVATE|MAP_ANONYMOUS, -1, 0) = 0x7ffc89d84000
write(4, "B-WORD\n", 7)                 = 7
write(4, "B-WORD\n", 7)                 = 7
write(4, "B-WORD\n", 7)                 = 7
write(4, "B-WORD\n", 7)                 = 7
write(4, "B-WORD\n", 7)                 = 7
write(4, "B-WORD\n", 7)                 = 7
write(4, "B-WORD\n", 7)                 = 7
read(3, "", 4096)                       = 0
close(3)                                = 0
munmap(0x7ffc89d86000, 4096)            = 0
close(4)                                = 0
munmap(0x7ffc89d84000, 4096)            = 0
write(1, "..@ A qLACK AND WHITE POEM\n\ni se"..., 1646) = 1646
close(1)                                = 0
munmap(0x7ffc89d85000, 4096)            = 0
exit_group(4)                           = ?
