execve("../source/sed.exe.static", ["../source/sed.exe.static", "-f", "../inputs/scr/s303_0.sed", "../inputs/default.in"], [/* 44 vars */]) = 0
uname({sys="Linux", node="xmenxk-OptiPlex-7010", ...}) = 0
brk(0)                                  = 0x1889000
brk(0x188a1c0)                          = 0x188a1c0
arch_prctl(ARCH_SET_FS, 0x1889880)      = 0
brk(0x18ab1c0)                          = 0x18ab1c0
brk(0x18ac000)                          = 0x18ac000
open("../inputs/scr/s303_0.sed", O_RDONLY) = 3
fstat(3, {st_mode=S_IFREG|0644, st_size=100, ...}) = 0
mmap(NULL, 4096, PROT_READ|PROT_WRITE, MAP_PRIVATE|MAP_ANONYMOUS, -1, 0) = 0x7fb2a173a000
read(3, "# sub + quit + global + next + w"..., 4096) = 100
open("s303_0.wout", O_WRONLY|O_CREAT|O_TRUNC, 0666) = 4
read(3, "", 4096)                       = 0
close(3)                                = 0
munmap(0x7fb2a173a000, 4096)            = 0
open("../inputs/default.in", O_RDONLY)  = 3
fstat(3, {st_mode=S_IFREG|0644, st_size=1741, ...}) = 0
mmap(NULL, 4096, PROT_READ|PROT_WRITE, MAP_PRIVATE|MAP_ANONYMOUS, -1, 0) = 0x7fb2a173a000
read(3, "..@ A BLACK AND WHITE POEM\n\ni se"..., 4096) = 1741
fstat(1, {st_mode=S_IFREG|0664, st_size=0, ...}) = 0
mmap(NULL, 4096, PROT_READ|PROT_WRITE, MAP_PRIVATE|MAP_ANONYMOUS, -1, 0) = 0x7fb2a1739000
read(3, "", 4096)                       = 0
close(3)                                = 0
munmap(0x7fb2a173a000, 4096)            = 0
close(4)                                = 0
write(1, "..@ A BLACK AND WHITE POEM\n\ni se"..., 1741) = 1741
close(1)                                = 0
munmap(0x7fb2a1739000, 4096)            = 0
exit_group(4)                           = ?
