execve("../source/sed.exe.static", ["../source/sed.exe.static", "-f", "../inputs/scr/s307_0.sed", "../inputs/default.in"], [/* 44 vars */]) = 0
uname({sys="Linux", node="xmenxk-OptiPlex-7010", ...}) = 0
brk(0)                                  = 0x1839000
brk(0x183a1c0)                          = 0x183a1c0
arch_prctl(ARCH_SET_FS, 0x1839880)      = 0
brk(0x185b1c0)                          = 0x185b1c0
brk(0x185c000)                          = 0x185c000
open("../inputs/scr/s307_0.sed", O_RDONLY) = 3
fstat(3, {st_mode=S_IFREG|0644, st_size=79, ...}) = 0
mmap(NULL, 4096, PROT_READ|PROT_WRITE, MAP_PRIVATE|MAP_ANONYMOUS, -1, 0) = 0x7f4bb9da6000
read(3, "#s/d with append\n\n/1/{\n\t/^1/{\n\t\t"..., 4096) = 79
open("s307_0.wout", O_WRONLY|O_CREAT|O_TRUNC, 0666) = 4
read(3, "", 4096)                       = 0
close(3)                                = 0
munmap(0x7f4bb9da6000, 4096)            = 0
open("../inputs/default.in", O_RDONLY)  = 3
fstat(3, {st_mode=S_IFREG|0644, st_size=1741, ...}) = 0
mmap(NULL, 4096, PROT_READ|PROT_WRITE, MAP_PRIVATE|MAP_ANONYMOUS, -1, 0) = 0x7f4bb9da6000
read(3, "..@ A BLACK AND WHITE POEM\n\ni se"..., 4096) = 1741
fstat(1, {st_mode=S_IFREG|0664, st_size=0, ...}) = 0
mmap(NULL, 4096, PROT_READ|PROT_WRITE, MAP_PRIVATE|MAP_ANONYMOUS, -1, 0) = 0x7f4bb9da5000
fstat(4, {st_mode=S_IFREG|0664, st_size=0, ...}) = 0
mmap(NULL, 4096, PROT_READ|PROT_WRITE, MAP_PRIVATE|MAP_ANONYMOUS, -1, 0) = 0x7f4bb9da4000
write(4, "<BEGAN W/ ONE>\n", 15)        = 15
write(4, "<BEGAN W/ ONE>\n", 15)        = 15
write(4, "<BEGAN W/ ONE>\n", 15)        = 15
write(4, "<BEGAN W/ ONE>\n", 15)        = 15
read(3, "", 4096)                       = 0
close(3)                                = 0
munmap(0x7f4bb9da6000, 4096)            = 0
close(4)                                = 0
munmap(0x7f4bb9da4000, 4096)            = 0
write(1, "..@ A BLACK AND WHITE POEM\n\ni se"..., 1642) = 1642
close(1)                                = 0
munmap(0x7f4bb9da5000, 4096)            = 0
exit_group(4)                           = ?
