execve("../source/sed.exe.static", ["../source/sed.exe.static", "-f", "../inputs/scr/s309_0.sed", "../inputs/default.in"], [/* 44 vars */]) = 0
uname({sys="Linux", node="xmenxk-OptiPlex-7010", ...}) = 0
brk(0)                                  = 0x1dc2000
brk(0x1dc31c0)                          = 0x1dc31c0
arch_prctl(ARCH_SET_FS, 0x1dc2880)      = 0
brk(0x1de41c0)                          = 0x1de41c0
brk(0x1de5000)                          = 0x1de5000
open("../inputs/scr/s309_0.sed", O_RDONLY) = 3
fstat(3, {st_mode=S_IFREG|0644, st_size=144, ...}) = 0
mmap(NULL, 4096, PROT_READ|PROT_WRITE, MAP_PRIVATE|MAP_ANONYMOUS, -1, 0) = 0x7fa86c7ea000
read(3, "\n#s/d with insert\n\ns/.*w.*/[foun"..., 4096) = 144
open("s309_0.wout", O_WRONLY|O_CREAT|O_TRUNC, 0666) = 4
read(3, "", 4096)                       = 0
close(3)                                = 0
munmap(0x7fa86c7ea000, 4096)            = 0
open("../inputs/default.in", O_RDONLY)  = 3
fstat(3, {st_mode=S_IFREG|0644, st_size=1741, ...}) = 0
mmap(NULL, 4096, PROT_READ|PROT_WRITE, MAP_PRIVATE|MAP_ANONYMOUS, -1, 0) = 0x7fa86c7ea000
read(3, "..@ A BLACK AND WHITE POEM\n\ni se"..., 4096) = 1741
fstat(1, {st_mode=S_IFREG|0664, st_size=0, ...}) = 0
mmap(NULL, 4096, PROT_READ|PROT_WRITE, MAP_PRIVATE|MAP_ANONYMOUS, -1, 0) = 0x7fa86c7e9000
fstat(4, {st_mode=S_IFREG|0664, st_size=0, ...}) = 0
mmap(NULL, 4096, PROT_READ|PROT_WRITE, MAP_PRIVATE|MAP_ANONYMOUS, -1, 0) = 0x7fa86c7e8000
write(4, "[found a 'w']\n", 14)         = 14
write(4, "[found a 'w']\n", 14)         = 14
write(4, "[found a 'w']\n", 14)         = 14
write(4, "[found a 'w']\n", 14)         = 14
write(4, "[found a 'w']\n", 14)         = 14
write(4, "[found a 'w']\n", 14)         = 14
write(4, "[found a 'w']\n", 14)         = 14
write(4, "[found a 'w']\n", 14)         = 14
write(4, "[found a 'w']\n", 14)         = 14
write(4, "[found a 'w']\n", 14)         = 14
write(4, "[found a 'w']\n", 14)         = 14
write(4, "[found a 'w']\n", 14)         = 14
write(4, "[found a 'w']\n", 14)         = 14
write(4, "[found a 'w']\n", 14)         = 14
write(4, "[found a 'w']\n", 14)         = 14
write(4, "[found a 'w']\n", 14)         = 14
write(4, "[found a 'w']\n", 14)         = 14
write(4, "[found a 'w']\n", 14)         = 14
read(3, "", 4096)                       = 0
close(3)                                = 0
munmap(0x7fa86c7ea000, 4096)            = 0
close(4)                                = 0
munmap(0x7fa86c7e8000, 4096)            = 0
write(1, "        --INSERTED ABOVE HEADER-"..., 2097) = 2097
close(1)                                = 0
munmap(0x7fa86c7e9000, 4096)            = 0
exit_group(4)                           = ?
