execve("../source/sed.exe.static", ["../source/sed.exe.static", "-f", "../inputs/scr/s324_0.sed", "../inputs/default.in"], [/* 44 vars */]) = 0
uname({sys="Linux", node="xmenxk-OptiPlex-7010", ...}) = 0
brk(0)                                  = 0x820000
brk(0x8211c0)                           = 0x8211c0
arch_prctl(ARCH_SET_FS, 0x820880)       = 0
brk(0x8421c0)                           = 0x8421c0
brk(0x843000)                           = 0x843000
open("../inputs/scr/s324_0.sed", O_RDONLY) = 3
fstat(3, {st_mode=S_IFREG|0644, st_size=41, ...}) = 0
mmap(NULL, 4096, PROT_READ|PROT_WRITE, MAP_PRIVATE|MAP_ANONYMOUS, -1, 0) = 0x7fadb72a8000
read(3, "#s/d alone\n\ns/1/ONE/gw s324_0.wo"..., 4096) = 41
open("s324_0.wout", O_WRONLY|O_CREAT|O_TRUNC, 0666) = 4
read(3, "", 4096)                       = 0
close(3)                                = 0
munmap(0x7fadb72a8000, 4096)            = 0
open("../inputs/default.in", O_RDONLY)  = 3
fstat(3, {st_mode=S_IFREG|0644, st_size=1741, ...}) = 0
mmap(NULL, 4096, PROT_READ|PROT_WRITE, MAP_PRIVATE|MAP_ANONYMOUS, -1, 0) = 0x7fadb72a8000
read(3, "..@ A BLACK AND WHITE POEM\n\ni se"..., 4096) = 1741
fstat(4, {st_mode=S_IFREG|0664, st_size=0, ...}) = 0
mmap(NULL, 4096, PROT_READ|PROT_WRITE, MAP_PRIVATE|MAP_ANONYMOUS, -1, 0) = 0x7fadb72a7000
write(4, "ONE\n", 4)                    = 4
write(4, "ONEONE\n", 7)                 = 7
write(4, "ONEONEONE\n", 10)             = 10
write(4, "ONEONEONEONE\n", 13)          = 13
write(4, "This line is followed by ONE bla"..., 41) = 41
write(4, "Consult Section 3.ONE in the Own"..., 48) = 48
read(3, "", 4096)                       = 0
close(3)                                = 0
munmap(0x7fadb72a8000, 4096)            = 0
close(4)                                = 0
munmap(0x7fadb72a7000, 4096)            = 0
close(1)                                = 0
exit_group(4)                           = ?
