execve("../source/sed.exe.static", ["../source/sed.exe.static", "-f", "../inputs/scr/s326_0.sed", "../inputs/default.in"], [/* 44 vars */]) = 0
uname({sys="Linux", node="xmenxk-OptiPlex-7010", ...}) = 0
brk(0)                                  = 0xa24000
brk(0xa251c0)                           = 0xa251c0
arch_prctl(ARCH_SET_FS, 0xa24880)       = 0
brk(0xa461c0)                           = 0xa461c0
brk(0xa47000)                           = 0xa47000
open("../inputs/scr/s326_0.sed", O_RDONLY) = 3
fstat(3, {st_mode=S_IFREG|0644, st_size=121, ...}) = 0
mmap(NULL, 4096, PROT_READ|PROT_WRITE, MAP_PRIVATE|MAP_ANONYMOUS, -1, 0) = 0x7f40e7cca000
read(3, "#s/D with append\n\n/1/{\n        /"..., 4096) = 121
open("s326_0.wout", O_WRONLY|O_CREAT|O_TRUNC, 0666) = 4
read(3, "", 4096)                       = 0
close(3)                                = 0
munmap(0x7f40e7cca000, 4096)            = 0
open("../inputs/default.in", O_RDONLY)  = 3
fstat(3, {st_mode=S_IFREG|0644, st_size=1741, ...}) = 0
mmap(NULL, 4096, PROT_READ|PROT_WRITE, MAP_PRIVATE|MAP_ANONYMOUS, -1, 0) = 0x7f40e7cca000
read(3, "..@ A BLACK AND WHITE POEM\n\ni se"..., 4096) = 1741
fstat(1, {st_mode=S_IFREG|0664, st_size=0, ...}) = 0
mmap(NULL, 4096, PROT_READ|PROT_WRITE, MAP_PRIVATE|MAP_ANONYMOUS, -1, 0) = 0x7f40e7cc9000
fstat(4, {st_mode=S_IFREG|0664, st_size=0, ...}) = 0
mmap(NULL, 4096, PROT_READ|PROT_WRITE, MAP_PRIVATE|MAP_ANONYMOUS, -1, 0) = 0x7f40e7cc8000
write(4, "<BEGAN W/ ONE>\n", 15)        = 15
write(4, "<BEGAN W/ ONE>\n", 15)        = 15
write(4, "<BEGAN W/ ONE>\n", 15)        = 15
write(4, "<BEGAN W/ ONE>\n", 15)        = 15
read(3, "", 4096)                       = 0
close(3)                                = 0
munmap(0x7f40e7cca000, 4096)            = 0
close(4)                                = 0
munmap(0x7f40e7cc8000, 4096)            = 0
write(1, "..@ A BLACK AND WHITE POEM\n\ni se"..., 1642) = 1642
close(1)                                = 0
munmap(0x7f40e7cc9000, 4096)            = 0
exit_group(4)                           = ?
