execve("../source/sed.exe.static", ["../source/sed.exe.static", "-f", "../inputs/scr/s329_0.sed", "../inputs/default.in"], [/* 44 vars */]) = 0
uname({sys="Linux", node="xmenxk-OptiPlex-7010", ...}) = 0
brk(0)                                  = 0x1959000
brk(0x195a1c0)                          = 0x195a1c0
arch_prctl(ARCH_SET_FS, 0x1959880)      = 0
brk(0x197b1c0)                          = 0x197b1c0
brk(0x197c000)                          = 0x197c000
open("../inputs/scr/s329_0.sed", O_RDONLY) = 3
fstat(3, {st_mode=S_IFREG|0644, st_size=122, ...}) = 0
mmap(NULL, 4096, PROT_READ|PROT_WRITE, MAP_PRIVATE|MAP_ANONYMOUS, -1, 0) = 0x7f57d1058000
read(3, "#s/D and change\n\n/white/!{\n     "..., 4096) = 122
open("s329_0.wout", O_WRONLY|O_CREAT|O_TRUNC, 0666) = 4
read(3, "", 4096)                       = 0
close(3)                                = 0
munmap(0x7f57d1058000, 4096)            = 0
open("../inputs/default.in", O_RDONLY)  = 3
fstat(3, {st_mode=S_IFREG|0644, st_size=1741, ...}) = 0
mmap(NULL, 4096, PROT_READ|PROT_WRITE, MAP_PRIVATE|MAP_ANONYMOUS, -1, 0) = 0x7f57d1058000
read(3, "..@ A BLACK AND WHITE POEM\n\ni se"..., 4096) = 1741
fstat(1, {st_mode=S_IFREG|0664, st_size=0, ...}) = 0
mmap(NULL, 4096, PROT_READ|PROT_WRITE, MAP_PRIVATE|MAP_ANONYMOUS, -1, 0) = 0x7f57d1057000
fstat(4, {st_mode=S_IFREG|0664, st_size=0, ...}) = 0
mmap(NULL, 4096, PROT_READ|PROT_WRITE, MAP_PRIVATE|MAP_ANONYMOUS, -1, 0) = 0x7f57d1056000
write(4, "brown and white\n", 16)       = 16
write(4, "brown and white\n", 16)       = 16
write(4, "brown and white\n", 16)       = 16
read(3, "", 4096)                       = 0
close(3)                                = 0
munmap(0x7f57d1058000, 4096)            = 0
close(4)                                = 0
munmap(0x7f57d1056000, 4096)            = 0
write(1, "        ---CHANGED A LINE---\n   "..., 3254) = 3254
close(1)                                = 0
munmap(0x7f57d1057000, 4096)            = 0
exit_group(4)                           = ?
