execve("../source/sed.exe.static", ["../source/sed.exe.static", "-f", "../inputs/scr/s332_0.sed", "../inputs/default.in"], [/* 44 vars */]) = 0
uname({sys="Linux", node="xmenxk-OptiPlex-7010", ...}) = 0
brk(0)                                  = 0x2402000
brk(0x24031c0)                          = 0x24031c0
arch_prctl(ARCH_SET_FS, 0x2402880)      = 0
brk(0x24241c0)                          = 0x24241c0
brk(0x2425000)                          = 0x2425000
open("../inputs/scr/s332_0.sed", O_RDONLY) = 3
fstat(3, {st_mode=S_IFREG|0644, st_size=91, ...}) = 0
mmap(NULL, 4096, PROT_READ|PROT_WRITE, MAP_PRIVATE|MAP_ANONYMOUS, -1, 0) = 0x7f3b01f6d000
read(3, "#s/D with list\n\n/\\.\\.@/{\n       "..., 4096) = 91
open("s332_0.wout", O_WRONLY|O_CREAT|O_TRUNC, 0666) = 4
read(3, "", 4096)                       = 0
close(3)                                = 0
munmap(0x7f3b01f6d000, 4096)            = 0
open("../inputs/default.in", O_RDONLY)  = 3
fstat(3, {st_mode=S_IFREG|0644, st_size=1741, ...}) = 0
mmap(NULL, 4096, PROT_READ|PROT_WRITE, MAP_PRIVATE|MAP_ANONYMOUS, -1, 0) = 0x7f3b01f6d000
read(3, "..@ A BLACK AND WHITE POEM\n\ni se"..., 4096) = 1741
fstat(1, {st_mode=S_IFREG|0664, st_size=0, ...}) = 0
mmap(NULL, 4096, PROT_READ|PROT_WRITE, MAP_PRIVATE|MAP_ANONYMOUS, -1, 0) = 0x7f3b01f6c000
fstat(4, {st_mode=S_IFREG|0664, st_size=0, ...}) = 0
mmap(NULL, 4096, PROT_READ|PROT_WRITE, MAP_PRIVATE|MAP_ANONYMOUS, -1, 0) = 0x7f3b01f6b000
write(4, "anything\n", 9)               = 9
write(4, "anything\n", 9)               = 9
write(4, "anything\n", 9)               = 9
write(4, "anything\n", 9)               = 9
write(4, "anything\n", 9)               = 9
write(4, "anything\n", 9)               = 9
write(4, "anything\n", 9)               = 9
write(4, "anything\n", 9)               = 9
write(4, "anything\n", 9)               = 9
write(4, "anything\n", 9)               = 9
write(4, "anything\n", 9)               = 9
read(3, "", 4096)                       = 0
close(3)                                = 0
munmap(0x7f3b01f6d000, 4096)            = 0
close(4)                                = 0
munmap(0x7f3b01f6b000, 4096)            = 0
write(1, "..@ A BLACK AND WHITE POEM\\n$\nan"..., 1982) = 1982
close(1)                                = 0
munmap(0x7f3b01f6c000, 4096)            = 0
exit_group(4)                           = ?
