execve("../source/sed.exe.static", ["../source/sed.exe.static", "-f", "../inputs/scr/s333_0.sed", "../inputs/default.in"], [/* 44 vars */]) = 0
uname({sys="Linux", node="xmenxk-OptiPlex-7010", ...}) = 0
brk(0)                                  = 0xc2b000
brk(0xc2c1c0)                           = 0xc2c1c0
arch_prctl(ARCH_SET_FS, 0xc2b880)       = 0
brk(0xc4d1c0)                           = 0xc4d1c0
brk(0xc4e000)                           = 0xc4e000
open("../inputs/scr/s333_0.sed", O_RDONLY) = 3
fstat(3, {st_mode=S_IFREG|0644, st_size=96, ...}) = 0
mmap(NULL, 4096, PROT_READ|PROT_WRITE, MAP_PRIVATE|MAP_ANONYMOUS, -1, 0) = 0x7f39b3613000
read(3, "#s/D with transform (y)\n\ns/ b.*/"..., 4096) = 96
open("s333_0.wout", O_WRONLY|O_CREAT|O_TRUNC, 0666) = 4
read(3, "", 4096)                       = 0
close(3)                                = 0
munmap(0x7f39b3613000, 4096)            = 0
open("../inputs/default.in", O_RDONLY)  = 3
fstat(3, {st_mode=S_IFREG|0644, st_size=1741, ...}) = 0
mmap(NULL, 4096, PROT_READ|PROT_WRITE, MAP_PRIVATE|MAP_ANONYMOUS, -1, 0) = 0x7f39b3613000
read(3, "..@ A BLACK AND WHITE POEM\n\ni se"..., 4096) = 1741
fstat(1, {st_mode=S_IFREG|0664, st_size=0, ...}) = 0
mmap(NULL, 4096, PROT_READ|PROT_WRITE, MAP_PRIVATE|MAP_ANONYMOUS, -1, 0) = 0x7f39b3612000
fstat(4, {st_mode=S_IFREG|0664, st_size=0, ...}) = 0
mmap(NULL, 4096, PROT_READ|PROT_WRITE, MAP_PRIVATE|MAP_ANONYMOUS, -1, 0) = 0x7f39b3611000
write(4, "but feel BWORD\n", 15)        = 15
write(4, "blessed are we to BWORD\n", 24) = 24
write(4, "This line is followed BWORD\n", 28) = 28
write(4, "This line is followed BWORD\n", 28) = 28
write(4, "System appears, it should BWORD\n", 32) = 32
write(4, "look snooker BWORD\n", 19)    = 19
read(3, "", 4096)                       = 0
close(3)                                = 0
munmap(0x7f39b3613000, 4096)            = 0
close(4)                                = 0
munmap(0x7f39b3611000, 4096)            = 0
write(1, "..@ A BLACK AND WHITE POEM\ni see"..., 766) = 766
close(1)                                = 0
munmap(0x7f39b3612000, 4096)            = 0
exit_group(4)                           = ?
