execve("../source/sed.exe.static", ["../source/sed.exe.static", "-f", "../inputs/scr/s336_0.sed", "../inputs/default.in"], [/* 44 vars */]) = 0
uname({sys="Linux", node="xmenxk-OptiPlex-7010", ...}) = 0
brk(0)                                  = 0x26ad000
brk(0x26ae1c0)                          = 0x26ae1c0
arch_prctl(ARCH_SET_FS, 0x26ad880)      = 0
brk(0x26cf1c0)                          = 0x26cf1c0
brk(0x26d0000)                          = 0x26d0000
open("../inputs/scr/s336_0.sed", O_RDONLY) = 3
fstat(3, {st_mode=S_IFREG|0644, st_size=141, ...}) = 0
mmap(NULL, 4096, PROT_READ|PROT_WRITE, MAP_PRIVATE|MAP_ANONYMOUS, -1, 0) = 0x7fe0434a3000
read(3, "#s/D with fileread\n\n/^\\.\\.@ COMP"..., 4096) = 141
open("s336_0.wout", O_WRONLY|O_CREAT|O_TRUNC, 0666) = 4
read(3, "", 4096)                       = 0
close(3)                                = 0
munmap(0x7fe0434a3000, 4096)            = 0
open("../inputs/default.in", O_RDONLY)  = 3
fstat(3, {st_mode=S_IFREG|0644, st_size=1741, ...}) = 0
mmap(NULL, 4096, PROT_READ|PROT_WRITE, MAP_PRIVATE|MAP_ANONYMOUS, -1, 0) = 0x7fe0434a3000
read(3, "..@ A BLACK AND WHITE POEM\n\ni se"..., 4096) = 1741
fstat(1, {st_mode=S_IFREG|0664, st_size=0, ...}) = 0
mmap(NULL, 4096, PROT_READ|PROT_WRITE, MAP_PRIVATE|MAP_ANONYMOUS, -1, 0) = 0x7fe0434a2000
open("../inputs/company.list", O_RDONLY) = 5
fstat(5, {st_mode=S_IFREG|0644, st_size=82, ...}) = 0
mmap(NULL, 4096, PROT_READ|PROT_WRITE, MAP_PRIVATE|MAP_ANONYMOUS, -1, 0) = 0x7fe0434a1000
read(5, "United Airlines\nMicrosoft\nApple\n"..., 8192) = 82
read(5, "", 4096)                       = 0
read(5, "", 8192)                       = 0
close(5)                                = 0
munmap(0x7fe0434a1000, 4096)            = 0
read(3, "", 4096)                       = 0
close(3)                                = 0
munmap(0x7fe0434a3000, 4096)            = 0
close(4)                                = 0
write(1, "..@ A BLACK AND WHITE POEM\n\ni se"..., 1806) = 1806
close(1)                                = 0
munmap(0x7fe0434a2000, 4096)            = 0
exit_group(4)                           = ?
