execve("../source/sed.exe.static", ["../source/sed.exe.static", "-e", "s/dog/cat/", "../inputs/default.in", "../inputs/default2.in"], [/* 44 vars */]) = 0
uname({sys="Linux", node="xmenxk-OptiPlex-7010", ...}) = 0
brk(0)                                  = 0xf53000
brk(0xf541c0)                           = 0xf541c0
arch_prctl(ARCH_SET_FS, 0xf53880)       = 0
brk(0xf751c0)                           = 0xf751c0
brk(0xf76000)                           = 0xf76000
open("../inputs/default.in", O_RDONLY)  = 3
fstat(3, {st_mode=S_IFREG|0644, st_size=1741, ...}) = 0
mmap(NULL, 4096, PROT_READ|PROT_WRITE, MAP_PRIVATE|MAP_ANONYMOUS, -1, 0) = 0x7f214945a000
read(3, "..@ A BLACK AND WHITE POEM\n\ni se"..., 4096) = 1741
fstat(1, {st_mode=S_IFREG|0664, st_size=0, ...}) = 0
mmap(NULL, 4096, PROT_READ|PROT_WRITE, MAP_PRIVATE|MAP_ANONYMOUS, -1, 0) = 0x7f2149459000
read(3, "", 4096)                       = 0
close(3)                                = 0
munmap(0x7f214945a000, 4096)            = 0
open("../inputs/default2.in", O_RDONLY) = 3
fstat(3, {st_mode=S_IFREG|0644, st_size=70, ...}) = 0
mmap(NULL, 4096, PROT_READ|PROT_WRITE, MAP_PRIVATE|MAP_ANONYMOUS, -1, 0) = 0x7f214945a000
read(3, "..@ A SECOND INPUT FILE\n\nI have "..., 4096) = 70
read(3, "", 4096)                       = 0
read(3, "", 4096)                       = 0
close(3)                                = 0
munmap(0x7f214945a000, 4096)            = 0
write(1, "..@ A BLACK AND WHITE POEM\n\ni se"..., 1811) = 1811
close(1)                                = 0
munmap(0x7f2149459000, 4096)            = 0
exit_group(4)                           = ?
