execve("../source/sed.exe.static", ["../source/sed.exe.static", "-f", "../inputs/scr/s340_0.sed", "../inputs/default.in"], [/* 44 vars */]) = 0
uname({sys="Linux", node="xmenxk-OptiPlex-7010", ...}) = 0
brk(0)                                  = 0x761000
brk(0x7621c0)                           = 0x7621c0
arch_prctl(ARCH_SET_FS, 0x761880)       = 0
brk(0x7831c0)                           = 0x7831c0
brk(0x784000)                           = 0x784000
open("../inputs/scr/s340_0.sed", O_RDONLY) = 3
fstat(3, {st_mode=S_IFREG|0644, st_size=139, ...}) = 0
mmap(NULL, 4096, PROT_READ|PROT_WRITE, MAP_PRIVATE|MAP_ANONYMOUS, -1, 0) = 0x7f6207336000
read(3, "#s/D with quit\n\n/o/{\n        s/o"..., 4096) = 139
open("s340_0.wout", O_WRONLY|O_CREAT|O_TRUNC, 0666) = 4
read(3, "", 4096)                       = 0
close(3)                                = 0
munmap(0x7f6207336000, 4096)            = 0
open("../inputs/default.in", O_RDONLY)  = 3
fstat(3, {st_mode=S_IFREG|0644, st_size=1741, ...}) = 0
mmap(NULL, 4096, PROT_READ|PROT_WRITE, MAP_PRIVATE|MAP_ANONYMOUS, -1, 0) = 0x7f6207336000
read(3, "..@ A BLACK AND WHITE POEM\n\ni se"..., 4096) = 1741
fstat(1, {st_mode=S_IFREG|0664, st_size=0, ...}) = 0
mmap(NULL, 4096, PROT_READ|PROT_WRITE, MAP_PRIVATE|MAP_ANONYMOUS, -1, 0) = 0x7f6207335000
fstat(4, {st_mode=S_IFREG|0664, st_size=0, ...}) = 0
mmap(NULL, 4096, PROT_READ|PROT_WRITE, MAP_PRIVATE|MAP_ANONYMOUS, -1, 0) = 0x7f6207334000
write(4, "when ()bserved\n", 15)        = 15
write(4, "fr()m ab()ve\n", 13)          = 13
write(4, "but c()unt white\n", 17)      = 17
lseek(3, -1578, SEEK_CUR)               = 163
close(3)                                = 0
munmap(0x7f6207336000, 4096)            = 0
close(4)                                = 0
munmap(0x7f6207334000, 4096)            = 0
write(1, "..@ A BLACK AND WHITE POEM\n\ni se"..., 186) = 186
close(1)                                = 0
munmap(0x7f6207335000, 4096)            = 0
exit_group(4)                           = ?
