execve("../source/sed.exe.static", ["../source/sed.exe.static", "-f", "../inputs/scr/s341_0.sed", "../inputs/default.in"], [/* 44 vars */]) = 0
uname({sys="Linux", node="xmenxk-OptiPlex-7010", ...}) = 0
brk(0)                                  = 0x102d000
brk(0x102e1c0)                          = 0x102e1c0
arch_prctl(ARCH_SET_FS, 0x102d880)      = 0
brk(0x104f1c0)                          = 0x104f1c0
brk(0x1050000)                          = 0x1050000
open("../inputs/scr/s341_0.sed", O_RDONLY) = 3
fstat(3, {st_mode=S_IFREG|0644, st_size=43, ...}) = 0
mmap(NULL, 4096, PROT_READ|PROT_WRITE, MAP_PRIVATE|MAP_ANONYMOUS, -1, 0) = 0x7f68c40a5000
read(3, "#s/D alone\n\ns/1/ONE/gw s341_0.wo"..., 4096) = 43
open("s341_0.wout", O_WRONLY|O_CREAT|O_TRUNC, 0666) = 4
read(3, "", 4096)                       = 0
close(3)                                = 0
munmap(0x7f68c40a5000, 4096)            = 0
open("../inputs/default.in", O_RDONLY)  = 3
fstat(3, {st_mode=S_IFREG|0644, st_size=1741, ...}) = 0
mmap(NULL, 4096, PROT_READ|PROT_WRITE, MAP_PRIVATE|MAP_ANONYMOUS, -1, 0) = 0x7f68c40a5000
read(3, "..@ A BLACK AND WHITE POEM\n\ni se"..., 4096) = 1741
fstat(1, {st_mode=S_IFREG|0664, st_size=0, ...}) = 0
mmap(NULL, 4096, PROT_READ|PROT_WRITE, MAP_PRIVATE|MAP_ANONYMOUS, -1, 0) = 0x7f68c40a4000
fstat(4, {st_mode=S_IFREG|0664, st_size=0, ...}) = 0
mmap(NULL, 4096, PROT_READ|PROT_WRITE, MAP_PRIVATE|MAP_ANONYMOUS, -1, 0) = 0x7f68c40a3000
write(4, "This line is followed by ONE bla"..., 41) = 41
write(4, "Consult Section 3.ONE in the Own"..., 48) = 48
read(3, "", 4096)                       = 0
close(3)                                = 0
munmap(0x7f68c40a5000, 4096)            = 0
close(4)                                = 0
munmap(0x7f68c40a3000, 4096)            = 0
write(1, "..@ A BLACK AND WHITE POEM\n\ni se"..., 1697) = 1697
close(1)                                = 0
munmap(0x7f68c40a4000, 4096)            = 0
exit_group(4)                           = ?
