execve("../source/sed.exe.static", ["../source/sed.exe.static", "-f", "../inputs/scr/s343_0.sed", "../inputs/default.in"], [/* 44 vars */]) = 0
uname({sys="Linux", node="xmenxk-OptiPlex-7010", ...}) = 0
brk(0)                                  = 0x1105000
brk(0x11061c0)                          = 0x11061c0
arch_prctl(ARCH_SET_FS, 0x1105880)      = 0
brk(0x11271c0)                          = 0x11271c0
brk(0x1128000)                          = 0x1128000
open("../inputs/scr/s343_0.sed", O_RDONLY) = 3
fstat(3, {st_mode=S_IFREG|0644, st_size=58, ...}) = 0
mmap(NULL, 4096, PROT_READ|PROT_WRITE, MAP_PRIVATE|MAP_ANONYMOUS, -1, 0) = 0x7f6f25ca7000
read(3, "#lone append\n\n1,/^i see/{\n\ta\\\n<L"..., 4096) = 58
read(3, "", 4096)                       = 0
close(3)                                = 0
munmap(0x7f6f25ca7000, 4096)            = 0
open("../inputs/default.in", O_RDONLY)  = 3
fstat(3, {st_mode=S_IFREG|0644, st_size=1741, ...}) = 0
mmap(NULL, 4096, PROT_READ|PROT_WRITE, MAP_PRIVATE|MAP_ANONYMOUS, -1, 0) = 0x7f6f25ca7000
read(3, "..@ A BLACK AND WHITE POEM\n\ni se"..., 4096) = 1741
fstat(1, {st_mode=S_IFREG|0664, st_size=0, ...}) = 0
mmap(NULL, 4096, PROT_READ|PROT_WRITE, MAP_PRIVATE|MAP_ANONYMOUS, -1, 0) = 0x7f6f25ca6000
read(3, "", 4096)                       = 0
close(3)                                = 0
munmap(0x7f6f25ca7000, 4096)            = 0
write(1, "..@ A BLACK AND WHITE POEM\n<LINE"..., 1816) = 1816
close(1)                                = 0
munmap(0x7f6f25ca6000, 4096)            = 0
exit_group(4)                           = ?
