execve("../source/sed.exe.static", ["../source/sed.exe.static", "-f", "../inputs/scr/s358_0.sed", "../inputs/default.in"], [/* 44 vars */]) = 0
uname({sys="Linux", node="xmenxk-OptiPlex-7010", ...}) = 0
brk(0)                                  = 0x6fb000
brk(0x6fc1c0)                           = 0x6fc1c0
arch_prctl(ARCH_SET_FS, 0x6fb880)       = 0
brk(0x71d1c0)                           = 0x71d1c0
brk(0x71e000)                           = 0x71e000
open("../inputs/scr/s358_0.sed", O_RDONLY) = 3
fstat(3, {st_mode=S_IFREG|0644, st_size=19, ...}) = 0
mmap(NULL, 4096, PROT_READ|PROT_WRITE, MAP_PRIVATE|MAP_ANONYMOUS, -1, 0) = 0x7ff70b765000
read(3, "#lonely quit\n\n5N;q\n", 4096) = 19
read(3, "", 4096)                       = 0
close(3)                                = 0
munmap(0x7ff70b765000, 4096)            = 0
open("../inputs/default.in", O_RDONLY)  = 3
fstat(3, {st_mode=S_IFREG|0644, st_size=1741, ...}) = 0
mmap(NULL, 4096, PROT_READ|PROT_WRITE, MAP_PRIVATE|MAP_ANONYMOUS, -1, 0) = 0x7ff70b765000
read(3, "..@ A BLACK AND WHITE POEM\n\ni se"..., 4096) = 1741
fstat(1, {st_mode=S_IFREG|0664, st_size=0, ...}) = 0
mmap(NULL, 4096, PROT_READ|PROT_WRITE, MAP_PRIVATE|MAP_ANONYMOUS, -1, 0) = 0x7ff70b764000
lseek(3, -1714, SEEK_CUR)               = 27
close(3)                                = 0
munmap(0x7ff70b765000, 4096)            = 0
write(1, "..@ A BLACK AND WHITE POEM\n", 27) = 27
close(1)                                = 0
munmap(0x7ff70b764000, 4096)            = 0
exit_group(4)                           = ?
