execve("../source/sed.exe.static", ["../source/sed.exe.static", "-e", "s/dog/cat/", "../inputs/binary.exe"], [/* 44 vars */]) = 0
uname({sys="Linux", node="xmenxk-OptiPlex-7010", ...}) = 0
brk(0)                                  = 0xd9c000
brk(0xd9d1c0)                           = 0xd9d1c0
arch_prctl(ARCH_SET_FS, 0xd9c880)       = 0
brk(0xdbe1c0)                           = 0xdbe1c0
brk(0xdbf000)                           = 0xdbf000
open("../inputs/binary.exe", O_RDONLY)  = 3
fstat(3, {st_mode=S_IFREG|0644, st_size=22156, ...}) = 0
mmap(NULL, 4096, PROT_READ|PROT_WRITE, MAP_PRIVATE|MAP_ANONYMOUS, -1, 0) = 0x7f1c0e5b2000
read(3, "\177ELF\1\2\1\0\0\0\0\0\0\0\0\0\0\2\0\2\0\0\0\1\0\1\vd\0\0\0004"..., 4096) = 4096
fstat(1, {st_mode=S_IFREG|0664, st_size=0, ...}) = 0
mmap(NULL, 4096, PROT_READ|PROT_WRITE, MAP_PRIVATE|MAP_ANONYMOUS, -1, 0) = 0x7f1c0e5b1000
read(3, "\6\200\0\4\1\0\0\0\20\200\0\224\1\0\0\0\302\27\277\354\203(`\20\2038`\20\233(`\2"..., 4096) = 4096
write(1, "\177ELF\1\2\1\0\0\0\0\0\0\0\0\0\0\2\0\2\0\0\0\1\0\1\vd\0\0\0004"..., 4096) = 4096
read(3, "\203(`\20\2038`\20\200\240`\0\2\200\0004\1\0\0\0\3\0\0\221\242\20`\350\3\0\0\220"..., 4096) = 4096
write(1, "\6\200\0\4\1\0\0\0\20\200\0\224\1\0\0\0\302\27\277\354\203(`\20\2038`\20\233(`\2"..., 4096) = 4096
read(3, "\203(`\20\2038`\20\202\0@\1\302\23@\1\203(`\20\2038`\20\232\0`\1\320\3\0\0"..., 4096) = 4096
write(1, "\203(`\20\2038`\20\200\240`\0\2\200\0004\1\0\0\0\3\0\0\221\242\20`\350\3\0\0\220"..., 4096) = 4096
read(3, "\0\0\0\0\0\0\0\0\0\0\0\0\0\2@\0\0\0\0\0\0\0\0\0\0\0\0\0\0\0\0\0"..., 4096) = 4096
write(1, "\203(`\20\2038`\20\202\0@\1\302\23@\1\203(`\20\2038`\20\232\0`\1\320\3\0\0"..., 4096) = 4096
read(3, "\0.comment\0.stab.index\0.shstrtab\0"..., 4096) = 1676
write(1, "\0\0\0\0\0\0\0\0\0\0\0\0\0\2@\0\0\0\0\0\0\0\0\0\0\0\0\0\0\0\0\0"..., 4096) = 4096
read(3, "", 4096)                       = 0
read(3, "", 4096)                       = 0
close(3)                                = 0
munmap(0x7f1c0e5b2000, 4096)            = 0
write(1, "\0.comment\0.stab.index\0.shstrtab\0"..., 1676) = 1676
close(1)                                = 0
munmap(0x7f1c0e5b1000, 4096)            = 0
exit_group(4)                           = ?
