execve("../source/sed.exe.static", ["../source/sed.exe.static", "-f", "../inputs/scr/s362_0.sed", "../inputs/default.in"], [/* 44 vars */]) = 0
uname({sys="Linux", node="xmenxk-OptiPlex-7010", ...}) = 0
brk(0)                                  = 0xffa000
brk(0xffb1c0)                           = 0xffb1c0
arch_prctl(ARCH_SET_FS, 0xffa880)       = 0
brk(0x101c1c0)                          = 0x101c1c0
brk(0x101d000)                          = 0x101d000
open("../inputs/scr/s362_0.sed", O_RDONLY) = 3
fstat(3, {st_mode=S_IFREG|0644, st_size=71, ...}) = 0
mmap(NULL, 4096, PROT_READ|PROT_WRITE, MAP_PRIVATE|MAP_ANONYMOUS, -1, 0) = 0x7f60a3f1d000
read(3, "#a test to expose a fault in v4\n"..., 4096) = 71
open("s362_0.wout", O_WRONLY|O_CREAT|O_TRUNC, 0666) = 4
read(3, "", 4096)                       = 0
close(3)                                = 0
munmap(0x7f60a3f1d000, 4096)            = 0
open("../inputs/default.in", O_RDONLY)  = 3
fstat(3, {st_mode=S_IFREG|0644, st_size=1741, ...}) = 0
mmap(NULL, 4096, PROT_READ|PROT_WRITE, MAP_PRIVATE|MAP_ANONYMOUS, -1, 0) = 0x7f60a3f1d000
read(3, "..@ A BLACK AND WHITE POEM\n\ni se"..., 4096) = 1741
fstat(1, {st_mode=S_IFREG|0664, st_size=0, ...}) = 0
mmap(NULL, 4096, PROT_READ|PROT_WRITE, MAP_PRIVATE|MAP_ANONYMOUS, -1, 0) = 0x7f60a3f1c000
fstat(4, {st_mode=S_IFREG|0664, st_size=0, ...}) = 0
mmap(NULL, 4096, PROT_READ|PROT_WRITE, MAP_PRIVATE|MAP_ANONYMOUS, -1, 0) = 0x7f60a3f1b000
write(4, "when CLASS'D!bserved\n", 21)  = 21
write(4, "frCLASS'D!m abCLASS'D!ve\n", 25) = 25
write(4, "but cCLASS'D!unt white\n", 23) = 23
write(4, "fCLASS'D!r it is strCLASS'D!nger"..., 33) = 33
write(4, "due tCLASS'D! cCLASS'D!ntrast\n", 30) = 30
write(4, "that fCLASS'D!rces me\n", 22) = 22
write(4, "tCLASS'D! face black truth\n", 27) = 27
write(4, "\"The DCLASS'D!g and The Cat\"\n", 29) = 29
write(4, "CLASS'D!h yes, the dCLASS'D!g an"..., 42) = 42
write(4, "twCLASS'D! gentle friends CLASS'"..., 40) = 40
write(4, "lCLASS'D!yal cCLASS'D!mpaniCLASS"..., 47) = 47
write(4, "these dCLASS'D!gs and cats\n", 27) = 27
write(4, "blessed are we tCLASS'D! be grac"..., 35) = 35
write(4, "with their presence CLASS'D!n ea"..., 36) = 36
write(4, "CLASS'D!h yes, the dCLASS'D!g an"..., 42) = 42
write(4, "here's tCLASS'D! yCLASS'D!u, CLA"..., 66) = 66
write(4, "fin.  \"The DCLASS'D!g and The Ca"..., 35) = 35
write(4, "This line is fCLASS'D!llCLASS'D!"..., 53) = 53
write(4, "This line is fCLASS'D!llCLASS'D!"..., 54) = 54
write(4, "This line is fCLASS'D!llCLASS'D!"..., 54) = 54
write(4, "This line is fCLASS'D!llCLASS'D!"..., 54) = 54
write(4, "Here are examples CLASS'D!f the "..., 37) = 37
write(4, "System appears, it shCLASS'D!uld"..., 45) = 45
write(4, "CCLASS'D!nsult SectiCLASS'D!n 3."..., 67) = 67
write(4, "Guide fCLASS'D!r a descriptiCLAS"..., 64) = 64
write(4, "available CLASS'D!n yCLASS'D!ur "..., 40) = 40
write(4, "LCLASS'D!k in the Owner and Oper"..., 83) = 83
write(4, "TwCLASS'D! manuals are prCLASS'D"..., 63) = 63
write(4, "OperatCLASS'D!r Guide in the Use"..., 41) = 41
write(4, "The Owner and OperatCLASS'D!r Gu"..., 71) = 71
write(4, "argv. \"leia\" \"han sCLASS'D!lCLAS"..., 55) = 55
write(4, "Adams, Henrietta\tNCLASS'D!rtheas"..., 34) = 34
write(4, "Banks, Freda\t\tSCLASS'D!uth\n", 27) = 27
write(4, "Garvey, Bill\t\tNCLASS'D!rtheast\n", 31) = 31
write(4, "MadisCLASS'D!n, Sylvia\t\tMidwest\n", 32) = 32
write(4, "SCLASS'D!mmes, TCLASS'D!m\t\tSCLAS"..., 40) = 40
write(4, "Barley, CarCLASS'D!l\t\tWest\n", 27) = 27
write(4, "lCLASS'D!k snCLASS'D!ker bCLASS'"..., 64) = 64
write(4, "and band frand cCLASS'D!mmand an"..., 47) = 47
read(3, "", 4096)                       = 0
close(3)                                = 0
munmap(0x7f60a3f1d000, 4096)            = 0
close(4)                                = 0
munmap(0x7f60a3f1b000, 4096)            = 0
write(1, "..@ A BLACK AND WHITE POEM\n\ni se"..., 3902) = 3902
close(1)                                = 0
munmap(0x7f60a3f1c000, 4096)            = 0
exit_group(4)                           = ?
