execve("../source/sed.exe.static", ["../source/sed.exe.static", "-f", "../inputs/scr/s363_0.sed", "../inputs/default.in"], [/* 44 vars */]) = 0
uname({sys="Linux", node="xmenxk-OptiPlex-7010", ...}) = 0
brk(0)                                  = 0x1873000
brk(0x18741c0)                          = 0x18741c0
arch_prctl(ARCH_SET_FS, 0x1873880)      = 0
brk(0x18951c0)                          = 0x18951c0
brk(0x1896000)                          = 0x1896000
open("../inputs/scr/s363_0.sed", O_RDONLY) = 3
fstat(3, {st_mode=S_IFREG|0644, st_size=74, ...}) = 0
mmap(NULL, 4096, PROT_READ|PROT_WRITE, MAP_PRIVATE|MAP_ANONYMOUS, -1, 0) = 0x7f0258de9000
read(3, "#a test to expose a fault in v4\n"..., 4096) = 74
open("s363_0.wout", O_WRONLY|O_CREAT|O_TRUNC, 0666) = 4
read(3, "", 4096)                       = 0
close(3)                                = 0
munmap(0x7f0258de9000, 4096)            = 0
open("../inputs/default.in", O_RDONLY)  = 3
fstat(3, {st_mode=S_IFREG|0644, st_size=1741, ...}) = 0
mmap(NULL, 4096, PROT_READ|PROT_WRITE, MAP_PRIVATE|MAP_ANONYMOUS, -1, 0) = 0x7f0258de9000
read(3, "..@ A BLACK AND WHITE POEM\n\ni se"..., 4096) = 1741
fstat(1, {st_mode=S_IFREG|0664, st_size=0, ...}) = 0
mmap(NULL, 4096, PROT_READ|PROT_WRITE, MAP_PRIVATE|MAP_ANONYMOUS, -1, 0) = 0x7f0258de8000
fstat(4, {st_mode=S_IFREG|0664, st_size=0, ...}) = 0
mmap(NULL, 4096, PROT_READ|PROT_WRITE, MAP_PRIVATE|MAP_ANONYMOUS, -1, 0) = 0x7f0258de7000
write(4, "!!!!!!!!!!!!!!!!!!!!!!!!!!\n", 27) = 27
write(4, "i!see\n", 6)                  = 6
write(4, "black!and!!hite\n", 16)       = 16
write(4, "b!t!s!eak!!ed\n", 14)         = 14
write(4, "!ed!m!st!be!seen\n", 17)      = 17
write(4, "!hen!!bse!!ed\n", 14)         = 14
write(4, "f!!m!ab!!e\n", 11)            = 11
write(4, "i!see\n", 6)                  = 6
write(4, "black!and!!hite\n", 16)       = 16
write(4, "b!t!c!!nt!!hite\n", 16)       = 16
write(4, "f!!!it!is!st!!nge!\n", 19)    = 19
write(4, "!hen!inc!eased\n", 15)        = 15
write(4, "in!intensit!\n", 13)          = 13
write(4, "i!see\n", 6)                  = 6
write(4, "black!and!!hite\n", 16)       = 16
write(4, "b!t!feel!bl!e\n", 14)         = 14
write(4, "d!e!t!!c!nt!ast\n", 16)       = 16
write(4, "that!f!!ces!me\n", 15)        = 15
write(4, "t!!face!black!t!!th\n", 20)   = 20
write(4, "!!!!!!!!!!!!!!!!!!!!\n", 21)  = 21
write(4, "!!he!!!g!and!!he!!at!\n", 22) = 22
write(4, "!h!!es!!the!d!g!and!the!cat\n", 28) = 28
write(4, "t!!!gentle!f!iends!!f!man\n", 26) = 26
write(4, "l!!al!c!m!ani!ns!the!!a!e\n", 26) = 26
write(4, "these!d!gs!and!cats\n", 20)   = 20
write(4, "blessed!a!e!!e!t!!be!g!aced\n", 28) = 28
write(4, "!ith!thei!!!!esence!!n!ea!th\n", 29) = 29
write(4, "!h!!es!!the!d!g!and!the!cat\n", 28) = 28
write(4, "he!e!s!t!!!!!!!!h!!e!d!gs!and!!e"..., 38) = 38
write(4, "fin!!!!!he!!!g!and!!he!!at!\n", 28) = 28
write(4, "!!!!!!!!!!!!!!!!!\n", 18)     = 18
write(4, "!\n", 2)                      = 2
write(4, "!\n", 2)                      = 2
write(4, "!!\n", 3)                     = 3
write(4, "!!\n", 3)                     = 3
write(4, "!!!\n", 4)                    = 4
write(4, "!!!\n", 4)                    = 4
write(4, "!!!!\n", 5)                   = 5
write(4, "!!!!!!!\n", 8)                = 8
write(4, "!!!!!!!!!!!!!!!!!!!!!\n", 22) = 22
write(4, "!his!line!is!f!ll!!ed!b!!!!blank"..., 39) = 39
write(4, "!his!line!is!f!ll!!ed!b!!!!blank"..., 40) = 40
write(4, "!his!line!is!f!ll!!ed!b!!!!blank"..., 40) = 40
write(4, "!his!line!is!f!ll!!ed!b!!!!blank"..., 40) = 40
write(4, "!his!is!the!end!\n", 17)      = 17
write(4, "!!!!!!!!!!!!\n", 13)          = 13
write(4, "!e!e!a!e!e!am!les!!f!the!!!!!\n", 30) = 30
write(4, "!!stem!!!!he!e!!!!!\n", 20)   = 20
write(4, "!!stem!a!!ea!s!!it!sh!!ld!be!the"..., 38) = 38
write(4, "!!e!ating!!!stem!\n", 18)     = 18
write(4, "!!!!!!!!!!!!!!!!!!\n", 19)    = 19
write(4, "!!ns!lt!!ecti!n!!!!!in!the!!!ne!"..., 46) = 46
write(4, "!!ide!f!!!a!desc!i!ti!n!!f!the!t"..., 43) = 43
write(4, "a!ailable!!n!!!!!!s!stem!\n", 26) = 26
write(4, "!!!k!in!the!!!ne!!and!!!e!at!!!!"..., 63) = 63
write(4, "!!!!man!als!a!e!!!!!ided!incl!di"..., 49) = 49
write(4, "!!e!at!!!!!ide!in!the!!se!!!!ide"..., 34) = 34
write(4, "!he!!!ne!!and!!!e!at!!!!!ide!is!"..., 57) = 57
write(4, "!!!!!!!!!!!!!!!!!!!!\n", 21)  = 21
write(4, "a!g!!!!leia!!!han!s!l!!!!l!ke!sk"..., 41) = 41
write(4, "a!g!!!!da!th!!ade!!!!ja!!ja!!\n", 30) = 30
write(4, "a!g!!!!!al!atine!\n", 18)     = 18
write(4, "!!!!!!!!!!!!!!!!\n", 17)      = 17
write(4, "!!!!!!!!!!!!!!!!!!!!!\n", 22) = 22
write(4, "!!!!!\n", 6)                  = 6
write(4, "!!!!!!!!!!!!!\n", 14)         = 14
write(4, "!dams!!!en!ietta!!!!theast\n", 27) = 27
write(4, "!anks!!!!eda!!!!!th\n", 20)   = 20
write(4, "!ennis!!!im!!!id!est\n", 21)  = 21
write(4, "!a!!e!!!!ill!!!!!theast\n", 24) = 24
write(4, "!eff!ies!!!ane!!!est\n", 21)  = 21
write(4, "!adis!n!!!!l!ia!!!id!est\n", 25) = 25
write(4, "!!mmes!!!!m!!!!!th\n", 19)    = 19
write(4, "!a!le!!!!a!!l!!!est\n", 20)   = 20
write(4, "!!!!!!!!!!!!!!!!!!!!!!!\n", 24) = 24
write(4, "l!!k!sn!!ke!!b!!k!!!!!!!h!\n", 27) = 27
write(4, "and!band!f!and!c!mmand!ande!s!n!"..., 33) = 33
read(3, "", 4096)                       = 0
close(3)                                = 0
munmap(0x7f0258de9000, 4096)            = 0
close(4)                                = 0
munmap(0x7f0258de7000, 4096)            = 0
write(1, "!!!!!!!!!!!!!!!!!!!!!!!!!!\n!!!!!"..., 3445) = 3445
close(1)                                = 0
munmap(0x7f0258de8000, 4096)            = 0
exit_group(4)                           = ?
