execve("../source/sed.exe.static", ["../source/sed.exe.static", "-i", "-es/\\\\/s/g", "../inputs/inplace.in"], [/* 44 vars */]) = 0
uname({sys="Linux", node="xmenxk-OptiPlex-7010", ...}) = 0
brk(0)                                  = 0x2202000
brk(0x22031c0)                          = 0x22031c0
arch_prctl(ARCH_SET_FS, 0x2202880)      = 0
brk(0x22241c0)                          = 0x22241c0
brk(0x2225000)                          = 0x2225000
open("../inputs/inplace.in", O_RDONLY)  = 3
ioctl(3, SNDCTL_TMR_TIMEBASE or TCGETS, 0x7fffe27381b8) = -1 ENOTTY (Inappropriate ioctl for device)
fstat(3, {st_mode=S_IFREG|0600, st_size=1690, ...}) = 0
gettimeofday({1381351139, 334177}, NULL) = 0
getpid()                                = 28453
open("../inputs//sedv5Vzc5", O_RDWR|O_CREAT|O_EXCL, 0600) = 4
fcntl(4, F_GETFL)                       = 0x8002 (flags O_RDWR|O_LARGEFILE)
fstat(4, {st_mode=S_IFREG|0600, st_size=0, ...}) = 0
mmap(NULL, 4096, PROT_READ|PROT_WRITE, MAP_PRIVATE|MAP_ANONYMOUS, -1, 0) = 0x7f585fbf4000
lseek(4, 0, SEEK_CUR)                   = 0
fstat(3, {st_mode=S_IFREG|0600, st_size=1690, ...}) = 0
mmap(NULL, 4096, PROT_READ|PROT_WRITE, MAP_PRIVATE|MAP_ANONYMOUS, -1, 0) = 0x7f585fbf3000
read(3, "..@ A BLACK AND WHITE POEM\n\ni (e"..., 4096) = 1690
write(4, "..@ A BLACK AND WHITE POEM\n", 27) = 27
write(4, "\n", 1)                       = 1
write(4, "i (ee\n", 6)                  = 6
write(4, "black and white\n", 16)       = 16
write(4, "but (peak red\n", 14)         = 14
write(4, "red mu(t be (een\n", 17)      = 17
write(4, "when ob(erved\n", 14)         = 14
write(4, "from above\n", 11)            = 11
write(4, "i (ee\n", 6)                  = 6
write(4, "black and white\n", 16)       = 16
write(4, "but count white\n", 16)       = 16
write(4, "for it i( (tronger\n", 19)    = 19
write(4, "when increa(ed\n", 15)        = 15
write(4, "in inten(ity\n", 13)          = 13
write(4, "i (ee\n", 6)                  = 6
write(4, "black and white\n", 16)       = 16
write(4, "but feel blue\n", 14)         = 14
write(4, "due to contra(t\n", 16)       = 16
write(4, "that force( me\n", 15)        = 15
write(4, "to face black truth\n", 20)   = 20
write(4, "\n", 1)                       = 1
write(4, "\n", 1)                       = 1
write(4, "..@ ON DOGS AND CATS\n", 21)  = 21
write(4, "\n", 1)                       = 1
write(4, "oh ye(, the dog and the cat\n", 28) = 28
write(4, "two gentle friend( of man\n", 26) = 26
write(4, "loyal companion( they are\n", 26) = 26
write(4, "the(e dog( and cat(\n", 20)   = 20
write(4, "\n", 1)                       = 1
write(4, "ble((ed are we to be graced\n", 28) = 28
write(4, "with their pre(ence on earth\n", 29) = 29
write(4, "\n", 1)                       = 1
write(4, "oh ye(, the dog and the cat\n", 28) = 28
write(4, "\n", 1)                       = 1
write(4, "here'( to you, oh ye dog( and ye"..., 38) = 38
write(4, "\n", 1)                       = 1
write(4, "..@ FUNNY NUMBERS\n", 18)     = 18
write(4, "\n", 1)                       = 1
write(4, "1\n", 2)                      = 2
write(4, "2\n", 2)                      = 2
write(4, "11\n", 3)                     = 3
write(4, "22\n", 3)                     = 3
write(4, "111\n", 4)                    = 4
write(4, "222\n", 4)                    = 4
write(4, "1111\n", 5)                   = 5
write(4, "2222222\n", 8)                = 8
write(4, "\n", 1)                       = 1
write(4, "\n", 1)                       = 1
write(4, "..@ SILLY BLANK LINES\n", 22) = 22
write(4, "Thi( line i( followed by 1 blank"..., 39) = 39
write(4, "\n", 1)                       = 1
write(4, "Thi( line i( followed by 2 blank"..., 40) = 40
write(4, "\n", 1)                       = 1
write(4, "\n", 1)                       = 1
write(4, "Thi( line i( followed by 3 blank"..., 40) = 40
write(4, "\n", 1)                       = 1
write(4, "\n", 1)                       = 1
write(4, "\n", 1)                       = 1
write(4, "Thi( line i( followed by 4 blank"..., 40) = 40
write(4, "\n", 1)                       = 1
write(4, "\n", 1)                       = 1
write(4, "\n", 1)                       = 1
write(4, "\n", 1)                       = 1
write(4, "Thi( i( the end.\n", 17)      = 17
write(4, "\n", 1)                       = 1
write(4, "\n", 1)                       = 1
write(4, "..@ UNIX HAX\n", 13)          = 13
write(4, "Here are example( of the UNIX\n", 30) = 30
write(4, "Sy(tem.  Where UNIX\n", 20)   = 20
write(4, "Sy(tem appear(, it (hould be the"..., 38) = 38
write(4, "Operating Sy(tem.\n", 18)     = 18
write(4, "\n", 1)                       = 1
write(4, "\n", 1)                       = 1
write(4, "..@ OPERATOR GUIDE\n", 19)    = 19
write(4, "\n", 1)                       = 1
write(4, "Con(ult Section 3.1 in the Owner"..., 46) = 46
write(4, "Guide for a de(cription of the t"..., 43) = 43
write(4, "available on your (y(tem.\n", 26) = 26
write(4, "\n", 1)                       = 1
write(4, "Look in the Owner and Operator G"..., 63) = 63
write(4, "\n", 1)                       = 1
write(4, "Two manual( are provided includi"..., 49) = 49
write(4, "Operator Guide in the U(er Guide"..., 34) = 34
write(4, "\n", 1)                       = 1
write(4, "The Owner and Operator Guide i( "..., 57) = 57
write(4, "\n", 1)                       = 1
write(4, "..@ QUOTED ARGUMENTS\n", 21)  = 21
write(4, "argv. \"leia\" \"han (olo\" \"luke (k"..., 41) = 41
write(4, "argv. \"darth vader\" \"jar jar\"\n", 30) = 30
write(4, "argv. \"palpatine\"\n", 18)   = 18
write(4, "\n", 1)                       = 1
write(4, "..@ COMPANY LIST\n", 17)      = 17
write(4, "\n", 1)                       = 1
write(4, "\n", 1)                       = 1
write(4, "..@ ESCAPE CHARACTERS\n", 22) = 22
write(4, "\33 \3 \4\n", 6)              = 6
write(4, "\n", 1)                       = 1
write(4, "\n", 1)                       = 1
write(4, "..@ EMPLOYEES\n", 14)         = 14
write(4, "Adam(, Henrietta\tNorthea(t\n", 27) = 27
write(4, "Bank(, Freda\t\tSouth\n", 20) = 20
write(4, "Denni(, Jim\t\tMidwe(t\n", 21) = 21
write(4, "Garvey, Bill\t\tNorthea(t\n", 24) = 24
write(4, "Jeffrie(, Jane\t\tWe(t\n", 21) = 21
write(4, "Madi(on, Sylvia\t\tMidwe(t\n", 25) = 25
write(4, "Somme(, Tom\t\tSouth\n", 19)  = 19
write(4, "Barley, Carol\t\tWe(t\n", 20) = 20
write(4, "\n", 1)                       = 1
write(4, "..@ FOR MY CHAR CLASSES\n", 24) = 24
write(4, "look (nooker book, oooooh!\n", 27) = 27
write(4, "and band frand command ander(on."..., 33) = 33
read(3, "", 4096)                       = 0
close(3)                                = 0
munmap(0x7f585fbf3000, 4096)            = 0
close(4)                                = 0
munmap(0x7f585fbf4000, 4096)            = 0
rename("../inputs//sedv5Vzc5", "../inputs/inplace.in") = 0
close(1)                                = 0
exit_group(4)                           = ?
