execve("../source/sed.exe.static", ["../source/sed.exe.static", "-l", "16", "-es/dog/cat/g; l", "../inputs/default.in"], [/* 44 vars */]) = 0
uname({sys="Linux", node="xmenxk-OptiPlex-7010", ...}) = 0
brk(0)                                  = 0x17f6000
brk(0x17f71c0)                          = 0x17f71c0
arch_prctl(ARCH_SET_FS, 0x17f6880)      = 0
brk(0x18181c0)                          = 0x18181c0
brk(0x1819000)                          = 0x1819000
open("../inputs/default.in", O_RDONLY)  = 3
fstat(3, {st_mode=S_IFREG|0644, st_size=1741, ...}) = 0
mmap(NULL, 4096, PROT_READ|PROT_WRITE, MAP_PRIVATE|MAP_ANONYMOUS, -1, 0) = 0x7f3cddb81000
read(3, "..@ A BLACK AND WHITE POEM\n\ni se"..., 4096) = 1741
fstat(1, {st_mode=S_IFREG|0664, st_size=0, ...}) = 0
mmap(NULL, 4096, PROT_READ|PROT_WRITE, MAP_PRIVATE|MAP_ANONYMOUS, -1, 0) = 0x7f3cddb80000
read(3, "", 4096)                       = 0
close(3)                                = 0
munmap(0x7f3cddb81000, 4096)            = 0
write(1, "..@ A BLACK AND\\\n WHITE POEM$\n.."..., 3758) = 3758
close(1)                                = 0
munmap(0x7f3cddb80000, 4096)            = 0
exit_group(4)                           = ?
