execve("../source/sed.exe.static", ["../source/sed.exe.static", "-s", "-es/dog/cat/gpw s368_0.wout", "../inputs/default.in", "../inputs/default2.in"], [/* 44 vars */]) = 0
uname({sys="Linux", node="xmenxk-OptiPlex-7010", ...}) = 0
brk(0)                                  = 0x1efa000
brk(0x1efb1c0)                          = 0x1efb1c0
arch_prctl(ARCH_SET_FS, 0x1efa880)      = 0
brk(0x1f1c1c0)                          = 0x1f1c1c0
brk(0x1f1d000)                          = 0x1f1d000
open("s368_0.wout", O_WRONLY|O_CREAT|O_TRUNC, 0666) = 3
open("../inputs/default.in", O_RDONLY)  = 4
fstat(4, {st_mode=S_IFREG|0644, st_size=1741, ...}) = 0
mmap(NULL, 4096, PROT_READ|PROT_WRITE, MAP_PRIVATE|MAP_ANONYMOUS, -1, 0) = 0x7f5c2ddfc000
read(4, "..@ A BLACK AND WHITE POEM\n\ni se"..., 4096) = 1741
fstat(1, {st_mode=S_IFREG|0664, st_size=0, ...}) = 0
mmap(NULL, 4096, PROT_READ|PROT_WRITE, MAP_PRIVATE|MAP_ANONYMOUS, -1, 0) = 0x7f5c2ddfb000
fstat(3, {st_mode=S_IFREG|0664, st_size=0, ...}) = 0
mmap(NULL, 4096, PROT_READ|PROT_WRITE, MAP_PRIVATE|MAP_ANONYMOUS, -1, 0) = 0x7f5c2ddfa000
write(3, "oh yes, the cat and the cat\n", 28) = 28
write(3, "these cats and cats\n", 20)   = 20
write(3, "oh yes, the cat and the cat\n", 28) = 28
write(3, "here's to you, oh ye cats and ye"..., 38) = 38
read(4, "", 4096)                       = 0
close(4)                                = 0
munmap(0x7f5c2ddfc000, 4096)            = 0
open("../inputs/default2.in", O_RDONLY) = 4
fstat(4, {st_mode=S_IFREG|0644, st_size=70, ...}) = 0
mmap(NULL, 4096, PROT_READ|PROT_WRITE, MAP_PRIVATE|MAP_ANONYMOUS, -1, 0) = 0x7f5c2ddfc000
read(4, "..@ A SECOND INPUT FILE\n\nI have "..., 4096) = 70
write(3, "I have a cat named Fido.\n", 25) = 25
read(4, "", 4096)                       = 0
write(3, "He is a great catgy.", 20)    = 20
read(4, "", 4096)                       = 0
close(4)                                = 0
munmap(0x7f5c2ddfc000, 4096)            = 0
close(3)                                = 0
munmap(0x7f5c2ddfa000, 4096)            = 0
write(1, "..@ A BLACK AND WHITE POEM\n\ni se"..., 1971) = 1971
close(1)                                = 0
munmap(0x7f5c2ddfb000, 4096)            = 0
exit_group(4)                           = ?
