execve("../source/sed.exe.static", ["../source/sed.exe.static", "-u", "-es/dog/DOG/gp", "../inputs/default.in"], [/* 44 vars */]) = 0
uname({sys="Linux", node="xmenxk-OptiPlex-7010", ...}) = 0
brk(0)                                  = 0x22bb000
brk(0x22bc1c0)                          = 0x22bc1c0
arch_prctl(ARCH_SET_FS, 0x22bb880)      = 0
brk(0x22dd1c0)                          = 0x22dd1c0
brk(0x22de000)                          = 0x22de000
open("../inputs/default.in", O_RDONLY)  = 3
fstat(3, {st_mode=S_IFREG|0644, st_size=1741, ...}) = 0
mmap(NULL, 4096, PROT_READ|PROT_WRITE, MAP_PRIVATE|MAP_ANONYMOUS, -1, 0) = 0x7fd870ee7000
read(3, "..@ A BLACK AND WHITE POEM\n\ni se"..., 4096) = 1741
fstat(1, {st_mode=S_IFREG|0664, st_size=0, ...}) = 0
mmap(NULL, 4096, PROT_READ|PROT_WRITE, MAP_PRIVATE|MAP_ANONYMOUS, -1, 0) = 0x7fd870ee6000
write(1, "..@ A BLACK AND WHITE POEM\n", 27) = 27
write(1, "\n", 1)                       = 1
write(1, "i see\n", 6)                  = 6
write(1, "black and white\n", 16)       = 16
write(1, "but speak red\n", 14)         = 14
write(1, "red must be seen\n", 17)      = 17
write(1, "when observed\n", 14)         = 14
write(1, "from above\n", 11)            = 11
write(1, "i see\n", 6)                  = 6
write(1, "black and white\n", 16)       = 16
write(1, "but count white\n", 16)       = 16
write(1, "for it is stronger\n", 19)    = 19
write(1, "when increased\n", 15)        = 15
write(1, "in intensity\n", 13)          = 13
write(1, "i see\n", 6)                  = 6
write(1, "black and white\n", 16)       = 16
write(1, "but feel blue\n", 14)         = 14
write(1, "due to contrast\n", 16)       = 16
write(1, "that forces me\n", 15)        = 15
write(1, "to face black truth\n", 20)   = 20
write(1, "\n", 1)                       = 1
write(1, "\n", 1)                       = 1
write(1, "..@ ON DOGS AND CATS\n", 21)  = 21
write(1, "\"The Dog and The Cat\"\n", 22) = 22
write(1, "\n", 1)                       = 1
write(1, "oh yes, the DOG and the cat\n", 28) = 28
write(1, "oh yes, the DOG and the cat\n", 28) = 28
write(1, "two gentle friends of man\n", 26) = 26
write(1, "loyal companions they are\n", 26) = 26
write(1, "these DOGs and cats\n", 20)   = 20
write(1, "these DOGs and cats\n", 20)   = 20
write(1, "\n", 1)                       = 1
write(1, "blessed are we to be graced\n", 28) = 28
write(1, "with their presence on earth\n", 29) = 29
write(1, "\n", 1)                       = 1
write(1, "oh yes, the DOG and the cat\n", 28) = 28
write(1, "oh yes, the DOG and the cat\n", 28) = 28
write(1, "\n", 1)                       = 1
write(1, "here's to you, oh ye DOGs and ye"..., 38) = 38
write(1, "here's to you, oh ye DOGs and ye"..., 38) = 38
write(1, "\n", 1)                       = 1
write(1, "fin.  \"The Dog and The Cat\"\n", 28) = 28
write(1, "\n", 1)                       = 1
write(1, "..@ FUNNY NUMBERS\n", 18)     = 18
write(1, "\n", 1)                       = 1
write(1, "1\n", 2)                      = 2
write(1, "2\n", 2)                      = 2
write(1, "11\n", 3)                     = 3
write(1, "22\n", 3)                     = 3
write(1, "111\n", 4)                    = 4
write(1, "222\n", 4)                    = 4
write(1, "1111\n", 5)                   = 5
write(1, "2222222\n", 8)                = 8
write(1, "\n", 1)                       = 1
write(1, "\n", 1)                       = 1
write(1, "..@ SILLY BLANK LINES\n", 22) = 22
write(1, "This line is followed by 1 blank"..., 39) = 39
write(1, "\n", 1)                       = 1
write(1, "This line is followed by 2 blank"..., 40) = 40
write(1, "\n", 1)                       = 1
write(1, "\n", 1)                       = 1
write(1, "This line is followed by 3 blank"..., 40) = 40
write(1, "\n", 1)                       = 1
write(1, "\n", 1)                       = 1
write(1, "\n", 1)                       = 1
write(1, "This line is followed by 4 blank"..., 40) = 40
write(1, "\n", 1)                       = 1
write(1, "\n", 1)                       = 1
write(1, "\n", 1)                       = 1
write(1, "\n", 1)                       = 1
write(1, "This is the end.\n", 17)      = 17
write(1, "\n", 1)                       = 1
write(1, "\n", 1)                       = 1
write(1, "..@ UNIX HAX\n", 13)          = 13
write(1, "Here are examples of the UNIX\n", 30) = 30
write(1, "System.  Where UNIX\n", 20)   = 20
write(1, "System appears, it should be the"..., 38) = 38
write(1, "Operating System.\n", 18)     = 18
write(1, "\n", 1)                       = 1
write(1, "\n", 1)                       = 1
write(1, "..@ OPERATOR GUIDE\n", 19)    = 19
write(1, "\n", 1)                       = 1
write(1, "Consult Section 3.1 in the Owner"..., 46) = 46
write(1, "Guide for a description of the t"..., 43) = 43
write(1, "available on your system.\n", 26) = 26
write(1, "\n", 1)                       = 1
write(1, "Look in the Owner and Operator G"..., 63) = 63
write(1, "\n", 1)                       = 1
write(1, "Two manuals are provided includi"..., 49) = 49
write(1, "Operator Guide in the User Guide"..., 34) = 34
write(1, "\n", 1)                       = 1
write(1, "The Owner and Operator Guide is "..., 57) = 57
write(1, "\n", 1)                       = 1
write(1, "..@ QUOTED ARGUMENTS\n", 21)  = 21
write(1, "argv. \"leia\" \"han solo\" \"luke sk"..., 41) = 41
write(1, "argv. \"darth vader\" \"jar jar\"\n", 30) = 30
write(1, "argv. \"palpatine\"\n", 18)   = 18
write(1, "\n", 1)                       = 1
write(1, "..@ COMPANY LIST\n", 17)      = 17
write(1, "\n", 1)                       = 1
write(1, "\n", 1)                       = 1
write(1, "..@ ESCAPE CHARACTERS\n", 22) = 22
write(1, "\33 \3 \4\n", 6)              = 6
write(1, "\n", 1)                       = 1
write(1, "\n", 1)                       = 1
write(1, "..@ EMPLOYEES\n", 14)         = 14
write(1, "Adams, Henrietta\tNortheast\n", 27) = 27
write(1, "Banks, Freda\t\tSouth\n", 20) = 20
write(1, "Dennis, Jim\t\tMidwest\n", 21) = 21
write(1, "Garvey, Bill\t\tNortheast\n", 24) = 24
write(1, "Jeffries, Jane\t\tWest\n", 21) = 21
write(1, "Madison, Sylvia\t\tMidwest\n", 25) = 25
write(1, "Sommes, Tom\t\tSouth\n", 19)  = 19
write(1, "Barley, Carol\t\tWest\n", 20) = 20
write(1, "\n", 1)                       = 1
write(1, "..@ FOR MY CHAR CLASSES\n", 24) = 24
write(1, "look snooker book, oooooh!\n", 27) = 27
write(1, "and band frand command anderson."..., 33) = 33
read(3, "", 4096)                       = 0
close(3)                                = 0
munmap(0x7fd870ee7000, 4096)            = 0
close(1)                                = 0
munmap(0x7fd870ee6000, 4096)            = 0
exit_group(4)                           = ?
