execve("../source/sed.exe.static", ["../source/sed.exe.static", "-ne", "/cat$/d;p", "../inputs/default.in"], [/* 44 vars */]) = 0
uname({sys="Linux", node="xmenxk-OptiPlex-7010", ...}) = 0
brk(0)                                  = 0x2542000
brk(0x25431c0)                          = 0x25431c0
arch_prctl(ARCH_SET_FS, 0x2542880)      = 0
brk(0x25641c0)                          = 0x25641c0
brk(0x2565000)                          = 0x2565000
open("../inputs/default.in", O_RDONLY)  = 3
fstat(3, {st_mode=S_IFREG|0644, st_size=1741, ...}) = 0
mmap(NULL, 4096, PROT_READ|PROT_WRITE, MAP_PRIVATE|MAP_ANONYMOUS, -1, 0) = 0x7f706c974000
read(3, "..@ A BLACK AND WHITE POEM\n\ni se"..., 4096) = 1741
fstat(1, {st_mode=S_IFREG|0664, st_size=0, ...}) = 0
mmap(NULL, 4096, PROT_READ|PROT_WRITE, MAP_PRIVATE|MAP_ANONYMOUS, -1, 0) = 0x7f706c973000
read(3, "", 4096)                       = 0
close(3)                                = 0
munmap(0x7f706c974000, 4096)            = 0
write(1, "..@ A BLACK AND WHITE POEM\n\ni se"..., 1685) = 1685
close(1)                                = 0
munmap(0x7f706c973000, 4096)            = 0
exit_group(4)                           = ?
