execve("../source/sed.exe.static", ["../source/sed.exe.static", "-ne", "1,23p; s/cat/CAT/gpw s40_0.wout", "../inputs/default.in"], [/* 44 vars */]) = 0
uname({sys="Linux", node="xmenxk-OptiPlex-7010", ...}) = 0
brk(0)                                  = 0x1205000
brk(0x12061c0)                          = 0x12061c0
arch_prctl(ARCH_SET_FS, 0x1205880)      = 0
brk(0x12271c0)                          = 0x12271c0
brk(0x1228000)                          = 0x1228000
open("s40_0.wout", O_WRONLY|O_CREAT|O_TRUNC, 0666) = 3
open("../inputs/default.in", O_RDONLY)  = 4
fstat(4, {st_mode=S_IFREG|0644, st_size=1741, ...}) = 0
mmap(NULL, 4096, PROT_READ|PROT_WRITE, MAP_PRIVATE|MAP_ANONYMOUS, -1, 0) = 0x7f77dd795000
read(4, "..@ A BLACK AND WHITE POEM\n\ni se"..., 4096) = 1741
fstat(1, {st_mode=S_IFREG|0664, st_size=0, ...}) = 0
mmap(NULL, 4096, PROT_READ|PROT_WRITE, MAP_PRIVATE|MAP_ANONYMOUS, -1, 0) = 0x7f77dd794000
fstat(3, {st_mode=S_IFREG|0664, st_size=0, ...}) = 0
mmap(NULL, 4096, PROT_READ|PROT_WRITE, MAP_PRIVATE|MAP_ANONYMOUS, -1, 0) = 0x7f77dd793000
write(3, "oh yes, the dog and the CAT\n", 28) = 28
write(3, "these dogs and CATs\n", 20)   = 20
write(3, "oh yes, the dog and the CAT\n", 28) = 28
write(3, "here's to you, oh ye dogs and ye"..., 38) = 38
read(4, "", 4096)                       = 0
close(4)                                = 0
munmap(0x7f77dd795000, 4096)            = 0
close(3)                                = 0
munmap(0x7f77dd793000, 4096)            = 0
write(1, "..@ A BLACK AND WHITE POEM\n\ni se"..., 415) = 415
close(1)                                = 0
munmap(0x7f77dd794000, 4096)            = 0
exit_group(4)                           = ?
