execve("../source/sed.exe.static", ["../source/sed.exe.static", "-f", "../inputs/scr/s43_0.sed", "../inputs/default.in"], [/* 44 vars */]) = 0
uname({sys="Linux", node="xmenxk-OptiPlex-7010", ...}) = 0
brk(0)                                  = 0x2005000
brk(0x20061c0)                          = 0x20061c0
arch_prctl(ARCH_SET_FS, 0x2005880)      = 0
brk(0x20271c0)                          = 0x20271c0
brk(0x2028000)                          = 0x2028000
open("../inputs/scr/s43_0.sed", O_RDONLY) = 3
fstat(3, {st_mode=S_IFREG|0644, st_size=82, ...}) = 0
mmap(NULL, 4096, PROT_READ|PROT_WRITE, MAP_PRIVATE|MAP_ANONYMOUS, -1, 0) = 0x7f6eb45a8000
read(3, "#n\n\n#del, append, Print, next\n\n\n"..., 4096) = 82
lseek(3, 0, SEEK_CUR)                   = 82
read(3, "", 4096)                       = 0
close(3)                                = 0
munmap(0x7f6eb45a8000, 4096)            = 0
open("../inputs/default.in", O_RDONLY)  = 3
fstat(3, {st_mode=S_IFREG|0644, st_size=1741, ...}) = 0
mmap(NULL, 4096, PROT_READ|PROT_WRITE, MAP_PRIVATE|MAP_ANONYMOUS, -1, 0) = 0x7f6eb45a8000
read(3, "..@ A BLACK AND WHITE POEM\n\ni se"..., 4096) = 1741
fstat(1, {st_mode=S_IFREG|0664, st_size=0, ...}) = 0
mmap(NULL, 4096, PROT_READ|PROT_WRITE, MAP_PRIVATE|MAP_ANONYMOUS, -1, 0) = 0x7f6eb45a7000
read(3, "", 4096)                       = 0
close(3)                                = 0
munmap(0x7f6eb45a8000, 4096)            = 0
write(1, "\tA HEADER WAS ABOVE ME ALSO\n\tA H"..., 308) = 308
close(1)                                = 0
munmap(0x7f6eb45a7000, 4096)            = 0
exit_group(4)                           = ?
