execve("../source/sed.exe.static", ["../source/sed.exe.static", "-f", "../inputs/scr/s45_0.sed", "../inputs/default.in"], [/* 44 vars */]) = 0
uname({sys="Linux", node="xmenxk-OptiPlex-7010", ...}) = 0
brk(0)                                  = 0x10e9000
brk(0x10ea1c0)                          = 0x10ea1c0
arch_prctl(ARCH_SET_FS, 0x10e9880)      = 0
brk(0x110b1c0)                          = 0x110b1c0
brk(0x110c000)                          = 0x110c000
open("../inputs/scr/s45_0.sed", O_RDONLY) = 3
fstat(3, {st_mode=S_IFREG|0644, st_size=111, ...}) = 0
mmap(NULL, 4096, PROT_READ|PROT_WRITE, MAP_PRIVATE|MAP_ANONYMOUS, -1, 0) = 0x7fb2ad84c000
read(3, "#n\n\n#yet another strange script,"..., 4096) = 111
lseek(3, 0, SEEK_CUR)                   = 111
read(3, "", 4096)                       = 0
close(3)                                = 0
munmap(0x7fb2ad84c000, 4096)            = 0
open("../inputs/default.in", O_RDONLY)  = 3
fstat(3, {st_mode=S_IFREG|0644, st_size=1741, ...}) = 0
mmap(NULL, 4096, PROT_READ|PROT_WRITE, MAP_PRIVATE|MAP_ANONYMOUS, -1, 0) = 0x7fb2ad84c000
read(3, "..@ A BLACK AND WHITE POEM\n\ni se"..., 4096) = 1741
fstat(1, {st_mode=S_IFREG|0664, st_size=0, ...}) = 0
mmap(NULL, 4096, PROT_READ|PROT_WRITE, MAP_PRIVATE|MAP_ANONYMOUS, -1, 0) = 0x7fb2ad84b000
read(3, "", 4096)                       = 0
close(3)                                = 0
munmap(0x7fb2ad84c000, 4096)            = 0
write(1, "but count white\n\tINSERTED ABOVE "..., 41) = 41
close(1)                                = 0
munmap(0x7fb2ad84b000, 4096)            = 0
exit_group(4)                           = ?
