execve("../source/sed.exe.static", ["../source/sed.exe.static", "-f", "../inputs/scr/s47_0.sed", "../inputs/default.in"], [/* 44 vars */]) = 0
uname({sys="Linux", node="xmenxk-OptiPlex-7010", ...}) = 0
brk(0)                                  = 0x1761000
brk(0x17621c0)                          = 0x17621c0
arch_prctl(ARCH_SET_FS, 0x1761880)      = 0
brk(0x17831c0)                          = 0x17831c0
brk(0x1784000)                          = 0x1784000
open("../inputs/scr/s47_0.sed", O_RDONLY) = 3
fstat(3, {st_mode=S_IFREG|0644, st_size=75, ...}) = 0
mmap(NULL, 4096, PROT_READ|PROT_WRITE, MAP_PRIVATE|MAP_ANONYMOUS, -1, 0) = 0x7f5903ddd000
read(3, "#n\n\n\n39{\n        n\n        P\n   "..., 4096) = 75
lseek(3, 0, SEEK_CUR)                   = 75
read(3, "", 4096)                       = 0
close(3)                                = 0
munmap(0x7f5903ddd000, 4096)            = 0
open("../inputs/default.in", O_RDONLY)  = 3
fstat(3, {st_mode=S_IFREG|0644, st_size=1741, ...}) = 0
mmap(NULL, 4096, PROT_READ|PROT_WRITE, MAP_PRIVATE|MAP_ANONYMOUS, -1, 0) = 0x7f5903ddd000
read(3, "..@ A BLACK AND WHITE POEM\n\ni se"..., 4096) = 1741
fstat(1, {st_mode=S_IFREG|0664, st_size=0, ...}) = 0
mmap(NULL, 4096, PROT_READ|PROT_WRITE, MAP_PRIVATE|MAP_ANONYMOUS, -1, 0) = 0x7f5903ddc000
read(3, "", 4096)                       = 0
close(3)                                = 0
munmap(0x7f5903ddd000, 4096)            = 0
write(1, "..@ FUNNY NUMBERS\n        INSERT"..., 50) = 50
close(1)                                = 0
munmap(0x7f5903ddc000, 4096)            = 0
exit_group(4)                           = ?
