execve("../source/sed.exe.static", ["../source/sed.exe.static", "-f", "../inputs/scr/s48_0.sed", "../inputs/default.in"], [/* 44 vars */]) = 0
uname({sys="Linux", node="xmenxk-OptiPlex-7010", ...}) = 0
brk(0)                                  = 0xde2000
brk(0xde31c0)                           = 0xde31c0
arch_prctl(ARCH_SET_FS, 0xde2880)       = 0
brk(0xe041c0)                           = 0xe041c0
brk(0xe05000)                           = 0xe05000
open("../inputs/scr/s48_0.sed", O_RDONLY) = 3
fstat(3, {st_mode=S_IFREG|0644, st_size=75, ...}) = 0
mmap(NULL, 4096, PROT_READ|PROT_WRITE, MAP_PRIVATE|MAP_ANONYMOUS, -1, 0) = 0x7f02ce62f000
read(3, "#n\n\n\n50{\n        N\n        P\n   "..., 4096) = 75
lseek(3, 0, SEEK_CUR)                   = 75
read(3, "", 4096)                       = 0
close(3)                                = 0
munmap(0x7f02ce62f000, 4096)            = 0
open("../inputs/default.in", O_RDONLY)  = 3
fstat(3, {st_mode=S_IFREG|0644, st_size=1741, ...}) = 0
mmap(NULL, 4096, PROT_READ|PROT_WRITE, MAP_PRIVATE|MAP_ANONYMOUS, -1, 0) = 0x7f02ce62f000
read(3, "..@ A BLACK AND WHITE POEM\n\ni se"..., 4096) = 1741
fstat(1, {st_mode=S_IFREG|0664, st_size=0, ...}) = 0
mmap(NULL, 4096, PROT_READ|PROT_WRITE, MAP_PRIVATE|MAP_ANONYMOUS, -1, 0) = 0x7f02ce62e000
read(3, "", 4096)                       = 0
close(3)                                = 0
munmap(0x7f02ce62f000, 4096)            = 0
write(1, "\n        INSERTED ABOVE LINE #50"..., 33) = 33
close(1)                                = 0
munmap(0x7f02ce62e000, 4096)            = 0
exit_group(4)                           = ?
