execve("../source/sed.exe.static", ["../source/sed.exe.static", "-f", "../inputs/scr/s60_0.sed", "../inputs/default.in"], [/* 44 vars */]) = 0
uname({sys="Linux", node="xmenxk-OptiPlex-7010", ...}) = 0
brk(0)                                  = 0x24a8000
brk(0x24a91c0)                          = 0x24a91c0
arch_prctl(ARCH_SET_FS, 0x24a8880)      = 0
brk(0x24ca1c0)                          = 0x24ca1c0
brk(0x24cb000)                          = 0x24cb000
open("../inputs/scr/s60_0.sed", O_RDONLY) = 3
fstat(3, {st_mode=S_IFREG|0644, st_size=78, ...}) = 0
mmap(NULL, 4096, PROT_READ|PROT_WRITE, MAP_PRIVATE|MAP_ANONYMOUS, -1, 0) = 0x7fe500f74000
read(3, "#n\n\n/dog/{\t\n\tN\n\ty/abcdefghijklmn"..., 4096) = 78
lseek(3, 0, SEEK_CUR)                   = 78
read(3, "", 4096)                       = 0
close(3)                                = 0
munmap(0x7fe500f74000, 4096)            = 0
open("../inputs/default.in", O_RDONLY)  = 3
fstat(3, {st_mode=S_IFREG|0644, st_size=1741, ...}) = 0
mmap(NULL, 4096, PROT_READ|PROT_WRITE, MAP_PRIVATE|MAP_ANONYMOUS, -1, 0) = 0x7fe500f74000
read(3, "..@ A BLACK AND WHITE POEM\n\ni se"..., 4096) = 1741
fstat(1, {st_mode=S_IFREG|0664, st_size=0, ...}) = 0
mmap(NULL, 4096, PROT_READ|PROT_WRITE, MAP_PRIVATE|MAP_ANONYMOUS, -1, 0) = 0x7fe500f73000
read(3, "", 4096)                       = 0
close(3)                                = 0
munmap(0x7fe500f74000, 4096)            = 0
write(1, "OH YES, THE DOG AND THE CAT\nTHES"..., 114) = 114
close(1)                                = 0
munmap(0x7fe500f73000, 4096)            = 0
exit_group(4)                           = ?
