execve("../source/sed.exe.static", ["../source/sed.exe.static", "-f", "../inputs/scr/s61_0.sed", "../inputs/default.in"], [/* 44 vars */]) = 0
uname({sys="Linux", node="xmenxk-OptiPlex-7010", ...}) = 0
brk(0)                                  = 0xe98000
brk(0xe991c0)                           = 0xe991c0
arch_prctl(ARCH_SET_FS, 0xe98880)       = 0
brk(0xeba1c0)                           = 0xeba1c0
brk(0xebb000)                           = 0xebb000
open("../inputs/scr/s61_0.sed", O_RDONLY) = 3
fstat(3, {st_mode=S_IFREG|0644, st_size=96, ...}) = 0
mmap(NULL, 4096, PROT_READ|PROT_WRITE, MAP_PRIVATE|MAP_ANONYMOUS, -1, 0) = 0x7fb1252e1000
read(3, "#n\n\n#file read\n\n/^\\.\\.@ COMPANY "..., 4096) = 96
lseek(3, 0, SEEK_CUR)                   = 96
read(3, "", 4096)                       = 0
close(3)                                = 0
munmap(0x7fb1252e1000, 4096)            = 0
open("../inputs/default.in", O_RDONLY)  = 3
fstat(3, {st_mode=S_IFREG|0644, st_size=1741, ...}) = 0
mmap(NULL, 4096, PROT_READ|PROT_WRITE, MAP_PRIVATE|MAP_ANONYMOUS, -1, 0) = 0x7fb1252e1000
read(3, "..@ A BLACK AND WHITE POEM\n\ni se"..., 4096) = 1741
open("../inputs/company.list", O_RDONLY) = 4
fstat(4, {st_mode=S_IFREG|0644, st_size=82, ...}) = 0
mmap(NULL, 4096, PROT_READ|PROT_WRITE, MAP_PRIVATE|MAP_ANONYMOUS, -1, 0) = 0x7fb1252e0000
read(4, "United Airlines\nMicrosoft\nApple\n"..., 8192) = 82
read(4, "", 4096)                       = 0
fstat(1, {st_mode=S_IFREG|0664, st_size=0, ...}) = 0
mmap(NULL, 4096, PROT_READ|PROT_WRITE, MAP_PRIVATE|MAP_ANONYMOUS, -1, 0) = 0x7fb1252df000
read(4, "", 8192)                       = 0
close(4)                                = 0
munmap(0x7fb1252e0000, 4096)            = 0
read(3, "", 4096)                       = 0
close(3)                                = 0
munmap(0x7fb1252e1000, 4096)            = 0
write(1, "United Airlines\nMicrosoft\nApple\n"..., 82) = 82
close(1)                                = 0
munmap(0x7fb1252df000, 4096)            = 0
exit_group(4)                           = ?
