execve("../source/sed.exe.static", ["../source/sed.exe.static", "-f", "../inputs/scr/s65_0.sed", "../inputs/default.in"], [/* 44 vars */]) = 0
uname({sys="Linux", node="xmenxk-OptiPlex-7010", ...}) = 0
brk(0)                                  = 0x1d97000
brk(0x1d981c0)                          = 0x1d981c0
arch_prctl(ARCH_SET_FS, 0x1d97880)      = 0
brk(0x1db91c0)                          = 0x1db91c0
brk(0x1dba000)                          = 0x1dba000
open("../inputs/scr/s65_0.sed", O_RDONLY) = 3
fstat(3, {st_mode=S_IFREG|0644, st_size=37, ...}) = 0
mmap(NULL, 4096, PROT_READ|PROT_WRITE, MAP_PRIVATE|MAP_ANONYMOUS, -1, 0) = 0x7f0799b15000
read(3, "#n\n\n/cat$/{\n\tw s65_0.wout\n\tn\n\tp\n"..., 4096) = 37
lseek(3, 0, SEEK_CUR)                   = 37
open("s65_0.wout", O_WRONLY|O_CREAT|O_TRUNC, 0666) = 4
read(3, "", 4096)                       = 0
close(3)                                = 0
munmap(0x7f0799b15000, 4096)            = 0
open("../inputs/default.in", O_RDONLY)  = 3
fstat(3, {st_mode=S_IFREG|0644, st_size=1741, ...}) = 0
mmap(NULL, 4096, PROT_READ|PROT_WRITE, MAP_PRIVATE|MAP_ANONYMOUS, -1, 0) = 0x7f0799b15000
read(3, "..@ A BLACK AND WHITE POEM\n\ni se"..., 4096) = 1741
fstat(4, {st_mode=S_IFREG|0664, st_size=0, ...}) = 0
mmap(NULL, 4096, PROT_READ|PROT_WRITE, MAP_PRIVATE|MAP_ANONYMOUS, -1, 0) = 0x7f0799b14000
write(4, "oh yes, the dog and the cat\n", 28) = 28
fstat(1, {st_mode=S_IFREG|0664, st_size=0, ...}) = 0
mmap(NULL, 4096, PROT_READ|PROT_WRITE, MAP_PRIVATE|MAP_ANONYMOUS, -1, 0) = 0x7f0799b13000
write(4, "oh yes, the dog and the cat\n", 28) = 28
read(3, "", 4096)                       = 0
close(3)                                = 0
munmap(0x7f0799b15000, 4096)            = 0
close(4)                                = 0
munmap(0x7f0799b14000, 4096)            = 0
write(1, "two gentle friends of man\n\n", 27) = 27
close(1)                                = 0
munmap(0x7f0799b13000, 4096)            = 0
exit_group(4)                           = ?
