execve("../source/sed.exe.static", ["../source/sed.exe.static", "-f", "../inputs/scr/s68_0.sed", "../inputs/default.in"], [/* 44 vars */]) = 0
uname({sys="Linux", node="xmenxk-OptiPlex-7010", ...}) = 0
brk(0)                                  = 0xf6d000
brk(0xf6e1c0)                           = 0xf6e1c0
arch_prctl(ARCH_SET_FS, 0xf6d880)       = 0
brk(0xf8f1c0)                           = 0xf8f1c0
brk(0xf90000)                           = 0xf90000
open("../inputs/scr/s68_0.sed", O_RDONLY) = 3
fstat(3, {st_mode=S_IFREG|0644, st_size=65, ...}) = 0
mmap(NULL, 4096, PROT_READ|PROT_WRITE, MAP_PRIVATE|MAP_ANONYMOUS, -1, 0) = 0x7f6fe1cca000
read(3, "#n\n\n/cat$/{\n        w s68_0.wout"..., 4096) = 65
lseek(3, 0, SEEK_CUR)                   = 65
open("s68_0.wout", O_WRONLY|O_CREAT|O_TRUNC, 0666) = 4
read(3, "", 4096)                       = 0
close(3)                                = 0
munmap(0x7f6fe1cca000, 4096)            = 0
open("../inputs/default.in", O_RDONLY)  = 3
fstat(3, {st_mode=S_IFREG|0644, st_size=1741, ...}) = 0
mmap(NULL, 4096, PROT_READ|PROT_WRITE, MAP_PRIVATE|MAP_ANONYMOUS, -1, 0) = 0x7f6fe1cca000
read(3, "..@ A BLACK AND WHITE POEM\n\ni se"..., 4096) = 1741
fstat(4, {st_mode=S_IFREG|0664, st_size=0, ...}) = 0
mmap(NULL, 4096, PROT_READ|PROT_WRITE, MAP_PRIVATE|MAP_ANONYMOUS, -1, 0) = 0x7f6fe1cc9000
write(4, "oh yes, the dog and the cat\n", 28) = 28
fstat(1, {st_mode=S_IFREG|0664, st_size=0, ...}) = 0
mmap(NULL, 4096, PROT_READ|PROT_WRITE, MAP_PRIVATE|MAP_ANONYMOUS, -1, 0) = 0x7f6fe1cc8000
write(4, "oh yes, the dog and the cat\n", 28) = 28
read(3, "", 4096)                       = 0
close(3)                                = 0
munmap(0x7f6fe1cca000, 4096)            = 0
close(4)                                = 0
munmap(0x7f6fe1cc9000, 4096)            = 0
write(1, "oh yes, the dog and the cat\noh y"..., 56) = 56
close(1)                                = 0
munmap(0x7f6fe1cc8000, 4096)            = 0
exit_group(4)                           = ?
