execve("../source/sed.exe.static", ["../source/sed.exe.static", "-f", "../inputs/scr/s72_0.sed", "../inputs/default.in"], [/* 44 vars */]) = 0
uname({sys="Linux", node="xmenxk-OptiPlex-7010", ...}) = 0
brk(0)                                  = 0x728000
brk(0x7291c0)                           = 0x7291c0
arch_prctl(ARCH_SET_FS, 0x728880)       = 0
brk(0x74a1c0)                           = 0x74a1c0
brk(0x74b000)                           = 0x74b000
open("../inputs/scr/s72_0.sed", O_RDONLY) = 3
fstat(3, {st_mode=S_IFREG|0644, st_size=84, ...}) = 0
mmap(NULL, 4096, PROT_READ|PROT_WRITE, MAP_PRIVATE|MAP_ANONYMOUS, -1, 0) = 0x7f4d513f7000
read(3, "#n\n\n10{\n        N\n        P\n}\n\n2"..., 4096) = 84
lseek(3, 0, SEEK_CUR)                   = 84
read(3, "", 4096)                       = 0
close(3)                                = 0
munmap(0x7f4d513f7000, 4096)            = 0
open("../inputs/default.in", O_RDONLY)  = 3
fstat(3, {st_mode=S_IFREG|0644, st_size=1741, ...}) = 0
mmap(NULL, 4096, PROT_READ|PROT_WRITE, MAP_PRIVATE|MAP_ANONYMOUS, -1, 0) = 0x7f4d513f7000
read(3, "..@ A BLACK AND WHITE POEM\n\ni se"..., 4096) = 1741
fstat(1, {st_mode=S_IFREG|0664, st_size=0, ...}) = 0
mmap(NULL, 4096, PROT_READ|PROT_WRITE, MAP_PRIVATE|MAP_ANONYMOUS, -1, 0) = 0x7f4d513f6000
lseek(3, -1316, SEEK_CUR)               = 425
close(3)                                = 0
munmap(0x7f4d513f7000, 4096)            = 0
write(1, "black and white\nto face black tr"..., 37) = 37
close(1)                                = 0
munmap(0x7f4d513f6000, 4096)            = 0
exit_group(4)                           = ?
