execve("../source/sed.exe.static", ["../source/sed.exe.static", "-f", "../inputs/scr/s78_0.sed", "../inputs/default.in"], [/* 44 vars */]) = 0
uname({sys="Linux", node="xmenxk-OptiPlex-7010", ...}) = 0
brk(0)                                  = 0x2429000
brk(0x242a1c0)                          = 0x242a1c0
arch_prctl(ARCH_SET_FS, 0x2429880)      = 0
brk(0x244b1c0)                          = 0x244b1c0
brk(0x244c000)                          = 0x244c000
open("../inputs/scr/s78_0.sed", O_RDONLY) = 3
fstat(3, {st_mode=S_IFREG|0644, st_size=128, ...}) = 0
mmap(NULL, 4096, PROT_READ|PROT_WRITE, MAP_PRIVATE|MAP_ANONYMOUS, -1, 0) = 0x7fdb0d2df000
read(3, "#n\n\n#multi-line delete (D) and a"..., 4096) = 128
lseek(3, 0, SEEK_CUR)                   = 128
read(3, "", 4096)                       = 0
close(3)                                = 0
munmap(0x7fdb0d2df000, 4096)            = 0
open("../inputs/default.in", O_RDONLY)  = 3
fstat(3, {st_mode=S_IFREG|0644, st_size=1741, ...}) = 0
mmap(NULL, 4096, PROT_READ|PROT_WRITE, MAP_PRIVATE|MAP_ANONYMOUS, -1, 0) = 0x7fdb0d2df000
read(3, "..@ A BLACK AND WHITE POEM\n\ni se"..., 4096) = 1741
fstat(1, {st_mode=S_IFREG|0664, st_size=0, ...}) = 0
mmap(NULL, 4096, PROT_READ|PROT_WRITE, MAP_PRIVATE|MAP_ANONYMOUS, -1, 0) = 0x7fdb0d2de000
read(3, "", 4096)                       = 0
close(3)                                = 0
munmap(0x7fdb0d2df000, 4096)            = 0
write(1, "\n        ---APPENDAGE---\n\"The Do"..., 460) = 460
close(1)                                = 0
munmap(0x7fdb0d2de000, 4096)            = 0
exit_group(4)                           = ?
