execve("../source/sed.exe.static", ["../source/sed.exe.static", "-e", "s/dog/DOG/", "-f", "../inputs/scr/s8_0.sed", "../inputs/default.in"], [/* 44 vars */]) = 0
uname({sys="Linux", node="xmenxk-OptiPlex-7010", ...}) = 0
brk(0)                                  = 0x1db0000
brk(0x1db11c0)                          = 0x1db11c0
arch_prctl(ARCH_SET_FS, 0x1db0880)      = 0
brk(0x1dd21c0)                          = 0x1dd21c0
brk(0x1dd3000)                          = 0x1dd3000
open("../inputs/scr/s8_0.sed", O_RDONLY) = 3
fstat(3, {st_mode=S_IFREG|0644, st_size=15, ...}) = 0
mmap(NULL, 4096, PROT_READ|PROT_WRITE, MAP_PRIVATE|MAP_ANONYMOUS, -1, 0) = 0x7f33b8b80000
read(3, "s/DOG/PIKACHU/\n", 4096)       = 15
read(3, "", 4096)                       = 0
close(3)                                = 0
munmap(0x7f33b8b80000, 4096)            = 0
open("../inputs/default.in", O_RDONLY)  = 3
fstat(3, {st_mode=S_IFREG|0644, st_size=1741, ...}) = 0
mmap(NULL, 4096, PROT_READ|PROT_WRITE, MAP_PRIVATE|MAP_ANONYMOUS, -1, 0) = 0x7f33b8b80000
read(3, "..@ A BLACK AND WHITE POEM\n\ni se"..., 4096) = 1741
fstat(1, {st_mode=S_IFREG|0664, st_size=0, ...}) = 0
mmap(NULL, 4096, PROT_READ|PROT_WRITE, MAP_PRIVATE|MAP_ANONYMOUS, -1, 0) = 0x7f33b8b7f000
read(3, "", 4096)                       = 0
close(3)                                = 0
munmap(0x7f33b8b80000, 4096)            = 0
write(1, "..@ A BLACK AND WHITE POEM\n\ni se"..., 1761) = 1761
close(1)                                = 0
munmap(0x7f33b8b7f000, 4096)            = 0
exit_group(4)                           = ?
