execve("../source/sed.exe.static", ["../source/sed.exe.static", "-f", "../inputs/scr/s83_0.sed", "../inputs/default.in"], [/* 44 vars */]) = 0
uname({sys="Linux", node="xmenxk-OptiPlex-7010", ...}) = 0
brk(0)                                  = 0x1884000
brk(0x18851c0)                          = 0x18851c0
arch_prctl(ARCH_SET_FS, 0x1884880)      = 0
brk(0x18a61c0)                          = 0x18a61c0
brk(0x18a7000)                          = 0x18a7000
open("../inputs/scr/s83_0.sed", O_RDONLY) = 3
fstat(3, {st_mode=S_IFREG|0644, st_size=112, ...}) = 0
mmap(NULL, 4096, PROT_READ|PROT_WRITE, MAP_PRIVATE|MAP_ANONYMOUS, -1, 0) = 0x7f4991342000
read(3, "#n\n\n#multi-line delete (D) and i"..., 4096) = 112
lseek(3, 0, SEEK_CUR)                   = 112
read(3, "", 4096)                       = 0
close(3)                                = 0
munmap(0x7f4991342000, 4096)            = 0
open("../inputs/default.in", O_RDONLY)  = 3
fstat(3, {st_mode=S_IFREG|0644, st_size=1741, ...}) = 0
mmap(NULL, 4096, PROT_READ|PROT_WRITE, MAP_PRIVATE|MAP_ANONYMOUS, -1, 0) = 0x7f4991342000
read(3, "..@ A BLACK AND WHITE POEM\n\ni se"..., 4096) = 1741
fstat(1, {st_mode=S_IFREG|0664, st_size=0, ...}) = 0
mmap(NULL, 4096, PROT_READ|PROT_WRITE, MAP_PRIVATE|MAP_ANONYMOUS, -1, 0) = 0x7f4991341000
read(3, "", 4096)                       = 0
close(3)                                = 0
munmap(0x7f4991342000, 4096)            = 0
write(1, "        ---INSERT---\n\n        --"..., 427) = 427
close(1)                                = 0
munmap(0x7f4991341000, 4096)            = 0
exit_group(4)                           = ?
