execve("../source/sed.exe.static", ["../source/sed.exe.static", "-f", "../inputs/scr/s85_0.sed", "../inputs/default.in"], [/* 44 vars */]) = 0
uname({sys="Linux", node="xmenxk-OptiPlex-7010", ...}) = 0
brk(0)                                  = 0x16de000
brk(0x16df1c0)                          = 0x16df1c0
arch_prctl(ARCH_SET_FS, 0x16de880)      = 0
brk(0x17001c0)                          = 0x17001c0
brk(0x1701000)                          = 0x1701000
open("../inputs/scr/s85_0.sed", O_RDONLY) = 3
fstat(3, {st_mode=S_IFREG|0644, st_size=77, ...}) = 0
mmap(NULL, 4096, PROT_READ|PROT_WRITE, MAP_PRIVATE|MAP_ANONYMOUS, -1, 0) = 0x7fa5ba456000
read(3, "#n\n\n#multi-line del + change\n\n/w"..., 4096) = 77
lseek(3, 0, SEEK_CUR)                   = 77
read(3, "", 4096)                       = 0
close(3)                                = 0
munmap(0x7fa5ba456000, 4096)            = 0
open("../inputs/default.in", O_RDONLY)  = 3
fstat(3, {st_mode=S_IFREG|0644, st_size=1741, ...}) = 0
mmap(NULL, 4096, PROT_READ|PROT_WRITE, MAP_PRIVATE|MAP_ANONYMOUS, -1, 0) = 0x7fa5ba456000
read(3, "..@ A BLACK AND WHITE POEM\n\ni se"..., 4096) = 1741
fstat(1, {st_mode=S_IFREG|0664, st_size=0, ...}) = 0
mmap(NULL, 4096, PROT_READ|PROT_WRITE, MAP_PRIVATE|MAP_ANONYMOUS, -1, 0) = 0x7fa5ba455000
read(3, "", 4096)                       = 0
close(3)                                = 0
munmap(0x7fa5ba456000, 4096)            = 0
write(1, "\t---CHANGED A LINE---\n\t---CHANGE"..., 2420) = 2420
close(1)                                = 0
munmap(0x7fa5ba455000, 4096)            = 0
exit_group(4)                           = ?
