execve("../source/sed.exe.static", ["../source/sed.exe.static", "-f", "../inputs/scr/s94_0.sed", "../inputs/default.in"], [/* 44 vars */]) = 0
uname({sys="Linux", node="xmenxk-OptiPlex-7010", ...}) = 0
brk(0)                                  = 0x1cc0000
brk(0x1cc11c0)                          = 0x1cc11c0
arch_prctl(ARCH_SET_FS, 0x1cc0880)      = 0
brk(0x1ce21c0)                          = 0x1ce21c0
brk(0x1ce3000)                          = 0x1ce3000
open("../inputs/scr/s94_0.sed", O_RDONLY) = 3
fstat(3, {st_mode=S_IFREG|0644, st_size=105, ...}) = 0
mmap(NULL, 4096, PROT_READ|PROT_WRITE, MAP_PRIVATE|MAP_ANONYMOUS, -1, 0) = 0x7fb2b7f48000
read(3, "#n\n\n#multi-line delete and trans"..., 4096) = 105
lseek(3, 0, SEEK_CUR)                   = 105
read(3, "", 4096)                       = 0
close(3)                                = 0
munmap(0x7fb2b7f48000, 4096)            = 0
open("../inputs/default.in", O_RDONLY)  = 3
fstat(3, {st_mode=S_IFREG|0644, st_size=1741, ...}) = 0
mmap(NULL, 4096, PROT_READ|PROT_WRITE, MAP_PRIVATE|MAP_ANONYMOUS, -1, 0) = 0x7fb2b7f48000
read(3, "..@ A BLACK AND WHITE POEM\n\ni se"..., 4096) = 1741
fstat(1, {st_mode=S_IFREG|0664, st_size=0, ...}) = 0
mmap(NULL, 4096, PROT_READ|PROT_WRITE, MAP_PRIVATE|MAP_ANONYMOUS, -1, 0) = 0x7fb2b7f47000
read(3, "", 4096)                       = 0
close(3)                                = 0
munmap(0x7fb2b7f48000, 4096)            = 0
write(1, "..@ A BLACK AND WHITE POEM\n\n\nI s"..., 3422) = 3422
close(1)                                = 0
munmap(0x7fb2b7f47000, 4096)            = 0
exit_group(4)                           = ?
