uname@__uname
brk@brk
brk@brk
brk@brk
brk@brk
rt_sigaction@__libc_sigaction
rt_sigaction@__libc_sigaction
rt_sigaction@__libc_sigaction
rt_sigaction@__libc_sigaction
rt_sigaction@__libc_sigaction
rt_sigaction@__libc_sigaction
stat@__xstat
open@__open_nocancel
stat@__xstat
open@__open_nocancel
fstat@__fxstat
stat@__xstat
read@__read_nocancel
read@__read_nocancel
write@__write_nocancel
close@__close_nocancel
close@__close_nocancel
utime@utime
chmod@__chmod
chown@__libc_chown
unlink@unlink
exit_group@_exit
