execve("../source/flex.exe.static", ["../source/flex.exe.static", "error", "-L", "../inputs/in.multinput"], [/* 43 vars */]) = 0
uname({sys="Linux", node="xmenxk-OptiPlex-7010", ...}) = 0
brk(0)                                  = 0x9d4000
brk(0x9d51c0)                           = 0x9d51c0
arch_prctl(ARCH_SET_FS, 0x9d4880)       = 0
brk(0x9f61c0)                           = 0x9f61c0
brk(0x9f7000)                           = 0x9f7000
open("error", O_WRONLY|O_CREAT|O_TRUNC, 0666) = 3
open("../inputs/in.multinput", O_RDONLY) = 4
brk(0xa18000)                           = 0xa18000
ioctl(4, SNDCTL_TMR_TIMEBASE or TCGETS, 0x7fff03e00ec8) = -1 ENOTTY (Inappropriate ioctl for device)
fstat(4, {st_mode=S_IFREG|0640, st_size=962, ...}) = 0
mmap(NULL, 4096, PROT_READ|PROT_WRITE, MAP_PRIVATE|MAP_ANONYMOUS, -1, 0) = 0x7fb540c0c000
read(4, "/* the \"incl\" state is used for "..., 8192) = 962
read(4, "", 4096)                       = 0
open("lex.yy.c", O_WRONLY|O_CREAT|O_TRUNC, 0666) = 5
dup3(5, 1, 0)                           = 1
close(5)                                = 0
fstat(1, {st_mode=S_IFREG|0664, st_size=0, ...}) = 0
mmap(NULL, 4096, PROT_READ|PROT_WRITE, MAP_PRIVATE|MAP_ANONYMOUS, -1, 0) = 0x7fb540c0b000
write(1, "/* A lexical scanner generated b"..., 4096) = 4096
read(4, "", 8192)                       = 0
ioctl(4, SNDCTL_TMR_TIMEBASE or TCGETS, 0x7fff03e00e88) = -1 ENOTTY (Inappropriate ioctl for device)
write(1, "\t * instead of fread(), to make "..., 4096) = 4096
write(1, "    2,    3,\n        1,    1,   "..., 4096) = 4096
write(1, "put YY_PROTO(( void ));\n#else\nst"..., 4096) = 4096
write(1, "_base[yy_current_state] != 37 );"..., 4096) = 4096
write(1, "er\n\t\t\t\t\t * YY_NULL will get retu"..., 4096) = 4096
write(1, "BUFFER_CHAR;\n\n\tyytext_ptr = &yy_"..., 4096) = 4096
write(1, "__cplusplus\n\t\t\t\t\treturn yyinput("..., 4096) = 4096
write(1, "OF_BUFFER_CHAR )\n\t\t/* They forgo"..., 4096) = 4096
write(1, "* The cast to (char *) in the fo"..., 598) = 598
exit_group(0)                           = ?
