execve("../source/flex.exe.static", ["../source/flex.exe.static", "error", "-dl", "-Cra", "../inputs/in.0"], [/* 43 vars */]) = 0
uname({sys="Linux", node="xmenxk-OptiPlex-7010", ...}) = 0
brk(0)                                  = 0x1775000
brk(0x17761c0)                          = 0x17761c0
arch_prctl(ARCH_SET_FS, 0x1775880)      = 0
brk(0x17971c0)                          = 0x17971c0
brk(0x1798000)                          = 0x1798000
open("error", O_WRONLY|O_CREAT|O_TRUNC, 0666) = 3
open("../inputs/in.0", O_RDONLY)        = 4
brk(0x17b9000)                          = 0x17b9000
ioctl(4, SNDCTL_TMR_TIMEBASE or TCGETS, 0x7fff154c3948) = -1 ENOTTY (Inappropriate ioctl for device)
fstat(4, {st_mode=S_IFREG|0640, st_size=792, ...}) = 0
mmap(NULL, 4096, PROT_READ|PROT_WRITE, MAP_PRIVATE|MAP_ANONYMOUS, -1, 0) = 0x7f4f47a98000
read(4, "/* scanner for a toy Pascal-like"..., 8192) = 792
read(4, "", 4096)                       = 0
open("lex.yy.c", O_WRONLY|O_CREAT|O_TRUNC, 0666) = 5
dup3(5, 1, 0)                           = 1
close(5)                                = 0
fstat(1, {st_mode=S_IFREG|0664, st_size=0, ...}) = 0
mmap(NULL, 4096, PROT_READ|PROT_WRITE, MAP_PRIVATE|MAP_ANONYMOUS, -1, 0) = 0x7f4f47a97000
write(1, "/* A lexical scanner generated b"..., 4096) = 4096
write(1, "\t * instead of fread(), to make "..., 4096) = 4096
write(1, "y_cp;\n\n#define YY_NUM_RULES 9\n#d"..., 4096) = 4096
write(1, "0,   20,   20,   20,   20,   20,"..., 4096) = 4096
write(1, "0,   20,   20,   20,   20,   20,"..., 4096) = 4096
write(1, ",   27,   27,   27,   27,   27, "..., 4096) = 4096
write(1, "   2,    2,    2,    2,   11,   "..., 4096) = 4096
write(1, " 33,   33,   33,   33,   33,   3"..., 4096) = 4096
write(1, "45,   45,   45,   45,   45,   45"..., 4096) = 4096
write(1, "/* undo effects of setting up yy"..., 4096) = 4096
write(1, "YY_DECL\n\t{\n\tregister yy_state_ty"..., 4096) = 4096
write(1, "(other than possibly a\n\t\t\t * bac"..., 4096) = 4096
write(1, "rce an EOF\n\t\t */\n\t\tyy_current_bu"..., 4096) = 4096
write(1, "\n\t\tif ( yy_cp < yy_current_buffe"..., 4096) = 4096
write(1, "e( (void *) b->yy_ch_buf );\n\n\tyy"..., 4096) = 4096
read(4, "", 8192)                       = 0
ioctl(4, SNDCTL_TMR_TIMEBASE or TCGETS, 0x7fff154c3e78) = -1 ENOTTY (Inappropriate ioctl for device)
write(1, "yy_start_stack[yy_start_stack_pt"..., 2283) = 2283
exit_group(0)                           = ?
