execve("../source/flex.exe.static", ["../source/flex.exe.static", "error", "-d", "-Cra", "../inputs/in.ch_exp_1"], [/* 43 vars */]) = 0
uname({sys="Linux", node="xmenxk-OptiPlex-7010", ...}) = 0
brk(0)                                  = 0xa4a000
brk(0xa4b1c0)                           = 0xa4b1c0
arch_prctl(ARCH_SET_FS, 0xa4a880)       = 0
brk(0xa6c1c0)                           = 0xa6c1c0
brk(0xa6d000)                           = 0xa6d000
open("error", O_WRONLY|O_CREAT|O_TRUNC, 0666) = 3
open("../inputs/in.ch_exp_1", O_RDONLY) = 4
brk(0xa8e000)                           = 0xa8e000
ioctl(4, SNDCTL_TMR_TIMEBASE or TCGETS, 0x7ffff9620a18) = -1 ENOTTY (Inappropriate ioctl for device)
fstat(4, {st_mode=S_IFREG|0640, st_size=70, ...}) = 0
mmap(NULL, 4096, PROT_READ|PROT_WRITE, MAP_PRIVATE|MAP_ANONYMOUS, -1, 0) = 0x7ff148930000
read(4, "%%\n\nfoo|bar*\tprintf(\"foo or ba(z"..., 8192) = 70
read(4, "", 4096)                       = 0
open("lex.yy.c", O_WRONLY|O_CREAT|O_TRUNC, 0666) = 5
dup3(5, 1, 0)                           = 1
close(5)                                = 0
fstat(1, {st_mode=S_IFREG|0664, st_size=0, ...}) = 0
mmap(NULL, 4096, PROT_READ|PROT_WRITE, MAP_PRIVATE|MAP_ANONYMOUS, -1, 0) = 0x7ff14892f000
write(1, "/* A lexical scanner generated b"..., 4096) = 4096
read(4, "", 8192)                       = 0
ioctl(4, SNDCTL_TMR_TIMEBASE or TCGETS, 0x7ffff96209d8) = -1 ENOTTY (Inappropriate ioctl for device)
write(1, "\t * instead of fread(), to make "..., 4096) = 4096
write(1, "static yyconst long int yy_def[1"..., 4096) = 4096
write(1, "    11,   11,   11,   11,   11, "..., 4096) = 4096
write(1, "11,\n\n       11,   11,   11,   11"..., 4096) = 4096
write(1, "f\n\n\t\tif ( ! yy_start )\n\t\t\tyy_sta"..., 4096) = 4096
write(1, " because then it\n\t\t\t * will run "..., 4096) = 4096
write(1, "uf_p_offset];\n\n\t\t\tnum_to_read = "..., 4096) = 4096
write(1, "yy_g_n_b()\n\t\t\t\t\t * sees that we'"..., 4096) = 4096
write(1, "CHAR;\n\tb->yy_ch_buf[1] = YY_END_"..., 4096) = 4096
write(1, "\nstatic int yy_flex_strlen( yyco"..., 1147) = 1147
exit_group(0)                           = ?
