execve("../source/flex.exe.static", ["../source/flex.exe.static", "error", "-d", "-Cra", "../inputs/in.exp"], [/* 43 vars */]) = 0
uname({sys="Linux", node="xmenxk-OptiPlex-7010", ...}) = 0
brk(0)                                  = 0x2061000
brk(0x20621c0)                          = 0x20621c0
arch_prctl(ARCH_SET_FS, 0x2061880)      = 0
brk(0x20831c0)                          = 0x20831c0
brk(0x2084000)                          = 0x2084000
open("error", O_WRONLY|O_CREAT|O_TRUNC, 0666) = 3
open("../inputs/in.exp", O_RDONLY)      = 4
brk(0x20a5000)                          = 0x20a5000
ioctl(4, SNDCTL_TMR_TIMEBASE or TCGETS, 0x7fff1757d018) = -1 ENOTTY (Inappropriate ioctl for device)
fstat(4, {st_mode=S_IFREG|0640, st_size=290, ...}) = 0
mmap(NULL, 4096, PROT_READ|PROT_WRITE, MAP_PRIVATE|MAP_ANONYMOUS, -1, 0) = 0x7f32a88f6000
read(4, "%%\n(r)\t\tprintf(\"Match an r: %s\\n"..., 8192) = 290
read(4, "", 4096)                       = 0
open("lex.yy.c", O_WRONLY|O_CREAT|O_TRUNC, 0666) = 5
dup3(5, 1, 0)                           = 1
close(5)                                = 0
fstat(1, {st_mode=S_IFREG|0664, st_size=0, ...}) = 0
mmap(NULL, 4096, PROT_READ|PROT_WRITE, MAP_PRIVATE|MAP_ANONYMOUS, -1, 0) = 0x7f32a88f5000
write(1, "/* A lexical scanner generated b"..., 4096) = 4096
read(4, "", 8192)                       = 0
ioctl(4, SNDCTL_TMR_TIMEBASE or TCGETS, 0x7fff1757cfd8) = -1 ENOTTY (Inappropriate ioctl for device)
write(1, "\t * instead of fread(), to make "..., 4096) = 4096
write(1, "  0,\n        0,   10,  133,  390"..., 4096) = 4096
write(1, "6,   26,   26,   26,\n       26, "..., 4096) = 4096
write(1, " 26,   26,   26,   26,   26,   2"..., 4096) = 4096
write(1, "sg) yy_fatal_error( msg )\n#endif"..., 4096) = 4096
write(1, "p - yytext_ptr) - 1;\n\n\t\t/* Undo "..., 4096) = 4096
write(1, " as a final EOF.\n\t\t\t */\n\t\t\tretur"..., 4096) = 4096
write(1, "put( c, yy_bp )\nint c;\nregister "..., 4096) = 4096
write(1, "\tYY_FATAL_ERROR( \"out of dynamic"..., 4096) = 4096
write(1, "ack_depth += YY_START_STACK_INCR"..., 2821) = 2821
exit_group(0)                           = ?
