execve("../source/flex.exe.static", ["../source/flex.exe.static", "error", "-d", "-Cra", "../inputs/in.0"], [/* 43 vars */]) = 0
uname({sys="Linux", node="xmenxk-OptiPlex-7010", ...}) = 0
brk(0)                                  = 0x2585000
brk(0x25861c0)                          = 0x25861c0
arch_prctl(ARCH_SET_FS, 0x2585880)      = 0
brk(0x25a71c0)                          = 0x25a71c0
brk(0x25a8000)                          = 0x25a8000
open("error", O_WRONLY|O_CREAT|O_TRUNC, 0666) = 3
open("../inputs/in.0", O_RDONLY)        = 4
brk(0x25c9000)                          = 0x25c9000
ioctl(4, SNDCTL_TMR_TIMEBASE or TCGETS, 0x7fffa7d77678) = -1 ENOTTY (Inappropriate ioctl for device)
fstat(4, {st_mode=S_IFREG|0640, st_size=792, ...}) = 0
mmap(NULL, 4096, PROT_READ|PROT_WRITE, MAP_PRIVATE|MAP_ANONYMOUS, -1, 0) = 0x7f5e34222000
read(4, "/* scanner for a toy Pascal-like"..., 8192) = 792
read(4, "", 4096)                       = 0
open("lex.yy.c", O_WRONLY|O_CREAT|O_TRUNC, 0666) = 5
dup3(5, 1, 0)                           = 1
close(5)                                = 0
fstat(1, {st_mode=S_IFREG|0664, st_size=0, ...}) = 0
mmap(NULL, 4096, PROT_READ|PROT_WRITE, MAP_PRIVATE|MAP_ANONYMOUS, -1, 0) = 0x7f5e34221000
write(1, "/* A lexical scanner generated b"..., 4096) = 4096
write(1, "\t * instead of fread(), to make "..., 4096) = 4096
write(1, ",    4,    4,    4,    4,    4, "..., 4096) = 4096
write(1, "      20,   20,   20,   20,   20"..., 4096) = 4096
write(1, "20,\n       20,   20,   42,   20,"..., 4096) = 4096
write(1, "7,   27,\n        3,   44,   44, "..., 4096) = 4096
write(1, "   0,   13,   13,   13,   13,   "..., 4096) = 4096
write(1, " 38,   38,   38,   38,   38,   3"..., 4096) = 4096
write(1, "       46,   46,   46,   46,   4"..., 4096) = 4096
write(1, "tic int yy_flex_strlen YY_PROTO("..., 4096) = 4096
write(1, "ION;\n\n\ndo_action:\t/* This label "..., 4096) = 4096
write(1, "ave set up\n\t\t\t\t\t * yytext, we ca"..., 4096) = 4096
write(1, "DING;\n\t\t\t}\n\t\t}\n\n\telse\n\t\tret_val "..., 4096) = 4096
write(1, "}\n\n\t\t\t\tcase EOB_ACT_CONTINUE_SCA"..., 4096) = 4096
write(1, " 0;\n\n\tb = (YY_BUFFER_STATE) yy_f"..., 4096) = 4096
read(4, "", 8192)                       = 0
ioctl(4, SNDCTL_TMR_TIMEBASE or TCGETS, 0x7fffa7d77ba8) = -1 ENOTTY (Inappropriate ioctl for device)
write(1, "ons that use char* generic point"..., 722) = 722
exit_group(0)                           = ?
