execve("../source/flex.exe.static", ["../source/flex.exe.static", "error", "-dl", "-Crem", "../inputs/in.closure"], [/* 43 vars */]) = 0
uname({sys="Linux", node="xmenxk-OptiPlex-7010", ...}) = 0
brk(0)                                  = 0x178d000
brk(0x178e1c0)                          = 0x178e1c0
arch_prctl(ARCH_SET_FS, 0x178d880)      = 0
brk(0x17af1c0)                          = 0x17af1c0
brk(0x17b0000)                          = 0x17b0000
open("error", O_WRONLY|O_CREAT|O_TRUNC, 0666) = 3
open("../inputs/in.closure", O_RDONLY)  = 4
brk(0x17d1000)                          = 0x17d1000
ioctl(4, SNDCTL_TMR_TIMEBASE or TCGETS, 0x7fff16435958) = -1 ENOTTY (Inappropriate ioctl for device)
fstat(4, {st_mode=S_IFREG|0640, st_size=274, ...}) = 0
mmap(NULL, 4096, PROT_READ|PROT_WRITE, MAP_PRIVATE|MAP_ANONYMOUS, -1, 0) = 0x7f02acaec000
read(4, "%%\n\nr*\t\tprintf(\"Zero or more r's"..., 8192) = 274
read(4, "", 4096)                       = 0
open("lex.yy.c", O_WRONLY|O_CREAT|O_TRUNC, 0666) = 5
dup3(5, 1, 0)                           = 1
close(5)                                = 0
fstat(1, {st_mode=S_IFREG|0664, st_size=0, ...}) = 0
mmap(NULL, 4096, PROT_READ|PROT_WRITE, MAP_PRIVATE|MAP_ANONYMOUS, -1, 0) = 0x7f02acaeb000
write(1, "/* A lexical scanner generated b"..., 4096) = 4096
read(4, "", 8192)                       = 0
ioctl(4, SNDCTL_TMR_TIMEBASE or TCGETS, 0x7fff16435918) = -1 ENOTTY (Inappropriate ioctl for device)
write(1, "\t * instead of fread(), to make "..., 4096) = 4096
write(1, "y_cp;\n\n#define YY_NUM_RULES 6\n#d"..., 4096) = 4096
write(1, "/in.closure\"\n#define INITIAL 0\n#"..., 4096) = 4096
write(1, "oints to the position in yy_ch_b"..., 4096) = 4096
write(1, " to make the NUL\n\t\t\t * transitio"..., 4096) = 4096
write(1, "\t b->yy_buf_size + 2 );\n\t\t\t\t}\n\t\t"..., 4096) = 4096
write(1, "his occurs *before* the EOB char"..., 4096) = 4096
write(1, "ve = 0;\n#else\n\tb->yy_is_interact"..., 4096) = 4096
write(1, "y_c_buf_p = yytext + n; \\\n\t\tyy_h"..., 1610) = 1610
exit_group(0)                           = ?
