execve("../source/flex.exe.static", ["../source/flex.exe.static", "error", "-d", "-Crem", "../inputs/in.ch"], [/* 43 vars */]) = 0
uname({sys="Linux", node="xmenxk-OptiPlex-7010", ...}) = 0
brk(0)                                  = 0x96e000
brk(0x96f1c0)                           = 0x96f1c0
arch_prctl(ARCH_SET_FS, 0x96e880)       = 0
brk(0x9901c0)                           = 0x9901c0
brk(0x991000)                           = 0x991000
open("error", O_WRONLY|O_CREAT|O_TRUNC, 0666) = 3
open("../inputs/in.ch", O_RDONLY)       = 4
brk(0x9b2000)                           = 0x9b2000
ioctl(4, SNDCTL_TMR_TIMEBASE or TCGETS, 0x7fff93d37e08) = -1 ENOTTY (Inappropriate ioctl for device)
fstat(4, {st_mode=S_IFREG|0640, st_size=357, ...}) = 0
mmap(NULL, 4096, PROT_READ|PROT_WRITE, MAP_PRIVATE|MAP_ANONYMOUS, -1, 0) = 0x7f4863dbd000
read(4, "%%\n\nxyz\"++\"\t\tprintf(\"Match chara"..., 8192) = 357
read(4, "", 4096)                       = 0
open("lex.yy.c", O_WRONLY|O_CREAT|O_TRUNC, 0666) = 5
dup3(5, 1, 0)                           = 1
close(5)                                = 0
fstat(1, {st_mode=S_IFREG|0664, st_size=0, ...}) = 0
mmap(NULL, 4096, PROT_READ|PROT_WRITE, MAP_PRIVATE|MAP_ANONYMOUS, -1, 0) = 0x7f4863dbc000
write(1, "/* A lexical scanner generated b"..., 4096) = 4096
read(4, "", 8192)                       = 0
ioctl(4, SNDCTL_TMR_TIMEBASE or TCGETS, 0x7fff93d37dc8) = -1 ENOTTY (Inappropriate ioctl for device)
write(1, "\t * instead of fread(), to make "..., 4096) = 4096
write(1, "  1,    1,    1,    1,    1,    "..., 4096) = 4096
write(1, "PROTO(( void ));\n#else\nstatic in"..., 4096) = 4096
write(1, "nly to access EOF actions. */\n\n\t"..., 4096) = 4096
write(1, " work - another\n\t\t\t\t\t * YY_NULL "..., 4096) = 4096
write(1, " = YY_END_OF_BUFFER_CHAR;\n\n\tyyte"..., 4096) = 4096
write(1, "FILE;\n#ifdef __cplusplus\n\t\t\t\t\tre"..., 4096) = 4096
write(1, "1] != YY_END_OF_BUFFER_CHAR )\n\t\t"..., 4096) = 4096
write(1, "\n#endif\n\t{\n\t/* The cast to (char"..., 637) = 637
exit_group(0)                           = ?
