execve("../source/flex.exe.static", ["../source/flex.exe.static", "error", "-d", "-Crem", "../inputs/in.0"], [/* 43 vars */]) = 0
uname({sys="Linux", node="xmenxk-OptiPlex-7010", ...}) = 0
brk(0)                                  = 0x26af000
brk(0x26b01c0)                          = 0x26b01c0
arch_prctl(ARCH_SET_FS, 0x26af880)      = 0
brk(0x26d11c0)                          = 0x26d11c0
brk(0x26d2000)                          = 0x26d2000
open("error", O_WRONLY|O_CREAT|O_TRUNC, 0666) = 3
open("../inputs/in.0", O_RDONLY)        = 4
brk(0x26f3000)                          = 0x26f3000
ioctl(4, SNDCTL_TMR_TIMEBASE or TCGETS, 0x7fff91ce9b88) = -1 ENOTTY (Inappropriate ioctl for device)
fstat(4, {st_mode=S_IFREG|0640, st_size=792, ...}) = 0
mmap(NULL, 4096, PROT_READ|PROT_WRITE, MAP_PRIVATE|MAP_ANONYMOUS, -1, 0) = 0x7f87deb96000
read(4, "/* scanner for a toy Pascal-like"..., 8192) = 792
read(4, "", 4096)                       = 0
open("lex.yy.c", O_WRONLY|O_CREAT|O_TRUNC, 0666) = 5
dup3(5, 1, 0)                           = 1
close(5)                                = 0
fstat(1, {st_mode=S_IFREG|0664, st_size=0, ...}) = 0
mmap(NULL, 4096, PROT_READ|PROT_WRITE, MAP_PRIVATE|MAP_ANONYMOUS, -1, 0) = 0x7f87deb95000
write(1, "/* A lexical scanner generated b"..., 4096) = 4096
write(1, "\t * instead of fread(), to make "..., 4096) = 4096
write(1, "4,    4,    4,    4,    4,    4,"..., 4096) = 4096
write(1, "\nstatic yy_state_type yy_last_ac"..., 4096) = 4096
write(1, "ut = stdout;\n\n\t\tif ( ! yy_curren"..., 4096) = 4096
write(1, "er\n\t\t * (since all states make t"..., 4096) = 4096
write(1, "FFER_STATE b = yy_current_buffer"..., 4096) = 4096
write(1, "ent_buffer->yy_buf_size;\n\n\t\tif ("..., 4096) = 4096
write(1, "ree( (void *) b );\n\t}\n\n\n#ifndef "..., 4096) = 4096
read(4, "", 8192)                       = 0
ioctl(4, SNDCTL_TMR_TIMEBASE or TCGETS, 0x7fff91cea0b8) = -1 ENOTTY (Inappropriate ioctl for device)
write(1, "\n\t}\n#endif\n\n#ifndef YY_EXIT_FAIL"..., 2244) = 2244
exit_group(0)                           = ?
