execve("../source/flex.exe.static", ["../source/flex.exe.static", "error", "-dl", "-Cre", "../inputs/in.ch"], [/* 43 vars */]) = 0
uname({sys="Linux", node="xmenxk-OptiPlex-7010", ...}) = 0
brk(0)                                  = 0x8c2000
brk(0x8c31c0)                           = 0x8c31c0
arch_prctl(ARCH_SET_FS, 0x8c2880)       = 0
brk(0x8e41c0)                           = 0x8e41c0
brk(0x8e5000)                           = 0x8e5000
open("error", O_WRONLY|O_CREAT|O_TRUNC, 0666) = 3
open("../inputs/in.ch", O_RDONLY)       = 4
brk(0x906000)                           = 0x906000
ioctl(4, SNDCTL_TMR_TIMEBASE or TCGETS, 0x7ffff9290cd8) = -1 ENOTTY (Inappropriate ioctl for device)
fstat(4, {st_mode=S_IFREG|0640, st_size=357, ...}) = 0
mmap(NULL, 4096, PROT_READ|PROT_WRITE, MAP_PRIVATE|MAP_ANONYMOUS, -1, 0) = 0x7f417659c000
read(4, "%%\n\nxyz\"++\"\t\tprintf(\"Match chara"..., 8192) = 357
read(4, "", 4096)                       = 0
open("lex.yy.c", O_WRONLY|O_CREAT|O_TRUNC, 0666) = 5
dup3(5, 1, 0)                           = 1
close(5)                                = 0
fstat(1, {st_mode=S_IFREG|0664, st_size=0, ...}) = 0
mmap(NULL, 4096, PROT_READ|PROT_WRITE, MAP_PRIVATE|MAP_ANONYMOUS, -1, 0) = 0x7f417659b000
write(1, "/* A lexical scanner generated b"..., 4096) = 4096
read(4, "", 8192)                       = 0
ioctl(4, SNDCTL_TMR_TIMEBASE or TCGETS, 0x7ffff9290c98) = -1 ENOTTY (Inappropriate ioctl for device)
write(1, "\t * instead of fread(), to make "..., 4096) = 4096
write(1, "y_cp;\n\n#define YY_NUM_RULES 7\n#d"..., 4096) = 4096
write(1, "yy_more_offset; \\\n\t}\n#ifndef YYL"..., 4096) = 4096
write(1, "file is reached */\n\t\t{\n\t\tyy_cp ="..., 4096) = 4096
write(1, "\n\t\t\tyy_c_buf_p = yytext_ptr + yy"..., 4096) = 4096
write(1, "uf_size *= 2;\n\n\t\t\t\tb->yy_ch_buf "..., 4096) = 4096
write(1, "rs *before* the EOB characters, "..., 4096) = 4096
write(1, "#else\n\tb->yy_is_interactive = fi"..., 4096) = 4096
write(1, "p = yytext + n; \\\n\t\tyy_hold_char"..., 1597) = 1597
exit_group(0)                           = ?
