execve("../source/flex.exe.static", ["../source/flex.exe.static", "error", "-dl", "-Cre", "../inputs/in.exp"], [/* 43 vars */]) = 0
uname({sys="Linux", node="xmenxk-OptiPlex-7010", ...}) = 0
brk(0)                                  = 0x263e000
brk(0x263f1c0)                          = 0x263f1c0
arch_prctl(ARCH_SET_FS, 0x263e880)      = 0
brk(0x26601c0)                          = 0x26601c0
brk(0x2661000)                          = 0x2661000
open("error", O_WRONLY|O_CREAT|O_TRUNC, 0666) = 3
open("../inputs/in.exp", O_RDONLY)      = 4
brk(0x2682000)                          = 0x2682000
ioctl(4, SNDCTL_TMR_TIMEBASE or TCGETS, 0x7fff6cd62d78) = -1 ENOTTY (Inappropriate ioctl for device)
fstat(4, {st_mode=S_IFREG|0640, st_size=290, ...}) = 0
mmap(NULL, 4096, PROT_READ|PROT_WRITE, MAP_PRIVATE|MAP_ANONYMOUS, -1, 0) = 0x7fa65a6b6000
read(4, "%%\n(r)\t\tprintf(\"Match an r: %s\\n"..., 8192) = 290
read(4, "", 4096)                       = 0
open("lex.yy.c", O_WRONLY|O_CREAT|O_TRUNC, 0666) = 5
dup3(5, 1, 0)                           = 1
close(5)                                = 0
fstat(1, {st_mode=S_IFREG|0664, st_size=0, ...}) = 0
mmap(NULL, 4096, PROT_READ|PROT_WRITE, MAP_PRIVATE|MAP_ANONYMOUS, -1, 0) = 0x7fa65a6b5000
write(1, "/* A lexical scanner generated b"..., 4096) = 4096
read(4, "", 8192)                       = 0
ioctl(4, SNDCTL_TMR_TIMEBASE or TCGETS, 0x7fff6cd62d38) = -1 ENOTTY (Inappropriate ioctl for device)
fstat(3, {st_mode=S_IFREG|0664, st_size=0, ...}) = 0
mmap(NULL, 4096, PROT_READ|PROT_WRITE, MAP_PRIVATE|MAP_ANONYMOUS, -1, 0) = 0x7fa65a6b4000
write(1, "\t * instead of fread(), to make "..., 4096) = 4096
write(1, "y_cp;\n\n#define YY_NUM_RULES 7\n#d"..., 4096) = 4096
write(1, "g. accepting pos. */ \\\nyy_state_"..., 4096) = 4096
write(1, "YY_DECL\n\t{\n\tregister yy_state_ty"..., 4096) = 4096
write(1, "har;\n\t\tYY_RESTORE_YY_MORE_OFFSET"..., 4096) = 4096
write(1, "ome text prior to the EOB, first"..., 4096) = 4096
write(1, "p = yy_c_buf_p;\n\n\t/* undo effect"..., 4096) = 4096
write(1, " ! b )\n\t\tYY_FATAL_ERROR( \"out of"..., 4096) = 4096
write(1, "start_stack_depth += YY_START_ST"..., 2829) = 2829
write(3, "\"../inputs/in.exp\", line 7: warn"..., 64) = 64
exit_group(0)                           = ?
