execve("../source/flex.exe.static", ["../source/flex.exe.static", "error", "-dl", "-Cre", "../inputs/in.0"], [/* 43 vars */]) = 0
uname({sys="Linux", node="xmenxk-OptiPlex-7010", ...}) = 0
brk(0)                                  = 0x1675000
brk(0x16761c0)                          = 0x16761c0
arch_prctl(ARCH_SET_FS, 0x1675880)      = 0
brk(0x16971c0)                          = 0x16971c0
brk(0x1698000)                          = 0x1698000
open("error", O_WRONLY|O_CREAT|O_TRUNC, 0666) = 3
open("../inputs/in.0", O_RDONLY)        = 4
brk(0x16b9000)                          = 0x16b9000
ioctl(4, SNDCTL_TMR_TIMEBASE or TCGETS, 0x7fff78ebcdd8) = -1 ENOTTY (Inappropriate ioctl for device)
fstat(4, {st_mode=S_IFREG|0640, st_size=792, ...}) = 0
mmap(NULL, 4096, PROT_READ|PROT_WRITE, MAP_PRIVATE|MAP_ANONYMOUS, -1, 0) = 0x7feafd7aa000
read(4, "/* scanner for a toy Pascal-like"..., 8192) = 792
read(4, "", 4096)                       = 0
open("lex.yy.c", O_WRONLY|O_CREAT|O_TRUNC, 0666) = 5
dup3(5, 1, 0)                           = 1
close(5)                                = 0
fstat(1, {st_mode=S_IFREG|0664, st_size=0, ...}) = 0
mmap(NULL, 4096, PROT_READ|PROT_WRITE, MAP_PRIVATE|MAP_ANONYMOUS, -1, 0) = 0x7feafd7a9000
write(1, "/* A lexical scanner generated b"..., 4096) = 4096
write(1, "\t * instead of fread(), to make "..., 4096) = 4096
write(1, "y_cp;\n\n#define YY_NUM_RULES 9\n#d"..., 4096) = 4096
write(1, " 44,\n       44,   44,   44,   44"..., 4096) = 4096
write(1, "ive ) \\\n\t\t{ \\\n\t\tint c = '*', n; "..., 4096) = 4096
write(1, "f(\"A float: %s (%g)\\n\", yytext, "..., 4096) = 4096
write(1, "l error--no action found\" );\n\t} "..., 4096) = 4096
write(1, "current_state;\n\t}\n\n\n/* yy_try_NU"..., 4096) = 4096
write(1, "er->yy_n_chars = yy_n_chars;\n\t\t}"..., 4096) = 4096
read(4, "", 8192)                       = 0
ioctl(4, SNDCTL_TMR_TIMEBASE or TCGETS, 0x7fff78ebd308) = -1 ENOTTY (Inappropriate ioctl for device)
write(1, " bytes, len )\nyyconst char *byte"..., 3892) = 3892
exit_group(0)                           = ?
