execve("../source/flex.exe.static", ["../source/flex.exe.static", "error", "-d", "-Cre", "../inputs/in.exp"], [/* 43 vars */]) = 0
uname({sys="Linux", node="xmenxk-OptiPlex-7010", ...}) = 0
brk(0)                                  = 0xfa6000
brk(0xfa71c0)                           = 0xfa71c0
arch_prctl(ARCH_SET_FS, 0xfa6880)       = 0
brk(0xfc81c0)                           = 0xfc81c0
brk(0xfc9000)                           = 0xfc9000
open("error", O_WRONLY|O_CREAT|O_TRUNC, 0666) = 3
open("../inputs/in.exp", O_RDONLY)      = 4
brk(0xfea000)                           = 0xfea000
ioctl(4, SNDCTL_TMR_TIMEBASE or TCGETS, 0x7ffffd5b59a8) = -1 ENOTTY (Inappropriate ioctl for device)
fstat(4, {st_mode=S_IFREG|0640, st_size=290, ...}) = 0
mmap(NULL, 4096, PROT_READ|PROT_WRITE, MAP_PRIVATE|MAP_ANONYMOUS, -1, 0) = 0x7f4301cba000
read(4, "%%\n(r)\t\tprintf(\"Match an r: %s\\n"..., 8192) = 290
read(4, "", 4096)                       = 0
open("lex.yy.c", O_WRONLY|O_CREAT|O_TRUNC, 0666) = 5
dup3(5, 1, 0)                           = 1
close(5)                                = 0
fstat(1, {st_mode=S_IFREG|0664, st_size=0, ...}) = 0
mmap(NULL, 4096, PROT_READ|PROT_WRITE, MAP_PRIVATE|MAP_ANONYMOUS, -1, 0) = 0x7f4301cb9000
write(1, "/* A lexical scanner generated b"..., 4096) = 4096
read(4, "", 8192)                       = 0
ioctl(4, SNDCTL_TMR_TIMEBASE or TCGETS, 0x7ffffd5b5968) = -1 ENOTTY (Inappropriate ioctl for device)
write(1, "\t * instead of fread(), to make "..., 4096) = 4096
write(1, "        1,    1,    1,    1,    "..., 4096) = 4096
write(1, "TO(( void ));\n#else\nstatic int i"..., 4096) = 4096
write(1, "ORE_ACTION;\n\n\ndo_action:\t/* This"..., 4096) = 4096
write(1, "\t\t/* Note: because we've taken c"..., 4096) = 4096
write(1, "ST_MATCH;\n\t\t\tyy_current_buffer->"..., 4096) = 4096
write(1, ");\n\n\t\t\t\t\t/* fall through */\n\n\t\t\t"..., 4096) = 4096
write(1, "_size_t size )\n#else\nYY_BUFFER_S"..., 4096) = 4096
write(1, "size;\n#endif\n\t{\n\treturn (void *)"..., 844) = 844
exit_group(0)                           = ?
