execve("../source/flex.exe.static", ["../source/flex.exe.static", "error", "-dl", "-Crm", "../inputs/in.ch"], [/* 43 vars */]) = 0
uname({sys="Linux", node="xmenxk-OptiPlex-7010", ...}) = 0
brk(0)                                  = 0x261c000
brk(0x261d1c0)                          = 0x261d1c0
arch_prctl(ARCH_SET_FS, 0x261c880)      = 0
brk(0x263e1c0)                          = 0x263e1c0
brk(0x263f000)                          = 0x263f000
open("error", O_WRONLY|O_CREAT|O_TRUNC, 0666) = 3
open("../inputs/in.ch", O_RDONLY)       = 4
brk(0x2660000)                          = 0x2660000
ioctl(4, SNDCTL_TMR_TIMEBASE or TCGETS, 0x7fff37f1e5d8) = -1 ENOTTY (Inappropriate ioctl for device)
fstat(4, {st_mode=S_IFREG|0640, st_size=357, ...}) = 0
mmap(NULL, 4096, PROT_READ|PROT_WRITE, MAP_PRIVATE|MAP_ANONYMOUS, -1, 0) = 0x7f6bd285b000
read(4, "%%\n\nxyz\"++\"\t\tprintf(\"Match chara"..., 8192) = 357
read(4, "", 4096)                       = 0
open("lex.yy.c", O_WRONLY|O_CREAT|O_TRUNC, 0666) = 5
dup3(5, 1, 0)                           = 1
close(5)                                = 0
fstat(1, {st_mode=S_IFREG|0664, st_size=0, ...}) = 0
mmap(NULL, 4096, PROT_READ|PROT_WRITE, MAP_PRIVATE|MAP_ANONYMOUS, -1, 0) = 0x7f6bd285a000
write(1, "/* A lexical scanner generated b"..., 4096) = 4096
read(4, "", 8192)                       = 0
ioctl(4, SNDCTL_TMR_TIMEBASE or TCGETS, 0x7fff37f1e598) = -1 ENOTTY (Inappropriate ioctl for device)
write(1, "\t * instead of fread(), to make "..., 4096) = 4096
write(1, "y_cp;\n\n#define YY_NUM_RULES 7\n#d"..., 4096) = 4096
write(1, "    9,\n        9,   24,   24,   "..., 4096) = 4096
write(1, "24,   24,   24,   24,\n       24,"..., 4096) = 4096
write(1, " \\\n\t\t{ \\\n\t\tint c = '*', n; \\\n\t\tf"..., 4096) = 4096
write(1, "SETUP\n#line 4 \"../inputs/in.ch\"\n"..., 4096) = 4096
write(1, "\t} /* end of yylex */\n\n\n/* yy_ge"..., 4096) = 4096
write(1, "*yy_state_ptr++ = yy_current_sta"..., 4096) = 4096
write(1, "only time this flag\n\t * is looke"..., 4096) = 4096
write(1, "\n\tbuf = (char *) yy_flex_alloc( "..., 3527) = 3527
exit_group(0)                           = ?
