execve("../source/flex.exe.static", ["../source/flex.exe.static", "error", "-dl", "-Crm", "../inputs/in.ch_exp_1"], [/* 43 vars */]) = 0
uname({sys="Linux", node="xmenxk-OptiPlex-7010", ...}) = 0
brk(0)                                  = 0xd22000
brk(0xd231c0)                           = 0xd231c0
arch_prctl(ARCH_SET_FS, 0xd22880)       = 0
brk(0xd441c0)                           = 0xd441c0
brk(0xd45000)                           = 0xd45000
open("error", O_WRONLY|O_CREAT|O_TRUNC, 0666) = 3
open("../inputs/in.ch_exp_1", O_RDONLY) = 4
brk(0xd66000)                           = 0xd66000
ioctl(4, SNDCTL_TMR_TIMEBASE or TCGETS, 0x7fff3b0e1398) = -1 ENOTTY (Inappropriate ioctl for device)
fstat(4, {st_mode=S_IFREG|0640, st_size=70, ...}) = 0
mmap(NULL, 4096, PROT_READ|PROT_WRITE, MAP_PRIVATE|MAP_ANONYMOUS, -1, 0) = 0x7fd1bf07b000
read(4, "%%\n\nfoo|bar*\tprintf(\"foo or ba(z"..., 8192) = 70
read(4, "", 4096)                       = 0
open("lex.yy.c", O_WRONLY|O_CREAT|O_TRUNC, 0666) = 5
dup3(5, 1, 0)                           = 1
close(5)                                = 0
fstat(1, {st_mode=S_IFREG|0664, st_size=0, ...}) = 0
mmap(NULL, 4096, PROT_READ|PROT_WRITE, MAP_PRIVATE|MAP_ANONYMOUS, -1, 0) = 0x7fd1bf07a000
write(1, "/* A lexical scanner generated b"..., 4096) = 4096
read(4, "", 8192)                       = 0
ioctl(4, SNDCTL_TMR_TIMEBASE or TCGETS, 0x7fff3b0e1358) = -1 ENOTTY (Inappropriate ioctl for device)
write(1, "\t * instead of fread(), to make "..., 4096) = 4096
write(1, "y_cp;\n\n#define YY_NUM_RULES 2\n#d"..., 4096) = 4096
write(1, " 11,   11,   11,\n       11,   11"..., 4096) = 4096
write(1, "#endif\n\nchar yytext[YYLMAX];\ncha"..., 4096) = 4096
write(1, "\n\n\t\t/* Support of yytext. */\n\t\t*"..., 4096) = 4096
write(1, " yytext_ptr + YY_MORE_ADJ;\n\n\t\t\ti"..., 4096) = 4096
write(1, " > YY_READ_BUF_SIZE )\n\t\t\tnum_to_"..., 4096) = 4096
write(1, " there's no matching to consider"..., 4096) = 4096
write(1, ";\n\n\tif ( b == yy_current_buffer "..., 4096) = 4096
write(1, " s[n]; ++n )\n\t\t;\n\n\treturn n;\n\t}\n"..., 1007) = 1007
exit_group(0)                           = ?
