execve("../source/flex.exe.static", ["../source/flex.exe.static", "error", "-7", "../inputs/in.unput"], [/* 43 vars */]) = 0
uname({sys="Linux", node="xmenxk-OptiPlex-7010", ...}) = 0
brk(0)                                  = 0x93f000
brk(0x9401c0)                           = 0x9401c0
arch_prctl(ARCH_SET_FS, 0x93f880)       = 0
brk(0x9611c0)                           = 0x9611c0
brk(0x962000)                           = 0x962000
open("error", O_WRONLY|O_CREAT|O_TRUNC, 0666) = 3
open("../inputs/in.unput", O_RDONLY)    = 4
brk(0x983000)                           = 0x983000
ioctl(4, SNDCTL_TMR_TIMEBASE or TCGETS, 0x7fff0f5fe4e8) = -1 ENOTTY (Inappropriate ioctl for device)
fstat(4, {st_mode=S_IFREG|0640, st_size=142, ...}) = 0
mmap(NULL, 4096, PROT_READ|PROT_WRITE, MAP_PRIVATE|MAP_ANONYMOUS, -1, 0) = 0x7fcb9d100000
read(4, "%%\n\n\"abc\"\t{\nint i;\nchar *yycopy "..., 8192) = 142
read(4, "", 4096)                       = 0
open("lex.yy.c", O_WRONLY|O_CREAT|O_TRUNC, 0666) = 5
dup3(5, 1, 0)                           = 1
close(5)                                = 0
fstat(1, {st_mode=S_IFREG|0664, st_size=0, ...}) = 0
mmap(NULL, 4096, PROT_READ|PROT_WRITE, MAP_PRIVATE|MAP_ANONYMOUS, -1, 0) = 0x7fcb9d0ff000
write(1, "/* A lexical scanner generated b"..., 4096) = 4096
read(4, "", 8192)                       = 0
ioctl(4, SNDCTL_TMR_TIMEBASE or TCGETS, 0x7fff0f5fe4a8) = -1 ENOTTY (Inappropriate ioctl for device)
write(1, "\t * instead of fread(), to make "..., 4096) = 4096
write(1, "1,    1,    1,    1,    1,\n     "..., 4096) = 4096
write(1, "OR( \"input in flex scanner faile"..., 4096) = 4096
write(1, "ffer->yy_input_file = yyin;\n\t\t\ty"..., 4096) = 4096
write(1, " 1;\n\n\t\twhile ( num_to_read <= 0 "..., 4096) = 4096
write(1, " char *source =\n\t\t\t\t&yy_current_"..., 4096) = 4096
write(1, "buffer( YY_BUFFER_STATE b )\n#els"..., 4096) = 4096
write(1, "void yy_pop_state()\n\t{\n\tif ( --y"..., 2344) = 2344
exit_group(0)                           = ?
