execve("../source/flex.exe.static", ["../source/flex.exe.static", "error", "-d", "-Crm", "../inputs/in.ch_exp_1"], [/* 43 vars */]) = 0
uname({sys="Linux", node="xmenxk-OptiPlex-7010", ...}) = 0
brk(0)                                  = 0x1324000
brk(0x13251c0)                          = 0x13251c0
arch_prctl(ARCH_SET_FS, 0x1324880)      = 0
brk(0x13461c0)                          = 0x13461c0
brk(0x1347000)                          = 0x1347000
open("error", O_WRONLY|O_CREAT|O_TRUNC, 0666) = 3
open("../inputs/in.ch_exp_1", O_RDONLY) = 4
brk(0x1368000)                          = 0x1368000
ioctl(4, SNDCTL_TMR_TIMEBASE or TCGETS, 0x7fff73f1efd8) = -1 ENOTTY (Inappropriate ioctl for device)
fstat(4, {st_mode=S_IFREG|0640, st_size=70, ...}) = 0
mmap(NULL, 4096, PROT_READ|PROT_WRITE, MAP_PRIVATE|MAP_ANONYMOUS, -1, 0) = 0x7f643d57a000
read(4, "%%\n\nfoo|bar*\tprintf(\"foo or ba(z"..., 8192) = 70
read(4, "", 4096)                       = 0
open("lex.yy.c", O_WRONLY|O_CREAT|O_TRUNC, 0666) = 5
dup3(5, 1, 0)                           = 1
close(5)                                = 0
fstat(1, {st_mode=S_IFREG|0664, st_size=0, ...}) = 0
mmap(NULL, 4096, PROT_READ|PROT_WRITE, MAP_PRIVATE|MAP_ANONYMOUS, -1, 0) = 0x7f643d579000
write(1, "/* A lexical scanner generated b"..., 4096) = 4096
read(4, "", 8192)                       = 0
ioctl(4, SNDCTL_TMR_TIMEBASE or TCGETS, 0x7fff73f1ef98) = -1 ENOTTY (Inappropriate ioctl for device)
write(1, "\t * instead of fread(), to make "..., 4096) = 4096
write(1, "    1,    1,    1,    1,    1,  "..., 4096) = 4096
write(1, " 11,   11,   11,   11,   11,\n   "..., 4096) = 4096
write(1, "f YY_STACK_USED\nstatic int yy_st"..., 4096) = 4096
write(1, "0 )\n\t\t\t\tfprintf( err, \"--scanner"..., 4096) = 4096
write(1, "rrent_state = yy_get_previous_st"..., 4096) = 4096
write(1, "if ( yy_accept[yy_current_state]"..., 4096) = 4096
write(1, "fer == new_buffer )\n\t\treturn;\n\n\t"..., 4096) = 4096
write(1, "\n\t\t;\n\n\treturn yy_scan_bytes( yy_"..., 3926) = 3926
exit_group(0)                           = ?
