execve("../source/flex.exe.static", ["../source/flex.exe.static", "error", "-d", "-Crm", "../inputs/in.exp"], [/* 43 vars */]) = 0
uname({sys="Linux", node="xmenxk-OptiPlex-7010", ...}) = 0
brk(0)                                  = 0x79d000
brk(0x79e1c0)                           = 0x79e1c0
arch_prctl(ARCH_SET_FS, 0x79d880)       = 0
brk(0x7bf1c0)                           = 0x7bf1c0
brk(0x7c0000)                           = 0x7c0000
open("error", O_WRONLY|O_CREAT|O_TRUNC, 0666) = 3
open("../inputs/in.exp", O_RDONLY)      = 4
brk(0x7e1000)                           = 0x7e1000
ioctl(4, SNDCTL_TMR_TIMEBASE or TCGETS, 0x7fff5ae69538) = -1 ENOTTY (Inappropriate ioctl for device)
fstat(4, {st_mode=S_IFREG|0640, st_size=290, ...}) = 0
mmap(NULL, 4096, PROT_READ|PROT_WRITE, MAP_PRIVATE|MAP_ANONYMOUS, -1, 0) = 0x7fc341092000
read(4, "%%\n(r)\t\tprintf(\"Match an r: %s\\n"..., 8192) = 290
read(4, "", 4096)                       = 0
open("lex.yy.c", O_WRONLY|O_CREAT|O_TRUNC, 0666) = 5
dup3(5, 1, 0)                           = 1
close(5)                                = 0
fstat(1, {st_mode=S_IFREG|0664, st_size=0, ...}) = 0
mmap(NULL, 4096, PROT_READ|PROT_WRITE, MAP_PRIVATE|MAP_ANONYMOUS, -1, 0) = 0x7fc341091000
write(1, "/* A lexical scanner generated b"..., 4096) = 4096
read(4, "", 8192)                       = 0
ioctl(4, SNDCTL_TMR_TIMEBASE or TCGETS, 0x7fff5ae694f8) = -1 ENOTTY (Inappropriate ioctl for device)
write(1, "\t * instead of fread(), to make "..., 4096) = 4096
write(1, ",\n        1,    1,    1,    1,  "..., 4096) = 4096
write(1, " 26,   26,   26,   26,   26,   2"..., 4096) = 4096
write(1, "an all be overridden by user def"..., 4096) = 4096
write(1, "\t\t}\n\t\t\twhile ( yy_chk[yy_base[yy"..., 4096) = 4096
write(1, "l\n\t\t\t * with the possibility of "..., 4096) = 4096
write(1, "\t\t\t\"fatal error - scanner input "..., 4096) = 4096
write(1, "'\\0';\n\n\t\telse\n\t\t\t{ /* need more "..., 4096) = 4096
write(1, "\t{\n\tif ( ! b )\n\t\treturn;\n\n\tb->yy"..., 4096) = 4096
write(1, "( char *s1, yyconst char *s2, in"..., 1386) = 1386
exit_group(0)                           = ?
