execve("../source/flex.exe.static", ["../source/flex.exe.static", "error", "-dl", "-Cr", "../inputs/in.ch_exp_1"], [/* 43 vars */]) = 0
uname({sys="Linux", node="xmenxk-OptiPlex-7010", ...}) = 0
brk(0)                                  = 0x22a0000
brk(0x22a11c0)                          = 0x22a11c0
arch_prctl(ARCH_SET_FS, 0x22a0880)      = 0
brk(0x22c21c0)                          = 0x22c21c0
brk(0x22c3000)                          = 0x22c3000
open("error", O_WRONLY|O_CREAT|O_TRUNC, 0666) = 3
open("../inputs/in.ch_exp_1", O_RDONLY) = 4
brk(0x22e4000)                          = 0x22e4000
ioctl(4, SNDCTL_TMR_TIMEBASE or TCGETS, 0x7fff43acfc68) = -1 ENOTTY (Inappropriate ioctl for device)
fstat(4, {st_mode=S_IFREG|0640, st_size=70, ...}) = 0
mmap(NULL, 4096, PROT_READ|PROT_WRITE, MAP_PRIVATE|MAP_ANONYMOUS, -1, 0) = 0x7f8111906000
read(4, "%%\n\nfoo|bar*\tprintf(\"foo or ba(z"..., 8192) = 70
read(4, "", 4096)                       = 0
open("lex.yy.c", O_WRONLY|O_CREAT|O_TRUNC, 0666) = 5
dup3(5, 1, 0)                           = 1
close(5)                                = 0
fstat(1, {st_mode=S_IFREG|0664, st_size=0, ...}) = 0
mmap(NULL, 4096, PROT_READ|PROT_WRITE, MAP_PRIVATE|MAP_ANONYMOUS, -1, 0) = 0x7f8111905000
write(1, "/* A lexical scanner generated b"..., 4096) = 4096
read(4, "", 8192)                       = 0
ioctl(4, SNDCTL_TMR_TIMEBASE or TCGETS, 0x7fff43acfc28) = -1 ENOTTY (Inappropriate ioctl for device)
write(1, "\t * instead of fread(), to make "..., 4096) = 4096
write(1, "y_cp;\n\n#define YY_NUM_RULES 2\n#d"..., 4096) = 4096
write(1, "  11,   11,   11,   11,   11,   "..., 4096) = 4096
write(1, "     11,   11,   11,   11,   11,"..., 4096) = 4096
write(1, "e don't want an extra ';' after "..., 4096) = 4096
write(1, "t a new source and called\n\t\t\t * "..., 4096) = 4096
write(1, "\n\n\tfor ( i = 0; i < number_to_mo"..., 4096) = 4096
write(1, "urce > yy_current_buffer->yy_ch_"..., 4096) = 4096
write(1, "R_STATE b )\n#else\nvoid yy_delete"..., 4096) = 4096
write(1, "e()\n\t{\n\tif ( --yy_start_stack_pt"..., 2330) = 2330
exit_group(0)                           = ?
