execve("../source/flex.exe.static", ["../source/flex.exe.static", "error", "-dl", "-Cr", "../inputs/in.closure"], [/* 43 vars */]) = 0
uname({sys="Linux", node="xmenxk-OptiPlex-7010", ...}) = 0
brk(0)                                  = 0x1ade000
brk(0x1adf1c0)                          = 0x1adf1c0
arch_prctl(ARCH_SET_FS, 0x1ade880)      = 0
brk(0x1b001c0)                          = 0x1b001c0
brk(0x1b01000)                          = 0x1b01000
open("error", O_WRONLY|O_CREAT|O_TRUNC, 0666) = 3
open("../inputs/in.closure", O_RDONLY)  = 4
brk(0x1b22000)                          = 0x1b22000
ioctl(4, SNDCTL_TMR_TIMEBASE or TCGETS, 0x7ffff96fd838) = -1 ENOTTY (Inappropriate ioctl for device)
fstat(4, {st_mode=S_IFREG|0640, st_size=274, ...}) = 0
mmap(NULL, 4096, PROT_READ|PROT_WRITE, MAP_PRIVATE|MAP_ANONYMOUS, -1, 0) = 0x7f26a7240000
read(4, "%%\n\nr*\t\tprintf(\"Zero or more r's"..., 8192) = 274
read(4, "", 4096)                       = 0
open("lex.yy.c", O_WRONLY|O_CREAT|O_TRUNC, 0666) = 5
dup3(5, 1, 0)                           = 1
close(5)                                = 0
fstat(1, {st_mode=S_IFREG|0664, st_size=0, ...}) = 0
mmap(NULL, 4096, PROT_READ|PROT_WRITE, MAP_PRIVATE|MAP_ANONYMOUS, -1, 0) = 0x7f26a723f000
write(1, "/* A lexical scanner generated b"..., 4096) = 4096
read(4, "", 8192)                       = 0
ioctl(4, SNDCTL_TMR_TIMEBASE or TCGETS, 0x7ffff96fd7f8) = -1 ENOTTY (Inappropriate ioctl for device)
write(1, "\t * instead of fread(), to make "..., 4096) = 4096
write(1, "y_cp;\n\n#define YY_NUM_RULES 6\n#d"..., 4096) = 4096
write(1, "   24,   24,   24,   24,   24,  "..., 4096) = 4096
write(1, " 24,   24,   24,   24,   24,\n   "..., 4096) = 4096
write(1, "), but since the string might co"..., 4096) = 4096
write(1, "(end of buffer or a NUL)\\n\" );\n\t"..., 4096) = 4096
write(1, "n;\n\t\t\t}\n\t\tbreak;\n\t\t}\n\n\tdefault:\n"..., 4096) = 4096
write(1, "state] + (unsigned int) yy_c];\n\t"..., 4096) = 4096
write(1, "/* We don't actually know whethe"..., 4096) = 4096
write(1, "_t n;\n\tint i;\n\n\t/* Get memory fo"..., 3631) = 3631
exit_group(0)                           = ?
