execve("../source/flex.exe.static", ["../source/flex.exe.static", "error", "-dl", "-Cr", "../inputs/in.exp"], [/* 43 vars */]) = 0
uname({sys="Linux", node="xmenxk-OptiPlex-7010", ...}) = 0
brk(0)                                  = 0x2554000
brk(0x25551c0)                          = 0x25551c0
arch_prctl(ARCH_SET_FS, 0x2554880)      = 0
brk(0x25761c0)                          = 0x25761c0
brk(0x2577000)                          = 0x2577000
open("error", O_WRONLY|O_CREAT|O_TRUNC, 0666) = 3
open("../inputs/in.exp", O_RDONLY)      = 4
brk(0x2598000)                          = 0x2598000
ioctl(4, SNDCTL_TMR_TIMEBASE or TCGETS, 0x7fff18ae06b8) = -1 ENOTTY (Inappropriate ioctl for device)
fstat(4, {st_mode=S_IFREG|0640, st_size=290, ...}) = 0
mmap(NULL, 4096, PROT_READ|PROT_WRITE, MAP_PRIVATE|MAP_ANONYMOUS, -1, 0) = 0x7fbc92178000
read(4, "%%\n(r)\t\tprintf(\"Match an r: %s\\n"..., 8192) = 290
read(4, "", 4096)                       = 0
open("lex.yy.c", O_WRONLY|O_CREAT|O_TRUNC, 0666) = 5
dup3(5, 1, 0)                           = 1
close(5)                                = 0
fstat(1, {st_mode=S_IFREG|0664, st_size=0, ...}) = 0
mmap(NULL, 4096, PROT_READ|PROT_WRITE, MAP_PRIVATE|MAP_ANONYMOUS, -1, 0) = 0x7fbc92177000
write(1, "/* A lexical scanner generated b"..., 4096) = 4096
read(4, "", 8192)                       = 0
ioctl(4, SNDCTL_TMR_TIMEBASE or TCGETS, 0x7fff18ae0678) = -1 ENOTTY (Inappropriate ioctl for device)
fstat(3, {st_mode=S_IFREG|0664, st_size=0, ...}) = 0
mmap(NULL, 4096, PROT_READ|PROT_WRITE, MAP_PRIVATE|MAP_ANONYMOUS, -1, 0) = 0x7fbc92176000
write(1, "\t * instead of fread(), to make "..., 4096) = 4096
write(1, "y_cp;\n\n#define YY_NUM_RULES 7\n#d"..., 4096) = 4096
write(1, ",   26,   26,   26,   26,\n      "..., 4096) = 4096
write(1, "       26,   26,   26,   26,   2"..., 4096) = 4096
write(1, "f(void*) != sizeof(int).\n */\n#en"..., 4096) = 4096
write(1, "in |= YY_TRAILING_HEAD_MASK;\n\t\t\t"..., 4096) = 4096
write(1, "buffer_switch_on_eof = 0;\n\n\t\t\t\ti"..., 4096) = 4096
write(1, "estart( yyin );\n\t\t\t}\n\n\t\telse\n\t\t\t"..., 4096) = 4096
write(1, "lse\n\t\t\t\t\treturn input();\n#endif\n"..., 4096) = 4096
write(1, "] != YY_END_OF_BUFFER_CHAR ||\n\t "..., 4096) = 4096
write(1, "ealloc( ptr, size )\nvoid *ptr;\ny"..., 684) = 684
write(3, "\"../inputs/in.exp\", line 7: warn"..., 64) = 64
exit_group(0)                           = ?
