execve("../source/flex.exe.static", ["../source/flex.exe.static", "error", "-d", "-Cr", "../inputs/in.ch"], [/* 43 vars */]) = 0
uname({sys="Linux", node="xmenxk-OptiPlex-7010", ...}) = 0
brk(0)                                  = 0x1052000
brk(0x10531c0)                          = 0x10531c0
arch_prctl(ARCH_SET_FS, 0x1052880)      = 0
brk(0x10741c0)                          = 0x10741c0
brk(0x1075000)                          = 0x1075000
open("error", O_WRONLY|O_CREAT|O_TRUNC, 0666) = 3
open("../inputs/in.ch", O_RDONLY)       = 4
brk(0x1096000)                          = 0x1096000
ioctl(4, SNDCTL_TMR_TIMEBASE or TCGETS, 0x7fffd43a7658) = -1 ENOTTY (Inappropriate ioctl for device)
fstat(4, {st_mode=S_IFREG|0640, st_size=357, ...}) = 0
mmap(NULL, 4096, PROT_READ|PROT_WRITE, MAP_PRIVATE|MAP_ANONYMOUS, -1, 0) = 0x7f34bfbde000
read(4, "%%\n\nxyz\"++\"\t\tprintf(\"Match chara"..., 8192) = 357
read(4, "", 4096)                       = 0
open("lex.yy.c", O_WRONLY|O_CREAT|O_TRUNC, 0666) = 5
dup3(5, 1, 0)                           = 1
close(5)                                = 0
fstat(1, {st_mode=S_IFREG|0664, st_size=0, ...}) = 0
mmap(NULL, 4096, PROT_READ|PROT_WRITE, MAP_PRIVATE|MAP_ANONYMOUS, -1, 0) = 0x7f34bfbdd000
write(1, "/* A lexical scanner generated b"..., 4096) = 4096
read(4, "", 8192)                       = 0
ioctl(4, SNDCTL_TMR_TIMEBASE or TCGETS, 0x7fffd43a7618) = -1 ENOTTY (Inappropriate ioctl for device)
write(1, "\t * instead of fread(), to make "..., 4096) = 4096
write(1, "   0,  113,  128,  491,  491,  4"..., 4096) = 4096
write(1, "  24,   24,   24,   24,   24,   "..., 4096) = 4096
write(1, "25,   25,   25,   25,   25,   25"..., 4096) = 4096
write(1, "fail\n * miserably on non-ANSI sy"..., 4096) = 4096
write(1, "ion;\n\ncase 1:\nYY_RULE_SETUP\n#lin"..., 4096) = 4096
write(1, "flex scanner internal error--no "..., 4096) = 4096
write(1, "= yy_current_state )\n\t\t\t\t{\n\t\t\t\ty"..., 4096) = 4096
write(1, "uffer;\n\tyy_load_buffer_state();\n"..., 4096) = 4096
write(1, "FFER_STATE b;\n\tchar *buf;\n\tyy_si"..., 3660) = 3660
exit_group(0)                           = ?
