execve("../source/flex.exe.static", ["../source/flex.exe.static", "error", "-d", "-Cr", "../inputs/in.ch_exp_1"], [/* 43 vars */]) = 0
uname({sys="Linux", node="xmenxk-OptiPlex-7010", ...}) = 0
brk(0)                                  = 0x1cb1000
brk(0x1cb21c0)                          = 0x1cb21c0
arch_prctl(ARCH_SET_FS, 0x1cb1880)      = 0
brk(0x1cd31c0)                          = 0x1cd31c0
brk(0x1cd4000)                          = 0x1cd4000
open("error", O_WRONLY|O_CREAT|O_TRUNC, 0666) = 3
open("../inputs/in.ch_exp_1", O_RDONLY) = 4
brk(0x1cf5000)                          = 0x1cf5000
ioctl(4, SNDCTL_TMR_TIMEBASE or TCGETS, 0x7fff81d38558) = -1 ENOTTY (Inappropriate ioctl for device)
fstat(4, {st_mode=S_IFREG|0640, st_size=70, ...}) = 0
mmap(NULL, 4096, PROT_READ|PROT_WRITE, MAP_PRIVATE|MAP_ANONYMOUS, -1, 0) = 0x7f3787d66000
read(4, "%%\n\nfoo|bar*\tprintf(\"foo or ba(z"..., 8192) = 70
read(4, "", 4096)                       = 0
open("lex.yy.c", O_WRONLY|O_CREAT|O_TRUNC, 0666) = 5
dup3(5, 1, 0)                           = 1
close(5)                                = 0
fstat(1, {st_mode=S_IFREG|0664, st_size=0, ...}) = 0
mmap(NULL, 4096, PROT_READ|PROT_WRITE, MAP_PRIVATE|MAP_ANONYMOUS, -1, 0) = 0x7f3787d65000
write(1, "/* A lexical scanner generated b"..., 4096) = 4096
read(4, "", 8192)                       = 0
ioctl(4, SNDCTL_TMR_TIMEBASE or TCGETS, 0x7fff81d38518) = -1 ENOTTY (Inappropriate ioctl for device)
write(1, "\t * instead of fread(), to make "..., 4096) = 4096
write(1, "\n\nstatic yyconst short int yy_de"..., 4096) = 4096
write(1, "\n       11,   11,   11,   11,   "..., 4096) = 4096
write(1, "1,   11,\n\n       11,   11,   11,"..., 4096) = 4096
write(1, "\n#endif\n\n\t\tif ( ! yy_start )\n\t\t\t"..., 4096) = 4096
write(1, "nto it because then it\n\t\t\t * wil"..., 4096) = 4096
write(1, "yy_c_buf_p_offset];\n\n\t\t\tnum_to_r"..., 4096) = 4096
write(1, "cause yy_g_n_b()\n\t\t\t\t\t * sees th"..., 4096) = 4096
write(1, "UFFER_CHAR;\n\tb->yy_ch_buf[1] = Y"..., 4096) = 4096
write(1, "PROTOS\nstatic int yy_flex_strlen"..., 1153) = 1153
exit_group(0)                           = ?
