execve("../source/flex.exe.static", ["../source/flex.exe.static", "error", "-d", "-Cr", "../inputs/in.closure"], [/* 43 vars */]) = 0
uname({sys="Linux", node="xmenxk-OptiPlex-7010", ...}) = 0
brk(0)                                  = 0x25c9000
brk(0x25ca1c0)                          = 0x25ca1c0
arch_prctl(ARCH_SET_FS, 0x25c9880)      = 0
brk(0x25eb1c0)                          = 0x25eb1c0
brk(0x25ec000)                          = 0x25ec000
open("error", O_WRONLY|O_CREAT|O_TRUNC, 0666) = 3
open("../inputs/in.closure", O_RDONLY)  = 4
brk(0x260d000)                          = 0x260d000
ioctl(4, SNDCTL_TMR_TIMEBASE or TCGETS, 0x7fffb7997b48) = -1 ENOTTY (Inappropriate ioctl for device)
fstat(4, {st_mode=S_IFREG|0640, st_size=274, ...}) = 0
mmap(NULL, 4096, PROT_READ|PROT_WRITE, MAP_PRIVATE|MAP_ANONYMOUS, -1, 0) = 0x7fc4a8836000
read(4, "%%\n\nr*\t\tprintf(\"Zero or more r's"..., 8192) = 274
read(4, "", 4096)                       = 0
open("lex.yy.c", O_WRONLY|O_CREAT|O_TRUNC, 0666) = 5
dup3(5, 1, 0)                           = 1
close(5)                                = 0
fstat(1, {st_mode=S_IFREG|0664, st_size=0, ...}) = 0
mmap(NULL, 4096, PROT_READ|PROT_WRITE, MAP_PRIVATE|MAP_ANONYMOUS, -1, 0) = 0x7fc4a8835000
write(1, "/* A lexical scanner generated b"..., 4096) = 4096
read(4, "", 8192)                       = 0
ioctl(4, SNDCTL_TMR_TIMEBASE or TCGETS, 0x7fffb7997b08) = -1 ENOTTY (Inappropriate ioctl for device)
write(1, "\t * instead of fread(), to make "..., 4096) = 4096
write(1, "   0,    4,  398,  399,  283,   "..., 4096) = 4096
write(1, "  24,   24,   24,   24,   24,   "..., 4096) = 4096
write(1, "24,   24,   24,   24,\n       24,"..., 4096) = 4096
write(1, "* Report a fatal error. */\n#ifnd"..., 4096) = 4096
write(1, " we have to assure\n\t\t\t * consist"..., 4096) = 4096
write(1, " = *(source++);\n\n\tif ( yy_curren"..., 4096) = 4096
write(1, "buf_size + 2];\n\t\tregister char *"..., 4096) = 4096
write(1, "SE_PROTOS\nvoid yy_delete_buffer("..., 4096) = 4096
write(1, "f YY_NO_POP_STATE\nstatic void yy"..., 2370) = 2370
exit_group(0)                           = ?
