execve("../source/flex.exe.static", ["../source/flex.exe.static", "error", "-d", "-Cr", "../inputs/in.0"], [/* 43 vars */]) = 0
uname({sys="Linux", node="xmenxk-OptiPlex-7010", ...}) = 0
brk(0)                                  = 0xef0000
brk(0xef11c0)                           = 0xef11c0
arch_prctl(ARCH_SET_FS, 0xef0880)       = 0
brk(0xf121c0)                           = 0xf121c0
brk(0xf13000)                           = 0xf13000
open("error", O_WRONLY|O_CREAT|O_TRUNC, 0666) = 3
open("../inputs/in.0", O_RDONLY)        = 4
brk(0xf34000)                           = 0xf34000
ioctl(4, SNDCTL_TMR_TIMEBASE or TCGETS, 0x7fff8ec82598) = -1 ENOTTY (Inappropriate ioctl for device)
fstat(4, {st_mode=S_IFREG|0640, st_size=792, ...}) = 0
mmap(NULL, 4096, PROT_READ|PROT_WRITE, MAP_PRIVATE|MAP_ANONYMOUS, -1, 0) = 0x7f443b85f000
read(4, "/* scanner for a toy Pascal-like"..., 8192) = 792
read(4, "", 4096)                       = 0
open("lex.yy.c", O_WRONLY|O_CREAT|O_TRUNC, 0666) = 5
dup3(5, 1, 0)                           = 1
close(5)                                = 0
fstat(1, {st_mode=S_IFREG|0664, st_size=0, ...}) = 0
mmap(NULL, 4096, PROT_READ|PROT_WRITE, MAP_PRIVATE|MAP_ANONYMOUS, -1, 0) = 0x7f443b85e000
write(1, "/* A lexical scanner generated b"..., 4096) = 4096
write(1, "\t * instead of fread(), to make "..., 4096) = 4096
write(1, "4,    4,    4,    4,    4,    4,"..., 4096) = 4096
write(1, ",\n\n       20,   20,   20,   20, "..., 4096) = 4096
write(1, ",   20,\n       20,   20,   42,  "..., 4096) = 4096
write(1, "   27,   27,\n        3,   44,   "..., 4096) = 4096
write(1, "  0,    0,   13,   13,   13,   1"..., 4096) = 4096
write(1, "      38,   38,   38,   38,   38"..., 4096) = 4096
write(1, " 46,\n       46,   46,   46,   46"..., 4096) = 4096
write(1, "EN\nstatic int yy_flex_strlen YY_"..., 4096) = 4096
write(1, "RE_ACTION;\n\n\ndo_action:\t/* This "..., 4096) = 4096
write(1, ") to have set up\n\t\t\t\t\t * yytext,"..., 4096) = 4096
write(1, "OF_PENDING;\n\t\t\t}\n\t\t}\n\n\telse\n\t\tre"..., 4096) = 4096
write(1, "\n\t\t\t\t\t}\n\n\t\t\t\tcase EOB_ACT_CONTIN"..., 4096) = 4096
write(1, "return 0;\n\n\tb = (YY_BUFFER_STATE"..., 4096) = 4096
read(4, "", 8192)                       = 0
ioctl(4, SNDCTL_TMR_TIMEBASE or TCGETS, 0x7fff8ec82ac8) = -1 ENOTTY (Inappropriate ioctl for device)
write(1, "entations that use char* generic"..., 728) = 728
exit_group(0)                           = ?
