execve("../source/flex.exe.static", ["../source/flex.exe.static", "error", "-Cf", "../inputs/in.yyless"], [/* 43 vars */]) = 0
uname({sys="Linux", node="xmenxk-OptiPlex-7010", ...}) = 0
brk(0)                                  = 0x1318000
brk(0x13191c0)                          = 0x13191c0
arch_prctl(ARCH_SET_FS, 0x1318880)      = 0
brk(0x133a1c0)                          = 0x133a1c0
brk(0x133b000)                          = 0x133b000
open("error", O_WRONLY|O_CREAT|O_TRUNC, 0666) = 3
open("../inputs/in.yyless", O_RDONLY)   = 4
brk(0x135c000)                          = 0x135c000
ioctl(4, SNDCTL_TMR_TIMEBASE or TCGETS, 0x7fff02b75418) = -1 ENOTTY (Inappropriate ioctl for device)
fstat(4, {st_mode=S_IFREG|0640, st_size=64, ...}) = 0
mmap(NULL, 4096, PROT_READ|PROT_WRITE, MAP_PRIVATE|MAP_ANONYMOUS, -1, 0) = 0x7f25098df000
read(4, "%%\nfoobar\tECHO; yyless(3);\nyyles"..., 8192) = 64
read(4, "", 4096)                       = 0
open("lex.yy.c", O_WRONLY|O_CREAT|O_TRUNC, 0666) = 5
dup3(5, 1, 0)                           = 1
close(5)                                = 0
fstat(1, {st_mode=S_IFREG|0664, st_size=0, ...}) = 0
mmap(NULL, 4096, PROT_READ|PROT_WRITE, MAP_PRIVATE|MAP_ANONYMOUS, -1, 0) = 0x7f25098de000
write(1, "/* A lexical scanner generated b"..., 4096) = 4096
read(4, "", 8192)                       = 0
ioctl(4, SNDCTL_TMR_TIMEBASE or TCGETS, 0x7fff02b753d8) = -1 ENOTTY (Inappropriate ioctl for device)
write(1, "\t * instead of fread(), to make "..., 4096) = 4096
write(1, "        3,    4,    4,    4,    "..., 4096) = 4096
write(1, "8,    8,\n        8,    8,    8, "..., 4096) = 4096
write(1, "  -10,  -10,  -10,\n      -10,  -"..., 4096) = 4096
write(1, " -15,  -15,  -15,  -15,  -15,\n  "..., 4096) = 4096
write(1, "efine YY_MORE_ADJ 0\n#define YY_R"..., 4096) = 4096
write(1, "cp = yy_c_buf_p;\n\n\t\t/* Support o"..., 4096) = 4096
write(1, "\tyy_cp = yy_c_buf_p;\n\t\t\t\tyy_bp ="..., 4096) = 4096
write(1, "e NUL character\n *\n * synopsis\n "..., 4096) = 4096
write(1, "oad_buffer_state( void )\n#else\nv"..., 4096) = 4096
write(1, "] = YY_END_OF_BUFFER_CHAR;\n\n\tb ="..., 3343) = 3343
exit_group(0)                           = ?
