execve("../source/flex.exe.static", ["../source/flex.exe.static", "error", "-df", "-Ca", "../inputs/in.ch"], [/* 43 vars */]) = 0
uname({sys="Linux", node="xmenxk-OptiPlex-7010", ...}) = 0
brk(0)                                  = 0x2590000
brk(0x25911c0)                          = 0x25911c0
arch_prctl(ARCH_SET_FS, 0x2590880)      = 0
brk(0x25b21c0)                          = 0x25b21c0
brk(0x25b3000)                          = 0x25b3000
open("error", O_WRONLY|O_CREAT|O_TRUNC, 0666) = 3
open("../inputs/in.ch", O_RDONLY)       = 4
brk(0x25d4000)                          = 0x25d4000
ioctl(4, SNDCTL_TMR_TIMEBASE or TCGETS, 0x7fff3cb80fb8) = -1 ENOTTY (Inappropriate ioctl for device)
fstat(4, {st_mode=S_IFREG|0640, st_size=357, ...}) = 0
mmap(NULL, 4096, PROT_READ|PROT_WRITE, MAP_PRIVATE|MAP_ANONYMOUS, -1, 0) = 0x7f5baef37000
read(4, "%%\n\nxyz\"++\"\t\tprintf(\"Match chara"..., 8192) = 357
read(4, "", 4096)                       = 0
open("lex.yy.c", O_WRONLY|O_CREAT|O_TRUNC, 0666) = 5
dup3(5, 1, 0)                           = 1
close(5)                                = 0
fstat(1, {st_mode=S_IFREG|0664, st_size=0, ...}) = 0
mmap(NULL, 4096, PROT_READ|PROT_WRITE, MAP_PRIVATE|MAP_ANONYMOUS, -1, 0) = 0x7f5baef36000
write(1, "/* A lexical scanner generated b"..., 4096) = 4096
read(4, "", 8192)                       = 0
ioctl(4, SNDCTL_TMR_TIMEBASE or TCGETS, 0x7fff3cb80f78) = -1 ENOTTY (Inappropriate ioctl for device)
write(1, "\t * instead of fread(), to make "..., 4096) = 4096
write(1, " 0,  113,  128,  491,  491,  491"..., 4096) = 4096
write(1, ",   24,   24,   24,   24,   24, "..., 4096) = 4096
write(1, " 25,   25,   25,   25,   25,\n   "..., 4096) = 4096
write(1, "* miserably on non-ANSI systems "..., 4096) = 4096
write(1, "case 1:\nYY_RULE_SETUP\n#line 3 \"."..., 4096) = 4096
write(1, "canner internal error--no action"..., 4096) = 4096
write(1, "urrent_state )\n\t\t\t\t{\n\t\t\t\tyy_curr"..., 4096) = 4096
write(1, "\n\tyy_load_buffer_state();\n\n\t/* W"..., 4096) = 4096
write(1, "TATE b;\n\tchar *buf;\n\tyy_size_t n"..., 3654) = 3654
exit_group(0)                           = ?
