execve("../source/flex.exe.static", ["../source/flex.exe.static", "error", "-df", "-Ca", "../inputs/in.closure"], [/* 43 vars */]) = 0
uname({sys="Linux", node="xmenxk-OptiPlex-7010", ...}) = 0
brk(0)                                  = 0x208f000
brk(0x20901c0)                          = 0x20901c0
arch_prctl(ARCH_SET_FS, 0x208f880)      = 0
brk(0x20b11c0)                          = 0x20b11c0
brk(0x20b2000)                          = 0x20b2000
open("error", O_WRONLY|O_CREAT|O_TRUNC, 0666) = 3
open("../inputs/in.closure", O_RDONLY)  = 4
brk(0x20d3000)                          = 0x20d3000
ioctl(4, SNDCTL_TMR_TIMEBASE or TCGETS, 0x7fff5720e4d8) = -1 ENOTTY (Inappropriate ioctl for device)
fstat(4, {st_mode=S_IFREG|0640, st_size=274, ...}) = 0
mmap(NULL, 4096, PROT_READ|PROT_WRITE, MAP_PRIVATE|MAP_ANONYMOUS, -1, 0) = 0x7fe16cadc000
read(4, "%%\n\nr*\t\tprintf(\"Zero or more r's"..., 8192) = 274
read(4, "", 4096)                       = 0
open("lex.yy.c", O_WRONLY|O_CREAT|O_TRUNC, 0666) = 5
dup3(5, 1, 0)                           = 1
close(5)                                = 0
fstat(1, {st_mode=S_IFREG|0664, st_size=0, ...}) = 0
mmap(NULL, 4096, PROT_READ|PROT_WRITE, MAP_PRIVATE|MAP_ANONYMOUS, -1, 0) = 0x7fe16cadb000
write(1, "/* A lexical scanner generated b"..., 4096) = 4096
read(4, "", 8192)                       = 0
ioctl(4, SNDCTL_TMR_TIMEBASE or TCGETS, 0x7fff5720e498) = -1 ENOTTY (Inappropriate ioctl for device)
write(1, "\t * instead of fread(), to make "..., 4096) = 4096
write(1, " 0,    4,  398,  399,  283,    6"..., 4096) = 4096
write(1, ",   24,   24,   24,   24,   24, "..., 4096) = 4096
write(1, " 24,   24,   24,\n       24,   24"..., 4096) = 4096
write(1, "rt a fatal error. */\n#ifndef YY_"..., 4096) = 4096
write(1, "ve to assure\n\t\t\t * consistency b"..., 4096) = 4096
write(1, "ource++);\n\n\tif ( yy_current_buff"..., 4096) = 4096
write(1, "ze + 2];\n\t\tregister char *source"..., 4096) = 4096
write(1, "TOS\nvoid yy_delete_buffer( YY_BU"..., 4096) = 4096
write(1, "O_POP_STATE\nstatic void yy_pop_s"..., 2364) = 2364
exit_group(0)                           = ?
