execve("../source/flex.exe.static", ["../source/flex.exe.static", "error", "-CF", "../inputs/in.yymore"], [/* 43 vars */]) = 0
uname({sys="Linux", node="xmenxk-OptiPlex-7010", ...}) = 0
brk(0)                                  = 0xf8e000
brk(0xf8f1c0)                           = 0xf8f1c0
arch_prctl(ARCH_SET_FS, 0xf8e880)       = 0
brk(0xfb01c0)                           = 0xfb01c0
brk(0xfb1000)                           = 0xfb1000
open("error", O_WRONLY|O_CREAT|O_TRUNC, 0666) = 3
open("../inputs/in.yymore", O_RDONLY)   = 4
brk(0xfd2000)                           = 0xfd2000
ioctl(4, SNDCTL_TMR_TIMEBASE or TCGETS, 0x7fffdebb85b8) = -1 ENOTTY (Inappropriate ioctl for device)
fstat(4, {st_mode=S_IFREG|0640, st_size=38, ...}) = 0
mmap(NULL, 4096, PROT_READ|PROT_WRITE, MAP_PRIVATE|MAP_ANONYMOUS, -1, 0) = 0x7f028191b000
read(4, "%%\nmega-\tECHO; yymore();\nkludge\t"..., 8192) = 38
read(4, "", 4096)                       = 0
open("lex.yy.c", O_WRONLY|O_CREAT|O_TRUNC, 0666) = 5
dup3(5, 1, 0)                           = 1
close(5)                                = 0
fstat(1, {st_mode=S_IFREG|0664, st_size=0, ...}) = 0
mmap(NULL, 4096, PROT_READ|PROT_WRITE, MAP_PRIVATE|MAP_ANONYMOUS, -1, 0) = 0x7f028191a000
write(1, "/* A lexical scanner generated b"..., 4096) = 4096
read(4, "", 8192)                       = 0
ioctl(4, SNDCTL_TMR_TIMEBASE or TCGETS, 0x7fffdebb8578) = -1 ENOTTY (Inappropriate ioctl for device)
write(1, "\t * instead of fread(), to make "..., 4096) = 4096
write(1, " },\n {   7, 260 }, {   8, 260 },"..., 4096) = 4096
write(1, "}, {   0,   0 }, {   0,   0 },\n\n"..., 4096) = 4096
write(1, "fwrite( yytext, yyleng, 1, yyout"..., 4096) = 4096
write(1, "w file or input source.  It's\n\t\t"..., 4096) = 4096
write(1, "/\n\n\t/* First move last chars to "..., 4096) = 4096
write(1, "ber_to_move = yy_n_chars + 2;\n\t\t"..., 4096) = 4096
write(1, "y in yy_create_buffer()\" );\n\n\tb-"..., 4096) = 4096
write(1, "ondition stack\" );\n\t\t}\n\n\tyy_star"..., 2481) = 2481
exit_group(0)                           = ?
