execve("../source/flex.exe.static", ["../source/flex.exe.static", "error", "-df", "../inputs/in.ch"], [/* 43 vars */]) = 0
uname({sys="Linux", node="xmenxk-OptiPlex-7010", ...}) = 0
brk(0)                                  = 0x1b8e000
brk(0x1b8f1c0)                          = 0x1b8f1c0
arch_prctl(ARCH_SET_FS, 0x1b8e880)      = 0
brk(0x1bb01c0)                          = 0x1bb01c0
brk(0x1bb1000)                          = 0x1bb1000
open("error", O_WRONLY|O_CREAT|O_TRUNC, 0666) = 3
open("../inputs/in.ch", O_RDONLY)       = 4
brk(0x1bd2000)                          = 0x1bd2000
ioctl(4, SNDCTL_TMR_TIMEBASE or TCGETS, 0x7fffb0031c68) = -1 ENOTTY (Inappropriate ioctl for device)
fstat(4, {st_mode=S_IFREG|0640, st_size=357, ...}) = 0
mmap(NULL, 4096, PROT_READ|PROT_WRITE, MAP_PRIVATE|MAP_ANONYMOUS, -1, 0) = 0x7f74bf1ae000
read(4, "%%\n\nxyz\"++\"\t\tprintf(\"Match chara"..., 8192) = 357
read(4, "", 4096)                       = 0
open("lex.yy.c", O_WRONLY|O_CREAT|O_TRUNC, 0666) = 5
dup3(5, 1, 0)                           = 1
close(5)                                = 0
fstat(1, {st_mode=S_IFREG|0664, st_size=0, ...}) = 0
mmap(NULL, 4096, PROT_READ|PROT_WRITE, MAP_PRIVATE|MAP_ANONYMOUS, -1, 0) = 0x7f74bf1ad000
write(1, "/* A lexical scanner generated b"..., 4096) = 4096
read(4, "", 8192)                       = 0
ioctl(4, SNDCTL_TMR_TIMEBASE or TCGETS, 0x7fffb0031c28) = -1 ENOTTY (Inappropriate ioctl for device)
write(1, "\t * instead of fread(), to make "..., 4096) = 4096
write(1, "0,    0,    0,    0,    0\n    },"..., 4096) = 4096
write(1, "   -5,   -5,   -5,   -5,   -5,  "..., 4096) = 4096
write(1, "-10,  -10,  -10,  -10,  -10,  -1"..., 4096) = 4096
write(1, "-15,\n      -15,  -15,  -15,  -15"..., 4096) = 4096
write(1, "0,  -20,  -20,\n      -20,  -20, "..., 4096) = 4096
write(1, "0,    0,    0,    0,    0,    0,"..., 4096) = 4096
write(1, "yyin, YY_BUF_SIZE );\n\n\t\tyy_load_"..., 4096) = 4096
write(1, "/\n\n\t\t\tyy_next_state = yy_try_NUL"..., 4096) = 4096
write(1, "yy_buf_size -\n\t\t\t\t\t\tnumber_to_mo"..., 4096) = 4096
write(1, "ng to consider.\n\t\t\t\t\t * So conve"..., 4096) = 4096
write(1, "_state();\n\t}\n\n\n#ifndef YY_NO_SCA"..., 4096) = 4096
write(1, "_USE_PROTOS\nstatic void *yy_flex"..., 951) = 951
exit_group(0)                           = ?
