execve("../source/flex.exe.static", ["../source/flex.exe.static", "error", "-df", "../inputs/in.ch_exp_1"], [/* 43 vars */]) = 0
uname({sys="Linux", node="xmenxk-OptiPlex-7010", ...}) = 0
brk(0)                                  = 0xf69000
brk(0xf6a1c0)                           = 0xf6a1c0
arch_prctl(ARCH_SET_FS, 0xf69880)       = 0
brk(0xf8b1c0)                           = 0xf8b1c0
brk(0xf8c000)                           = 0xf8c000
open("error", O_WRONLY|O_CREAT|O_TRUNC, 0666) = 3
open("../inputs/in.ch_exp_1", O_RDONLY) = 4
brk(0xfad000)                           = 0xfad000
ioctl(4, SNDCTL_TMR_TIMEBASE or TCGETS, 0x7fff20bf72f8) = -1 ENOTTY (Inappropriate ioctl for device)
fstat(4, {st_mode=S_IFREG|0640, st_size=70, ...}) = 0
mmap(NULL, 4096, PROT_READ|PROT_WRITE, MAP_PRIVATE|MAP_ANONYMOUS, -1, 0) = 0x7fe3813ac000
read(4, "%%\n\nfoo|bar*\tprintf(\"foo or ba(z"..., 8192) = 70
read(4, "", 4096)                       = 0
open("lex.yy.c", O_WRONLY|O_CREAT|O_TRUNC, 0666) = 5
dup3(5, 1, 0)                           = 1
close(5)                                = 0
fstat(1, {st_mode=S_IFREG|0664, st_size=0, ...}) = 0
mmap(NULL, 4096, PROT_READ|PROT_WRITE, MAP_PRIVATE|MAP_ANONYMOUS, -1, 0) = 0x7fe3813ab000
write(1, "/* A lexical scanner generated b"..., 4096) = 4096
read(4, "", 8192)                       = 0
ioctl(4, SNDCTL_TMR_TIMEBASE or TCGETS, 0x7fff20bf72b8) = -1 ENOTTY (Inappropriate ioctl for device)
write(1, "\t * instead of fread(), to make "..., 4096) = 4096
write(1, "0,    0,    0,    0,    0\n    },"..., 4096) = 4096
write(1, "   -5,   -5,   -5,   -5,   -5,  "..., 4096) = 4096
write(1, "-10,  -10,  -10,  -10,  -10,  -1"..., 4096) = 4096
write(1, "ndef YY_START_STACK_INCR\n#define"..., 4096) = 4096
write(1, " ( yy_c_buf_p <= &yy_current_buf"..., 4096) = 4096
write(1, "\t\tint new_size = b->yy_buf_size "..., 4096) = 4096
write(1, "if not, then we've hit the end o"..., 4096) = 4096
write(1, "fdef YY_USE_PROTOS\nvoid yy_flush"..., 4096) = 4096
write(1, "} \\\n\twhile ( 0 )\n\n\n/* Internal u"..., 1511) = 1511
exit_group(0)                           = ?
