execve("../source/flex.exe.static", ["../source/flex.exe.static", "error", "-df", "../inputs/in.exp"], [/* 43 vars */]) = 0
uname({sys="Linux", node="xmenxk-OptiPlex-7010", ...}) = 0
brk(0)                                  = 0xb2c000
brk(0xb2d1c0)                           = 0xb2d1c0
arch_prctl(ARCH_SET_FS, 0xb2c880)       = 0
brk(0xb4e1c0)                           = 0xb4e1c0
brk(0xb4f000)                           = 0xb4f000
open("error", O_WRONLY|O_CREAT|O_TRUNC, 0666) = 3
open("../inputs/in.exp", O_RDONLY)      = 4
brk(0xb70000)                           = 0xb70000
ioctl(4, SNDCTL_TMR_TIMEBASE or TCGETS, 0x7fff31689148) = -1 ENOTTY (Inappropriate ioctl for device)
fstat(4, {st_mode=S_IFREG|0640, st_size=290, ...}) = 0
mmap(NULL, 4096, PROT_READ|PROT_WRITE, MAP_PRIVATE|MAP_ANONYMOUS, -1, 0) = 0x7f913c5a1000
read(4, "%%\n(r)\t\tprintf(\"Match an r: %s\\n"..., 8192) = 290
read(4, "", 4096)                       = 0
open("lex.yy.c", O_WRONLY|O_CREAT|O_TRUNC, 0666) = 5
dup3(5, 1, 0)                           = 1
close(5)                                = 0
fstat(1, {st_mode=S_IFREG|0664, st_size=0, ...}) = 0
mmap(NULL, 4096, PROT_READ|PROT_WRITE, MAP_PRIVATE|MAP_ANONYMOUS, -1, 0) = 0x7f913c5a0000
write(1, "/* A lexical scanner generated b"..., 4096) = 4096
read(4, "", 8192)                       = 0
ioctl(4, SNDCTL_TMR_TIMEBASE or TCGETS, 0x7fff31689108) = -1 ENOTTY (Inappropriate ioctl for device)
write(1, "\t * instead of fread(), to make "..., 4096) = 4096
write(1, "0,    0,    0,    0,    0\n    },"..., 4096) = 4096
write(1, "   -5,   -5,   -5,   -5,   -5,  "..., 4096) = 4096
write(1, "-10,  -10,  -10,  -10,  -10,  -1"..., 4096) = 4096
write(1, "-15,\n      -15,  -15,  -15,  -15"..., 4096) = 4096
write(1, "0,  -20,  -20,\n      -20,  -20, "..., 4096) = 4096
write(1, "  -25,  -25,  -25,  -25,\n      -"..., 4096) = 4096
write(1, "if\n\n/* Gets input and stuffs it "..., 4096) = 4096
write(1, "c_buf_p = yy_cp -= 1;\nYY_DO_BEFO"..., 4096) = 4096
write(1, "ster int number_to_move, i;\n\tint"..., 4096) = 4096
write(1, "pt[yy_current_state] )\n\t\t\t{\n\t\t\ty"..., 4096) = 4096
write(1, "f_p;\n\t}\n\n\n#ifdef YY_USE_PROTOS\nY"..., 4096) = 4096
write(1, "r = 1;\n\n\treturn b;\n\t}\n#endif\n\n\n#"..., 3102) = 3102
exit_group(0)                           = ?
