execve("../source/flex.exe.static", ["../source/flex.exe.static", "error", "-d", "-Cf", "../inputs/in.exp"], [/* 43 vars */]) = 0
uname({sys="Linux", node="xmenxk-OptiPlex-7010", ...}) = 0
brk(0)                                  = 0x1e24000
brk(0x1e251c0)                          = 0x1e251c0
arch_prctl(ARCH_SET_FS, 0x1e24880)      = 0
brk(0x1e461c0)                          = 0x1e461c0
brk(0x1e47000)                          = 0x1e47000
open("error", O_WRONLY|O_CREAT|O_TRUNC, 0666) = 3
open("../inputs/in.exp", O_RDONLY)      = 4
brk(0x1e68000)                          = 0x1e68000
ioctl(4, SNDCTL_TMR_TIMEBASE or TCGETS, 0x7fffc2525ec8) = -1 ENOTTY (Inappropriate ioctl for device)
fstat(4, {st_mode=S_IFREG|0640, st_size=290, ...}) = 0
mmap(NULL, 4096, PROT_READ|PROT_WRITE, MAP_PRIVATE|MAP_ANONYMOUS, -1, 0) = 0x7ffcff237000
read(4, "%%\n(r)\t\tprintf(\"Match an r: %s\\n"..., 8192) = 290
read(4, "", 4096)                       = 0
open("lex.yy.c", O_WRONLY|O_CREAT|O_TRUNC, 0666) = 5
dup3(5, 1, 0)                           = 1
close(5)                                = 0
fstat(1, {st_mode=S_IFREG|0664, st_size=0, ...}) = 0
mmap(NULL, 4096, PROT_READ|PROT_WRITE, MAP_PRIVATE|MAP_ANONYMOUS, -1, 0) = 0x7ffcff236000
write(1, "/* A lexical scanner generated b"..., 4096) = 4096
read(4, "", 8192)                       = 0
ioctl(4, SNDCTL_TMR_TIMEBASE or TCGETS, 0x7fffc2525e88) = -1 ENOTTY (Inappropriate ioctl for device)
write(1, "\t * instead of fread(), to make "..., 4096) = 4096
write(1, "0,    0,    0,    0,    0\n    },"..., 4096) = 4096
write(1, "   -5,   -5,   -5,   -5,   -5,  "..., 4096) = 4096
write(1, "-10,  -10,  -10,  -10,  -10,  -1"..., 4096) = 4096
write(1, "-15,\n      -15,  -15,  -15,  -15"..., 4096) = 4096
write(1, "0,  -20,  -20,\n      -20,  -20, "..., 4096) = 4096
write(1, "  -25,  -25,  -25,  -25,\n      -"..., 4096) = 4096
write(1, "if\n\n/* Gets input and stuffs it "..., 4096) = 4096
write(1, " yytext */\nyy_c_buf_p = yy_cp = "..., 4096) = 4096
write(1, "x */\n\n\n/* yy_get_next_buffer - t"..., 4096) = 4096
write(1, "atic yy_state_type yy_try_NUL_tr"..., 4096) = 4096
write(1, "alled, so it's safe\n\t * to go ah"..., 4096) = 4096
write(1, "AL_ERROR( \"out of dynamic memory"..., 3469) = 3469
exit_group(0)                           = ?
