execve("../source/flex.exe.static", ["../source/flex.exe.static", "error", "-d", "-Cf", "../inputs/in.0"], [/* 43 vars */]) = 0
uname({sys="Linux", node="xmenxk-OptiPlex-7010", ...}) = 0
brk(0)                                  = 0x1723000
brk(0x17241c0)                          = 0x17241c0
arch_prctl(ARCH_SET_FS, 0x1723880)      = 0
brk(0x17451c0)                          = 0x17451c0
brk(0x1746000)                          = 0x1746000
open("error", O_WRONLY|O_CREAT|O_TRUNC, 0666) = 3
open("../inputs/in.0", O_RDONLY)        = 4
brk(0x1767000)                          = 0x1767000
ioctl(4, SNDCTL_TMR_TIMEBASE or TCGETS, 0x7fff376589a8) = -1 ENOTTY (Inappropriate ioctl for device)
fstat(4, {st_mode=S_IFREG|0640, st_size=792, ...}) = 0
mmap(NULL, 4096, PROT_READ|PROT_WRITE, MAP_PRIVATE|MAP_ANONYMOUS, -1, 0) = 0x7f52adf46000
read(4, "/* scanner for a toy Pascal-like"..., 8192) = 792
read(4, "", 4096)                       = 0
open("lex.yy.c", O_WRONLY|O_CREAT|O_TRUNC, 0666) = 5
dup3(5, 1, 0)                           = 1
close(5)                                = 0
fstat(1, {st_mode=S_IFREG|0664, st_size=0, ...}) = 0
mmap(NULL, 4096, PROT_READ|PROT_WRITE, MAP_PRIVATE|MAP_ANONYMOUS, -1, 0) = 0x7f52adf45000
write(1, "/* A lexical scanner generated b"..., 4096) = 4096
write(1, "\t * instead of fread(), to make "..., 4096) = 4096
write(1, "0,    0,    0,    0,    0\n    },"..., 4096) = 4096
write(1, "   -5,   -5,   -5,   -5,   -5,  "..., 4096) = 4096
write(1, "-10,  -10,  -10,  -10,  -10,  -1"..., 4096) = 4096
write(1, "-15,\n      -15,  -15,  -15,  -15"..., 4096) = 4096
write(1, "0,  -20,  -20,\n      -20,  -20, "..., 4096) = 4096
write(1, "  -25,  -25,  -25,  -25,\n      -"..., 4096) = 4096
write(1, "29,  -29,  -29,  -29\n\n    },\n\n  "..., 4096) = 4096
write(1, "0,   20,   20,   20,   20,   20,"..., 4096) = 4096
write(1, "  -39,  -39,  -39,  -39,  -39,  "..., 4096) = 4096
write(1, "RE_ACTION \\\n\tyytext_ptr = yy_bp;"..., 4096) = 4096
write(1, " don't want an extra ';' after t"..., 4096) = 4096
write(1, "ffer_status == YY_BUFFER_NEW )\n\t"..., 4096) = 4096
write(1, "rn EOB_ACT_LAST_MATCH;\n\t\t\t}\n\t\t}\n"..., 4096) = 4096
write(1, "\tregister char *dest = &yy_curre"..., 4096) = 4096
write(1, "->yy_is_our_buffer = 1;\n\n\tyy_ini"..., 4096) = 4096
read(4, "", 8192)                       = 0
ioctl(4, SNDCTL_TMR_TIMEBASE or TCGETS, 0x7fff37658ed8) = -1 ENOTTY (Inappropriate ioctl for device)
write(1, "rt_stack[yy_start_stack_ptr++] ="..., 2618) = 2618
exit_group(0)                           = ?
