execve("../source/flex.exe.static", ["../source/flex.exe.static", "error", "-dF", "-Cae", "../inputs/in.exp"], [/* 43 vars */]) = 0
uname({sys="Linux", node="xmenxk-OptiPlex-7010", ...}) = 0
brk(0)                                  = 0x119c000
brk(0x119d1c0)                          = 0x119d1c0
arch_prctl(ARCH_SET_FS, 0x119c880)      = 0
brk(0x11be1c0)                          = 0x11be1c0
brk(0x11bf000)                          = 0x11bf000
open("error", O_WRONLY|O_CREAT|O_TRUNC, 0666) = 3
open("../inputs/in.exp", O_RDONLY)      = 4
brk(0x11e0000)                          = 0x11e0000
ioctl(4, SNDCTL_TMR_TIMEBASE or TCGETS, 0x7fff6bf015a8) = -1 ENOTTY (Inappropriate ioctl for device)
fstat(4, {st_mode=S_IFREG|0640, st_size=290, ...}) = 0
mmap(NULL, 4096, PROT_READ|PROT_WRITE, MAP_PRIVATE|MAP_ANONYMOUS, -1, 0) = 0x7ff8ea05a000
read(4, "%%\n(r)\t\tprintf(\"Match an r: %s\\n"..., 8192) = 290
read(4, "", 4096)                       = 0
open("lex.yy.c", O_WRONLY|O_CREAT|O_TRUNC, 0666) = 5
dup3(5, 1, 0)                           = 1
close(5)                                = 0
fstat(1, {st_mode=S_IFREG|0664, st_size=0, ...}) = 0
mmap(NULL, 4096, PROT_READ|PROT_WRITE, MAP_PRIVATE|MAP_ANONYMOUS, -1, 0) = 0x7ff8ea059000
write(1, "/* A lexical scanner generated b"..., 4096) = 4096
read(4, "", 8192)                       = 0
ioctl(4, SNDCTL_TMR_TIMEBASE or TCGETS, 0x7fff6bf01568) = -1 ENOTTY (Inappropriate ioctl for device)
write(1, "\t * instead of fread(), to make "..., 4096) = 4096
write(1, ", {   6,  42 },\n {   7,  47 }, {"..., 4096) = 4096
write(1, "oint can all be overridden by us"..., 4096) = 4096
write(1, " int) yy_c])->\n\t\tyy_verify == yy"..., 4096) = 4096
write(1, "te )\n\t\t\t\t{\n\t\t\t\t/* Consume the NU"..., 4096) = 4096
write(1, "BUF_SIZE;\n\n\t\t/* Read in more dat"..., 4096) = 4096
write(1, "sider.\n\t\t\t\t\t * So convert the EO"..., 4096) = 4096
write(1, "yy_current_buffer )\n\t\tyy_load_bu"..., 4096) = 4096
write(1, "\t;\n\n\treturn n;\n\t}\n#endif\n\n\n#ifde"..., 988) = 988
exit_group(0)                           = ?
