execve("../source/flex.exe.static", ["../source/flex.exe.static", "error", "-dF", "-Ca", "../inputs/in.ch"], [/* 43 vars */]) = 0
uname({sys="Linux", node="xmenxk-OptiPlex-7010", ...}) = 0
brk(0)                                  = 0x193b000
brk(0x193c1c0)                          = 0x193c1c0
arch_prctl(ARCH_SET_FS, 0x193b880)      = 0
brk(0x195d1c0)                          = 0x195d1c0
brk(0x195e000)                          = 0x195e000
open("error", O_WRONLY|O_CREAT|O_TRUNC, 0666) = 3
open("../inputs/in.ch", O_RDONLY)       = 4
brk(0x197f000)                          = 0x197f000
ioctl(4, SNDCTL_TMR_TIMEBASE or TCGETS, 0x7fff247a9fa8) = -1 ENOTTY (Inappropriate ioctl for device)
fstat(4, {st_mode=S_IFREG|0640, st_size=357, ...}) = 0
mmap(NULL, 4096, PROT_READ|PROT_WRITE, MAP_PRIVATE|MAP_ANONYMOUS, -1, 0) = 0x7fd323a72000
read(4, "%%\n\nxyz\"++\"\t\tprintf(\"Match chara"..., 8192) = 357
read(4, "", 4096)                       = 0
open("lex.yy.c", O_WRONLY|O_CREAT|O_TRUNC, 0666) = 5
dup3(5, 1, 0)                           = 1
close(5)                                = 0
fstat(1, {st_mode=S_IFREG|0664, st_size=0, ...}) = 0
mmap(NULL, 4096, PROT_READ|PROT_WRITE, MAP_PRIVATE|MAP_ANONYMOUS, -1, 0) = 0x7fd323a71000
write(1, "/* A lexical scanner generated b"..., 4096) = 4096
read(4, "", 8192)                       = 0
ioctl(4, SNDCTL_TMR_TIMEBASE or TCGETS, 0x7fff247a9f68) = -1 ENOTTY (Inappropriate ioctl for device)
write(1, "\t * instead of fread(), to make "..., 4096) = 4096
write(1, "260 },\n {   7, 260 }, {   8, 260"..., 4096) = 4096
write(1, "34 }, {   0,   0 }, {   0, 132 }"..., 4096) = 4096
write(1, "READ_BUF_SIZE\n#define YY_READ_BU"..., 4096) = 4096
write(1, "intf(\"Negated character class wi"..., 4096) = 4096
write(1, " int yy_get_next_buffer()\n\t{\n\tre"..., 4096) = 4096
write(1, "ns_info = &yy_current_state[(uns"..., 4096) = 4096
write(1, ">yy_n_chars;\n\tyytext_ptr = yy_c_"..., 4096) = 4096
write(1, "in yy_scan_bytes()\" );\n\n\t/* It's"..., 3238) = 3238
exit_group(0)                           = ?
