execve("../source/flex.exe.static", ["../source/flex.exe.static", "error", "-dF", "-Ca", "../inputs/in.ch_exp_1"], [/* 43 vars */]) = 0
uname({sys="Linux", node="xmenxk-OptiPlex-7010", ...}) = 0
brk(0)                                  = 0x1ca9000
brk(0x1caa1c0)                          = 0x1caa1c0
arch_prctl(ARCH_SET_FS, 0x1ca9880)      = 0
brk(0x1ccb1c0)                          = 0x1ccb1c0
brk(0x1ccc000)                          = 0x1ccc000
open("error", O_WRONLY|O_CREAT|O_TRUNC, 0666) = 3
open("../inputs/in.ch_exp_1", O_RDONLY) = 4
brk(0x1ced000)                          = 0x1ced000
ioctl(4, SNDCTL_TMR_TIMEBASE or TCGETS, 0x7fffff9bfcd8) = -1 ENOTTY (Inappropriate ioctl for device)
fstat(4, {st_mode=S_IFREG|0640, st_size=70, ...}) = 0
mmap(NULL, 4096, PROT_READ|PROT_WRITE, MAP_PRIVATE|MAP_ANONYMOUS, -1, 0) = 0x7f7e25d9c000
read(4, "%%\n\nfoo|bar*\tprintf(\"foo or ba(z"..., 8192) = 70
read(4, "", 4096)                       = 0
open("lex.yy.c", O_WRONLY|O_CREAT|O_TRUNC, 0666) = 5
dup3(5, 1, 0)                           = 1
close(5)                                = 0
fstat(1, {st_mode=S_IFREG|0664, st_size=0, ...}) = 0
mmap(NULL, 4096, PROT_READ|PROT_WRITE, MAP_PRIVATE|MAP_ANONYMOUS, -1, 0) = 0x7f7e25d9b000
write(1, "/* A lexical scanner generated b"..., 4096) = 4096
read(4, "", 8192)                       = 0
ioctl(4, SNDCTL_TMR_TIMEBASE or TCGETS, 0x7fffff9bfc98) = -1 ENOTTY (Inappropriate ioctl for device)
write(1, "\t * instead of fread(), to make "..., 4096) = 4096
write(1, "260 },\n {   7, 260 }, {   8, 260"..., 4096) = 4096
write(1, " 0 }, {   0,   0 }, {   0,   0 }"..., 4096) = 4096
write(1, " \"result\".\n */\n#ifndef YY_INPUT\n"..., 4096) = 4096
write(1, " so, then we have to assure\n\t\t\t "..., 4096) = 4096
write(1, "*(dest++) = *(source++);\n\n\tif ( "..., 4096) = 4096
write(1, " =\n\t\t\t\t&yy_current_buffer->yy_ch"..., 4096) = 4096
write(1, "FFER_STATE b )\n#else\nvoid yy_del"..., 4096) = 4096
write(1, "tate()\n\t{\n\tif ( --yy_start_stack"..., 2333) = 2333
exit_group(0)                           = ?
