execve("../source/flex.exe.static", ["../source/flex.exe.static", "error", "-dF", "-Ca", "../inputs/in.closure"], [/* 43 vars */]) = 0
uname({sys="Linux", node="xmenxk-OptiPlex-7010", ...}) = 0
brk(0)                                  = 0xd16000
brk(0xd171c0)                           = 0xd171c0
arch_prctl(ARCH_SET_FS, 0xd16880)       = 0
brk(0xd381c0)                           = 0xd381c0
brk(0xd39000)                           = 0xd39000
open("error", O_WRONLY|O_CREAT|O_TRUNC, 0666) = 3
open("../inputs/in.closure", O_RDONLY)  = 4
brk(0xd5a000)                           = 0xd5a000
ioctl(4, SNDCTL_TMR_TIMEBASE or TCGETS, 0x7fffe3654328) = -1 ENOTTY (Inappropriate ioctl for device)
fstat(4, {st_mode=S_IFREG|0640, st_size=274, ...}) = 0
mmap(NULL, 4096, PROT_READ|PROT_WRITE, MAP_PRIVATE|MAP_ANONYMOUS, -1, 0) = 0x7f3258b20000
read(4, "%%\n\nr*\t\tprintf(\"Zero or more r's"..., 8192) = 274
read(4, "", 4096)                       = 0
open("lex.yy.c", O_WRONLY|O_CREAT|O_TRUNC, 0666) = 5
dup3(5, 1, 0)                           = 1
close(5)                                = 0
fstat(1, {st_mode=S_IFREG|0664, st_size=0, ...}) = 0
mmap(NULL, 4096, PROT_READ|PROT_WRITE, MAP_PRIVATE|MAP_ANONYMOUS, -1, 0) = 0x7f3258b1f000
write(1, "/* A lexical scanner generated b"..., 4096) = 4096
read(4, "", 8192)                       = 0
ioctl(4, SNDCTL_TMR_TIMEBASE or TCGETS, 0x7fffe36542e8) = -1 ENOTTY (Inappropriate ioctl for device)
write(1, "\t * instead of fread(), to make "..., 4096) = 4096
write(1, "260 },\n {   7, 260 }, {   8, 260"..., 4096) = 4096
write(1, "36 }, {   0,   5 }, {   0, 134 }"..., 4096) = 4096
write(1, "h each read. */\n#ifndef YY_READ_"..., 4096) = 4096
write(1, "case 4:\nYY_RULE_SETUP\n#line 6 \"."..., 4096) = 4096
write(1, "yy_ch_buf;\n\tregister char *sourc"..., 4096) = 4096
write(1, "yy_trans_info->yy_nxt;\n\tyy_is_ja"..., 4096) = 4096
write(1, "\tyyin = yy_current_buffer->yy_in"..., 4096) = 4096
write(1, "should throw it\n\t * away when we"..., 3172) = 3172
exit_group(0)                           = ?
