execve("../source/flex.exe.static", ["../source/flex.exe.static", "error", "-p", "-Cf", "../inputs/in.ch_exp_2"], [/* 43 vars */]) = 0
uname({sys="Linux", node="xmenxk-OptiPlex-7010", ...}) = 0
brk(0)                                  = 0x12d6000
brk(0x12d71c0)                          = 0x12d71c0
arch_prctl(ARCH_SET_FS, 0x12d6880)      = 0
brk(0x12f81c0)                          = 0x12f81c0
brk(0x12f9000)                          = 0x12f9000
open("error", O_WRONLY|O_CREAT|O_TRUNC, 0666) = 3
open("../inputs/in.ch_exp_2", O_RDONLY) = 4
brk(0x131a000)                          = 0x131a000
ioctl(4, SNDCTL_TMR_TIMEBASE or TCGETS, 0x7fffd4941ab8) = -1 ENOTTY (Inappropriate ioctl for device)
fstat(4, {st_mode=S_IFREG|0640, st_size=76, ...}) = 0
mmap(NULL, 4096, PROT_READ|PROT_WRITE, MAP_PRIVATE|MAP_ANONYMOUS, -1, 0) = 0x7f84a1c7d000
read(4, "%%\n\n(foo)|(ba(r*))\tprintf(\"foo o"..., 8192) = 76
read(4, "", 4096)                       = 0
open("lex.yy.c", O_WRONLY|O_CREAT|O_TRUNC, 0666) = 5
dup3(5, 1, 0)                           = 1
close(5)                                = 0
fstat(1, {st_mode=S_IFREG|0664, st_size=0, ...}) = 0
mmap(NULL, 4096, PROT_READ|PROT_WRITE, MAP_PRIVATE|MAP_ANONYMOUS, -1, 0) = 0x7f84a1c7c000
write(1, "/* A lexical scanner generated b"..., 4096) = 4096
read(4, "", 8192)                       = 0
ioctl(4, SNDCTL_TMR_TIMEBASE or TCGETS, 0x7fffd4941a78) = -1 ENOTTY (Inappropriate ioctl for device)
write(1, "\t * instead of fread(), to make "..., 4096) = 4096
write(1, "        3,    4,    4,    4,    "..., 4096) = 4096
write(1, "5,   -5,\n       -5,   -5,   -5, "..., 4096) = 4096
write(1, "  -10,  -10,  -10,\n      -10,  -"..., 4096) = 4096
write(1, " cause\n * some compilers to comp"..., 4096) = 4096
write(1, "ansition.  We couldn't have\n\t\t\t "..., 4096) = 4096
write(1, "\t\t\t}\n\t\t\telse\n\t\t\t\t/* Can't grow i"..., 4096) = 4096
write(1, "uffer() )\n\t\t\t\t{\n\t\t\t\tcase EOB_ACT"..., 4096) = 4096
write(1, " causes\n\t * a jam in that state."..., 4096) = 4096
write(1, "i )\n\t\ts1[i] = s2[i];\n\t}\n#endif\n\n"..., 1221) = 1221
exit_group(0)                           = ?
