execve("../source/flex.exe.static", ["../source/flex.exe.static", "error", "-d", "-CF", "../inputs/in.ch"], [/* 43 vars */]) = 0
uname({sys="Linux", node="xmenxk-OptiPlex-7010", ...}) = 0
brk(0)                                  = 0xa8a000
brk(0xa8b1c0)                           = 0xa8b1c0
arch_prctl(ARCH_SET_FS, 0xa8a880)       = 0
brk(0xaac1c0)                           = 0xaac1c0
brk(0xaad000)                           = 0xaad000
open("error", O_WRONLY|O_CREAT|O_TRUNC, 0666) = 3
open("../inputs/in.ch", O_RDONLY)       = 4
brk(0xace000)                           = 0xace000
ioctl(4, SNDCTL_TMR_TIMEBASE or TCGETS, 0x7fffb8587bf8) = -1 ENOTTY (Inappropriate ioctl for device)
fstat(4, {st_mode=S_IFREG|0640, st_size=357, ...}) = 0
mmap(NULL, 4096, PROT_READ|PROT_WRITE, MAP_PRIVATE|MAP_ANONYMOUS, -1, 0) = 0x7f68fa387000
read(4, "%%\n\nxyz\"++\"\t\tprintf(\"Match chara"..., 8192) = 357
read(4, "", 4096)                       = 0
open("lex.yy.c", O_WRONLY|O_CREAT|O_TRUNC, 0666) = 5
dup3(5, 1, 0)                           = 1
close(5)                                = 0
fstat(1, {st_mode=S_IFREG|0664, st_size=0, ...}) = 0
mmap(NULL, 4096, PROT_READ|PROT_WRITE, MAP_PRIVATE|MAP_ANONYMOUS, -1, 0) = 0x7f68fa386000
write(1, "/* A lexical scanner generated b"..., 4096) = 4096
read(4, "", 8192)                       = 0
ioctl(4, SNDCTL_TMR_TIMEBASE or TCGETS, 0x7fffb8587bb8) = -1 ENOTTY (Inappropriate ioctl for device)
write(1, "\t * instead of fread(), to make "..., 4096) = 4096
write(1, ", 260 },\n {   7, 260 }, {   8, 2"..., 4096) = 4096
write(1, " 134 }, {   0,   0 }, {   0, 132"..., 4096) = 4096
write(1, "YY_READ_BUF_SIZE\n#define YY_READ"..., 4096) = 4096
write(1, "\ncase 1:\nYY_RULE_SETUP\n#line 3 \""..., 4096) = 4096
write(1, "scanner internal error--no actio"..., 4096) = 4096
write(1, "rrent_state );\n */\n\n#ifdef YY_US"..., 4096) = 4096
write(1, "ly know whether we did this swit"..., 4096) = 4096
write(1, " Get memory for full buffer, inc"..., 3608) = 3608
exit_group(0)                           = ?
