execve("../source/flex.exe.static", ["../source/flex.exe.static", "error", "-d", "-CF", "../inputs/in.ch_exp_1"], [/* 43 vars */]) = 0
uname({sys="Linux", node="xmenxk-OptiPlex-7010", ...}) = 0
brk(0)                                  = 0x262a000
brk(0x262b1c0)                          = 0x262b1c0
arch_prctl(ARCH_SET_FS, 0x262a880)      = 0
brk(0x264c1c0)                          = 0x264c1c0
brk(0x264d000)                          = 0x264d000
open("error", O_WRONLY|O_CREAT|O_TRUNC, 0666) = 3
open("../inputs/in.ch_exp_1", O_RDONLY) = 4
brk(0x266e000)                          = 0x266e000
ioctl(4, SNDCTL_TMR_TIMEBASE or TCGETS, 0x7fffe20384f8) = -1 ENOTTY (Inappropriate ioctl for device)
fstat(4, {st_mode=S_IFREG|0640, st_size=70, ...}) = 0
mmap(NULL, 4096, PROT_READ|PROT_WRITE, MAP_PRIVATE|MAP_ANONYMOUS, -1, 0) = 0x7f83a2301000
read(4, "%%\n\nfoo|bar*\tprintf(\"foo or ba(z"..., 8192) = 70
read(4, "", 4096)                       = 0
open("lex.yy.c", O_WRONLY|O_CREAT|O_TRUNC, 0666) = 5
dup3(5, 1, 0)                           = 1
close(5)                                = 0
fstat(1, {st_mode=S_IFREG|0664, st_size=0, ...}) = 0
mmap(NULL, 4096, PROT_READ|PROT_WRITE, MAP_PRIVATE|MAP_ANONYMOUS, -1, 0) = 0x7f83a2300000
write(1, "/* A lexical scanner generated b"..., 4096) = 4096
read(4, "", 8192)                       = 0
ioctl(4, SNDCTL_TMR_TIMEBASE or TCGETS, 0x7fffe20384b8) = -1 ENOTTY (Inappropriate ioctl for device)
write(1, "\t * instead of fread(), to make "..., 4096) = 4096
write(1, ", 260 },\n {   7, 260 }, {   8, 2"..., 4096) = 4096
write(1, "   0 }, {   0,   0 }, {   0,   0"..., 4096) = 4096
write(1, " in \"result\".\n */\n#ifndef YY_INP"..., 4096) = 4096
write(1, "y_cp - yytext_ptr) - 1;\n\n\t\t/* Un"..., 4096) = 4096
write(1, "his as a final EOF.\n\t\t\t */\n\t\t\tre"..., 4096) = 4096
write(1, " yy_c_buf_p;\n\n\t/* undo effects o"..., 4096) = 4096
write(1, "cters longer than the size given"..., 4096) = 4096
write(1, "_stack = (int *) yy_flex_alloc( "..., 2703) = 2703
exit_group(0)                           = ?
