execve("../source/flex.exe.static", ["../source/flex.exe.static", "error", "-d", "-CF", "../inputs/in.closure"], [/* 43 vars */]) = 0
uname({sys="Linux", node="xmenxk-OptiPlex-7010", ...}) = 0
brk(0)                                  = 0x2504000
brk(0x25051c0)                          = 0x25051c0
arch_prctl(ARCH_SET_FS, 0x2504880)      = 0
brk(0x25261c0)                          = 0x25261c0
brk(0x2527000)                          = 0x2527000
open("error", O_WRONLY|O_CREAT|O_TRUNC, 0666) = 3
open("../inputs/in.closure", O_RDONLY)  = 4
brk(0x2548000)                          = 0x2548000
ioctl(4, SNDCTL_TMR_TIMEBASE or TCGETS, 0x7ffffa6dbd68) = -1 ENOTTY (Inappropriate ioctl for device)
fstat(4, {st_mode=S_IFREG|0640, st_size=274, ...}) = 0
mmap(NULL, 4096, PROT_READ|PROT_WRITE, MAP_PRIVATE|MAP_ANONYMOUS, -1, 0) = 0x7fb249579000
read(4, "%%\n\nr*\t\tprintf(\"Zero or more r's"..., 8192) = 274
read(4, "", 4096)                       = 0
open("lex.yy.c", O_WRONLY|O_CREAT|O_TRUNC, 0666) = 5
dup3(5, 1, 0)                           = 1
close(5)                                = 0
fstat(1, {st_mode=S_IFREG|0664, st_size=0, ...}) = 0
mmap(NULL, 4096, PROT_READ|PROT_WRITE, MAP_PRIVATE|MAP_ANONYMOUS, -1, 0) = 0x7fb249578000
write(1, "/* A lexical scanner generated b"..., 4096) = 4096
read(4, "", 8192)                       = 0
ioctl(4, SNDCTL_TMR_TIMEBASE or TCGETS, 0x7ffffa6dbd28) = -1 ENOTTY (Inappropriate ioctl for device)
write(1, "\t * instead of fread(), to make "..., 4096) = 4096
write(1, ", 260 },\n {   7, 260 }, {   8, 2"..., 4096) = 4096
write(1, " 136 }, {   0,   5 }, {   0, 134"..., 4096) = 4096
write(1, "with each read. */\n#ifndef YY_RE"..., 4096) = 4096
write(1, "_state;\n\t\t\tgoto yy_find_action;\n"..., 4096) = 4096
write(1, "*/\n\t\t} /* end of scanning one to"..., 4096) = 4096
write(1, "L_trans( yy_state_type yy_curren"..., 4096) = 4096
write(1, ", but the only time this flag\n\t "..., 4096) = 4096
write(1, "= len + 2;\n\tbuf = (char *) yy_fl"..., 3542) = 3542
exit_group(0)                           = ?
