execve("../source/flex.exe.static", ["../source/flex.exe.static", "error", "-d", "-Caem", "../inputs/in.ch"], [/* 43 vars */]) = 0
uname({sys="Linux", node="xmenxk-OptiPlex-7010", ...}) = 0
brk(0)                                  = 0x14da000
brk(0x14db1c0)                          = 0x14db1c0
arch_prctl(ARCH_SET_FS, 0x14da880)      = 0
brk(0x14fc1c0)                          = 0x14fc1c0
brk(0x14fd000)                          = 0x14fd000
open("error", O_WRONLY|O_CREAT|O_TRUNC, 0666) = 3
open("../inputs/in.ch", O_RDONLY)       = 4
brk(0x151e000)                          = 0x151e000
ioctl(4, SNDCTL_TMR_TIMEBASE or TCGETS, 0x7fff5d275bb8) = -1 ENOTTY (Inappropriate ioctl for device)
fstat(4, {st_mode=S_IFREG|0640, st_size=357, ...}) = 0
mmap(NULL, 4096, PROT_READ|PROT_WRITE, MAP_PRIVATE|MAP_ANONYMOUS, -1, 0) = 0x7fb8f7dd0000
read(4, "%%\n\nxyz\"++\"\t\tprintf(\"Match chara"..., 8192) = 357
read(4, "", 4096)                       = 0
open("lex.yy.c", O_WRONLY|O_CREAT|O_TRUNC, 0666) = 5
dup3(5, 1, 0)                           = 1
close(5)                                = 0
fstat(1, {st_mode=S_IFREG|0664, st_size=0, ...}) = 0
mmap(NULL, 4096, PROT_READ|PROT_WRITE, MAP_PRIVATE|MAP_ANONYMOUS, -1, 0) = 0x7fb8f7dcf000
write(1, "/* A lexical scanner generated b"..., 4096) = 4096
read(4, "", 8192)                       = 0
ioctl(4, SNDCTL_TMR_TIMEBASE or TCGETS, 0x7fff5d275b78) = -1 ENOTTY (Inappropriate ioctl for device)
write(1, "\t * instead of fread(), to make "..., 4096) = 4096
write(1, " 1,    1,    1,    1,    1,    1"..., 4096) = 4096
write(1, "( void ));\n#else\nstatic int inpu"..., 4096) = 4096
write(1, "y_c];\n\t\t\t++yy_cp;\n\t\t\t}\n\t\twhile ("..., 4096) = 4096
write(1, "_END_OF_FILE:\n\t\t\t\t{\n\t\t\t\tyy_did_b"..., 4096) = 4096
write(1, "l = EOB_ACT_END_OF_FILE;\n\t\t\tyyre"..., 4096) = 4096
write(1, "ng.  But for input(),\n\t\t\t\t\t * th"..., 4096) = 4096
write(1, "\tif ( b == yy_current_buffer )\n\t"..., 4096) = 4096
write(1, "n]; ++n )\n\t\t;\n\n\treturn n;\n\t}\n#en"..., 998) = 998
exit_group(0)                           = ?
