execve("../source/flex.exe.static", ["../source/flex.exe.static", "error", "-d", "-Caem", "../inputs/in.ch_exp_1"], [/* 43 vars */]) = 0
uname({sys="Linux", node="xmenxk-OptiPlex-7010", ...}) = 0
brk(0)                                  = 0x1632000
brk(0x16331c0)                          = 0x16331c0
arch_prctl(ARCH_SET_FS, 0x1632880)      = 0
brk(0x16541c0)                          = 0x16541c0
brk(0x1655000)                          = 0x1655000
open("error", O_WRONLY|O_CREAT|O_TRUNC, 0666) = 3
open("../inputs/in.ch_exp_1", O_RDONLY) = 4
brk(0x1676000)                          = 0x1676000
ioctl(4, SNDCTL_TMR_TIMEBASE or TCGETS, 0x7fff4a291178) = -1 ENOTTY (Inappropriate ioctl for device)
fstat(4, {st_mode=S_IFREG|0640, st_size=70, ...}) = 0
mmap(NULL, 4096, PROT_READ|PROT_WRITE, MAP_PRIVATE|MAP_ANONYMOUS, -1, 0) = 0x7fe1ca4b9000
read(4, "%%\n\nfoo|bar*\tprintf(\"foo or ba(z"..., 8192) = 70
read(4, "", 4096)                       = 0
open("lex.yy.c", O_WRONLY|O_CREAT|O_TRUNC, 0666) = 5
dup3(5, 1, 0)                           = 1
close(5)                                = 0
fstat(1, {st_mode=S_IFREG|0664, st_size=0, ...}) = 0
mmap(NULL, 4096, PROT_READ|PROT_WRITE, MAP_PRIVATE|MAP_ANONYMOUS, -1, 0) = 0x7fe1ca4b8000
write(1, "/* A lexical scanner generated b"..., 4096) = 4096
read(4, "", 8192)                       = 0
ioctl(4, SNDCTL_TMR_TIMEBASE or TCGETS, 0x7fff4a291138) = -1 ENOTTY (Inappropriate ioctl for device)
write(1, "\t * instead of fread(), to make "..., 4096) = 4096
write(1, " 1,    1,    1,    1,    1,    1"..., 4096) = 4096
write(1, "__cplusplus\n#include <stdlib.h>\n"..., 4096) = 4096
write(1, "      yy_rule_linenum[yy_act], y"..., 4096) = 4096
write(1, "}\n\n\tdefault:\n\t\tYY_FATAL_ERROR(\n\t"..., 4096) = 4096
write(1, "rent_state >= 12 )\n\t\t\t\tyy_c = yy"..., 4096) = 4096
write(1, "w_buffer )\nYY_BUFFER_STATE new_b"..., 4096) = 4096
write(1, "har *yy_str;\n#endif\n\t{\n\tint len;"..., 3995) = 3995
exit_group(0)                           = ?
