execve("../source/flex.exe.static", ["../source/flex.exe.static", "error", "-d", "-Caem", "../inputs/in.closure"], [/* 43 vars */]) = 0
uname({sys="Linux", node="xmenxk-OptiPlex-7010", ...}) = 0
brk(0)                                  = 0x1dd8000
brk(0x1dd91c0)                          = 0x1dd91c0
arch_prctl(ARCH_SET_FS, 0x1dd8880)      = 0
brk(0x1dfa1c0)                          = 0x1dfa1c0
brk(0x1dfb000)                          = 0x1dfb000
open("error", O_WRONLY|O_CREAT|O_TRUNC, 0666) = 3
open("../inputs/in.closure", O_RDONLY)  = 4
brk(0x1e1c000)                          = 0x1e1c000
ioctl(4, SNDCTL_TMR_TIMEBASE or TCGETS, 0x7fff5b2aab48) = -1 ENOTTY (Inappropriate ioctl for device)
fstat(4, {st_mode=S_IFREG|0640, st_size=274, ...}) = 0
mmap(NULL, 4096, PROT_READ|PROT_WRITE, MAP_PRIVATE|MAP_ANONYMOUS, -1, 0) = 0x7fa5c3edd000
read(4, "%%\n\nr*\t\tprintf(\"Zero or more r's"..., 8192) = 274
read(4, "", 4096)                       = 0
open("lex.yy.c", O_WRONLY|O_CREAT|O_TRUNC, 0666) = 5
dup3(5, 1, 0)                           = 1
close(5)                                = 0
fstat(1, {st_mode=S_IFREG|0664, st_size=0, ...}) = 0
mmap(NULL, 4096, PROT_READ|PROT_WRITE, MAP_PRIVATE|MAP_ANONYMOUS, -1, 0) = 0x7fa5c3edc000
write(1, "/* A lexical scanner generated b"..., 4096) = 4096
read(4, "", 8192)                       = 0
ioctl(4, SNDCTL_TMR_TIMEBASE or TCGETS, 0x7fff5b2aab08) = -1 ENOTTY (Inappropriate ioctl for device)
write(1, "\t * instead of fread(), to make "..., 4096) = 4096
write(1, " 1,    1,    1,    1,    1,    1"..., 4096) = 4096
write(1, " yy_push_state YY_PROTO(( int ne"..., 4096) = 4096
write(1, "state = yy_last_accepting_state;"..., 4096) = 4096
write(1, "urn the\n\t\t\t\t\t * YY_NULL, it'll s"..., 4096) = 4096
write(1, "nt_buffer->yy_ch_buf[yy_n_chars "..., 4096) = 4096
write(1, "buffer_switch_on_eof )\n\t\t\t\t\t\tYY_"..., 4096) = 4096
write(1, "D_OF_BUFFER_CHAR ||\n\t     base[s"..., 4096) = 4096
write(1, "r, size )\nvoid *ptr;\nyy_size_t s"..., 678) = 678
exit_group(0)                           = ?
