execve("../source/flex.exe.static", ["../source/flex.exe.static", "error", "-d", "-Caem", "../inputs/in.exp"], [/* 43 vars */]) = 0
uname({sys="Linux", node="xmenxk-OptiPlex-7010", ...}) = 0
brk(0)                                  = 0x757000
brk(0x7581c0)                           = 0x7581c0
arch_prctl(ARCH_SET_FS, 0x757880)       = 0
brk(0x7791c0)                           = 0x7791c0
brk(0x77a000)                           = 0x77a000
open("error", O_WRONLY|O_CREAT|O_TRUNC, 0666) = 3
open("../inputs/in.exp", O_RDONLY)      = 4
brk(0x79b000)                           = 0x79b000
ioctl(4, SNDCTL_TMR_TIMEBASE or TCGETS, 0x7fff3312d658) = -1 ENOTTY (Inappropriate ioctl for device)
fstat(4, {st_mode=S_IFREG|0640, st_size=290, ...}) = 0
mmap(NULL, 4096, PROT_READ|PROT_WRITE, MAP_PRIVATE|MAP_ANONYMOUS, -1, 0) = 0x7f6e18ba0000
read(4, "%%\n(r)\t\tprintf(\"Match an r: %s\\n"..., 8192) = 290
read(4, "", 4096)                       = 0
open("lex.yy.c", O_WRONLY|O_CREAT|O_TRUNC, 0666) = 5
dup3(5, 1, 0)                           = 1
close(5)                                = 0
fstat(1, {st_mode=S_IFREG|0664, st_size=0, ...}) = 0
mmap(NULL, 4096, PROT_READ|PROT_WRITE, MAP_PRIVATE|MAP_ANONYMOUS, -1, 0) = 0x7f6e18b9f000
write(1, "/* A lexical scanner generated b"..., 4096) = 4096
read(4, "", 8192)                       = 0
ioctl(4, SNDCTL_TMR_TIMEBASE or TCGETS, 0x7fff3312d618) = -1 ENOTTY (Inappropriate ioctl for device)
write(1, "\t * instead of fread(), to make "..., 4096) = 4096
write(1, "       1,    1,    1,    1,    1"..., 4096) = 4096
write(1, "TRLEN\nstatic int yy_flex_strlen "..., 4096) = 4096
write(1, "yy_current_state] + yy_c] != yy_"..., 4096) = 4096
write(1, " jamming (and we don't\n\t\t\t * wan"..., 4096) = 4096
write(1, " buffer overflow\" );\n\n\t\t\tyy_c_bu"..., 4096) = 4096
write(1, "\t\t * valid NUL; if not, then we'"..., 4096) = 4096
write(1, "ile ? (isatty( fileno(file) ) > "..., 4096) = 4096
write(1, "r = *yy_c_buf_p; \\\n\t\t*yy_c_buf_p"..., 1567) = 1567
exit_group(0)                           = ?
