execve("../source/flex.exe.static", ["../source/flex.exe.static", "error", "-d", "-Caem", "../inputs/in.0"], [/* 43 vars */]) = 0
uname({sys="Linux", node="xmenxk-OptiPlex-7010", ...}) = 0
brk(0)                                  = 0xa60000
brk(0xa611c0)                           = 0xa611c0
arch_prctl(ARCH_SET_FS, 0xa60880)       = 0
brk(0xa821c0)                           = 0xa821c0
brk(0xa83000)                           = 0xa83000
open("error", O_WRONLY|O_CREAT|O_TRUNC, 0666) = 3
open("../inputs/in.0", O_RDONLY)        = 4
brk(0xaa4000)                           = 0xaa4000
ioctl(4, SNDCTL_TMR_TIMEBASE or TCGETS, 0x7ffff96b6c88) = -1 ENOTTY (Inappropriate ioctl for device)
fstat(4, {st_mode=S_IFREG|0640, st_size=792, ...}) = 0
mmap(NULL, 4096, PROT_READ|PROT_WRITE, MAP_PRIVATE|MAP_ANONYMOUS, -1, 0) = 0x7fa95970b000
read(4, "/* scanner for a toy Pascal-like"..., 8192) = 792
read(4, "", 4096)                       = 0
open("lex.yy.c", O_WRONLY|O_CREAT|O_TRUNC, 0666) = 5
dup3(5, 1, 0)                           = 1
close(5)                                = 0
fstat(1, {st_mode=S_IFREG|0664, st_size=0, ...}) = 0
mmap(NULL, 4096, PROT_READ|PROT_WRITE, MAP_PRIVATE|MAP_ANONYMOUS, -1, 0) = 0x7fa95970a000
write(1, "/* A lexical scanner generated b"..., 4096) = 4096
write(1, "\t * instead of fread(), to make "..., 4096) = 4096
write(1, ",    4,    4,    4,    4,    4, "..., 4096) = 4096
write(1, "ic yy_state_type yy_last_accepti"..., 4096) = 4096
write(1, "ION\n\nYY_DECL\n\t{\n\tregister yy_sta"..., 4096) = 4096
write(1, "e new input source.\n\t\t\t */\n\t\t\tyy"..., 4096) = 4096
write(1, "s = 0;\n\n\telse\n\t\t{\n\t\tint num_to_r"..., 4096) = 4096
write(1, "r *dest = &yy_current_buffer->yy"..., 4096) = 4096
write(1, "uffer = 1;\n\n\tyy_init_buffer( b, "..., 4096) = 4096
read(4, "", 8192)                       = 0
ioctl(4, SNDCTL_TMR_TIMEBASE or TCGETS, 0x7ffff96b71b8) = -1 ENOTTY (Inappropriate ioctl for device)
write(1, "tart_stack_ptr++] = YY_START;\n\n\t"..., 2605) = 2605
exit_group(0)                           = ?
