execve("../source/flex.exe.static", ["../source/flex.exe.static", "error", "-dl", "-Cae", "../inputs/in.exp"], [/* 43 vars */]) = 0
uname({sys="Linux", node="xmenxk-OptiPlex-7010", ...}) = 0
brk(0)                                  = 0x2071000
brk(0x20721c0)                          = 0x20721c0
arch_prctl(ARCH_SET_FS, 0x2071880)      = 0
brk(0x20931c0)                          = 0x20931c0
brk(0x2094000)                          = 0x2094000
open("error", O_WRONLY|O_CREAT|O_TRUNC, 0666) = 3
open("../inputs/in.exp", O_RDONLY)      = 4
brk(0x20b5000)                          = 0x20b5000
ioctl(4, SNDCTL_TMR_TIMEBASE or TCGETS, 0x7fff58d3e248) = -1 ENOTTY (Inappropriate ioctl for device)
fstat(4, {st_mode=S_IFREG|0640, st_size=290, ...}) = 0
mmap(NULL, 4096, PROT_READ|PROT_WRITE, MAP_PRIVATE|MAP_ANONYMOUS, -1, 0) = 0x7fa5d4f0b000
read(4, "%%\n(r)\t\tprintf(\"Match an r: %s\\n"..., 8192) = 290
read(4, "", 4096)                       = 0
open("lex.yy.c", O_WRONLY|O_CREAT|O_TRUNC, 0666) = 5
dup3(5, 1, 0)                           = 1
close(5)                                = 0
fstat(1, {st_mode=S_IFREG|0664, st_size=0, ...}) = 0
mmap(NULL, 4096, PROT_READ|PROT_WRITE, MAP_PRIVATE|MAP_ANONYMOUS, -1, 0) = 0x7fa5d4f0a000
write(1, "/* A lexical scanner generated b"..., 4096) = 4096
read(4, "", 8192)                       = 0
ioctl(4, SNDCTL_TMR_TIMEBASE or TCGETS, 0x7fff58d3e208) = -1 ENOTTY (Inappropriate ioctl for device)
fstat(3, {st_mode=S_IFREG|0664, st_size=0, ...}) = 0
mmap(NULL, 4096, PROT_READ|PROT_WRITE, MAP_PRIVATE|MAP_ANONYMOUS, -1, 0) = 0x7fa5d4f09000
write(1, "\t * instead of fread(), to make "..., 4096) = 4096
write(1, "y_cp;\n\n#define YY_NUM_RULES 7\n#d"..., 4096) = 4096
write(1, "pting pos. */ \\\nyy_state_ptr = y"..., 4096) = 4096
write(1, "\n\t{\n\tregister yy_state_type yy_c"..., 4096) = 4096
write(1, "YY_RESTORE_YY_MORE_OFFSET\n\n\t\tif "..., 4096) = 4096
write(1, "t prior to the EOB, first\n\t\t\t * "..., 4096) = 4096
write(1, "c_buf_p;\n\n\t/* undo effects of se"..., 4096) = 4096
write(1, "\t\tYY_FATAL_ERROR( \"out of dynami"..., 4096) = 4096
write(1, "tack_depth += YY_START_STACK_INC"..., 2822) = 2822
write(3, "\"../inputs/in.exp\", line 7: warn"..., 64) = 64
exit_group(0)                           = ?
