execve("../source/flex.exe.static", ["../source/flex.exe.static", "error", "-p", "-C", "../inputs/in.ch_exp_5"], [/* 43 vars */]) = 0
uname({sys="Linux", node="xmenxk-OptiPlex-7010", ...}) = 0
brk(0)                                  = 0xf85000
brk(0xf861c0)                           = 0xf861c0
arch_prctl(ARCH_SET_FS, 0xf85880)       = 0
brk(0xfa71c0)                           = 0xfa71c0
brk(0xfa8000)                           = 0xfa8000
open("error", O_WRONLY|O_CREAT|O_TRUNC, 0666) = 3
open("../inputs/in.ch_exp_5", O_RDONLY) = 4
brk(0xfc9000)                           = 0xfc9000
ioctl(4, SNDCTL_TMR_TIMEBASE or TCGETS, 0x7fffc4dd32c8) = -1 ENOTTY (Inappropriate ioctl for device)
fstat(4, {st_mode=S_IFREG|0640, st_size=204, ...}) = 0
mmap(NULL, 4096, PROT_READ|PROT_WRITE, MAP_PRIVATE|MAP_ANONYMOUS, -1, 0) = 0x7f41467ee000
read(4, "%x s\n%x s1\n%x s2\n%x s3\n\n%%\n\n<s>r"..., 8192) = 204
read(4, "", 4096)                       = 0
open("lex.yy.c", O_WRONLY|O_CREAT|O_TRUNC, 0666) = 5
dup3(5, 1, 0)                           = 1
close(5)                                = 0
fstat(1, {st_mode=S_IFREG|0664, st_size=0, ...}) = 0
mmap(NULL, 4096, PROT_READ|PROT_WRITE, MAP_PRIVATE|MAP_ANONYMOUS, -1, 0) = 0x7f41467ed000
write(1, "/* A lexical scanner generated b"..., 4096) = 4096
read(4, "", 8192)                       = 0
ioctl(4, SNDCTL_TMR_TIMEBASE or TCGETS, 0x7fffc4dd3288) = -1 ENOTTY (Inappropriate ioctl for device)
write(1, "\t * instead of fread(), to make "..., 4096) = 4096
write(1, ",  381,  123\n    } ;\n\nstatic yyc"..., 4096) = 4096
write(1, ",   16,   16,   16,   16,   16, "..., 4096) = 4096
write(1, "  16,   16,   16,   16,   16,\n  "..., 4096) = 4096
write(1, "f YY_DECL\n#define YY_DECL int yy"..., 4096) = 4096
write(1, "UL. */\n\t\t\tyy_state_type yy_next_"..., 4096) = 4096
write(1, ">yy_buf_size / 8;\n\t\t\t\telse\n\t\t\t\t\t"..., 4096) = 4096
write(1, "e* the EOB characters, then it's"..., 4096) = 4096
write(1, "tty( fileno(file) ) > 0) : 0;\n#e"..., 4096) = 4096
write(1, "buf_p; \\\n\t\t*yy_c_buf_p = '\\0'; \\"..., 1563) = 1563
exit_group(0)                           = ?
