execve("../source/flex.exe.static", ["../source/flex.exe.static", "error", "-d", "-Cae", "../inputs/in.ch"], [/* 43 vars */]) = 0
uname({sys="Linux", node="xmenxk-OptiPlex-7010", ...}) = 0
brk(0)                                  = 0x1824000
brk(0x18251c0)                          = 0x18251c0
arch_prctl(ARCH_SET_FS, 0x1824880)      = 0
brk(0x18461c0)                          = 0x18461c0
brk(0x1847000)                          = 0x1847000
open("error", O_WRONLY|O_CREAT|O_TRUNC, 0666) = 3
open("../inputs/in.ch", O_RDONLY)       = 4
brk(0x1868000)                          = 0x1868000
ioctl(4, SNDCTL_TMR_TIMEBASE or TCGETS, 0x7fffb6ce85f8) = -1 ENOTTY (Inappropriate ioctl for device)
fstat(4, {st_mode=S_IFREG|0640, st_size=357, ...}) = 0
mmap(NULL, 4096, PROT_READ|PROT_WRITE, MAP_PRIVATE|MAP_ANONYMOUS, -1, 0) = 0x7ff72afa7000
read(4, "%%\n\nxyz\"++\"\t\tprintf(\"Match chara"..., 8192) = 357
read(4, "", 4096)                       = 0
open("lex.yy.c", O_WRONLY|O_CREAT|O_TRUNC, 0666) = 5
dup3(5, 1, 0)                           = 1
close(5)                                = 0
fstat(1, {st_mode=S_IFREG|0664, st_size=0, ...}) = 0
mmap(NULL, 4096, PROT_READ|PROT_WRITE, MAP_PRIVATE|MAP_ANONYMOUS, -1, 0) = 0x7ff72afa6000
write(1, "/* A lexical scanner generated b"..., 4096) = 4096
read(4, "", 8192)                       = 0
ioctl(4, SNDCTL_TMR_TIMEBASE or TCGETS, 0x7fffb6ce85b8) = -1 ENOTTY (Inappropriate ioctl for device)
write(1, "\t * instead of fread(), to make "..., 4096) = 4096
write(1, " 1,    1,    1,    1,    1,    1"..., 4096) = 4096
write(1, "\nstatic int *yy_start_stack = 0;"..., 4096) = 4096
write(1, "ast_accepting_state;\n\t\t\tyy_act ="..., 4096) = 4096
write(1, " some total\n\t\t\t\t\t * hoser (like "..., 4096) = 4096
write(1, "umber_to_move;\n\tyy_current_buffe"..., 4096) = 4096
write(1, "splus\n\t\t\t\t\treturn yyinput();\n#el"..., 4096) = 4096
write(1, "FER_CHAR )\n\t\t/* They forgot to l"..., 4096) = 4096
write(1, "cast to (char *) in the followin"..., 618) = 618
exit_group(0)                           = ?
