execve("../source/flex.exe.static", ["../source/flex.exe.static", "error", "-d", "-Cae", "../inputs/in.ch_exp_1"], [/* 43 vars */]) = 0
uname({sys="Linux", node="xmenxk-OptiPlex-7010", ...}) = 0
brk(0)                                  = 0x11dd000
brk(0x11de1c0)                          = 0x11de1c0
arch_prctl(ARCH_SET_FS, 0x11dd880)      = 0
brk(0x11ff1c0)                          = 0x11ff1c0
brk(0x1200000)                          = 0x1200000
open("error", O_WRONLY|O_CREAT|O_TRUNC, 0666) = 3
open("../inputs/in.ch_exp_1", O_RDONLY) = 4
brk(0x1221000)                          = 0x1221000
ioctl(4, SNDCTL_TMR_TIMEBASE or TCGETS, 0x7fff8d7fa0b8) = -1 ENOTTY (Inappropriate ioctl for device)
fstat(4, {st_mode=S_IFREG|0640, st_size=70, ...}) = 0
mmap(NULL, 4096, PROT_READ|PROT_WRITE, MAP_PRIVATE|MAP_ANONYMOUS, -1, 0) = 0x7ff8b8763000
read(4, "%%\n\nfoo|bar*\tprintf(\"foo or ba(z"..., 8192) = 70
read(4, "", 4096)                       = 0
open("lex.yy.c", O_WRONLY|O_CREAT|O_TRUNC, 0666) = 5
dup3(5, 1, 0)                           = 1
close(5)                                = 0
fstat(1, {st_mode=S_IFREG|0664, st_size=0, ...}) = 0
mmap(NULL, 4096, PROT_READ|PROT_WRITE, MAP_PRIVATE|MAP_ANONYMOUS, -1, 0) = 0x7ff8b8762000
write(1, "/* A lexical scanner generated b"..., 4096) = 4096
read(4, "", 8192)                       = 0
ioctl(4, SNDCTL_TMR_TIMEBASE or TCGETS, 0x7fff8d7fa078) = -1 ENOTTY (Inappropriate ioctl for device)
write(1, "\t * instead of fread(), to make "..., 4096) = 4096
write(1, " 1,    1,    1,    1,    1,    1"..., 4096) = 4096
write(1, "ithout declaring the routines.  "..., 4096) = 4096
write(1, " );\n\t\t\telse if ( yy_act == 3 )\n\t"..., 4096) = 4096
write(1, "ne token */\n\t} /* end of yylex *"..., 4096) = 4096
write(1, "nsition on the NUL character\n *\n"..., 4096) = 4096
write(1, "_chars;\n\t\t}\n\n\tyy_current_buffer "..., 4096) = 4096
write(1, " char *bytes;\nint len;\n#endif\n\t{"..., 3705) = 3705
exit_group(0)                           = ?
