execve("../source/flex.exe.static", ["../source/flex.exe.static", "error", "-d", "-Cae", "../inputs/in.0"], [/* 43 vars */]) = 0
uname({sys="Linux", node="xmenxk-OptiPlex-7010", ...}) = 0
brk(0)                                  = 0x20c9000
brk(0x20ca1c0)                          = 0x20ca1c0
arch_prctl(ARCH_SET_FS, 0x20c9880)      = 0
brk(0x20eb1c0)                          = 0x20eb1c0
brk(0x20ec000)                          = 0x20ec000
open("error", O_WRONLY|O_CREAT|O_TRUNC, 0666) = 3
open("../inputs/in.0", O_RDONLY)        = 4
brk(0x210d000)                          = 0x210d000
ioctl(4, SNDCTL_TMR_TIMEBASE or TCGETS, 0x7fffab22e6b8) = -1 ENOTTY (Inappropriate ioctl for device)
fstat(4, {st_mode=S_IFREG|0640, st_size=792, ...}) = 0
mmap(NULL, 4096, PROT_READ|PROT_WRITE, MAP_PRIVATE|MAP_ANONYMOUS, -1, 0) = 0x7f4e8cfdd000
read(4, "/* scanner for a toy Pascal-like"..., 8192) = 792
read(4, "", 4096)                       = 0
open("lex.yy.c", O_WRONLY|O_CREAT|O_TRUNC, 0666) = 5
dup3(5, 1, 0)                           = 1
close(5)                                = 0
fstat(1, {st_mode=S_IFREG|0664, st_size=0, ...}) = 0
mmap(NULL, 4096, PROT_READ|PROT_WRITE, MAP_PRIVATE|MAP_ANONYMOUS, -1, 0) = 0x7f4e8cfdc000
write(1, "/* A lexical scanner generated b"..., 4096) = 4096
write(1, "\t * instead of fread(), to make "..., 4096) = 4096
write(1, ",    4,    4,    4,    4,    4, "..., 4096) = 4096
write(1, ",   25,   23,   22,   21,   18, "..., 4096) = 4096
write(1, "e executed at the beginning of e"..., 4096) = 4096
write(1, "\t\t * consistency between yy_curr"..., 4096) = 4096
write(1, " ( yy_current_buffer->yy_buffer_"..., 4096) = 4096
write(1, "er int number_to_move = yy_n_cha"..., 4096) = 4096
write(1, "amic memory in yy_create_buffer("..., 4096) = 4096
read(4, "", 8192)                       = 0
ioctl(4, SNDCTL_TMR_TIMEBASE or TCGETS, 0x7fffab22ebe8) = -1 ENOTTY (Inappropriate ioctl for device)
write(1, "ng start-condition stack\" );\n\t\t}"..., 2659) = 2659
exit_group(0)                           = ?
