execve("../source/flex.exe.static", ["../source/flex.exe.static", "error", "-d", "-Cam", "../inputs/in.exp"], [/* 43 vars */]) = 0
uname({sys="Linux", node="xmenxk-OptiPlex-7010", ...}) = 0
brk(0)                                  = 0x1568000
brk(0x15691c0)                          = 0x15691c0
arch_prctl(ARCH_SET_FS, 0x1568880)      = 0
brk(0x158a1c0)                          = 0x158a1c0
brk(0x158b000)                          = 0x158b000
open("error", O_WRONLY|O_CREAT|O_TRUNC, 0666) = 3
open("../inputs/in.exp", O_RDONLY)      = 4
brk(0x15ac000)                          = 0x15ac000
ioctl(4, SNDCTL_TMR_TIMEBASE or TCGETS, 0x7fffdab64718) = -1 ENOTTY (Inappropriate ioctl for device)
fstat(4, {st_mode=S_IFREG|0640, st_size=290, ...}) = 0
mmap(NULL, 4096, PROT_READ|PROT_WRITE, MAP_PRIVATE|MAP_ANONYMOUS, -1, 0) = 0x7fd6bfa96000
read(4, "%%\n(r)\t\tprintf(\"Match an r: %s\\n"..., 8192) = 290
read(4, "", 4096)                       = 0
open("lex.yy.c", O_WRONLY|O_CREAT|O_TRUNC, 0666) = 5
dup3(5, 1, 0)                           = 1
close(5)                                = 0
fstat(1, {st_mode=S_IFREG|0664, st_size=0, ...}) = 0
mmap(NULL, 4096, PROT_READ|PROT_WRITE, MAP_PRIVATE|MAP_ANONYMOUS, -1, 0) = 0x7fd6bfa95000
write(1, "/* A lexical scanner generated b"..., 4096) = 4096
read(4, "", 8192)                       = 0
ioctl(4, SNDCTL_TMR_TIMEBASE or TCGETS, 0x7fffdab646d8) = -1 ENOTTY (Inappropriate ioctl for device)
write(1, "\t * instead of fread(), to make "..., 4096) = 4096
write(1, "\n        1,    1,    1,    1,   "..., 4096) = 4096
write(1, "   26,   26,   26,   26,   26,  "..., 4096) = 4096
write(1, " be overridden by user definitio"..., 4096) = 4096
write(1, "oints to the position in yy_ch_b"..., 4096) = 4096
write(1, "hars] )\n\t\t\t{ /* This was really "..., 4096) = 4096
write(1, "ze <= 0 )\n\t\t\t\t\tb->yy_buf_size +="..., 4096) = 4096
write(1, "char;\n\n\tif ( *yy_c_buf_p == YY_E"..., 4096) = 4096
write(1, "file = file;\n\tb->yy_fill_buffer "..., 4096) = 4096
write(1, "3 code. */\n\n#undef yyless\n#defin"..., 1747) = 1747
exit_group(0)                           = ?
