execve("../source/flex.exe.static", ["../source/flex.exe.static", "error", "-d", "-Cam", "../inputs/in.0"], [/* 43 vars */]) = 0
uname({sys="Linux", node="xmenxk-OptiPlex-7010", ...}) = 0
brk(0)                                  = 0x811000
brk(0x8121c0)                           = 0x8121c0
arch_prctl(ARCH_SET_FS, 0x811880)       = 0
brk(0x8331c0)                           = 0x8331c0
brk(0x834000)                           = 0x834000
open("error", O_WRONLY|O_CREAT|O_TRUNC, 0666) = 3
open("../inputs/in.0", O_RDONLY)        = 4
brk(0x855000)                           = 0x855000
ioctl(4, SNDCTL_TMR_TIMEBASE or TCGETS, 0x7fff90941938) = -1 ENOTTY (Inappropriate ioctl for device)
fstat(4, {st_mode=S_IFREG|0640, st_size=792, ...}) = 0
mmap(NULL, 4096, PROT_READ|PROT_WRITE, MAP_PRIVATE|MAP_ANONYMOUS, -1, 0) = 0x7f59f2082000
read(4, "/* scanner for a toy Pascal-like"..., 8192) = 792
read(4, "", 4096)                       = 0
open("lex.yy.c", O_WRONLY|O_CREAT|O_TRUNC, 0666) = 5
dup3(5, 1, 0)                           = 1
close(5)                                = 0
fstat(1, {st_mode=S_IFREG|0664, st_size=0, ...}) = 0
mmap(NULL, 4096, PROT_READ|PROT_WRITE, MAP_PRIVATE|MAP_ANONYMOUS, -1, 0) = 0x7f59f2081000
write(1, "/* A lexical scanner generated b"..., 4096) = 4096
write(1, "\t * instead of fread(), to make "..., 4096) = 4096
write(1, ",    4,    4,    4,    4,    4, "..., 4096) = 4096
write(1, "9,    9,   16,   20,   20,\n     "..., 4096) = 4096
write(1, ",   20,   20,   20,   20,   20,\n"..., 4096) = 4096
write(1, "   44,   44,   44,   44,   44,  "..., 4096) = 4096
write(1, "  23,   23,   23,   23,   23,\n  "..., 4096) = 4096
write(1, " 43,   43,   43,   43,   43,   4"..., 4096) = 4096
write(1, " the routines.  This will fail\n "..., 4096) = 4096
write(1, "ing default rule (\\\"%s\\\")\\n\",\n\t\t"..., 4096) = 4096
write(1, "_action;\n\t\t\t\t\t}\n\n\t\t\t\telse\n\t\t\t\t\t{"..., 4096) = 4096
write(1, "EOB char was reached */\n\nstatic "..., 4096) = 4096
write(1, "oid yyrestart( FILE *input_file "..., 4096) = 4096
write(1, "0;\n\tb->yy_input_file = 0;\n\tb->yy"..., 4096) = 4096
read(4, "", 8192)                       = 0
ioctl(4, SNDCTL_TMR_TIMEBASE or TCGETS, 0x7fff90941e68) = -1 ENOTTY (Inappropriate ioctl for device)
write(1, "return (void *) realloc( (char *"..., 442) = 442
exit_group(0)                           = ?
