execve("../source/flex.exe.static", ["../source/flex.exe.static", "error", "-dl", "-Ca", "../inputs/in.closure"], [/* 43 vars */]) = 0
uname({sys="Linux", node="xmenxk-OptiPlex-7010", ...}) = 0
brk(0)                                  = 0x901000
brk(0x9021c0)                           = 0x9021c0
arch_prctl(ARCH_SET_FS, 0x901880)       = 0
brk(0x9231c0)                           = 0x9231c0
brk(0x924000)                           = 0x924000
open("error", O_WRONLY|O_CREAT|O_TRUNC, 0666) = 3
open("../inputs/in.closure", O_RDONLY)  = 4
brk(0x945000)                           = 0x945000
ioctl(4, SNDCTL_TMR_TIMEBASE or TCGETS, 0x7fffac13e7e8) = -1 ENOTTY (Inappropriate ioctl for device)
fstat(4, {st_mode=S_IFREG|0640, st_size=274, ...}) = 0
mmap(NULL, 4096, PROT_READ|PROT_WRITE, MAP_PRIVATE|MAP_ANONYMOUS, -1, 0) = 0x7f263540f000
read(4, "%%\n\nr*\t\tprintf(\"Zero or more r's"..., 8192) = 274
read(4, "", 4096)                       = 0
open("lex.yy.c", O_WRONLY|O_CREAT|O_TRUNC, 0666) = 5
dup3(5, 1, 0)                           = 1
close(5)                                = 0
fstat(1, {st_mode=S_IFREG|0664, st_size=0, ...}) = 0
mmap(NULL, 4096, PROT_READ|PROT_WRITE, MAP_PRIVATE|MAP_ANONYMOUS, -1, 0) = 0x7f263540e000
write(1, "/* A lexical scanner generated b"..., 4096) = 4096
read(4, "", 8192)                       = 0
ioctl(4, SNDCTL_TMR_TIMEBASE or TCGETS, 0x7fffac13e7a8) = -1 ENOTTY (Inappropriate ioctl for device)
write(1, "\t * instead of fread(), to make "..., 4096) = 4096
write(1, "y_cp;\n\n#define YY_NUM_RULES 6\n#d"..., 4096) = 4096
write(1, ",   24,   24,   24,   24,   24, "..., 4096) = 4096
write(1, " 24,   24,   24,   24,\n       24"..., 4096) = 4096
write(1, "since the string might contain N"..., 4096) = 4096
write(1, " buffer or a NUL)\\n\" );\n\t\t\telse\n"..., 4096) = 4096
write(1, "\n\t\tbreak;\n\t\t}\n\n\tdefault:\n\t\tYY_FA"..., 4096) = 4096
write(1, "+ (unsigned int) yy_c];\n\t\t\t}\n\t\te"..., 4096) = 4096
write(1, "on't actually know whether we di"..., 4096) = 4096
write(1, "int i;\n\n\t/* Get memory for full "..., 3624) = 3624
exit_group(0)                           = ?
