execve("../source/flex.exe.static", ["../source/flex.exe.static", "error", "-d", "-Ca", "../inputs/in.ch"], [/* 43 vars */]) = 0
uname({sys="Linux", node="xmenxk-OptiPlex-7010", ...}) = 0
brk(0)                                  = 0x17b5000
brk(0x17b61c0)                          = 0x17b61c0
arch_prctl(ARCH_SET_FS, 0x17b5880)      = 0
brk(0x17d71c0)                          = 0x17d71c0
brk(0x17d8000)                          = 0x17d8000
open("error", O_WRONLY|O_CREAT|O_TRUNC, 0666) = 3
open("../inputs/in.ch", O_RDONLY)       = 4
brk(0x17f9000)                          = 0x17f9000
ioctl(4, SNDCTL_TMR_TIMEBASE or TCGETS, 0x7fff01e00c28) = -1 ENOTTY (Inappropriate ioctl for device)
fstat(4, {st_mode=S_IFREG|0640, st_size=357, ...}) = 0
mmap(NULL, 4096, PROT_READ|PROT_WRITE, MAP_PRIVATE|MAP_ANONYMOUS, -1, 0) = 0x7f47537ae000
read(4, "%%\n\nxyz\"++\"\t\tprintf(\"Match chara"..., 8192) = 357
read(4, "", 4096)                       = 0
open("lex.yy.c", O_WRONLY|O_CREAT|O_TRUNC, 0666) = 5
dup3(5, 1, 0)                           = 1
close(5)                                = 0
fstat(1, {st_mode=S_IFREG|0664, st_size=0, ...}) = 0
mmap(NULL, 4096, PROT_READ|PROT_WRITE, MAP_PRIVATE|MAP_ANONYMOUS, -1, 0) = 0x7f47537ad000
write(1, "/* A lexical scanner generated b"..., 4096) = 4096
read(4, "", 8192)                       = 0
ioctl(4, SNDCTL_TMR_TIMEBASE or TCGETS, 0x7fff01e00be8) = -1 ENOTTY (Inappropriate ioctl for device)
write(1, "\t * instead of fread(), to make "..., 4096) = 4096
write(1, " 0,  113,  128,  491,  491,  491"..., 4096) = 4096
write(1, ",   24,   24,   24,   24,   24, "..., 4096) = 4096
write(1, " 25,   25,   25,   25,   25,\n   "..., 4096) = 4096
write(1, "* miserably on non-ANSI systems "..., 4096) = 4096
write(1, "buffer or a NUL)\\n\" );\n\t\t\telse\n\t"..., 4096) = 4096
write(1, "cp = yy_c_buf_p;\n\t\t\t\tyy_bp = yyt"..., 4096) = 4096
write(1, "ent_state] )\n\t\t\t{\n\t\t\tyy_last_acc"..., 4096) = 4096
write(1, "lse\nvoid yy_switch_to_buffer( ne"..., 4096) = 4096
write(1, "_scan_string( yy_str )\nyyconst c"..., 4021) = 4021
exit_group(0)                           = ?
