execve("../source/flex.exe.static", ["../source/flex.exe.static", "error", "-d", "-Ca", "../inputs/in.closure"], [/* 43 vars */]) = 0
uname({sys="Linux", node="xmenxk-OptiPlex-7010", ...}) = 0
brk(0)                                  = 0xa73000
brk(0xa741c0)                           = 0xa741c0
arch_prctl(ARCH_SET_FS, 0xa73880)       = 0
brk(0xa951c0)                           = 0xa951c0
brk(0xa96000)                           = 0xa96000
open("error", O_WRONLY|O_CREAT|O_TRUNC, 0666) = 3
open("../inputs/in.closure", O_RDONLY)  = 4
brk(0xab7000)                           = 0xab7000
ioctl(4, SNDCTL_TMR_TIMEBASE or TCGETS, 0x7fffbca172e8) = -1 ENOTTY (Inappropriate ioctl for device)
fstat(4, {st_mode=S_IFREG|0640, st_size=274, ...}) = 0
mmap(NULL, 4096, PROT_READ|PROT_WRITE, MAP_PRIVATE|MAP_ANONYMOUS, -1, 0) = 0x7f0ca46eb000
read(4, "%%\n\nr*\t\tprintf(\"Zero or more r's"..., 8192) = 274
read(4, "", 4096)                       = 0
open("lex.yy.c", O_WRONLY|O_CREAT|O_TRUNC, 0666) = 5
dup3(5, 1, 0)                           = 1
close(5)                                = 0
fstat(1, {st_mode=S_IFREG|0664, st_size=0, ...}) = 0
mmap(NULL, 4096, PROT_READ|PROT_WRITE, MAP_PRIVATE|MAP_ANONYMOUS, -1, 0) = 0x7f0ca46ea000
write(1, "/* A lexical scanner generated b"..., 4096) = 4096
read(4, "", 8192)                       = 0
ioctl(4, SNDCTL_TMR_TIMEBASE or TCGETS, 0x7fffbca172a8) = -1 ENOTTY (Inappropriate ioctl for device)
write(1, "\t * instead of fread(), to make "..., 4096) = 4096
write(1, " 0,    4,  398,  399,  283,    6"..., 4096) = 4096
write(1, ",   24,   24,   24,   24,   24, "..., 4096) = 4096
write(1, " 24,   24,   24,\n       24,   24"..., 4096) = 4096
write(1, " to write \"yyterminate();\" -\n * "..., 4096) = 4096
write(1, " - 1;\n\n\t\t/* Undo the effects of "..., 4096) = 4096
write(1, ".\n\t\t\t */\n\t\t\treturn EOB_ACT_END_O"..., 4096) = 4096
write(1, "if\n\t{\n\tregister char *yy_cp = yy"..., 4096) = 4096
write(1, "* yy_ch_buf has to be 2 characte"..., 4096) = 4096
write(1, " yy_start_stack )\n\t\t\tyy_start_st"..., 2731) = 2731
exit_group(0)                           = ?
