execve("../source/flex.exe.static", ["../source/flex.exe.static", "error", "-d", "-Ca", "../inputs/in.exp"], [/* 43 vars */]) = 0
uname({sys="Linux", node="xmenxk-OptiPlex-7010", ...}) = 0
brk(0)                                  = 0x187f000
brk(0x18801c0)                          = 0x18801c0
arch_prctl(ARCH_SET_FS, 0x187f880)      = 0
brk(0x18a11c0)                          = 0x18a11c0
brk(0x18a2000)                          = 0x18a2000
open("error", O_WRONLY|O_CREAT|O_TRUNC, 0666) = 3
open("../inputs/in.exp", O_RDONLY)      = 4
brk(0x18c3000)                          = 0x18c3000
ioctl(4, SNDCTL_TMR_TIMEBASE or TCGETS, 0x7fffa13dec38) = -1 ENOTTY (Inappropriate ioctl for device)
fstat(4, {st_mode=S_IFREG|0640, st_size=290, ...}) = 0
mmap(NULL, 4096, PROT_READ|PROT_WRITE, MAP_PRIVATE|MAP_ANONYMOUS, -1, 0) = 0x7f9f9a790000
read(4, "%%\n(r)\t\tprintf(\"Match an r: %s\\n"..., 8192) = 290
read(4, "", 4096)                       = 0
open("lex.yy.c", O_WRONLY|O_CREAT|O_TRUNC, 0666) = 5
dup3(5, 1, 0)                           = 1
close(5)                                = 0
fstat(1, {st_mode=S_IFREG|0664, st_size=0, ...}) = 0
mmap(NULL, 4096, PROT_READ|PROT_WRITE, MAP_PRIVATE|MAP_ANONYMOUS, -1, 0) = 0x7f9f9a78f000
write(1, "/* A lexical scanner generated b"..., 4096) = 4096
read(4, "", 8192)                       = 0
ioctl(4, SNDCTL_TMR_TIMEBASE or TCGETS, 0x7fffa13debf8) = -1 ENOTTY (Inappropriate ioctl for device)
write(1, "\t * instead of fread(), to make "..., 4096) = 4096
write(1, "  0,\n        0,   10,  133,  390"..., 4096) = 4096
write(1, "6,   26,   26,   26,\n       26, "..., 4096) = 4096
write(1, " 26,   26,   26,   26,   26,   2"..., 4096) = 4096
write(1, " \"return\" because that will caus"..., 4096) = 4096
write(1, " yytext again */\nYY_RULE_SETUP\n#"..., 4096) = 4096
write(1, "_buf_p > &yy_current_buffer->yy_"..., 4096) = 4096
write(1, "tate_type yy_try_NUL_trans( yy_c"..., 4096) = 4096
write(1, "buffer->yy_buf_pos;\n\tyyin = yy_c"..., 4096) = 4096
write(1, "this buffer, and we should throw"..., 3188) = 3188
exit_group(0)                           = ?
