execve("../source/flex.exe.static", ["../source/flex.exe.static", "error", "-d", "-Cem", "../inputs/in.ch"], [/* 43 vars */]) = 0
uname({sys="Linux", node="xmenxk-OptiPlex-7010", ...}) = 0
brk(0)                                  = 0x25be000
brk(0x25bf1c0)                          = 0x25bf1c0
arch_prctl(ARCH_SET_FS, 0x25be880)      = 0
brk(0x25e01c0)                          = 0x25e01c0
brk(0x25e1000)                          = 0x25e1000
open("error", O_WRONLY|O_CREAT|O_TRUNC, 0666) = 3
open("../inputs/in.ch", O_RDONLY)       = 4
brk(0x2602000)                          = 0x2602000
ioctl(4, SNDCTL_TMR_TIMEBASE or TCGETS, 0x7fffd76e6148) = -1 ENOTTY (Inappropriate ioctl for device)
fstat(4, {st_mode=S_IFREG|0640, st_size=357, ...}) = 0
mmap(NULL, 4096, PROT_READ|PROT_WRITE, MAP_PRIVATE|MAP_ANONYMOUS, -1, 0) = 0x7f96f2487000
read(4, "%%\n\nxyz\"++\"\t\tprintf(\"Match chara"..., 8192) = 357
read(4, "", 4096)                       = 0
open("lex.yy.c", O_WRONLY|O_CREAT|O_TRUNC, 0666) = 5
dup3(5, 1, 0)                           = 1
close(5)                                = 0
fstat(1, {st_mode=S_IFREG|0664, st_size=0, ...}) = 0
mmap(NULL, 4096, PROT_READ|PROT_WRITE, MAP_PRIVATE|MAP_ANONYMOUS, -1, 0) = 0x7f96f2486000
write(1, "/* A lexical scanner generated b"..., 4096) = 4096
read(4, "", 8192)                       = 0
ioctl(4, SNDCTL_TMR_TIMEBASE or TCGETS, 0x7fffd76e6108) = -1 ENOTTY (Inappropriate ioctl for device)
write(1, "\t * instead of fread(), to make "..., 4096) = 4096
write(1, "  1,    1,    1,    1,    1,    "..., 4096) = 4096
write(1, "PROTO(( void ));\n#else\nstatic in"..., 4096) = 4096
write(1, "int) yy_c];\n\t\t\t++yy_cp;\n\t\t\t}\n\t\tw"..., 4096) = 4096
write(1, "OB_ACT_END_OF_FILE:\n\t\t\t\t{\n\t\t\t\tyy"..., 4096) = 4096
write(1, "ret_val = EOB_ACT_END_OF_FILE;\n\t"..., 4096) = 4096
write(1, "oceeding.  But for input(),\n\t\t\t\t"..., 4096) = 4096
write(1, "NEW;\n\n\tif ( b == yy_current_buff"..., 4096) = 4096
write(1, " 0; s[n]; ++n )\n\t\t;\n\n\treturn n;\n"..., 1004) = 1004
exit_group(0)                           = ?
