execve("../source/flex.exe.static", ["../source/flex.exe.static", "error", "-d", "-Cem", "../inputs/in.closure"], [/* 43 vars */]) = 0
uname({sys="Linux", node="xmenxk-OptiPlex-7010", ...}) = 0
brk(0)                                  = 0x2476000
brk(0x24771c0)                          = 0x24771c0
arch_prctl(ARCH_SET_FS, 0x2476880)      = 0
brk(0x24981c0)                          = 0x24981c0
brk(0x2499000)                          = 0x2499000
open("error", O_WRONLY|O_CREAT|O_TRUNC, 0666) = 3
open("../inputs/in.closure", O_RDONLY)  = 4
brk(0x24ba000)                          = 0x24ba000
ioctl(4, SNDCTL_TMR_TIMEBASE or TCGETS, 0x7fff66c0f478) = -1 ENOTTY (Inappropriate ioctl for device)
fstat(4, {st_mode=S_IFREG|0640, st_size=274, ...}) = 0
mmap(NULL, 4096, PROT_READ|PROT_WRITE, MAP_PRIVATE|MAP_ANONYMOUS, -1, 0) = 0x7fef734ec000
read(4, "%%\n\nr*\t\tprintf(\"Zero or more r's"..., 8192) = 274
read(4, "", 4096)                       = 0
open("lex.yy.c", O_WRONLY|O_CREAT|O_TRUNC, 0666) = 5
dup3(5, 1, 0)                           = 1
close(5)                                = 0
fstat(1, {st_mode=S_IFREG|0664, st_size=0, ...}) = 0
mmap(NULL, 4096, PROT_READ|PROT_WRITE, MAP_PRIVATE|MAP_ANONYMOUS, -1, 0) = 0x7fef734eb000
write(1, "/* A lexical scanner generated b"..., 4096) = 4096
read(4, "", 8192)                       = 0
ioctl(4, SNDCTL_TMR_TIMEBASE or TCGETS, 0x7fff66c0f438) = -1 ENOTTY (Inappropriate ioctl for device)
write(1, "\t * instead of fread(), to make "..., 4096) = 4096
write(1, "  1,    1,    1,    1,    1,    "..., 4096) = 4096
write(1, "c void yy_push_state YY_PROTO(( "..., 4096) = 4096
write(1, "rrent_state = yy_last_accepting_"..., 4096) = 4096
write(1, "we return the\n\t\t\t\t\t * YY_NULL, i"..., 4096) = 4096
write(1, "_current_buffer->yy_ch_buf[yy_n_"..., 4096) = 4096
write(1, "y_did_buffer_switch_on_eof )\n\t\t\t"..., 4096) = 4096
write(1, " YY_END_OF_BUFFER_CHAR ||\n\t     "..., 4096) = 4096
write(1, "oc( ptr, size )\nvoid *ptr;\nyy_si"..., 684) = 684
exit_group(0)                           = ?
