execve("../source/flex.exe.static", ["../source/flex.exe.static", "error", "-d", "-Cem", "../inputs/in.exp"], [/* 43 vars */]) = 0
uname({sys="Linux", node="xmenxk-OptiPlex-7010", ...}) = 0
brk(0)                                  = 0x1774000
brk(0x17751c0)                          = 0x17751c0
arch_prctl(ARCH_SET_FS, 0x1774880)      = 0
brk(0x17961c0)                          = 0x17961c0
brk(0x1797000)                          = 0x1797000
open("error", O_WRONLY|O_CREAT|O_TRUNC, 0666) = 3
open("../inputs/in.exp", O_RDONLY)      = 4
brk(0x17b8000)                          = 0x17b8000
ioctl(4, SNDCTL_TMR_TIMEBASE or TCGETS, 0x7fff58bc0ad8) = -1 ENOTTY (Inappropriate ioctl for device)
fstat(4, {st_mode=S_IFREG|0640, st_size=290, ...}) = 0
mmap(NULL, 4096, PROT_READ|PROT_WRITE, MAP_PRIVATE|MAP_ANONYMOUS, -1, 0) = 0x7f538c26f000
read(4, "%%\n(r)\t\tprintf(\"Match an r: %s\\n"..., 8192) = 290
read(4, "", 4096)                       = 0
open("lex.yy.c", O_WRONLY|O_CREAT|O_TRUNC, 0666) = 5
dup3(5, 1, 0)                           = 1
close(5)                                = 0
fstat(1, {st_mode=S_IFREG|0664, st_size=0, ...}) = 0
mmap(NULL, 4096, PROT_READ|PROT_WRITE, MAP_PRIVATE|MAP_ANONYMOUS, -1, 0) = 0x7f538c26e000
write(1, "/* A lexical scanner generated b"..., 4096) = 4096
read(4, "", 8192)                       = 0
ioctl(4, SNDCTL_TMR_TIMEBASE or TCGETS, 0x7fff58bc0a98) = -1 ENOTTY (Inappropriate ioctl for device)
write(1, "\t * instead of fread(), to make "..., 4096) = 4096
write(1, "        1,    1,    1,    1,    "..., 4096) = 4096
write(1, "NEED_STRLEN\nstatic int yy_flex_s"..., 4096) = 4096
write(1, "_base[yy_current_state] + yy_c] "..., 4096) = 4096
write(1, "ity of jamming (and we don't\n\t\t\t"..., 4096) = 4096
write(1, " input buffer overflow\" );\n\n\t\t\ty"..., 4096) = 4096
write(1, "t's a\n\t\t * valid NUL; if not, th"..., 4096) = 4096
write(1, "ve = file ? (isatty( fileno(file"..., 4096) = 4096
write(1, "ld_char = *yy_c_buf_p; \\\n\t\t*yy_c"..., 1573) = 1573
exit_group(0)                           = ?
