execve("../source/flex.exe.static", ["../source/flex.exe.static", "error", "-d", "-Cem", "../inputs/in.0"], [/* 43 vars */]) = 0
uname({sys="Linux", node="xmenxk-OptiPlex-7010", ...}) = 0
brk(0)                                  = 0x166e000
brk(0x166f1c0)                          = 0x166f1c0
arch_prctl(ARCH_SET_FS, 0x166e880)      = 0
brk(0x16901c0)                          = 0x16901c0
brk(0x1691000)                          = 0x1691000
open("error", O_WRONLY|O_CREAT|O_TRUNC, 0666) = 3
open("../inputs/in.0", O_RDONLY)        = 4
brk(0x16b2000)                          = 0x16b2000
ioctl(4, SNDCTL_TMR_TIMEBASE or TCGETS, 0x7fffdac23648) = -1 ENOTTY (Inappropriate ioctl for device)
fstat(4, {st_mode=S_IFREG|0640, st_size=792, ...}) = 0
mmap(NULL, 4096, PROT_READ|PROT_WRITE, MAP_PRIVATE|MAP_ANONYMOUS, -1, 0) = 0x7ff49d1fd000
read(4, "/* scanner for a toy Pascal-like"..., 8192) = 792
read(4, "", 4096)                       = 0
open("lex.yy.c", O_WRONLY|O_CREAT|O_TRUNC, 0666) = 5
dup3(5, 1, 0)                           = 1
close(5)                                = 0
fstat(1, {st_mode=S_IFREG|0664, st_size=0, ...}) = 0
mmap(NULL, 4096, PROT_READ|PROT_WRITE, MAP_PRIVATE|MAP_ANONYMOUS, -1, 0) = 0x7ff49d1fc000
write(1, "/* A lexical scanner generated b"..., 4096) = 4096
write(1, "\t * instead of fread(), to make "..., 4096) = 4096
write(1, "4,    4,    4,    4,    4,    4,"..., 4096) = 4096
write(1, "\nstatic yy_state_type yy_last_ac"..., 4096) = 4096
write(1, "ER_ACTION\n\nYY_DECL\n\t{\n\tregister "..., 4096) = 4096
write(1, "for the new input source.\n\t\t\t */"..., 4096) = 4096
write(1, "n_chars = 0;\n\n\telse\n\t\t{\n\t\tint nu"..., 4096) = 4096
write(1, "er char *dest = &yy_current_buff"..., 4096) = 4096
write(1, "_our_buffer = 1;\n\n\tyy_init_buffe"..., 4096) = 4096
read(4, "", 8192)                       = 0
ioctl(4, SNDCTL_TMR_TIMEBASE or TCGETS, 0x7fffdac23b78) = -1 ENOTTY (Inappropriate ioctl for device)
write(1, "k[yy_start_stack_ptr++] = YY_STA"..., 2611) = 2611
exit_group(0)                           = ?
