execve("../source/flex.exe.static", ["../source/flex.exe.static", "error", "-dl", "-Ce", "../inputs/in.ch_exp_1"], [/* 43 vars */]) = 0
uname({sys="Linux", node="xmenxk-OptiPlex-7010", ...}) = 0
brk(0)                                  = 0xca8000
brk(0xca91c0)                           = 0xca91c0
arch_prctl(ARCH_SET_FS, 0xca8880)       = 0
brk(0xcca1c0)                           = 0xcca1c0
brk(0xccb000)                           = 0xccb000
open("error", O_WRONLY|O_CREAT|O_TRUNC, 0666) = 3
open("../inputs/in.ch_exp_1", O_RDONLY) = 4
brk(0xcec000)                           = 0xcec000
ioctl(4, SNDCTL_TMR_TIMEBASE or TCGETS, 0x7fff867b5748) = -1 ENOTTY (Inappropriate ioctl for device)
fstat(4, {st_mode=S_IFREG|0640, st_size=70, ...}) = 0
mmap(NULL, 4096, PROT_READ|PROT_WRITE, MAP_PRIVATE|MAP_ANONYMOUS, -1, 0) = 0x7f32fc22b000
read(4, "%%\n\nfoo|bar*\tprintf(\"foo or ba(z"..., 8192) = 70
read(4, "", 4096)                       = 0
open("lex.yy.c", O_WRONLY|O_CREAT|O_TRUNC, 0666) = 5
dup3(5, 1, 0)                           = 1
close(5)                                = 0
fstat(1, {st_mode=S_IFREG|0664, st_size=0, ...}) = 0
mmap(NULL, 4096, PROT_READ|PROT_WRITE, MAP_PRIVATE|MAP_ANONYMOUS, -1, 0) = 0x7f32fc22a000
write(1, "/* A lexical scanner generated b"..., 4096) = 4096
read(4, "", 8192)                       = 0
ioctl(4, SNDCTL_TMR_TIMEBASE or TCGETS, 0x7fff867b5708) = -1 ENOTTY (Inappropriate ioctl for device)
write(1, "\t * instead of fread(), to make "..., 4096) = 4096
write(1, "y_cp;\n\n#define YY_NUM_RULES 2\n#d"..., 4096) = 4096
write(1, "rlen YY_PROTO(( yyconst char * )"..., 4096) = 4096
write(1, "= yy_current_state;\n\t\t\t++yy_cp;\n"..., 4096) = 4096
write(1, "* YY_NULL, it'll still work - an"..., 4096) = 4096
write(1, "ch_buf[yy_n_chars + 1] = YY_END_"..., 4096) = 4096
write(1, "buf_p;\t/* cast for 8-bit char's "..., 4096) = 4096
write(1, "AL_ERROR( \"out of dynamic memory"..., 4096) = 4096
write(1, "the latter\n\t * because both ANSI"..., 457) = 457
exit_group(0)                           = ?
