execve("../source/flex.exe.static", ["../source/flex.exe.static", "error", "-dl", "-Ce", "../inputs/in.closure"], [/* 43 vars */]) = 0
uname({sys="Linux", node="xmenxk-OptiPlex-7010", ...}) = 0
brk(0)                                  = 0x1c2e000
brk(0x1c2f1c0)                          = 0x1c2f1c0
arch_prctl(ARCH_SET_FS, 0x1c2e880)      = 0
brk(0x1c501c0)                          = 0x1c501c0
brk(0x1c51000)                          = 0x1c51000
open("error", O_WRONLY|O_CREAT|O_TRUNC, 0666) = 3
open("../inputs/in.closure", O_RDONLY)  = 4
brk(0x1c72000)                          = 0x1c72000
ioctl(4, SNDCTL_TMR_TIMEBASE or TCGETS, 0x7fffb68d8778) = -1 ENOTTY (Inappropriate ioctl for device)
fstat(4, {st_mode=S_IFREG|0640, st_size=274, ...}) = 0
mmap(NULL, 4096, PROT_READ|PROT_WRITE, MAP_PRIVATE|MAP_ANONYMOUS, -1, 0) = 0x7ff400472000
read(4, "%%\n\nr*\t\tprintf(\"Zero or more r's"..., 8192) = 274
read(4, "", 4096)                       = 0
open("lex.yy.c", O_WRONLY|O_CREAT|O_TRUNC, 0666) = 5
dup3(5, 1, 0)                           = 1
close(5)                                = 0
fstat(1, {st_mode=S_IFREG|0664, st_size=0, ...}) = 0
mmap(NULL, 4096, PROT_READ|PROT_WRITE, MAP_PRIVATE|MAP_ANONYMOUS, -1, 0) = 0x7ff400471000
write(1, "/* A lexical scanner generated b"..., 4096) = 4096
read(4, "", 8192)                       = 0
ioctl(4, SNDCTL_TMR_TIMEBASE or TCGETS, 0x7fffb68d8738) = -1 ENOTTY (Inappropriate ioctl for device)
write(1, "\t * instead of fread(), to make "..., 4096) = 4096
write(1, "y_cp;\n\n#define YY_NUM_RULES 6\n#d"..., 4096) = 4096
write(1, "den by user definitions in\n * se"..., 4096) = 4096
write(1, "\tyy_current_state = yy_start;\n\t\t"..., 4096) = 4096
write(1, "ity of jamming (and we don't\n\t\t\t"..., 4096) = 4096
write(1, " input buffer overflow\" );\n\n\t\t\ty"..., 4096) = 4096
write(1, "yy_c_buf_p;\n\n\t\t\tswitch ( yy_get_"..., 4096) = 4096
write(1, " first causes\n\t * a transition t"..., 4096) = 4096
write(1, "st char *s2;\nint n;\n#endif\n\t{\n\tr"..., 1290) = 1290
exit_group(0)                           = ?
