execve("../source/flex.exe.static", ["../source/flex.exe.static", "error", "../inputs/in.err.3"], [/* 43 vars */]) = 0
uname({sys="Linux", node="xmenxk-OptiPlex-7010", ...}) = 0
brk(0)                                  = 0x21cc000
brk(0x21cd1c0)                          = 0x21cd1c0
arch_prctl(ARCH_SET_FS, 0x21cc880)      = 0
brk(0x21ee1c0)                          = 0x21ee1c0
brk(0x21ef000)                          = 0x21ef000
open("error", O_WRONLY|O_CREAT|O_TRUNC, 0666) = 3
open("../inputs/in.err.3", O_RDONLY)    = 4
brk(0x2210000)                          = 0x2210000
ioctl(4, SNDCTL_TMR_TIMEBASE or TCGETS, 0x7fffbb85b428) = -1 ENOTTY (Inappropriate ioctl for device)
fstat(4, {st_mode=S_IFREG|0640, st_size=759, ...}) = 0
mmap(NULL, 4096, PROT_READ|PROT_WRITE, MAP_PRIVATE|MAP_ANONYMOUS, -1, 0) = 0x7fd1bd65e000
read(4, "/* Input for error test (ErrInRu"..., 8192) = 759
read(4, "", 4096)                       = 0
open("lex.yy.c", O_WRONLY|O_CREAT|O_TRUNC, 0666) = 5
dup3(5, 1, 0)                           = 1
close(5)                                = 0
fstat(1, {st_mode=S_IFREG|0664, st_size=0, ...}) = 0
mmap(NULL, 4096, PROT_READ|PROT_WRITE, MAP_PRIVATE|MAP_ANONYMOUS, -1, 0) = 0x7fd1bd65d000
write(1, "/* A lexical scanner generated b"..., 4096) = 4096
fstat(3, {st_mode=S_IFREG|0664, st_size=0, ...}) = 0
mmap(NULL, 4096, PROT_READ|PROT_WRITE, MAP_PRIVATE|MAP_ANONYMOUS, -1, 0) = 0x7fd1bd65c000
write(1, "\t * instead of fread(), to make "..., 3058) = 3058
close(1)                                = 0
munmap(0x7fd1bd65d000, 4096)            = 0
unlink("lex.yy.c")                      = 0
write(3, "\"../inputs/in.err.3\", line 8: un"..., 301) = 301
exit_group(1)                           = ?
