execve("../source/flex.exe.static", ["../source/flex.exe.static", "error", "-d", "-Ce", "../inputs/in.ch"], [/* 43 vars */]) = 0
uname({sys="Linux", node="xmenxk-OptiPlex-7010", ...}) = 0
brk(0)                                  = 0x157e000
brk(0x157f1c0)                          = 0x157f1c0
arch_prctl(ARCH_SET_FS, 0x157e880)      = 0
brk(0x15a01c0)                          = 0x15a01c0
brk(0x15a1000)                          = 0x15a1000
open("error", O_WRONLY|O_CREAT|O_TRUNC, 0666) = 3
open("../inputs/in.ch", O_RDONLY)       = 4
brk(0x15c2000)                          = 0x15c2000
ioctl(4, SNDCTL_TMR_TIMEBASE or TCGETS, 0x7fff042b0338) = -1 ENOTTY (Inappropriate ioctl for device)
fstat(4, {st_mode=S_IFREG|0640, st_size=357, ...}) = 0
mmap(NULL, 4096, PROT_READ|PROT_WRITE, MAP_PRIVATE|MAP_ANONYMOUS, -1, 0) = 0x7f89fdd59000
read(4, "%%\n\nxyz\"++\"\t\tprintf(\"Match chara"..., 8192) = 357
read(4, "", 4096)                       = 0
open("lex.yy.c", O_WRONLY|O_CREAT|O_TRUNC, 0666) = 5
dup3(5, 1, 0)                           = 1
close(5)                                = 0
fstat(1, {st_mode=S_IFREG|0664, st_size=0, ...}) = 0
mmap(NULL, 4096, PROT_READ|PROT_WRITE, MAP_PRIVATE|MAP_ANONYMOUS, -1, 0) = 0x7f89fdd58000
write(1, "/* A lexical scanner generated b"..., 4096) = 4096
read(4, "", 8192)                       = 0
ioctl(4, SNDCTL_TMR_TIMEBASE or TCGETS, 0x7fff042b02f8) = -1 ENOTTY (Inappropriate ioctl for device)
write(1, "\t * instead of fread(), to make "..., 4096) = 4096
write(1, "  1,    1,    1,    1,    1,    "..., 4096) = 4096
write(1, "h = 0;\nstatic int *yy_start_stac"..., 4096) = 4096
write(1, "= yy_last_accepting_state;\n\t\t\tyy"..., 4096) = 4096
write(1, "hat if some total\n\t\t\t\t\t * hoser "..., 4096) = 4096
write(1, "s += number_to_move;\n\tyy_current"..., 4096) = 4096
write(1, "__cplusplus\n\t\t\t\t\treturn yyinput("..., 4096) = 4096
write(1, "OF_BUFFER_CHAR )\n\t\t/* They forgo"..., 4096) = 4096
write(1, "* The cast to (char *) in the fo"..., 624) = 624
exit_group(0)                           = ?
