execve("../source/flex.exe.static", ["../source/flex.exe.static", "error", "-d", "-Ce", "../inputs/in.ch_exp_1"], [/* 43 vars */]) = 0
uname({sys="Linux", node="xmenxk-OptiPlex-7010", ...}) = 0
brk(0)                                  = 0x115b000
brk(0x115c1c0)                          = 0x115c1c0
arch_prctl(ARCH_SET_FS, 0x115b880)      = 0
brk(0x117d1c0)                          = 0x117d1c0
brk(0x117e000)                          = 0x117e000
open("error", O_WRONLY|O_CREAT|O_TRUNC, 0666) = 3
open("../inputs/in.ch_exp_1", O_RDONLY) = 4
brk(0x119f000)                          = 0x119f000
ioctl(4, SNDCTL_TMR_TIMEBASE or TCGETS, 0x7ffff691bae8) = -1 ENOTTY (Inappropriate ioctl for device)
fstat(4, {st_mode=S_IFREG|0640, st_size=70, ...}) = 0
mmap(NULL, 4096, PROT_READ|PROT_WRITE, MAP_PRIVATE|MAP_ANONYMOUS, -1, 0) = 0x7f94d0de6000
read(4, "%%\n\nfoo|bar*\tprintf(\"foo or ba(z"..., 8192) = 70
read(4, "", 4096)                       = 0
open("lex.yy.c", O_WRONLY|O_CREAT|O_TRUNC, 0666) = 5
dup3(5, 1, 0)                           = 1
close(5)                                = 0
fstat(1, {st_mode=S_IFREG|0664, st_size=0, ...}) = 0
mmap(NULL, 4096, PROT_READ|PROT_WRITE, MAP_PRIVATE|MAP_ANONYMOUS, -1, 0) = 0x7f94d0de5000
write(1, "/* A lexical scanner generated b"..., 4096) = 4096
read(4, "", 8192)                       = 0
ioctl(4, SNDCTL_TMR_TIMEBASE or TCGETS, 0x7ffff691baa8) = -1 ENOTTY (Inappropriate ioctl for device)
write(1, "\t * instead of fread(), to make "..., 4096) = 4096
write(1, "  1,    1,    1,    1,    1,    "..., 4096) = 4096
write(1, "t by without declaring the routi"..., 4096) = 4096
write(1, "yytext );\n\t\t\telse if ( yy_act =="..., 4096) = 4096
write(1, "ning one token */\n\t} /* end of y"..., 4096) = 4096
write(1, " a transition on the NUL charact"..., 4096) = 4096
write(1, "= yy_n_chars;\n\t\t}\n\n\tyy_current_b"..., 4096) = 4096
write(1, "yconst char *bytes;\nint len;\n#en"..., 3711) = 3711
exit_group(0)                           = ?
