execve("../source/flex.exe.static", ["../source/flex.exe.static", "error", "-d", "-Ce", "../inputs/in.exp"], [/* 43 vars */]) = 0
uname({sys="Linux", node="xmenxk-OptiPlex-7010", ...}) = 0
brk(0)                                  = 0xa28000
brk(0xa291c0)                           = 0xa291c0
arch_prctl(ARCH_SET_FS, 0xa28880)       = 0
brk(0xa4a1c0)                           = 0xa4a1c0
brk(0xa4b000)                           = 0xa4b000
open("error", O_WRONLY|O_CREAT|O_TRUNC, 0666) = 3
open("../inputs/in.exp", O_RDONLY)      = 4
brk(0xa6c000)                           = 0xa6c000
ioctl(4, SNDCTL_TMR_TIMEBASE or TCGETS, 0x7ffff78c9908) = -1 ENOTTY (Inappropriate ioctl for device)
fstat(4, {st_mode=S_IFREG|0640, st_size=290, ...}) = 0
mmap(NULL, 4096, PROT_READ|PROT_WRITE, MAP_PRIVATE|MAP_ANONYMOUS, -1, 0) = 0x7f05f73f1000
read(4, "%%\n(r)\t\tprintf(\"Match an r: %s\\n"..., 8192) = 290
read(4, "", 4096)                       = 0
open("lex.yy.c", O_WRONLY|O_CREAT|O_TRUNC, 0666) = 5
dup3(5, 1, 0)                           = 1
close(5)                                = 0
fstat(1, {st_mode=S_IFREG|0664, st_size=0, ...}) = 0
mmap(NULL, 4096, PROT_READ|PROT_WRITE, MAP_PRIVATE|MAP_ANONYMOUS, -1, 0) = 0x7f05f73f0000
write(1, "/* A lexical scanner generated b"..., 4096) = 4096
read(4, "", 8192)                       = 0
ioctl(4, SNDCTL_TMR_TIMEBASE or TCGETS, 0x7ffff78c98c8) = -1 ENOTTY (Inappropriate ioctl for device)
write(1, "\t * instead of fread(), to make "..., 4096) = 4096
write(1, "        1,    1,    1,    1,    "..., 4096) = 4096
write(1, "TO(( void ));\n#else\nstatic int i"..., 4096) = 4096
write(1, " = yy_nxt[yy_base[yy_current_sta"..., 4096) = 4096
write(1, "\tif ( yy_next_state )\n\t\t\t\t{\n\t\t\t\t"..., 4096) = 4096
write(1, "o_read = YY_READ_BUF_SIZE;\n\n\t\t/*"..., 4096) = 4096
write(1, "/* This happens because yy_g_n_b"..., 4096) = 4096
write(1, "es\n\t * a jam in that state.\n\t */"..., 4096) = 4096
write(1, "\ts1[i] = s2[i];\n\t}\n#endif\n\n#ifde"..., 1211) = 1211
exit_group(0)                           = ?
