execve("../source/flex.exe.static", ["../source/flex.exe.static", "error", "-dl", "-Cm", "../inputs/in.closure"], [/* 43 vars */]) = 0
uname({sys="Linux", node="xmenxk-OptiPlex-7010", ...}) = 0
brk(0)                                  = 0x882000
brk(0x8831c0)                           = 0x8831c0
arch_prctl(ARCH_SET_FS, 0x882880)       = 0
brk(0x8a41c0)                           = 0x8a41c0
brk(0x8a5000)                           = 0x8a5000
open("error", O_WRONLY|O_CREAT|O_TRUNC, 0666) = 3
open("../inputs/in.closure", O_RDONLY)  = 4
brk(0x8c6000)                           = 0x8c6000
ioctl(4, SNDCTL_TMR_TIMEBASE or TCGETS, 0x7fff85514c38) = -1 ENOTTY (Inappropriate ioctl for device)
fstat(4, {st_mode=S_IFREG|0640, st_size=274, ...}) = 0
mmap(NULL, 4096, PROT_READ|PROT_WRITE, MAP_PRIVATE|MAP_ANONYMOUS, -1, 0) = 0x7f8f54905000
read(4, "%%\n\nr*\t\tprintf(\"Zero or more r's"..., 8192) = 274
read(4, "", 4096)                       = 0
open("lex.yy.c", O_WRONLY|O_CREAT|O_TRUNC, 0666) = 5
dup3(5, 1, 0)                           = 1
close(5)                                = 0
fstat(1, {st_mode=S_IFREG|0664, st_size=0, ...}) = 0
mmap(NULL, 4096, PROT_READ|PROT_WRITE, MAP_PRIVATE|MAP_ANONYMOUS, -1, 0) = 0x7f8f54904000
write(1, "/* A lexical scanner generated b"..., 4096) = 4096
read(4, "", 8192)                       = 0
ioctl(4, SNDCTL_TMR_TIMEBASE or TCGETS, 0x7fff85514bf8) = -1 ENOTTY (Inappropriate ioctl for device)
write(1, "\t * instead of fread(), to make "..., 4096) = 4096
write(1, "y_cp;\n\n#define YY_NUM_RULES 6\n#d"..., 4096) = 4096
write(1, "   24,   24,   24,   24,\n       "..., 4096) = 4096
write(1, "t yy_flex_debug;\nint yy_flex_deb"..., 4096) = 4096
write(1, "TION\n#define YY_USER_ACTION\n#end"..., 4096) = 4096
write(1, "possibly a\n\t\t\t * back-up) that w"..., 4096) = 4096
write(1, "\t */\n\t\tyy_current_buffer->yy_n_c"..., 4096) = 4096
write(1, "r->yy_n_chars =\n\t\t\tyy_n_chars = "..., 4096) = 4096
write(1, " (YY_BUFFER_STATE) 0;\n\n\tif ( b->"..., 4096) = 4096
write(1, "\n\n\n#ifndef YY_NO_TOP_STATE\nstati"..., 2180) = 2180
exit_group(0)                           = ?
