execve("../source/flex.exe.static", ["../source/flex.exe.static", "error", "-dl", "-Cm", "../inputs/in.0"], [/* 43 vars */]) = 0
uname({sys="Linux", node="xmenxk-OptiPlex-7010", ...}) = 0
brk(0)                                  = 0x1b4e000
brk(0x1b4f1c0)                          = 0x1b4f1c0
arch_prctl(ARCH_SET_FS, 0x1b4e880)      = 0
brk(0x1b701c0)                          = 0x1b701c0
brk(0x1b71000)                          = 0x1b71000
open("error", O_WRONLY|O_CREAT|O_TRUNC, 0666) = 3
open("../inputs/in.0", O_RDONLY)        = 4
brk(0x1b92000)                          = 0x1b92000
ioctl(4, SNDCTL_TMR_TIMEBASE or TCGETS, 0x7ffff6085698) = -1 ENOTTY (Inappropriate ioctl for device)
fstat(4, {st_mode=S_IFREG|0640, st_size=792, ...}) = 0
mmap(NULL, 4096, PROT_READ|PROT_WRITE, MAP_PRIVATE|MAP_ANONYMOUS, -1, 0) = 0x7f21dd091000
read(4, "/* scanner for a toy Pascal-like"..., 8192) = 792
read(4, "", 4096)                       = 0
open("lex.yy.c", O_WRONLY|O_CREAT|O_TRUNC, 0666) = 5
dup3(5, 1, 0)                           = 1
close(5)                                = 0
fstat(1, {st_mode=S_IFREG|0664, st_size=0, ...}) = 0
mmap(NULL, 4096, PROT_READ|PROT_WRITE, MAP_PRIVATE|MAP_ANONYMOUS, -1, 0) = 0x7f21dd090000
write(1, "/* A lexical scanner generated b"..., 4096) = 4096
write(1, "\t * instead of fread(), to make "..., 4096) = 4096
write(1, "y_cp;\n\n#define YY_NUM_RULES 9\n#d"..., 4096) = 4096
write(1, ",    9,    9,\n        9,   14,  "..., 4096) = 4096
write(1, "   20,   20,   20,\n       20,   "..., 4096) = 4096
write(1, "  44,   44,   44,   44,\n       4"..., 4096) = 4096
write(1, " 20,   20,   20,\n       20,   20"..., 4096) = 4096
write(1, " 41,   41,   41,   41,\n        0"..., 4096) = 4096
write(1, "\n#ifndef YY_SKIP_YYWRAP\n#ifdef _"..., 4096) = 4096
write(1, "state_buf;\n\t\t*yy_state_ptr++ = y"..., 4096) = 4096
write(1, "+ yy_amount_of_matched_text;\n\n\t\t"..., 4096) = 4096
write(1, "buf = (char *)\n\t\t\t\t\t/* Include r"..., 4096) = 4096
write(1, "f_p < &yy_current_buffer->yy_ch_"..., 4096) = 4096
write(1, "uffer( YY_BUFFER_STATE b )\n#else"..., 4096) = 4096
read(4, "", 8192)                       = 0
ioctl(4, SNDCTL_TMR_TIMEBASE or TCGETS, 0x7ffff6085bc8) = -1 ENOTTY (Inappropriate ioctl for device)
write(1, "lity routines. */\n\n#ifndef yytex"..., 1643) = 1643
exit_group(0)                           = ?
