execve("../source/flex.exe.static", ["../source/flex.exe.static", "error", "-d", "-Cm", "../inputs/in.ch_exp_1"], [/* 43 vars */]) = 0
uname({sys="Linux", node="xmenxk-OptiPlex-7010", ...}) = 0
brk(0)                                  = 0x26d7000
brk(0x26d81c0)                          = 0x26d81c0
arch_prctl(ARCH_SET_FS, 0x26d7880)      = 0
brk(0x26f91c0)                          = 0x26f91c0
brk(0x26fa000)                          = 0x26fa000
open("error", O_WRONLY|O_CREAT|O_TRUNC, 0666) = 3
open("../inputs/in.ch_exp_1", O_RDONLY) = 4
brk(0x271b000)                          = 0x271b000
ioctl(4, SNDCTL_TMR_TIMEBASE or TCGETS, 0x7fff68290a58) = -1 ENOTTY (Inappropriate ioctl for device)
fstat(4, {st_mode=S_IFREG|0640, st_size=70, ...}) = 0
mmap(NULL, 4096, PROT_READ|PROT_WRITE, MAP_PRIVATE|MAP_ANONYMOUS, -1, 0) = 0x7f65c5c3e000
read(4, "%%\n\nfoo|bar*\tprintf(\"foo or ba(z"..., 8192) = 70
read(4, "", 4096)                       = 0
open("lex.yy.c", O_WRONLY|O_CREAT|O_TRUNC, 0666) = 5
dup3(5, 1, 0)                           = 1
close(5)                                = 0
fstat(1, {st_mode=S_IFREG|0664, st_size=0, ...}) = 0
mmap(NULL, 4096, PROT_READ|PROT_WRITE, MAP_PRIVATE|MAP_ANONYMOUS, -1, 0) = 0x7f65c5c3d000
write(1, "/* A lexical scanner generated b"..., 4096) = 4096
read(4, "", 8192)                       = 0
ioctl(4, SNDCTL_TMR_TIMEBASE or TCGETS, 0x7fff68290a18) = -1 ENOTTY (Inappropriate ioctl for device)
write(1, "\t * instead of fread(), to make "..., 4096) = 4096
write(1, "    1,    1,    1,    1,    1,  "..., 4096) = 4096
write(1, " 11,   11,   11,   11,   11,\n   "..., 4096) = 4096
write(1, "f YY_STACK_USED\nstatic int yy_st"..., 4096) = 4096
write(1, "_find_action:\n\t\tyy_act = yy_acce"..., 4096) = 4096
write(1, "\t\tYY_NEW_FILE;\n\t\t\t\t\t}\n\t\t\t\tbreak;"..., 4096) = 4096
write(1, "ter yy_state_type yy_current_sta"..., 4096) = 4096
write(1, "t_file;\n#endif\n\t{\n\tif ( ! yy_cur"..., 4096) = 4096
write(1, "e = 0;\n\tb->yy_at_bol = 1;\n\tb->yy"..., 4096) = 4096
write(1, "void yy_flex_free( void *ptr )\n#"..., 197) = 197
exit_group(0)                           = ?
