execve("../source/flex.exe.static", ["../source/flex.exe.static", "error", "-d", "-Cm", "../inputs/in.closure"], [/* 43 vars */]) = 0
uname({sys="Linux", node="xmenxk-OptiPlex-7010", ...}) = 0
brk(0)                                  = 0x12c3000
brk(0x12c41c0)                          = 0x12c41c0
arch_prctl(ARCH_SET_FS, 0x12c3880)      = 0
brk(0x12e51c0)                          = 0x12e51c0
brk(0x12e6000)                          = 0x12e6000
open("error", O_WRONLY|O_CREAT|O_TRUNC, 0666) = 3
open("../inputs/in.closure", O_RDONLY)  = 4
brk(0x1307000)                          = 0x1307000
ioctl(4, SNDCTL_TMR_TIMEBASE or TCGETS, 0x7fff5a797578) = -1 ENOTTY (Inappropriate ioctl for device)
fstat(4, {st_mode=S_IFREG|0640, st_size=274, ...}) = 0
mmap(NULL, 4096, PROT_READ|PROT_WRITE, MAP_PRIVATE|MAP_ANONYMOUS, -1, 0) = 0x7f185f058000
read(4, "%%\n\nr*\t\tprintf(\"Zero or more r's"..., 8192) = 274
read(4, "", 4096)                       = 0
open("lex.yy.c", O_WRONLY|O_CREAT|O_TRUNC, 0666) = 5
dup3(5, 1, 0)                           = 1
close(5)                                = 0
fstat(1, {st_mode=S_IFREG|0664, st_size=0, ...}) = 0
mmap(NULL, 4096, PROT_READ|PROT_WRITE, MAP_PRIVATE|MAP_ANONYMOUS, -1, 0) = 0x7f185f057000
write(1, "/* A lexical scanner generated b"..., 4096) = 4096
read(4, "", 8192)                       = 0
ioctl(4, SNDCTL_TMR_TIMEBASE or TCGETS, 0x7fff5a797538) = -1 ENOTTY (Inappropriate ioctl for device)
write(1, "\t * instead of fread(), to make "..., 4096) = 4096
write(1, "    1,    1,    1,    1,    1,  "..., 4096) = 4096
write(1, " 24,   24,   24,\n\n       24,   2"..., 4096) = 4096
write(1, "ITIAL 0\n#line 469 \"lex.yy.c\"\n\n/*"..., 4096) = 4096
write(1, "n yy_ch_buf of the start of\n\t\t *"..., 4096) = 4096
write(1, "ity of jamming (and we don't\n\t\t\t"..., 4096) = 4096
write(1, " input buffer overflow\" );\n\n\t\t\ty"..., 4096) = 4096
write(1, "_c_buf_p - yytext_ptr;\n\t\t\t++yy_c"..., 4096) = 4096
write(1, "st causes\n\t * a transition to th"..., 4096) = 4096
write(1, "har *s2;\nint n;\n#endif\n\t{\n\tregis"..., 1286) = 1286
exit_group(0)                           = ?
