execve("../source/flex.exe.static", ["../source/flex.exe.static", "error", "-dl", "../inputs/in.ch"], [/* 43 vars */]) = 0
uname({sys="Linux", node="xmenxk-OptiPlex-7010", ...}) = 0
brk(0)                                  = 0x246f000
brk(0x24701c0)                          = 0x24701c0
arch_prctl(ARCH_SET_FS, 0x246f880)      = 0
brk(0x24911c0)                          = 0x24911c0
brk(0x2492000)                          = 0x2492000
open("error", O_WRONLY|O_CREAT|O_TRUNC, 0666) = 3
open("../inputs/in.ch", O_RDONLY)       = 4
brk(0x24b3000)                          = 0x24b3000
ioctl(4, SNDCTL_TMR_TIMEBASE or TCGETS, 0x7fffb0e06498) = -1 ENOTTY (Inappropriate ioctl for device)
fstat(4, {st_mode=S_IFREG|0640, st_size=357, ...}) = 0
mmap(NULL, 4096, PROT_READ|PROT_WRITE, MAP_PRIVATE|MAP_ANONYMOUS, -1, 0) = 0x7fa2e9f54000
read(4, "%%\n\nxyz\"++\"\t\tprintf(\"Match chara"..., 8192) = 357
read(4, "", 4096)                       = 0
open("lex.yy.c", O_WRONLY|O_CREAT|O_TRUNC, 0666) = 5
dup3(5, 1, 0)                           = 1
close(5)                                = 0
fstat(1, {st_mode=S_IFREG|0664, st_size=0, ...}) = 0
mmap(NULL, 4096, PROT_READ|PROT_WRITE, MAP_PRIVATE|MAP_ANONYMOUS, -1, 0) = 0x7fa2e9f53000
write(1, "/* A lexical scanner generated b"..., 4096) = 4096
read(4, "", 8192)                       = 0
ioctl(4, SNDCTL_TMR_TIMEBASE or TCGETS, 0x7fffb0e06458) = -1 ENOTTY (Inappropriate ioctl for device)
write(1, "\t * instead of fread(), to make "..., 4096) = 4096
write(1, "y_cp;\n\n#define YY_NUM_RULES 7\n#d"..., 4096) = 4096
write(1, "x_strlen( yytext ))\n#define YY_N"..., 4096) = 4096
write(1, "( ! yy_current_buffer )\n\t\t\tyy_cu"..., 4096) = 4096
write(1, "ansitions on EOB to the\n\t\t * end"..., 4096) = 4096
write(1, "\n\n\t\t\tint yy_c_buf_p_offset =\n\t\t\t"..., 4096) = 4096
write(1, "\n\tif ( c == '\\n' )\n\t\t--yylineno;"..., 4096) = 4096
write(1, "satty YY_PROTO(( int ));\n#endif\n"..., 4096) = 4096
write(1, "ic void yy_fatal_error( yyconst "..., 1977) = 1977
exit_group(0)                           = ?
