execve("../source/flex.exe.static", ["../source/flex.exe.static", "error", "-dl", "../inputs/in.exp"], [/* 43 vars */]) = 0
uname({sys="Linux", node="xmenxk-OptiPlex-7010", ...}) = 0
brk(0)                                  = 0x19d0000
brk(0x19d11c0)                          = 0x19d11c0
arch_prctl(ARCH_SET_FS, 0x19d0880)      = 0
brk(0x19f21c0)                          = 0x19f21c0
brk(0x19f3000)                          = 0x19f3000
open("error", O_WRONLY|O_CREAT|O_TRUNC, 0666) = 3
open("../inputs/in.exp", O_RDONLY)      = 4
brk(0x1a14000)                          = 0x1a14000
ioctl(4, SNDCTL_TMR_TIMEBASE or TCGETS, 0x7fff57b5cbd8) = -1 ENOTTY (Inappropriate ioctl for device)
fstat(4, {st_mode=S_IFREG|0640, st_size=290, ...}) = 0
mmap(NULL, 4096, PROT_READ|PROT_WRITE, MAP_PRIVATE|MAP_ANONYMOUS, -1, 0) = 0x7f9a3a5bb000
read(4, "%%\n(r)\t\tprintf(\"Match an r: %s\\n"..., 8192) = 290
read(4, "", 4096)                       = 0
open("lex.yy.c", O_WRONLY|O_CREAT|O_TRUNC, 0666) = 5
dup3(5, 1, 0)                           = 1
close(5)                                = 0
fstat(1, {st_mode=S_IFREG|0664, st_size=0, ...}) = 0
mmap(NULL, 4096, PROT_READ|PROT_WRITE, MAP_PRIVATE|MAP_ANONYMOUS, -1, 0) = 0x7f9a3a5ba000
write(1, "/* A lexical scanner generated b"..., 4096) = 4096
read(4, "", 8192)                       = 0
ioctl(4, SNDCTL_TMR_TIMEBASE or TCGETS, 0x7fff57b5cb98) = -1 ENOTTY (Inappropriate ioctl for device)
fstat(3, {st_mode=S_IFREG|0664, st_size=0, ...}) = 0
mmap(NULL, 4096, PROT_READ|PROT_WRITE, MAP_PRIVATE|MAP_ANONYMOUS, -1, 0) = 0x7f9a3a5b9000
write(1, "\t * instead of fread(), to make "..., 4096) = 4096
write(1, "y_cp;\n\n#define YY_NUM_RULES 7\n#d"..., 4096) = 4096
write(1, "; /* undo effects of setting up "..., 4096) = 4096
write(1, "endif\n\n#define YY_RULE_SETUP \\\n\t"..., 4096) = 4096
write(1, "Y_END_OF_BUFFER:\n\t\t{\n\t\t/* Amount"..., 4096) = 4096
write(1, "*/\n\t\tif ( yy_c_buf_p - yytext_pt"..., 4096) = 4096
write(1, "te] + (unsigned int) yy_c];\n\tyy_"..., 4096) = 4096
write(1, "nt_buffer->yy_buf_pos;\n\tyyin = y"..., 4096) = 4096
write(1, "c. this buffer, and we should th"..., 3191) = 3191
write(3, "\"../inputs/in.exp\", line 7: warn"..., 64) = 64
exit_group(0)                           = ?
