execve("../source/flex.exe.static", ["../source/flex.exe.static", "error", "-df", "-Crae", "../inputs/in.ch_exp_1"], [/* 43 vars */]) = 0
uname({sys="Linux", node="xmenxk-OptiPlex-7010", ...}) = 0
brk(0)                                  = 0x1dd2000
brk(0x1dd31c0)                          = 0x1dd31c0
arch_prctl(ARCH_SET_FS, 0x1dd2880)      = 0
brk(0x1df41c0)                          = 0x1df41c0
brk(0x1df5000)                          = 0x1df5000
open("error", O_WRONLY|O_CREAT|O_TRUNC, 0666) = 3
open("../inputs/in.ch_exp_1", O_RDONLY) = 4
brk(0x1e16000)                          = 0x1e16000
ioctl(4, SNDCTL_TMR_TIMEBASE or TCGETS, 0x7ffff9f24678) = -1 ENOTTY (Inappropriate ioctl for device)
fstat(4, {st_mode=S_IFREG|0640, st_size=70, ...}) = 0
mmap(NULL, 4096, PROT_READ|PROT_WRITE, MAP_PRIVATE|MAP_ANONYMOUS, -1, 0) = 0x7f4f5f766000
read(4, "%%\n\nfoo|bar*\tprintf(\"foo or ba(z"..., 8192) = 70
read(4, "", 4096)                       = 0
open("lex.yy.c", O_WRONLY|O_CREAT|O_TRUNC, 0666) = 5
dup3(5, 1, 0)                           = 1
close(5)                                = 0
fstat(1, {st_mode=S_IFREG|0664, st_size=0, ...}) = 0
mmap(NULL, 4096, PROT_READ|PROT_WRITE, MAP_PRIVATE|MAP_ANONYMOUS, -1, 0) = 0x7f4f5f765000
write(1, "/* A lexical scanner generated b"..., 4096) = 4096
read(4, "", 8192)                       = 0
ioctl(4, SNDCTL_TMR_TIMEBASE or TCGETS, 0x7ffff9f24638) = -1 ENOTTY (Inappropriate ioctl for device)
write(1, "\t * instead of fread(), to make "..., 4096) = 4096
write(1, " 1,    1,    1,    1,    1,    1"..., 4096) = 4096
write(1, "ithout declaring the routines.  "..., 4096) = 4096
write(1, "t_state = yy_last_accepting_stat"..., 4096) = 4096
write(1, "r *source = yytext_ptr;\n\tregiste"..., 4096) = 4096
write(1, "ter YY_CHAR yy_c = 1;\n\tif ( yy_a"..., 4096) = 4096
write(1, "fer_state( void )\n#else\nvoid yy_"..., 4096) = 4096
write(1, "END_OF_BUFFER_CHAR;\n\n\tb = yy_sca"..., 3338) = 3338
exit_group(0)                           = ?
