execve("../source/flex.exe.static", ["../source/flex.exe.static", "error", "-dl", "../inputs/in.0"], [/* 43 vars */]) = 0
uname({sys="Linux", node="xmenxk-OptiPlex-7010", ...}) = 0
brk(0)                                  = 0x195c000
brk(0x195d1c0)                          = 0x195d1c0
arch_prctl(ARCH_SET_FS, 0x195c880)      = 0
brk(0x197e1c0)                          = 0x197e1c0
brk(0x197f000)                          = 0x197f000
open("error", O_WRONLY|O_CREAT|O_TRUNC, 0666) = 3
open("../inputs/in.0", O_RDONLY)        = 4
brk(0x19a0000)                          = 0x19a0000
ioctl(4, SNDCTL_TMR_TIMEBASE or TCGETS, 0x7fff4f6b5e88) = -1 ENOTTY (Inappropriate ioctl for device)
fstat(4, {st_mode=S_IFREG|0640, st_size=792, ...}) = 0
mmap(NULL, 4096, PROT_READ|PROT_WRITE, MAP_PRIVATE|MAP_ANONYMOUS, -1, 0) = 0x7fe748161000
read(4, "/* scanner for a toy Pascal-like"..., 8192) = 792
read(4, "", 4096)                       = 0
open("lex.yy.c", O_WRONLY|O_CREAT|O_TRUNC, 0666) = 5
dup3(5, 1, 0)                           = 1
close(5)                                = 0
fstat(1, {st_mode=S_IFREG|0664, st_size=0, ...}) = 0
mmap(NULL, 4096, PROT_READ|PROT_WRITE, MAP_PRIVATE|MAP_ANONYMOUS, -1, 0) = 0x7fe748160000
write(1, "/* A lexical scanner generated b"..., 4096) = 4096
write(1, "\t * instead of fread(), to make "..., 4096) = 4096
write(1, "y_cp;\n\n#define YY_NUM_RULES 9\n#d"..., 4096) = 4096
write(1, "   44,   44,   44,   44,   44,\n "..., 4096) = 4096
write(1, "ailed\" ); \\\n\t\tresult = n; \\\n\t\t} "..., 4096) = 4096
write(1, "uts/in.0\"\nprintf(\"An identifier:"..., 4096) = 4096
write(1, "ting an action:\n *\tEOB_ACT_LAST_"..., 4096) = 4096
write(1, "NUL_trans( current_state );\n */\n"..., 4096) = 4096
write(1, " new_buffer;\n\tyy_load_buffer_sta"..., 4096) = 4096
read(4, "", 8192)                       = 0
ioctl(4, SNDCTL_TMR_TIMEBASE or TCGETS, 0x7fff4f6b63b8) = -1 ENOTTY (Inappropriate ioctl for device)
write(1, "\tYY_BUFFER_STATE b;\n\tchar *buf;\n"..., 3838) = 3838
exit_group(0)                           = ?
