execve("../source/flex.exe.static", ["../source/flex.exe.static", "error", "-d", "../inputs/in.ch_exp_1"], [/* 43 vars */]) = 0
uname({sys="Linux", node="xmenxk-OptiPlex-7010", ...}) = 0
brk(0)                                  = 0x1529000
brk(0x152a1c0)                          = 0x152a1c0
arch_prctl(ARCH_SET_FS, 0x1529880)      = 0
brk(0x154b1c0)                          = 0x154b1c0
brk(0x154c000)                          = 0x154c000
open("error", O_WRONLY|O_CREAT|O_TRUNC, 0666) = 3
open("../inputs/in.ch_exp_1", O_RDONLY) = 4
brk(0x156d000)                          = 0x156d000
ioctl(4, SNDCTL_TMR_TIMEBASE or TCGETS, 0x7fff99c0cf68) = -1 ENOTTY (Inappropriate ioctl for device)
fstat(4, {st_mode=S_IFREG|0640, st_size=70, ...}) = 0
mmap(NULL, 4096, PROT_READ|PROT_WRITE, MAP_PRIVATE|MAP_ANONYMOUS, -1, 0) = 0x7f9312b82000
read(4, "%%\n\nfoo|bar*\tprintf(\"foo or ba(z"..., 8192) = 70
read(4, "", 4096)                       = 0
open("lex.yy.c", O_WRONLY|O_CREAT|O_TRUNC, 0666) = 5
dup3(5, 1, 0)                           = 1
close(5)                                = 0
fstat(1, {st_mode=S_IFREG|0664, st_size=0, ...}) = 0
mmap(NULL, 4096, PROT_READ|PROT_WRITE, MAP_PRIVATE|MAP_ANONYMOUS, -1, 0) = 0x7f9312b81000
write(1, "/* A lexical scanner generated b"..., 4096) = 4096
read(4, "", 8192)                       = 0
ioctl(4, SNDCTL_TMR_TIMEBASE or TCGETS, 0x7fff99c0cf28) = -1 ENOTTY (Inappropriate ioctl for device)
write(1, "\t * instead of fread(), to make "..., 4096) = 4096
write(1, "  1,    1,    1,    1,    1,    "..., 4096) = 4096
write(1, "fndef __cplusplus\n#include <stdl"..., 4096) = 4096
write(1, "\t\t\t         yy_rule_linenum[yy_a"..., 4096) = 4096
write(1, "ak;\n\t\t}\n\n\tdefault:\n\t\tYY_FATAL_ER"..., 4096) = 4096
write(1, "yy_current_state >= 12 )\n\t\t\t\tyy_"..., 4096) = 4096
write(1, "er( new_buffer )\nYY_BUFFER_STATE"..., 4096) = 4096
write(1, "onst char *yy_str;\n#endif\n\t{\n\tin"..., 4001) = 4001
exit_group(0)                           = ?
