execve("../source/flex.exe.static", ["../source/flex.exe.static", "error", "-df", "-Crae", "../inputs/in.closure"], [/* 43 vars */]) = 0
uname({sys="Linux", node="xmenxk-OptiPlex-7010", ...}) = 0
brk(0)                                  = 0x183e000
brk(0x183f1c0)                          = 0x183f1c0
arch_prctl(ARCH_SET_FS, 0x183e880)      = 0
brk(0x18601c0)                          = 0x18601c0
brk(0x1861000)                          = 0x1861000
open("error", O_WRONLY|O_CREAT|O_TRUNC, 0666) = 3
open("../inputs/in.closure", O_RDONLY)  = 4
brk(0x1882000)                          = 0x1882000
ioctl(4, SNDCTL_TMR_TIMEBASE or TCGETS, 0x7fff3cf15ff8) = -1 ENOTTY (Inappropriate ioctl for device)
fstat(4, {st_mode=S_IFREG|0640, st_size=274, ...}) = 0
mmap(NULL, 4096, PROT_READ|PROT_WRITE, MAP_PRIVATE|MAP_ANONYMOUS, -1, 0) = 0x7f26c060f000
read(4, "%%\n\nr*\t\tprintf(\"Zero or more r's"..., 8192) = 274
read(4, "", 4096)                       = 0
open("lex.yy.c", O_WRONLY|O_CREAT|O_TRUNC, 0666) = 5
dup3(5, 1, 0)                           = 1
close(5)                                = 0
fstat(1, {st_mode=S_IFREG|0664, st_size=0, ...}) = 0
mmap(NULL, 4096, PROT_READ|PROT_WRITE, MAP_PRIVATE|MAP_ANONYMOUS, -1, 0) = 0x7f26c060e000
write(1, "/* A lexical scanner generated b"..., 4096) = 4096
read(4, "", 8192)                       = 0
ioctl(4, SNDCTL_TMR_TIMEBASE or TCGETS, 0x7fff3cf15fb8) = -1 ENOTTY (Inappropriate ioctl for device)
write(1, "\t * instead of fread(), to make "..., 4096) = 4096
write(1, " 1,    1,    1,    1,    1,    1"..., 4096) = 4096
write(1, "e YY_PROTO(( void ));\n#endif\n#if"..., 4096) = 4096
write(1, "intf( err, \"--(end of buffer or "..., 4096) = 4096
write(1, "e EOB_ACT_LAST_MATCH:\n\t\t\t\tyy_c_b"..., 4096) = 4096
write(1, "\n\t\t\t{\n\t\t\tyy_last_accepting_state"..., 4096) = 4096
write(1, "TOS\nvoid yy_switch_to_buffer( YY"..., 4096) = 4096
write(1, "_scan_string( yyconst char *yy_s"..., 4087) = 4087
exit_group(0)                           = ?
