execve("../source/flex.exe.static", ["../source/flex.exe.static", "error", "-f", "-Crae", "../inputs/in.0"], [/* 43 vars */]) = 0
uname({sys="Linux", node="xmenxk-OptiPlex-7010", ...}) = 0
brk(0)                                  = 0x1a7c000
brk(0x1a7d1c0)                          = 0x1a7d1c0
arch_prctl(ARCH_SET_FS, 0x1a7c880)      = 0
brk(0x1a9e1c0)                          = 0x1a9e1c0
brk(0x1a9f000)                          = 0x1a9f000
open("error", O_WRONLY|O_CREAT|O_TRUNC, 0666) = 3
open("../inputs/in.0", O_RDONLY)        = 4
brk(0x1ac0000)                          = 0x1ac0000
ioctl(4, SNDCTL_TMR_TIMEBASE or TCGETS, 0x7fff9307dfc8) = -1 ENOTTY (Inappropriate ioctl for device)
fstat(4, {st_mode=S_IFREG|0640, st_size=792, ...}) = 0
mmap(NULL, 4096, PROT_READ|PROT_WRITE, MAP_PRIVATE|MAP_ANONYMOUS, -1, 0) = 0x7f5033e91000
read(4, "/* scanner for a toy Pascal-like"..., 8192) = 792
read(4, "", 4096)                       = 0
open("lex.yy.c", O_WRONLY|O_CREAT|O_TRUNC, 0666) = 5
dup3(5, 1, 0)                           = 1
close(5)                                = 0
fstat(1, {st_mode=S_IFREG|0664, st_size=0, ...}) = 0
mmap(NULL, 4096, PROT_READ|PROT_WRITE, MAP_PRIVATE|MAP_ANONYMOUS, -1, 0) = 0x7f5033e90000
write(1, "/* A lexical scanner generated b"..., 4096) = 4096
write(1, "\t * instead of fread(), to make "..., 4096) = 4096
write(1, "      4,    4,    4,    0\n    } "..., 4096) = 4096
write(1, "      15,   14,   13,   12,   11"..., 4096) = 4096
write(1, " */\n\n\t\tif ( ! yyin )\n\t\t\tyyin = s"..., 4096) = 4096
write(1, "t\n\t\t\t * for us because it doesn'"..., 4096) = 4096
write(1, ";\n\n\t\t\tif ( ! b->yy_ch_buf )\n\t\t\t\t"..., 4096) = 4096
write(1, "buffer->yy_ch_buf[yy_n_chars] )\n"..., 4096) = 4096
write(1, "fer( b )\nYY_BUFFER_STATE b;\n#end"..., 4096) = 4096
read(4, "", 8192)                       = 0
ioctl(4, SNDCTL_TMR_TIMEBASE or TCGETS, 0x7fff9307e4f8) = -1 ENOTTY (Inappropriate ioctl for device)
write(1, "E_PROTOS\nstatic void yy_flex_str"..., 1593) = 1593
exit_group(0)                           = ?
