execve("../source/flex.exe.static", ["../source/flex.exe.static", "error", "-f", "-Cre", "../inputs/in.ch"], [/* 43 vars */]) = 0
uname({sys="Linux", node="xmenxk-OptiPlex-7010", ...}) = 0
brk(0)                                  = 0x2245000
brk(0x22461c0)                          = 0x22461c0
arch_prctl(ARCH_SET_FS, 0x2245880)      = 0
brk(0x22671c0)                          = 0x22671c0
brk(0x2268000)                          = 0x2268000
open("error", O_WRONLY|O_CREAT|O_TRUNC, 0666) = 3
open("../inputs/in.ch", O_RDONLY)       = 4
brk(0x2289000)                          = 0x2289000
ioctl(4, SNDCTL_TMR_TIMEBASE or TCGETS, 0x7fffeaf9cfa8) = -1 ENOTTY (Inappropriate ioctl for device)
fstat(4, {st_mode=S_IFREG|0640, st_size=357, ...}) = 0
mmap(NULL, 4096, PROT_READ|PROT_WRITE, MAP_PRIVATE|MAP_ANONYMOUS, -1, 0) = 0x7fb00d4a0000
read(4, "%%\n\nxyz\"++\"\t\tprintf(\"Match chara"..., 8192) = 357
read(4, "", 4096)                       = 0
open("lex.yy.c", O_WRONLY|O_CREAT|O_TRUNC, 0666) = 5
dup3(5, 1, 0)                           = 1
close(5)                                = 0
fstat(1, {st_mode=S_IFREG|0664, st_size=0, ...}) = 0
mmap(NULL, 4096, PROT_READ|PROT_WRITE, MAP_PRIVATE|MAP_ANONYMOUS, -1, 0) = 0x7fb00d49f000
write(1, "/* A lexical scanner generated b"..., 4096) = 4096
read(4, "", 8192)                       = 0
ioctl(4, SNDCTL_TMR_TIMEBASE or TCGETS, 0x7fffeaf9cf68) = -1 ENOTTY (Inappropriate ioctl for device)
write(1, "\t * instead of fread(), to make "..., 4096) = 4096
write(1, "    1,    2,\n        1,    1,   "..., 4096) = 4096
write(1, "endif\n#ifndef YY_NO_TOP_STATE\nst"..., 4096) = 4096
write(1, "../inputs/in.ch\"\nprintf(\"Charact"..., 4096) = 4096
write(1, "\n\n\n/* yy_get_next_buffer - try t"..., 4096) = 4096
write(1, "* synopsis\n *\tnext_state = yy_tr"..., 4096) = 4096
write(1, " new_buffer;\n\tyy_load_buffer_sta"..., 4096) = 4096
write(1, "\tYY_BUFFER_STATE b;\n\tchar *buf;\n"..., 3666) = 3666
exit_group(0)                           = ?
