execve("../source/flex.exe.static", ["../source/flex.exe.static", "error", "-f", "-Cr", "../inputs/in.ch_exp_1"], [/* 43 vars */]) = 0
uname({sys="Linux", node="xmenxk-OptiPlex-7010", ...}) = 0
brk(0)                                  = 0x82b000
brk(0x82c1c0)                           = 0x82c1c0
arch_prctl(ARCH_SET_FS, 0x82b880)       = 0
brk(0x84d1c0)                           = 0x84d1c0
brk(0x84e000)                           = 0x84e000
open("error", O_WRONLY|O_CREAT|O_TRUNC, 0666) = 3
open("../inputs/in.ch_exp_1", O_RDONLY) = 4
brk(0x86f000)                           = 0x86f000
ioctl(4, SNDCTL_TMR_TIMEBASE or TCGETS, 0x7fff704fa608) = -1 ENOTTY (Inappropriate ioctl for device)
fstat(4, {st_mode=S_IFREG|0640, st_size=70, ...}) = 0
mmap(NULL, 4096, PROT_READ|PROT_WRITE, MAP_PRIVATE|MAP_ANONYMOUS, -1, 0) = 0x7f356fdf8000
read(4, "%%\n\nfoo|bar*\tprintf(\"foo or ba(z"..., 8192) = 70
read(4, "", 4096)                       = 0
open("lex.yy.c", O_WRONLY|O_CREAT|O_TRUNC, 0666) = 5
dup3(5, 1, 0)                           = 1
close(5)                                = 0
fstat(1, {st_mode=S_IFREG|0664, st_size=0, ...}) = 0
mmap(NULL, 4096, PROT_READ|PROT_WRITE, MAP_PRIVATE|MAP_ANONYMOUS, -1, 0) = 0x7f356fdf7000
write(1, "/* A lexical scanner generated b"..., 4096) = 4096
read(4, "", 8192)                       = 0
ioctl(4, SNDCTL_TMR_TIMEBASE or TCGETS, 0x7fff704fa5c8) = -1 ENOTTY (Inappropriate ioctl for device)
write(1, "\t * instead of fread(), to make "..., 4096) = 4096
write(1, "    {   0,\n       12,   12,   11"..., 4096) = 4096
write(1, ",   11,   11,   11,   11,\n      "..., 4096) = 4096
write(1, " 11,   11,   11,   11,   11,   1"..., 4096) = 4096
write(1, "er )\n\t\t\tyy_current_buffer =\n\t\t\t\t"..., 4096) = 4096
write(1, "f_p so that if some total\n\t\t\t\t\t "..., 4096) = 4096
write(1, "y_n_chars += number_to_move;\n\tyy"..., 4096) = 4096
write(1, "ptr + offset;\n\t\t\t\t\tbreak;\n\t\t\t\t}\n"..., 4096) = 4096
write(1, "_buffer_state ) );\n\tif ( ! b )\n\t"..., 4096) = 4096
write(1, "void* generic pointers.  It work"..., 496) = 496
exit_group(0)                           = ?
