execve("../source/flex.exe.static", ["../source/flex.exe.static", "error", "-F", "-Crae", "../inputs/in.ch"], [/* 43 vars */]) = 0
uname({sys="Linux", node="xmenxk-OptiPlex-7010", ...}) = 0
brk(0)                                  = 0x1e24000
brk(0x1e251c0)                          = 0x1e251c0
arch_prctl(ARCH_SET_FS, 0x1e24880)      = 0
brk(0x1e461c0)                          = 0x1e461c0
brk(0x1e47000)                          = 0x1e47000
open("error", O_WRONLY|O_CREAT|O_TRUNC, 0666) = 3
open("../inputs/in.ch", O_RDONLY)       = 4
brk(0x1e68000)                          = 0x1e68000
ioctl(4, SNDCTL_TMR_TIMEBASE or TCGETS, 0x7fffcd156128) = -1 ENOTTY (Inappropriate ioctl for device)
fstat(4, {st_mode=S_IFREG|0640, st_size=357, ...}) = 0
mmap(NULL, 4096, PROT_READ|PROT_WRITE, MAP_PRIVATE|MAP_ANONYMOUS, -1, 0) = 0x7f1ef795a000
read(4, "%%\n\nxyz\"++\"\t\tprintf(\"Match chara"..., 8192) = 357
read(4, "", 4096)                       = 0
open("lex.yy.c", O_WRONLY|O_CREAT|O_TRUNC, 0666) = 5
dup3(5, 1, 0)                           = 1
close(5)                                = 0
fstat(1, {st_mode=S_IFREG|0664, st_size=0, ...}) = 0
mmap(NULL, 4096, PROT_READ|PROT_WRITE, MAP_PRIVATE|MAP_ANONYMOUS, -1, 0) = 0x7f1ef7959000
write(1, "/* A lexical scanner generated b"..., 4096) = 4096
read(4, "", 8192)                       = 0
ioctl(4, SNDCTL_TMR_TIMEBASE or TCGETS, 0x7fffcd1560e8) = -1 ENOTTY (Inappropriate ioctl for device)
write(1, "\t * instead of fread(), to make "..., 4096) = 4096
write(1, "2 }, {   9,  44 }, {  10,  36 },"..., 4096) = 4096
write(1, "t ));\n#endif\n\n#ifdef YY_NEED_STR"..., 4096) = 4096
write(1, "ase 0: /* must back up */\n\t\t\t/* "..., 4096) = 4096
write(1, "y_n_chars];\n\n\t\t\t\tyy_current_stat"..., 4096) = 4096
write(1, " = yy_current_state;\n\t\t\tyy_last_"..., 4096) = 4096
write(1, "ffer. */\n\t\t*yy_c_buf_p = yy_hold"..., 4096) = 4096
write(1, "TOS\nYY_BUFFER_STATE yy_scan_byte"..., 3822) = 3822
exit_group(0)                           = ?
