execve("../source/flex.exe.static", ["../source/flex.exe.static", "error", "-F", "-Crae", "../inputs/in.exp"], [/* 43 vars */]) = 0
uname({sys="Linux", node="xmenxk-OptiPlex-7010", ...}) = 0
brk(0)                                  = 0x1aac000
brk(0x1aad1c0)                          = 0x1aad1c0
arch_prctl(ARCH_SET_FS, 0x1aac880)      = 0
brk(0x1ace1c0)                          = 0x1ace1c0
brk(0x1acf000)                          = 0x1acf000
open("error", O_WRONLY|O_CREAT|O_TRUNC, 0666) = 3
open("../inputs/in.exp", O_RDONLY)      = 4
brk(0x1af0000)                          = 0x1af0000
ioctl(4, SNDCTL_TMR_TIMEBASE or TCGETS, 0x7fff8154a198) = -1 ENOTTY (Inappropriate ioctl for device)
fstat(4, {st_mode=S_IFREG|0640, st_size=290, ...}) = 0
mmap(NULL, 4096, PROT_READ|PROT_WRITE, MAP_PRIVATE|MAP_ANONYMOUS, -1, 0) = 0x7fbe02f14000
read(4, "%%\n(r)\t\tprintf(\"Match an r: %s\\n"..., 8192) = 290
read(4, "", 4096)                       = 0
open("lex.yy.c", O_WRONLY|O_CREAT|O_TRUNC, 0666) = 5
dup3(5, 1, 0)                           = 1
close(5)                                = 0
fstat(1, {st_mode=S_IFREG|0664, st_size=0, ...}) = 0
mmap(NULL, 4096, PROT_READ|PROT_WRITE, MAP_PRIVATE|MAP_ANONYMOUS, -1, 0) = 0x7fbe02f13000
write(1, "/* A lexical scanner generated b"..., 4096) = 4096
read(4, "", 8192)                       = 0
ioctl(4, SNDCTL_TMR_TIMEBASE or TCGETS, 0x7fff8154a158) = -1 ENOTTY (Inappropriate ioctl for device)
write(1, "\t * instead of fread(), to make "..., 4096) = 4096
write(1, "8 }, {   9,  49 }, {  10,  38 },"..., 4096) = 4096
write(1, ";\n#endif\n#endif\n\n#ifndef YY_NO_U"..., 4096) = 4096
write(1, "ting_state = yy_current_state;\n\t"..., 4096) = 4096
write(1, "\t\tyy_c_buf_p = yytext_ptr + YY_M"..., 4096) = 4096
write(1, "_ch_buf[0];\n\n\treturn ret_val;\n\t}"..., 4096) = 4096
write(1, " c;\n\t}\n\n\n#ifdef YY_USE_PROTOS\nvo"..., 4096) = 4096
write(1, "= base;\n\tb->yy_is_our_buffer = 0"..., 4096) = 4096
write(1, "ugh doing an assignment.\n\t */\n\tr"..., 302) = 302
exit_group(0)                           = ?
