execve("../source/flex.exe.static", ["../source/flex.exe.static", "error", "-df", "-Crae", "../inputs/in.0"], [/* 43 vars */]) = 0
uname({sys="Linux", node="xmenxk-OptiPlex-7010", ...}) = 0
brk(0)                                  = 0x201d000
brk(0x201e1c0)                          = 0x201e1c0
arch_prctl(ARCH_SET_FS, 0x201d880)      = 0
brk(0x203f1c0)                          = 0x203f1c0
brk(0x2040000)                          = 0x2040000
open("error", O_WRONLY|O_CREAT|O_TRUNC, 0666) = 3
open("../inputs/in.0", O_RDONLY)        = 4
brk(0x2061000)                          = 0x2061000
ioctl(4, SNDCTL_TMR_TIMEBASE or TCGETS, 0x7fffb5357ac8) = -1 ENOTTY (Inappropriate ioctl for device)
fstat(4, {st_mode=S_IFREG|0640, st_size=792, ...}) = 0
mmap(NULL, 4096, PROT_READ|PROT_WRITE, MAP_PRIVATE|MAP_ANONYMOUS, -1, 0) = 0x7ff46c890000
read(4, "/* scanner for a toy Pascal-like"..., 8192) = 792
read(4, "", 4096)                       = 0
open("lex.yy.c", O_WRONLY|O_CREAT|O_TRUNC, 0666) = 5
dup3(5, 1, 0)                           = 1
close(5)                                = 0
fstat(1, {st_mode=S_IFREG|0664, st_size=0, ...}) = 0
mmap(NULL, 4096, PROT_READ|PROT_WRITE, MAP_PRIVATE|MAP_ANONYMOUS, -1, 0) = 0x7ff46c88f000
write(1, "/* A lexical scanner generated b"..., 4096) = 4096
write(1, "\t * instead of fread(), to make "..., 4096) = 4096
write(1, ",    4,    4,    4,    4,    4, "..., 4096) = 4096
write(1, ",   25,   23,   22,   21,   18, "..., 4096) = 4096
write(1, "gister int yy_act;\n\n#line 11 \".."..., 4096) = 4096
write(1, "R_NORMAL;\n\t\t\t}\n\n\t\t/* Note that h"..., 4096) = 4096
write(1, "w it. */\n#ifdef YY_USES_REJECT\n\t"..., 4096) = 4096
write(1, "ent_buffer->yy_n_chars =\n\t\t\tyy_n"..., 4096) = 4096
write(1, "_flex_free( (void *) b->yy_ch_bu"..., 4096) = 4096
read(4, "", 8192)                       = 0
ioctl(4, SNDCTL_TMR_TIMEBASE or TCGETS, 0x7fffb5357ff8) = -1 ENOTTY (Inappropriate ioctl for device)
write(1, "\n\treturn yy_start_stack[yy_start"..., 2292) = 2292
exit_group(0)                           = ?
