execve("../source/flex.exe.static", ["../source/flex.exe.static", "error", "-F", "-Cra", "../inputs/in.ch_exp_1"], [/* 43 vars */]) = 0
uname({sys="Linux", node="xmenxk-OptiPlex-7010", ...}) = 0
brk(0)                                  = 0x1da3000
brk(0x1da41c0)                          = 0x1da41c0
arch_prctl(ARCH_SET_FS, 0x1da3880)      = 0
brk(0x1dc51c0)                          = 0x1dc51c0
brk(0x1dc6000)                          = 0x1dc6000
open("error", O_WRONLY|O_CREAT|O_TRUNC, 0666) = 3
open("../inputs/in.ch_exp_1", O_RDONLY) = 4
brk(0x1de7000)                          = 0x1de7000
ioctl(4, SNDCTL_TMR_TIMEBASE or TCGETS, 0x7fffc2038458) = -1 ENOTTY (Inappropriate ioctl for device)
fstat(4, {st_mode=S_IFREG|0640, st_size=70, ...}) = 0
mmap(NULL, 4096, PROT_READ|PROT_WRITE, MAP_PRIVATE|MAP_ANONYMOUS, -1, 0) = 0x7fc8e18ae000
read(4, "%%\n\nfoo|bar*\tprintf(\"foo or ba(z"..., 8192) = 70
read(4, "", 4096)                       = 0
open("lex.yy.c", O_WRONLY|O_CREAT|O_TRUNC, 0666) = 5
dup3(5, 1, 0)                           = 1
close(5)                                = 0
fstat(1, {st_mode=S_IFREG|0664, st_size=0, ...}) = 0
mmap(NULL, 4096, PROT_READ|PROT_WRITE, MAP_PRIVATE|MAP_ANONYMOUS, -1, 0) = 0x7fc8e18ad000
write(1, "/* A lexical scanner generated b"..., 4096) = 4096
read(4, "", 8192)                       = 0
ioctl(4, SNDCTL_TMR_TIMEBASE or TCGETS, 0x7fffc2038418) = -1 ENOTTY (Inappropriate ioctl for device)
write(1, "\t * instead of fread(), to make "..., 4096) = 4096
write(1, "9, 260 }, {  10, 260 }, {  11, 2"..., 4096) = 4096
write(1, "0,   0 }, {   0,   0 }, {   0,  "..., 4096) = 4096
write(1, "t in flex scanner failed\" );\n#en"..., 4096) = 4096
write(1, "of-buffer state).  Contrast this"..., 4096) = 4096
write(1, "(int) (yy_c_buf_p - b->yy_ch_buf"..., 4096) = 4096
write(1, "_END_OF_BUFFER_CHAR )\n\t\t{\n\t\t/* y"..., 4096) = 4096
write(1, "nteractive = 1;\n#else\n#if YY_NEV"..., 4096) = 4096
write(1, " of setting up yytext. */ \\\n\t\tyy"..., 1677) = 1677
exit_group(0)                           = ?
