execve("../source/flex.exe.static", ["../source/flex.exe.static", "error", "-F", "-Cra", "../inputs/in.closure"], [/* 43 vars */]) = 0
uname({sys="Linux", node="xmenxk-OptiPlex-7010", ...}) = 0
brk(0)                                  = 0x211b000
brk(0x211c1c0)                          = 0x211c1c0
arch_prctl(ARCH_SET_FS, 0x211b880)      = 0
brk(0x213d1c0)                          = 0x213d1c0
brk(0x213e000)                          = 0x213e000
open("error", O_WRONLY|O_CREAT|O_TRUNC, 0666) = 3
open("../inputs/in.closure", O_RDONLY)  = 4
brk(0x215f000)                          = 0x215f000
ioctl(4, SNDCTL_TMR_TIMEBASE or TCGETS, 0x7fff39c69b88) = -1 ENOTTY (Inappropriate ioctl for device)
fstat(4, {st_mode=S_IFREG|0640, st_size=274, ...}) = 0
mmap(NULL, 4096, PROT_READ|PROT_WRITE, MAP_PRIVATE|MAP_ANONYMOUS, -1, 0) = 0x7f0bfc376000
read(4, "%%\n\nr*\t\tprintf(\"Zero or more r's"..., 8192) = 274
read(4, "", 4096)                       = 0
open("lex.yy.c", O_WRONLY|O_CREAT|O_TRUNC, 0666) = 5
dup3(5, 1, 0)                           = 1
close(5)                                = 0
fstat(1, {st_mode=S_IFREG|0664, st_size=0, ...}) = 0
mmap(NULL, 4096, PROT_READ|PROT_WRITE, MAP_PRIVATE|MAP_ANONYMOUS, -1, 0) = 0x7f0bfc375000
write(1, "/* A lexical scanner generated b"..., 4096) = 4096
read(4, "", 8192)                       = 0
ioctl(4, SNDCTL_TMR_TIMEBASE or TCGETS, 0x7fff39c69b48) = -1 ENOTTY (Inappropriate ioctl for device)
write(1, "\t * instead of fread(), to make "..., 4096) = 4096
write(1, "9, 260 }, {  10, 260 }, {  11, 2"..., 4096) = 4096
write(1, "0,   3 }, {   0, 132 }, {   0,  "..., 4096) = 4096
write(1, " but since the string might cont"..., 4096) = 4096
write(1, "nning a new file or input source"..., 4096) = 4096
write(1, "re data. */\n\n\t/* First move last"..., 4096) = 4096
write(1, "er int number_to_move = yy_n_cha"..., 4096) = 4096
write(1, "amic memory in yy_create_buffer("..., 4096) = 4096
write(1, "ng start-condition stack\" );\n\t\t}"..., 2492) = 2492
exit_group(0)                           = ?
