execve("../source/flex.exe.static", ["../source/flex.exe.static", "error", "-F", "-Cra", "../inputs/in.0"], [/* 43 vars */]) = 0
uname({sys="Linux", node="xmenxk-OptiPlex-7010", ...}) = 0
brk(0)                                  = 0xc0a000
brk(0xc0b1c0)                           = 0xc0b1c0
arch_prctl(ARCH_SET_FS, 0xc0a880)       = 0
brk(0xc2c1c0)                           = 0xc2c1c0
brk(0xc2d000)                           = 0xc2d000
open("error", O_WRONLY|O_CREAT|O_TRUNC, 0666) = 3
open("../inputs/in.0", O_RDONLY)        = 4
brk(0xc4e000)                           = 0xc4e000
ioctl(4, SNDCTL_TMR_TIMEBASE or TCGETS, 0x7fff3dafba88) = -1 ENOTTY (Inappropriate ioctl for device)
fstat(4, {st_mode=S_IFREG|0640, st_size=792, ...}) = 0
mmap(NULL, 4096, PROT_READ|PROT_WRITE, MAP_PRIVATE|MAP_ANONYMOUS, -1, 0) = 0x7fd7a3e91000
read(4, "/* scanner for a toy Pascal-like"..., 8192) = 792
read(4, "", 4096)                       = 0
open("lex.yy.c", O_WRONLY|O_CREAT|O_TRUNC, 0666) = 5
dup3(5, 1, 0)                           = 1
close(5)                                = 0
fstat(1, {st_mode=S_IFREG|0664, st_size=0, ...}) = 0
mmap(NULL, 4096, PROT_READ|PROT_WRITE, MAP_PRIVATE|MAP_ANONYMOUS, -1, 0) = 0x7fd7a3e90000
write(1, "/* A lexical scanner generated b"..., 4096) = 4096
write(1, "\t * instead of fread(), to make "..., 4096) = 4096
write(1, "  9, 262 }, {  10, 264 }, {  11,"..., 4096) = 4096
write(1, "  0,   0 }, {   0,   0 }, {   0,"..., 4096) = 4096
write(1, "0,   0 }, {   0,   0 },\n {   0, "..., 4096) = 4096
write(1, "1, 726 }, {  22, 726 }, {  23, 7"..., 4096) = 4096
write(1, ",   0 },\n {   0,   0 }, {   0,  "..., 4096) = 4096
write(1, ",   0 }, {   0,   0 }, {   0,   "..., 4096) = 4096
write(1, ",   0 }, {   0,   0 }, {   0,   "..., 4096) = 4096
write(1, "   0 }, {   0,   0 },\n {   0,   "..., 4096) = 4096
write(1, "1190 }, { 111,-1190 }, { 112,-11"..., 4096) = 4096
write(1, "{ 116,-1464 }, { 117, 150 }, { 1"..., 4096) = 4096
write(1, "));\n#else\nstatic int input YY_PR"..., 4096) = 4096
write(1, "\t\t\tgoto yy_find_action;\n\ncase 1:"..., 4096) = 4096
write(1, "state = yy_get_previous_state();"..., 4096) = 4096
write(1, "ccepting_cpos = yy_cp;\n\t\t\t}\n\t\t}\n"..., 4096) = 4096
write(1, "d_char;\n\t\tyy_current_buffer->yy_"..., 4096) = 4096
read(4, "", 8192)                       = 0
ioctl(4, SNDCTL_TMR_TIMEBASE or TCGETS, 0x7fff3dafbfb8) = -1 ENOTTY (Inappropriate ioctl for device)
write(1, "es( yyconst char *bytes, int len"..., 3963) = 3963
exit_group(0)                           = ?
