execve("../source/flex.exe.static", ["../source/flex.exe.static", "error", "-F", "-Cre", "../inputs/in.ch"], [/* 43 vars */]) = 0
uname({sys="Linux", node="xmenxk-OptiPlex-7010", ...}) = 0
brk(0)                                  = 0x2669000
brk(0x266a1c0)                          = 0x266a1c0
arch_prctl(ARCH_SET_FS, 0x2669880)      = 0
brk(0x268b1c0)                          = 0x268b1c0
brk(0x268c000)                          = 0x268c000
open("error", O_WRONLY|O_CREAT|O_TRUNC, 0666) = 3
open("../inputs/in.ch", O_RDONLY)       = 4
brk(0x26ad000)                          = 0x26ad000
ioctl(4, SNDCTL_TMR_TIMEBASE or TCGETS, 0x7fffc69718c8) = -1 ENOTTY (Inappropriate ioctl for device)
fstat(4, {st_mode=S_IFREG|0640, st_size=357, ...}) = 0
mmap(NULL, 4096, PROT_READ|PROT_WRITE, MAP_PRIVATE|MAP_ANONYMOUS, -1, 0) = 0x7fed15adb000
read(4, "%%\n\nxyz\"++\"\t\tprintf(\"Match chara"..., 8192) = 357
read(4, "", 4096)                       = 0
open("lex.yy.c", O_WRONLY|O_CREAT|O_TRUNC, 0666) = 5
dup3(5, 1, 0)                           = 1
close(5)                                = 0
fstat(1, {st_mode=S_IFREG|0664, st_size=0, ...}) = 0
mmap(NULL, 4096, PROT_READ|PROT_WRITE, MAP_PRIVATE|MAP_ANONYMOUS, -1, 0) = 0x7fed15ada000
write(1, "/* A lexical scanner generated b"..., 4096) = 4096
read(4, "", 8192)                       = 0
ioctl(4, SNDCTL_TMR_TIMEBASE or TCGETS, 0x7fffc6971888) = -1 ENOTTY (Inappropriate ioctl for device)
write(1, "\t * instead of fread(), to make "..., 4096) = 4096
write(1, " 42 }, {   9,  44 }, {  10,  36 "..., 4096) = 4096
write(1, "int ));\n#endif\n\n#ifdef YY_NEED_S"..., 4096) = 4096
write(1, "\tcase 0: /* must back up */\n\t\t\t/"..., 4096) = 4096
write(1, "[yy_n_chars];\n\n\t\t\t\tyy_current_st"..., 4096) = 4096
write(1, "te = yy_current_state;\n\t\t\tyy_las"..., 4096) = 4096
write(1, "buffer. */\n\t\t*yy_c_buf_p = yy_ho"..., 4096) = 4096
write(1, "ROTOS\nYY_BUFFER_STATE yy_scan_by"..., 3824) = 3824
exit_group(0)                           = ?
