execve("../source/flex.exe.static", ["../source/flex.exe.static", "error", "-F", "-Cre", "../inputs/in.ch_exp_1"], [/* 43 vars */]) = 0
uname({sys="Linux", node="xmenxk-OptiPlex-7010", ...}) = 0
brk(0)                                  = 0x1872000
brk(0x18731c0)                          = 0x18731c0
arch_prctl(ARCH_SET_FS, 0x1872880)      = 0
brk(0x18941c0)                          = 0x18941c0
brk(0x1895000)                          = 0x1895000
open("error", O_WRONLY|O_CREAT|O_TRUNC, 0666) = 3
open("../inputs/in.ch_exp_1", O_RDONLY) = 4
brk(0x18b6000)                          = 0x18b6000
ioctl(4, SNDCTL_TMR_TIMEBASE or TCGETS, 0x7fff00ca9588) = -1 ENOTTY (Inappropriate ioctl for device)
fstat(4, {st_mode=S_IFREG|0640, st_size=70, ...}) = 0
mmap(NULL, 4096, PROT_READ|PROT_WRITE, MAP_PRIVATE|MAP_ANONYMOUS, -1, 0) = 0x7f440999f000
read(4, "%%\n\nfoo|bar*\tprintf(\"foo or ba(z"..., 8192) = 70
read(4, "", 4096)                       = 0
open("lex.yy.c", O_WRONLY|O_CREAT|O_TRUNC, 0666) = 5
dup3(5, 1, 0)                           = 1
close(5)                                = 0
fstat(1, {st_mode=S_IFREG|0664, st_size=0, ...}) = 0
mmap(NULL, 4096, PROT_READ|PROT_WRITE, MAP_PRIVATE|MAP_ANONYMOUS, -1, 0) = 0x7f440999e000
write(1, "/* A lexical scanner generated b"..., 4096) = 4096
read(4, "", 8192)                       = 0
ioctl(4, SNDCTL_TMR_TIMEBASE or TCGETS, 0x7fff00ca9548) = -1 ENOTTY (Inappropriate ioctl for device)
write(1, "\t * instead of fread(), to make "..., 4096) = 4096
write(1, "33 }, {   1,   8 }, {   2,   8 }"..., 4096) = 4096
write(1, "of(int)\n * or sizeof(void*) != s"..., 4096) = 4096
write(1, "new source and called\n\t\t\t * yyle"..., 4096) = 4096
write(1, "or ( i = 0; i < number_to_move; "..., 4096) = 4096
write(1, "->yy_buf_size + 2];\n\t\tregister c"..., 4096) = 4096
write(1, " YY_USE_PROTOS\nvoid yy_delete_bu"..., 4096) = 4096
write(1, "ifndef YY_NO_POP_STATE\nstatic vo"..., 2376) = 2376
exit_group(0)                           = ?
