execve("../source/flex.exe.static", ["../source/flex.exe.static", "error", "-F", "-Cr", "../inputs/in.closure"], [/* 43 vars */]) = 0
uname({sys="Linux", node="xmenxk-OptiPlex-7010", ...}) = 0
brk(0)                                  = 0x135a000
brk(0x135b1c0)                          = 0x135b1c0
arch_prctl(ARCH_SET_FS, 0x135a880)      = 0
brk(0x137c1c0)                          = 0x137c1c0
brk(0x137d000)                          = 0x137d000
open("error", O_WRONLY|O_CREAT|O_TRUNC, 0666) = 3
open("../inputs/in.closure", O_RDONLY)  = 4
brk(0x139e000)                          = 0x139e000
ioctl(4, SNDCTL_TMR_TIMEBASE or TCGETS, 0x7ffffcb870f8) = -1 ENOTTY (Inappropriate ioctl for device)
fstat(4, {st_mode=S_IFREG|0640, st_size=274, ...}) = 0
mmap(NULL, 4096, PROT_READ|PROT_WRITE, MAP_PRIVATE|MAP_ANONYMOUS, -1, 0) = 0x7effa059a000
read(4, "%%\n\nr*\t\tprintf(\"Zero or more r's"..., 8192) = 274
read(4, "", 4096)                       = 0
open("lex.yy.c", O_WRONLY|O_CREAT|O_TRUNC, 0666) = 5
dup3(5, 1, 0)                           = 1
close(5)                                = 0
fstat(1, {st_mode=S_IFREG|0664, st_size=0, ...}) = 0
mmap(NULL, 4096, PROT_READ|PROT_WRITE, MAP_PRIVATE|MAP_ANONYMOUS, -1, 0) = 0x7effa0599000
write(1, "/* A lexical scanner generated b"..., 4096) = 4096
read(4, "", 8192)                       = 0
ioctl(4, SNDCTL_TMR_TIMEBASE or TCGETS, 0x7ffffcb870b8) = -1 ENOTTY (Inappropriate ioctl for device)
write(1, "\t * instead of fread(), to make "..., 4096) = 4096
write(1, "  9, 260 }, {  10, 260 }, {  11,"..., 4096) = 4096
write(1, "  0,   3 }, {   0, 132 }, {   0,"..., 4096) = 4096
write(1, "), but since the string might co"..., 4096) = 4096
write(1, "canning a new file or input sour"..., 4096) = 4096
write(1, "more data. */\n\n\t/* First move la"..., 4096) = 4096
write(1, "ster int number_to_move = yy_n_c"..., 4096) = 4096
write(1, "ynamic memory in yy_create_buffe"..., 4096) = 4096
write(1, "ding start-condition stack\" );\n\t"..., 2494) = 2494
exit_group(0)                           = ?
