execve("../source/flex.exe.static", ["../source/flex.exe.static", "error", "-F", "-Cr", "../inputs/in.exp"], [/* 43 vars */]) = 0
uname({sys="Linux", node="xmenxk-OptiPlex-7010", ...}) = 0
brk(0)                                  = 0x2299000
brk(0x229a1c0)                          = 0x229a1c0
arch_prctl(ARCH_SET_FS, 0x2299880)      = 0
brk(0x22bb1c0)                          = 0x22bb1c0
brk(0x22bc000)                          = 0x22bc000
open("error", O_WRONLY|O_CREAT|O_TRUNC, 0666) = 3
open("../inputs/in.exp", O_RDONLY)      = 4
brk(0x22dd000)                          = 0x22dd000
ioctl(4, SNDCTL_TMR_TIMEBASE or TCGETS, 0x7fff72ad29e8) = -1 ENOTTY (Inappropriate ioctl for device)
fstat(4, {st_mode=S_IFREG|0640, st_size=290, ...}) = 0
mmap(NULL, 4096, PROT_READ|PROT_WRITE, MAP_PRIVATE|MAP_ANONYMOUS, -1, 0) = 0x7fc79e26a000
read(4, "%%\n(r)\t\tprintf(\"Match an r: %s\\n"..., 8192) = 290
read(4, "", 4096)                       = 0
open("lex.yy.c", O_WRONLY|O_CREAT|O_TRUNC, 0666) = 5
dup3(5, 1, 0)                           = 1
close(5)                                = 0
fstat(1, {st_mode=S_IFREG|0664, st_size=0, ...}) = 0
mmap(NULL, 4096, PROT_READ|PROT_WRITE, MAP_PRIVATE|MAP_ANONYMOUS, -1, 0) = 0x7fc79e269000
write(1, "/* A lexical scanner generated b"..., 4096) = 4096
read(4, "", 8192)                       = 0
ioctl(4, SNDCTL_TMR_TIMEBASE or TCGETS, 0x7fff72ad29a8) = -1 ENOTTY (Inappropriate ioctl for device)
write(1, "\t * instead of fread(), to make "..., 4096) = 4096
write(1, "  9, 260 }, {  10, 260 }, {  11,"..., 4096) = 4096
write(1, "  0,   0 }, {   0, 138 }, {   0,"..., 4096) = 4096
write(1, "le matched to the standard outpu"..., 4096) = 4096
write(1, "f(\"End with Z: %s\\n\", yytext);\n\t"..., 4096) = 4096
write(1, "ATAL_ERROR(\n\t\t\"fatal flex scanne"..., 4096) = 4096
write(1, "ting_state = yy_current_state;\n\t"..., 4096) = 4096
write(1, "TE yy_create_buffer( FILE *file,"..., 4096) = 4096
write(1, "_PUSH_STATE\n#ifdef YY_USE_PROTOS"..., 3058) = 3058
exit_group(0)                           = ?
