execve("../source/flex.exe.static", ["../source/flex.exe.static", "error", "-l", "-Craem", "../inputs/in.lex_2"], [/* 43 vars */]) = 0
uname({sys="Linux", node="xmenxk-OptiPlex-7010", ...}) = 0
brk(0)                                  = 0x14be000
brk(0x14bf1c0)                          = 0x14bf1c0
arch_prctl(ARCH_SET_FS, 0x14be880)      = 0
brk(0x14e01c0)                          = 0x14e01c0
brk(0x14e1000)                          = 0x14e1000
open("error", O_WRONLY|O_CREAT|O_TRUNC, 0666) = 3
open("../inputs/in.lex_2", O_RDONLY)    = 4
brk(0x1502000)                          = 0x1502000
ioctl(4, SNDCTL_TMR_TIMEBASE or TCGETS, 0x7fffc47a7c68) = -1 ENOTTY (Inappropriate ioctl for device)
fstat(4, {st_mode=S_IFREG|0640, st_size=43, ...}) = 0
mmap(NULL, 4096, PROT_READ|PROT_WRITE, MAP_PRIVATE|MAP_ANONYMOUS, -1, 0) = 0x7f7c3fcc2000
read(4, "%%\n\nabc{1,3}\tprintf(\"Match %s\\n\""..., 8192) = 43
read(4, "", 4096)                       = 0
open("lex.yy.c", O_WRONLY|O_CREAT|O_TRUNC, 0666) = 5
dup3(5, 1, 0)                           = 1
close(5)                                = 0
fstat(1, {st_mode=S_IFREG|0664, st_size=0, ...}) = 0
mmap(NULL, 4096, PROT_READ|PROT_WRITE, MAP_PRIVATE|MAP_ANONYMOUS, -1, 0) = 0x7f7c3fcc1000
write(1, "/* A lexical scanner generated b"..., 4096) = 4096
read(4, "", 8192)                       = 0
ioctl(4, SNDCTL_TMR_TIMEBASE or TCGETS, 0x7fffc47a7c28) = -1 ENOTTY (Inappropriate ioctl for device)
write(1, "\t * instead of fread(), to make "..., 4096) = 4096
write(1, "_END_OF_BUFFER 3\nstatic yyconst "..., 4096) = 4096
write(1, "c int yy_start_stack_depth = 0;\n"..., 4096) = 4096
write(1, "ent_state];\nfind_rule: /* we bra"..., 4096) = 4096
write(1, "\t\t\tyy_bp = yytext_ptr + YY_MORE_"..., 4096) = 4096
write(1, ";\n\t\t\tif ( yy_current_state >= 11"..., 4096) = 4096
write(1, "ch_to_buffer( new_buffer )\nYY_BU"..., 4096) = 4096
write(1, "_str )\nyyconst char *yy_str;\n#en"..., 4008) = 4008
exit_group(0)                           = ?
