execve("../source/flex.exe.static", ["../source/flex.exe.static", "error", "-l", "-Craem", "../inputs/in.lex_3"], [/* 43 vars */]) = 0
uname({sys="Linux", node="xmenxk-OptiPlex-7010", ...}) = 0
brk(0)                                  = 0x1a43000
brk(0x1a441c0)                          = 0x1a441c0
arch_prctl(ARCH_SET_FS, 0x1a43880)      = 0
brk(0x1a651c0)                          = 0x1a651c0
brk(0x1a66000)                          = 0x1a66000
open("error", O_WRONLY|O_CREAT|O_TRUNC, 0666) = 3
open("../inputs/in.lex_3", O_RDONLY)    = 4
brk(0x1a87000)                          = 0x1a87000
ioctl(4, SNDCTL_TMR_TIMEBASE or TCGETS, 0x7fff4ceb8df8) = -1 ENOTTY (Inappropriate ioctl for device)
fstat(4, {st_mode=S_IFREG|0640, st_size=58, ...}) = 0
mmap(NULL, 4096, PROT_READ|PROT_WRITE, MAP_PRIVATE|MAP_ANONYMOUS, -1, 0) = 0x7fd8ef9f8000
read(4, "%%\n\nfoo\tprintf(\"foo matched: \" )"..., 8192) = 58
read(4, "", 4096)                       = 0
open("lex.yy.c", O_WRONLY|O_CREAT|O_TRUNC, 0666) = 5
dup3(5, 1, 0)                           = 1
close(5)                                = 0
fstat(1, {st_mode=S_IFREG|0664, st_size=0, ...}) = 0
mmap(NULL, 4096, PROT_READ|PROT_WRITE, MAP_PRIVATE|MAP_ANONYMOUS, -1, 0) = 0x7fd8ef9f7000
write(1, "/* A lexical scanner generated b"..., 4096) = 4096
read(4, "", 8192)                       = 0
ioctl(4, SNDCTL_TMR_TIMEBASE or TCGETS, 0x7fff4ceb8db8) = -1 ENOTTY (Inappropriate ioctl for device)
write(1, "\t * instead of fread(), to make "..., 4096) = 4096
write(1, "_END_OF_BUFFER 3\nstatic yyconst "..., 4096) = 4096
write(1, "ew_state ));\n#endif\n#ifndef YY_N"..., 4096) = 4096
write(1, "f ( yy_lp && yy_lp < yy_accept[y"..., 4096) = 4096
write(1, "fatal flex scanner internal erro"..., 4096) = 4096
write(1, "se[yy_current_state] + (unsigned"..., 4096) = 4096
write(1, "\tif ( yy_current_buffer )\n\t\t{\n\t\t"..., 4096) = 4096
write(1, "_str, len );\n\t}\n#endif\n\n\n#ifndef"..., 3892) = 3892
exit_group(0)                           = ?
