execve("../source/flex.exe.static", ["../source/flex.exe.static", "error", "-l", "-Craem", "../inputs/in.lex_err"], [/* 43 vars */]) = 0
uname({sys="Linux", node="xmenxk-OptiPlex-7010", ...}) = 0
brk(0)                                  = 0x130a000
brk(0x130b1c0)                          = 0x130b1c0
arch_prctl(ARCH_SET_FS, 0x130a880)      = 0
brk(0x132c1c0)                          = 0x132c1c0
brk(0x132d000)                          = 0x132d000
open("error", O_WRONLY|O_CREAT|O_TRUNC, 0666) = 3
open("../inputs/in.lex_err", O_RDONLY)  = 4
brk(0x134e000)                          = 0x134e000
ioctl(4, SNDCTL_TMR_TIMEBASE or TCGETS, 0x7fff51ef4b28) = -1 ENOTTY (Inappropriate ioctl for device)
fstat(4, {st_mode=S_IFREG|0640, st_size=36, ...}) = 0
mmap(NULL, 4096, PROT_READ|PROT_WRITE, MAP_PRIVATE|MAP_ANONYMOUS, -1, 0) = 0x7fa1beaba000
read(4, "%%\nfoo|bar \n\t{printf(\"foo|bar\\n\""..., 8192) = 36
read(4, "", 4096)                       = 0
open("lex.yy.c", O_WRONLY|O_CREAT|O_TRUNC, 0666) = 5
dup3(5, 1, 0)                           = 1
close(5)                                = 0
fstat(1, {st_mode=S_IFREG|0664, st_size=0, ...}) = 0
mmap(NULL, 4096, PROT_READ|PROT_WRITE, MAP_PRIVATE|MAP_ANONYMOUS, -1, 0) = 0x7fa1beab9000
write(1, "/* A lexical scanner generated b"..., 4096) = 4096
fstat(3, {st_mode=S_IFREG|0664, st_size=0, ...}) = 0
mmap(NULL, 4096, PROT_READ|PROT_WRITE, MAP_PRIVATE|MAP_ANONYMOUS, -1, 0) = 0x7fa1beab8000
read(4, "", 8192)                       = 0
ioctl(4, SNDCTL_TMR_TIMEBASE or TCGETS, 0x7fff51ef4ae8) = -1 ENOTTY (Inappropriate ioctl for device)
write(1, "\t * instead of fread(), to make "..., 3058) = 3058
close(1)                                = 0
munmap(0x7fa1beab9000, 4096)            = 0
unlink("lex.yy.c")                      = 0
write(3, "\"../inputs/in.lex_err\", line 3: "..., 200) = 200
exit_group(1)                           = ?
