execve("../source/flex.exe.static", ["../source/flex.exe.static", "error", "-df", "-Cra", "../inputs/in.ch_exp_3"], [/* 43 vars */]) = 0
uname({sys="Linux", node="xmenxk-OptiPlex-7010", ...}) = 0
brk(0)                                  = 0x82a000
brk(0x82b1c0)                           = 0x82b1c0
arch_prctl(ARCH_SET_FS, 0x82a880)       = 0
brk(0x84c1c0)                           = 0x84c1c0
brk(0x84d000)                           = 0x84d000
open("error", O_WRONLY|O_CREAT|O_TRUNC, 0666) = 3
open("../inputs/in.ch_exp_3", O_RDONLY) = 4
brk(0x86e000)                           = 0x86e000
ioctl(4, SNDCTL_TMR_TIMEBASE or TCGETS, 0x7fffae6bb168) = -1 ENOTTY (Inappropriate ioctl for device)
fstat(4, {st_mode=S_IFREG|0640, st_size=99, ...}) = 0
mmap(NULL, 4096, PROT_READ|PROT_WRITE, MAP_PRIVATE|MAP_ANONYMOUS, -1, 0) = 0x7f21c8475000
read(4, "%%\n\nfoo|(bar$)\tprintf(\"foo or ba"..., 8192) = 99
read(4, "", 4096)                       = 0
open("lex.yy.c", O_WRONLY|O_CREAT|O_TRUNC, 0666) = 5
dup3(5, 1, 0)                           = 1
close(5)                                = 0
fstat(1, {st_mode=S_IFREG|0664, st_size=0, ...}) = 0
mmap(NULL, 4096, PROT_READ|PROT_WRITE, MAP_PRIVATE|MAP_ANONYMOUS, -1, 0) = 0x7f21c8474000
write(1, "/* A lexical scanner generated b"..., 4096) = 4096
read(4, "", 8192)                       = 0
ioctl(4, SNDCTL_TMR_TIMEBASE or TCGETS, 0x7fffae6bb128) = -1 ENOTTY (Inappropriate ioctl for device)
write(1, "\t * instead of fread(), to make "..., 4096) = 4096
write(1, "249,\n      245,    0,  367,  367"..., 4096) = 4096
write(1, "6,   16,   16,   16,\n       16, "..., 4096) = 4096
write(1, " 16,   16,   16,   16,   16,   1"..., 4096) = 4096
write(1, "register int yy_act;\n\n#line 1 \"."..., 4096) = 4096
write(1, "o make the NUL\n\t\t\t * transition."..., 4096) = 4096
write(1, "b->yy_buf_size + 2 );\n\t\t\t\t}\n\t\t\te"..., 4096) = 4096
write(1, "as really a NUL. */\n\t\t\t*yy_c_buf"..., 4096) = 4096
write(1, " ! b )\n\t\treturn;\n\n\tb->yy_n_chars"..., 4096) = 4096
write(1, "s1, yyconst char *s2, int n )\n#e"..., 1383) = 1383
exit_group(0)                           = ?
