execve("../source/flex.exe.static", ["../source/flex.exe.static", "error", "-l", "-Craem", "../inputs/in.0"], [/* 43 vars */]) = 0
uname({sys="Linux", node="xmenxk-OptiPlex-7010", ...}) = 0
brk(0)                                  = 0x1d2a000
brk(0x1d2b1c0)                          = 0x1d2b1c0
arch_prctl(ARCH_SET_FS, 0x1d2a880)      = 0
brk(0x1d4c1c0)                          = 0x1d4c1c0
brk(0x1d4d000)                          = 0x1d4d000
open("error", O_WRONLY|O_CREAT|O_TRUNC, 0666) = 3
open("../inputs/in.0", O_RDONLY)        = 4
brk(0x1d6e000)                          = 0x1d6e000
ioctl(4, SNDCTL_TMR_TIMEBASE or TCGETS, 0x7fffe93eab78) = -1 ENOTTY (Inappropriate ioctl for device)
fstat(4, {st_mode=S_IFREG|0640, st_size=792, ...}) = 0
mmap(NULL, 4096, PROT_READ|PROT_WRITE, MAP_PRIVATE|MAP_ANONYMOUS, -1, 0) = 0x7f5768820000
read(4, "/* scanner for a toy Pascal-like"..., 8192) = 792
read(4, "", 4096)                       = 0
open("lex.yy.c", O_WRONLY|O_CREAT|O_TRUNC, 0666) = 5
dup3(5, 1, 0)                           = 1
close(5)                                = 0
fstat(1, {st_mode=S_IFREG|0664, st_size=0, ...}) = 0
mmap(NULL, 4096, PROT_READ|PROT_WRITE, MAP_PRIVATE|MAP_ANONYMOUS, -1, 0) = 0x7f576881f000
write(1, "/* A lexical scanner generated b"..., 4096) = 4096
write(1, "\t * instead of fread(), to make "..., 4096) = 4096
write(1, "_END_OF_BUFFER 10\nstatic yyconst"..., 4096) = 4096
write(1, "4,   44,   44,   44,   44,   44,"..., 4096) = 4096
write(1, "correct usage is to write \"yyter"..., 4096) = 4096
write(1, "ext_ptr) - 1;\n\n\t\t/* Undo the eff"..., 4096) = 4096
write(1, "inal EOF.\n\t\t\t */\n\t\t\treturn EOB_A"..., 4096) = 4096
write(1, ";\n\t}\n\n\n#ifndef YY_NO_UNPUT\n#ifde"..., 4096) = 4096
write(1, "FILE *file;\nint size;\n#endif\n\t{\n"..., 4096) = 4096
read(4, "", 8192)                       = 0
ioctl(4, SNDCTL_TMR_TIMEBASE or TCGETS, 0x7fffe93eb0a8) = -1 ENOTTY (Inappropriate ioctl for device)
write(1, "push_state( new_state )\nint new_"..., 3132) = 3132
exit_group(0)                           = ?
