execve("../source/flex.exe.static", ["../source/flex.exe.static", "error", "-Craem", "../inputs/in.ch"], [/* 43 vars */]) = 0
uname({sys="Linux", node="xmenxk-OptiPlex-7010", ...}) = 0
brk(0)                                  = 0x2364000
brk(0x23651c0)                          = 0x23651c0
arch_prctl(ARCH_SET_FS, 0x2364880)      = 0
brk(0x23861c0)                          = 0x23861c0
brk(0x2387000)                          = 0x2387000
open("error", O_WRONLY|O_CREAT|O_TRUNC, 0666) = 3
open("../inputs/in.ch", O_RDONLY)       = 4
brk(0x23a8000)                          = 0x23a8000
ioctl(4, SNDCTL_TMR_TIMEBASE or TCGETS, 0x7fffa16cb948) = -1 ENOTTY (Inappropriate ioctl for device)
fstat(4, {st_mode=S_IFREG|0640, st_size=357, ...}) = 0
mmap(NULL, 4096, PROT_READ|PROT_WRITE, MAP_PRIVATE|MAP_ANONYMOUS, -1, 0) = 0x7f90d0038000
read(4, "%%\n\nxyz\"++\"\t\tprintf(\"Match chara"..., 8192) = 357
read(4, "", 4096)                       = 0
open("lex.yy.c", O_WRONLY|O_CREAT|O_TRUNC, 0666) = 5
dup3(5, 1, 0)                           = 1
close(5)                                = 0
fstat(1, {st_mode=S_IFREG|0664, st_size=0, ...}) = 0
mmap(NULL, 4096, PROT_READ|PROT_WRITE, MAP_PRIVATE|MAP_ANONYMOUS, -1, 0) = 0x7f90d0037000
write(1, "/* A lexical scanner generated b"..., 4096) = 4096
read(4, "", 8192)                       = 0
ioctl(4, SNDCTL_TMR_TIMEBASE or TCGETS, 0x7fffa16cb908) = -1 ENOTTY (Inappropriate ioctl for device)
write(1, "\t * instead of fread(), to make "..., 4096) = 4096
write(1, "   1,    2,\n        1,    1,    "..., 4096) = 4096
write(1, "def YY_NO_PUSH_STATE\nstatic void"..., 4096) = 4096
write(1, " = yy_last_accepting_cpos;\n\t\t\tyy"..., 4096) = 4096
write(1, "_MORE_ADJ;\n\t\t\t\tgoto yy_find_acti"..., 4096) = 4096
write(1, "ate = (int) yy_def[yy_current_st"..., 4096) = 4096
write(1, "TATE new_buffer )\n#else\nvoid yy_"..., 4096) = 4096
write(1, "e\nYY_BUFFER_STATE yy_scan_string"..., 4041) = 4041
exit_group(0)                           = ?
