execve("../source/flex.exe.static", ["../source/flex.exe.static", "error", "-Craem", "../inputs/in.ch_exp_1"], [/* 43 vars */]) = 0
uname({sys="Linux", node="xmenxk-OptiPlex-7010", ...}) = 0
brk(0)                                  = 0xfb9000
brk(0xfba1c0)                           = 0xfba1c0
arch_prctl(ARCH_SET_FS, 0xfb9880)       = 0
brk(0xfdb1c0)                           = 0xfdb1c0
brk(0xfdc000)                           = 0xfdc000
open("error", O_WRONLY|O_CREAT|O_TRUNC, 0666) = 3
open("../inputs/in.ch_exp_1", O_RDONLY) = 4
brk(0xffd000)                           = 0xffd000
ioctl(4, SNDCTL_TMR_TIMEBASE or TCGETS, 0x7fffc48e0078) = -1 ENOTTY (Inappropriate ioctl for device)
fstat(4, {st_mode=S_IFREG|0640, st_size=70, ...}) = 0
mmap(NULL, 4096, PROT_READ|PROT_WRITE, MAP_PRIVATE|MAP_ANONYMOUS, -1, 0) = 0x7ff7b329a000
read(4, "%%\n\nfoo|bar*\tprintf(\"foo or ba(z"..., 8192) = 70
read(4, "", 4096)                       = 0
open("lex.yy.c", O_WRONLY|O_CREAT|O_TRUNC, 0666) = 5
dup3(5, 1, 0)                           = 1
close(5)                                = 0
fstat(1, {st_mode=S_IFREG|0664, st_size=0, ...}) = 0
mmap(NULL, 4096, PROT_READ|PROT_WRITE, MAP_PRIVATE|MAP_ANONYMOUS, -1, 0) = 0x7ff7b3299000
write(1, "/* A lexical scanner generated b"..., 4096) = 4096
read(4, "", 8192)                       = 0
ioctl(4, SNDCTL_TMR_TIMEBASE or TCGETS, 0x7fffc48e0038) = -1 ENOTTY (Inappropriate ioctl for device)
write(1, "\t * instead of fread(), to make "..., 4096) = 4096
write(1, "  1,    1,    1,    1,    1,    "..., 4096) = 4096
write(1, "size_t) != sizeof(int)\n * or siz"..., 4096) = 4096
write(1, "ION. */\n\t\t*yy_cp = yy_hold_char;"..., 4096) = 4096
write(1, "else\n\t\t\t{\n\t\t\t/* We matched some "..., 4096) = 4096
write(1, " = (yy_current_state == 11);\n\n\tr"..., 4096) = 4096
write(1, "ize )\nFILE *file;\nint size;\n#end"..., 4096) = 4096
write(1, "id yy_push_state( new_state )\nin"..., 2972) = 2972
exit_group(0)                           = ?
