execve("../source/flex.exe.static", ["../source/flex.exe.static", "error", "-Craem", "../inputs/in.exp"], [/* 43 vars */]) = 0
uname({sys="Linux", node="xmenxk-OptiPlex-7010", ...}) = 0
brk(0)                                  = 0x1341000
brk(0x13421c0)                          = 0x13421c0
arch_prctl(ARCH_SET_FS, 0x1341880)      = 0
brk(0x13631c0)                          = 0x13631c0
brk(0x1364000)                          = 0x1364000
open("error", O_WRONLY|O_CREAT|O_TRUNC, 0666) = 3
open("../inputs/in.exp", O_RDONLY)      = 4
brk(0x1385000)                          = 0x1385000
ioctl(4, SNDCTL_TMR_TIMEBASE or TCGETS, 0x7fff83e7f278) = -1 ENOTTY (Inappropriate ioctl for device)
fstat(4, {st_mode=S_IFREG|0640, st_size=290, ...}) = 0
mmap(NULL, 4096, PROT_READ|PROT_WRITE, MAP_PRIVATE|MAP_ANONYMOUS, -1, 0) = 0x7fc99aa67000
read(4, "%%\n(r)\t\tprintf(\"Match an r: %s\\n"..., 8192) = 290
read(4, "", 4096)                       = 0
open("lex.yy.c", O_WRONLY|O_CREAT|O_TRUNC, 0666) = 5
dup3(5, 1, 0)                           = 1
close(5)                                = 0
fstat(1, {st_mode=S_IFREG|0664, st_size=0, ...}) = 0
mmap(NULL, 4096, PROT_READ|PROT_WRITE, MAP_PRIVATE|MAP_ANONYMOUS, -1, 0) = 0x7fc99aa66000
write(1, "/* A lexical scanner generated b"..., 4096) = 4096
read(4, "", 8192)                       = 0
ioctl(4, SNDCTL_TMR_TIMEBASE or TCGETS, 0x7fff83e7f238) = -1 ENOTTY (Inappropriate ioctl for device)
write(1, "\t * instead of fread(), to make "..., 4096) = 4096
write(1, "   1,    1,    1,    2,\n        "..., 4096) = 4096
write(1, "if\n#endif\n\n#if YY_STACK_USED\nsta"..., 4096) = 4096
write(1, "\t}\n\n\t\tYY_DO_BEFORE_ACTION;\n\n\ndo_"..., 4096) = 4096
write(1, "did_buffer_switch_on_eof )\n\t\t\t\t\t"..., 4096) = 4096
write(1, "_get_previous_state()\n\t{\n\tregist"..., 4096) = 4096
write(1, "ak;\n\t\t\t\t}\n\t\t\t}\n\t\t}\n\n\tc = *(unsig"..., 4096) = 4096
write(1, "lloc( sizeof( struct yy_buffer_s"..., 4096) = 4096
write(1, "and those\n\t * that use void* gen"..., 514) = 514
exit_group(0)                           = ?
