execve("../source/flex.exe.static", ["../source/flex.exe.static", "error", "-Craem", "../inputs/in.0"], [/* 43 vars */]) = 0
uname({sys="Linux", node="xmenxk-OptiPlex-7010", ...}) = 0
brk(0)                                  = 0x805000
brk(0x8061c0)                           = 0x8061c0
arch_prctl(ARCH_SET_FS, 0x805880)       = 0
brk(0x8271c0)                           = 0x8271c0
brk(0x828000)                           = 0x828000
open("error", O_WRONLY|O_CREAT|O_TRUNC, 0666) = 3
open("../inputs/in.0", O_RDONLY)        = 4
brk(0x849000)                           = 0x849000
ioctl(4, SNDCTL_TMR_TIMEBASE or TCGETS, 0x7ffffaf7d458) = -1 ENOTTY (Inappropriate ioctl for device)
fstat(4, {st_mode=S_IFREG|0640, st_size=792, ...}) = 0
mmap(NULL, 4096, PROT_READ|PROT_WRITE, MAP_PRIVATE|MAP_ANONYMOUS, -1, 0) = 0x7f8db5f9b000
read(4, "/* scanner for a toy Pascal-like"..., 8192) = 792
read(4, "", 4096)                       = 0
open("lex.yy.c", O_WRONLY|O_CREAT|O_TRUNC, 0666) = 5
dup3(5, 1, 0)                           = 1
close(5)                                = 0
fstat(1, {st_mode=S_IFREG|0664, st_size=0, ...}) = 0
mmap(NULL, 4096, PROT_READ|PROT_WRITE, MAP_PRIVATE|MAP_ANONYMOUS, -1, 0) = 0x7f8db5f9a000
write(1, "/* A lexical scanner generated b"..., 4096) = 4096
write(1, "\t * instead of fread(), to make "..., 4096) = 4096
write(1, "      4,    4,    4,    0\n    } "..., 4096) = 4096
write(1, ";\nstatic char *yy_last_accepting"..., 4096) = 4096
write(1, "c_buf_p;\n\n\t\t/* Support of yytext"..., 4096) = 4096
write(1, "xt_state = yy_try_NUL_trans( yy_"..., 4096) = 4096
write(1, " -\n\t\t\t\t\t\tnumber_to_move - 1;\n#en"..., 4096) = 4096
write(1, "a NUL. */\n\t\t\t*yy_c_buf_p = '\\0';"..., 4096) = 4096
write(1, "eturn;\n\n\tb->yy_n_chars = 0;\n\n\t/*"..., 4096) = 4096
read(4, "", 8192)                       = 0
ioctl(4, SNDCTL_TMR_TIMEBASE or TCGETS, 0x7ffffaf7d988) = -1 ENOTTY (Inappropriate ioctl for device)
write(1, "t char *s2, int n )\n#else\nstatic"..., 1539) = 1539
exit_group(0)                           = ?
