execve("../source/flex.exe.static", ["../source/flex.exe.static", "error", "-l", "-Crae", "../inputs/in.exp"], [/* 43 vars */]) = 0
uname({sys="Linux", node="xmenxk-OptiPlex-7010", ...}) = 0
brk(0)                                  = 0x2089000
brk(0x208a1c0)                          = 0x208a1c0
arch_prctl(ARCH_SET_FS, 0x2089880)      = 0
brk(0x20ab1c0)                          = 0x20ab1c0
brk(0x20ac000)                          = 0x20ac000
open("error", O_WRONLY|O_CREAT|O_TRUNC, 0666) = 3
open("../inputs/in.exp", O_RDONLY)      = 4
brk(0x20cd000)                          = 0x20cd000
ioctl(4, SNDCTL_TMR_TIMEBASE or TCGETS, 0x7fff44f10d58) = -1 ENOTTY (Inappropriate ioctl for device)
fstat(4, {st_mode=S_IFREG|0640, st_size=290, ...}) = 0
mmap(NULL, 4096, PROT_READ|PROT_WRITE, MAP_PRIVATE|MAP_ANONYMOUS, -1, 0) = 0x7f3d881bd000
read(4, "%%\n(r)\t\tprintf(\"Match an r: %s\\n"..., 8192) = 290
read(4, "", 4096)                       = 0
open("lex.yy.c", O_WRONLY|O_CREAT|O_TRUNC, 0666) = 5
dup3(5, 1, 0)                           = 1
close(5)                                = 0
fstat(1, {st_mode=S_IFREG|0664, st_size=0, ...}) = 0
mmap(NULL, 4096, PROT_READ|PROT_WRITE, MAP_PRIVATE|MAP_ANONYMOUS, -1, 0) = 0x7f3d881bc000
write(1, "/* A lexical scanner generated b"..., 4096) = 4096
read(4, "", 8192)                       = 0
ioctl(4, SNDCTL_TMR_TIMEBASE or TCGETS, 0x7fff44f10d18) = -1 ENOTTY (Inappropriate ioctl for device)
fstat(3, {st_mode=S_IFREG|0664, st_size=0, ...}) = 0
mmap(NULL, 4096, PROT_READ|PROT_WRITE, MAP_PRIVATE|MAP_ANONYMOUS, -1, 0) = 0x7f3d881bb000
write(1, "\t * instead of fread(), to make "..., 4096) = 4096
write(1, "_END_OF_BUFFER 8\nstatic yyconst "..., 4096) = 4096
write(1, "0;\nstatic int yy_prev_more_offse"..., 4096) = 4096
write(1, "_USER_INIT\n\t\tYY_USER_INIT;\n#endi"..., 4096) = 4096
write(1, "Note that here we test for yy_c_"..., 4096) = 4096
write(1, "ES_REJECT\n\t\t\tYY_FATAL_ERROR(\n\"in"..., 4096) = 4096
write(1, "_buf + 2 )\n\t\t\tYY_FATAL_ERROR( \"f"..., 4096) = 4096
write(1, "r_buffer )\n\t\tyy_flex_free( (void"..., 4096) = 4096
write(1, "_top_state()\n\t{\n\treturn yy_start"..., 2136) = 2136
write(3, "\"../inputs/in.exp\", line 7: warn"..., 64) = 64
exit_group(0)                           = ?
