execve("../source/flex.exe.static", ["../source/flex.exe.static", "error", "-df", "-Cra", "../inputs/in.ch_exp_4"], [/* 43 vars */]) = 0
uname({sys="Linux", node="xmenxk-OptiPlex-7010", ...}) = 0
brk(0)                                  = 0x1190000
brk(0x11911c0)                          = 0x11911c0
arch_prctl(ARCH_SET_FS, 0x1190880)      = 0
brk(0x11b21c0)                          = 0x11b21c0
brk(0x11b3000)                          = 0x11b3000
open("error", O_WRONLY|O_CREAT|O_TRUNC, 0666) = 3
open("../inputs/in.ch_exp_4", O_RDONLY) = 4
brk(0x11d4000)                          = 0x11d4000
ioctl(4, SNDCTL_TMR_TIMEBASE or TCGETS, 0x7ffff1e180e8) = -1 ENOTTY (Inappropriate ioctl for device)
fstat(4, {st_mode=S_IFREG|0640, st_size=113, ...}) = 0
mmap(NULL, 4096, PROT_READ|PROT_WRITE, MAP_PRIVATE|MAP_ANONYMOUS, -1, 0) = 0x7f4c48521000
read(4, "%%\n\n^s\tprintf(\"s at the beginnin"..., 8192) = 113
read(4, "", 4096)                       = 0
open("lex.yy.c", O_WRONLY|O_CREAT|O_TRUNC, 0666) = 5
dup3(5, 1, 0)                           = 1
close(5)                                = 0
fstat(1, {st_mode=S_IFREG|0664, st_size=0, ...}) = 0
mmap(NULL, 4096, PROT_READ|PROT_WRITE, MAP_PRIVATE|MAP_ANONYMOUS, -1, 0) = 0x7f4c48520000
write(1, "/* A lexical scanner generated b"..., 4096) = 4096
read(4, "", 8192)                       = 0
ioctl(4, SNDCTL_TMR_TIMEBASE or TCGETS, 0x7ffff1e180a8) = -1 ENOTTY (Inappropriate ioctl for device)
write(1, "\t * instead of fread(), to make "..., 4096) = 4096
write(1, "\n        9,    9,    8,    8,   "..., 4096) = 4096
write(1, "8,    8,    8,    8,    8,    8,"..., 4096) = 4096
write(1, "   8,    8,    8,    8,    8,   "..., 4096) = 4096
write(1, "623 \"lex.yy.c\"\n\n\tif ( yy_init )\n"..., 4096) = 4096
write(1, "yy_c_buf_p = yytext_ptr + yy_amo"..., 4096) = 4096
write(1, "ize *= 2;\n\n\t\t\t\tb->yy_ch_buf = (c"..., 4096) = 4096
write(1, "B characters, then it's a\n\t\t * v"..., 4096) = 4096
write(1, "\n\tb->yy_is_interactive = file ? "..., 4096) = 4096
write(1, "ytext + n; \\\n\t\tyy_hold_char = *y"..., 1598) = 1598
exit_group(0)                           = ?
