execve("../source/flex.exe.static", ["../source/flex.exe.static", "error", "-l", "-Cram", "../inputs/in.ch"], [/* 43 vars */]) = 0
uname({sys="Linux", node="xmenxk-OptiPlex-7010", ...}) = 0
brk(0)                                  = 0x15e7000
brk(0x15e81c0)                          = 0x15e81c0
arch_prctl(ARCH_SET_FS, 0x15e7880)      = 0
brk(0x16091c0)                          = 0x16091c0
brk(0x160a000)                          = 0x160a000
open("error", O_WRONLY|O_CREAT|O_TRUNC, 0666) = 3
open("../inputs/in.ch", O_RDONLY)       = 4
brk(0x162b000)                          = 0x162b000
ioctl(4, SNDCTL_TMR_TIMEBASE or TCGETS, 0x7fff65e68888) = -1 ENOTTY (Inappropriate ioctl for device)
fstat(4, {st_mode=S_IFREG|0640, st_size=357, ...}) = 0
mmap(NULL, 4096, PROT_READ|PROT_WRITE, MAP_PRIVATE|MAP_ANONYMOUS, -1, 0) = 0x7f7326f7d000
read(4, "%%\n\nxyz\"++\"\t\tprintf(\"Match chara"..., 8192) = 357
read(4, "", 4096)                       = 0
open("lex.yy.c", O_WRONLY|O_CREAT|O_TRUNC, 0666) = 5
dup3(5, 1, 0)                           = 1
close(5)                                = 0
fstat(1, {st_mode=S_IFREG|0664, st_size=0, ...}) = 0
mmap(NULL, 4096, PROT_READ|PROT_WRITE, MAP_PRIVATE|MAP_ANONYMOUS, -1, 0) = 0x7f7326f7c000
write(1, "/* A lexical scanner generated b"..., 4096) = 4096
read(4, "", 8192)                       = 0
ioctl(4, SNDCTL_TMR_TIMEBASE or TCGETS, 0x7fff65e68848) = -1 ENOTTY (Inappropriate ioctl for device)
write(1, "\t * instead of fread(), to make "..., 4096) = 4096
write(1, "_END_OF_BUFFER 8\nstatic yyconst "..., 4096) = 4096
write(1, "4,   24,   24,    9,    9,\n     "..., 4096) = 4096
write(1, " 24,   24,   24,   24,   24,   2"..., 4096) = 4096
write(1, "OF && ferror( yyin ) ) \\\n\t\t\tYY_F"..., 4096) = 4096
write(1, "R:\n\t\t{\n\t\t/* Amount of text match"..., 4096) = 4096
write(1, "_buf_p - yytext_ptr - YY_MORE_AD"..., 4096) = 4096
write(1, "c, yy_bp )\nint c;\nregister char "..., 4096) = 4096
write(1, "\n\tif ( ! b )\n\t\tYY_FATAL_ERROR( \""..., 4096) = 4096
write(1, "\n\t\tyy_start_stack_depth += YY_ST"..., 2834) = 2834
exit_group(0)                           = ?
