execve("../source/flex.exe.static", ["../source/flex.exe.static", "error", "-Cram", "../inputs/in.ch_exp_1"], [/* 43 vars */]) = 0
uname({sys="Linux", node="xmenxk-OptiPlex-7010", ...}) = 0
brk(0)                                  = 0x2668000
brk(0x26691c0)                          = 0x26691c0
arch_prctl(ARCH_SET_FS, 0x2668880)      = 0
brk(0x268a1c0)                          = 0x268a1c0
brk(0x268b000)                          = 0x268b000
open("error", O_WRONLY|O_CREAT|O_TRUNC, 0666) = 3
open("../inputs/in.ch_exp_1", O_RDONLY) = 4
brk(0x26ac000)                          = 0x26ac000
ioctl(4, SNDCTL_TMR_TIMEBASE or TCGETS, 0x7fff8eb7ce98) = -1 ENOTTY (Inappropriate ioctl for device)
fstat(4, {st_mode=S_IFREG|0640, st_size=70, ...}) = 0
mmap(NULL, 4096, PROT_READ|PROT_WRITE, MAP_PRIVATE|MAP_ANONYMOUS, -1, 0) = 0x7fe649f96000
read(4, "%%\n\nfoo|bar*\tprintf(\"foo or ba(z"..., 8192) = 70
read(4, "", 4096)                       = 0
open("lex.yy.c", O_WRONLY|O_CREAT|O_TRUNC, 0666) = 5
dup3(5, 1, 0)                           = 1
close(5)                                = 0
fstat(1, {st_mode=S_IFREG|0664, st_size=0, ...}) = 0
mmap(NULL, 4096, PROT_READ|PROT_WRITE, MAP_PRIVATE|MAP_ANONYMOUS, -1, 0) = 0x7fe649f95000
write(1, "/* A lexical scanner generated b"..., 4096) = 4096
read(4, "", 8192)                       = 0
ioctl(4, SNDCTL_TMR_TIMEBASE or TCGETS, 0x7fff8eb7ce58) = -1 ENOTTY (Inappropriate ioctl for device)
write(1, "\t * instead of fread(), to make "..., 4096) = 4096
write(1, "    1,    1,    1,    1,    1,  "..., 4096) = 4096
write(1, ",   11,   11,   11,   11,   11, "..., 4096) = 4096
write(1, "YY_PROTO(( int new_state ));\n#en"..., 4096) = 4096
write(1, "= yy_last_accepting_state;\n\t\t\tgo"..., 4096) = 4096
write(1, "e = yytext_ptr;\n\tregister int nu"..., 4096) = 4096
write(1, "\n */\n\n#ifdef YY_USE_PROTOS\nstati"..., 4096) = 4096
write(1, "= yy_current_buffer->yy_n_chars;"..., 4096) = 4096
write(1, "_ERROR( \"bad buffer in yy_scan_b"..., 3264) = 3264
exit_group(0)                           = ?
