execve("../source/flex.exe.static", ["../source/flex.exe.static", "error", "-Cram", "../inputs/in.closure"], [/* 43 vars */]) = 0
uname({sys="Linux", node="xmenxk-OptiPlex-7010", ...}) = 0
brk(0)                                  = 0xf3e000
brk(0xf3f1c0)                           = 0xf3f1c0
arch_prctl(ARCH_SET_FS, 0xf3e880)       = 0
brk(0xf601c0)                           = 0xf601c0
brk(0xf61000)                           = 0xf61000
open("error", O_WRONLY|O_CREAT|O_TRUNC, 0666) = 3
open("../inputs/in.closure", O_RDONLY)  = 4
brk(0xf82000)                           = 0xf82000
ioctl(4, SNDCTL_TMR_TIMEBASE or TCGETS, 0x7fffc47af728) = -1 ENOTTY (Inappropriate ioctl for device)
fstat(4, {st_mode=S_IFREG|0640, st_size=274, ...}) = 0
mmap(NULL, 4096, PROT_READ|PROT_WRITE, MAP_PRIVATE|MAP_ANONYMOUS, -1, 0) = 0x7f7e505f2000
read(4, "%%\n\nr*\t\tprintf(\"Zero or more r's"..., 8192) = 274
read(4, "", 4096)                       = 0
open("lex.yy.c", O_WRONLY|O_CREAT|O_TRUNC, 0666) = 5
dup3(5, 1, 0)                           = 1
close(5)                                = 0
fstat(1, {st_mode=S_IFREG|0664, st_size=0, ...}) = 0
mmap(NULL, 4096, PROT_READ|PROT_WRITE, MAP_PRIVATE|MAP_ANONYMOUS, -1, 0) = 0x7f7e505f1000
write(1, "/* A lexical scanner generated b"..., 4096) = 4096
read(4, "", 8192)                       = 0
ioctl(4, SNDCTL_TMR_TIMEBASE or TCGETS, 0x7fffc47af6e8) = -1 ENOTTY (Inappropriate ioctl for device)
write(1, "\t * instead of fread(), to make "..., 4096) = 4096
write(1, ",    1,    1,\n        1,    1,  "..., 4096) = 4096
write(1, "4,   24,   24,   24,   24,   24,"..., 4096) = 4096
write(1, " void ));\n#else\nextern int yywra"..., 4096) = 4096
write(1, "y_current_state] + (unsigned int"..., 4096) = 4096
write(1, " ! yy_did_buffer_switch_on_eof )"..., 4096) = 4096
write(1, "ype yy_get_previous_state()\n\t{\n\t"..., 4096) = 4096
write(1, "id yyrestart( input_file )\nFILE "..., 4096) = 4096
write(1, " b->yy_buf_size;\n\tb->yy_is_inter"..., 4096) = 4096
write(1, "e );\n\t}\n\n#ifdef YY_USE_PROTOS\nst"..., 233) = 233
exit_group(0)                           = ?
