execve("../source/flex.exe.static", ["../source/flex.exe.static", "error", "-Cram", "../inputs/in.exp"], [/* 43 vars */]) = 0
uname({sys="Linux", node="xmenxk-OptiPlex-7010", ...}) = 0
brk(0)                                  = 0x1219000
brk(0x121a1c0)                          = 0x121a1c0
arch_prctl(ARCH_SET_FS, 0x1219880)      = 0
brk(0x123b1c0)                          = 0x123b1c0
brk(0x123c000)                          = 0x123c000
open("error", O_WRONLY|O_CREAT|O_TRUNC, 0666) = 3
open("../inputs/in.exp", O_RDONLY)      = 4
brk(0x125d000)                          = 0x125d000
ioctl(4, SNDCTL_TMR_TIMEBASE or TCGETS, 0x7fff6661dfa8) = -1 ENOTTY (Inappropriate ioctl for device)
fstat(4, {st_mode=S_IFREG|0640, st_size=290, ...}) = 0
mmap(NULL, 4096, PROT_READ|PROT_WRITE, MAP_PRIVATE|MAP_ANONYMOUS, -1, 0) = 0x7fb30e2e2000
read(4, "%%\n(r)\t\tprintf(\"Match an r: %s\\n"..., 8192) = 290
read(4, "", 4096)                       = 0
open("lex.yy.c", O_WRONLY|O_CREAT|O_TRUNC, 0666) = 5
dup3(5, 1, 0)                           = 1
close(5)                                = 0
fstat(1, {st_mode=S_IFREG|0664, st_size=0, ...}) = 0
mmap(NULL, 4096, PROT_READ|PROT_WRITE, MAP_PRIVATE|MAP_ANONYMOUS, -1, 0) = 0x7fb30e2e1000
write(1, "/* A lexical scanner generated b"..., 4096) = 4096
read(4, "", 8192)                       = 0
ioctl(4, SNDCTL_TMR_TIMEBASE or TCGETS, 0x7fff6661df68) = -1 ENOTTY (Inappropriate ioctl for device)
write(1, "\t * instead of fread(), to make "..., 4096) = 4096
write(1, ",    1,    1,    1,    1,\n      "..., 4096) = 4096
write(1, "6,   26,\n\n       26,   26,   26,"..., 4096) = 4096
write(1, "dif\n\n#ifndef YY_NO_UNPUT\nstatic "..., 4096) = 4096
write(1, "d int) yy_c];\n\t\t\t\t}\n\t\t\tyy_curren"..., 4096) = 4096
write(1, "\t\t\t\t * yytext, we can now set up"..., 4096) = 4096
write(1, "\t}\n\n\telse\n\t\tret_val = EOB_ACT_CO"..., 4096) = 4096
write(1, "\t\t\t\tYY_NEW_FILE;\n#ifdef __cplusp"..., 4096) = 4096
write(1, "ase[size-2] != YY_END_OF_BUFFER_"..., 4096) = 4096
write(1, "*yy_flex_realloc( ptr, size )\nvo"..., 694) = 694
exit_group(0)                           = ?
