execve("../source/flex.exe.static", ["../source/flex.exe.static", "error", "-Cram", "../inputs/in.0"], [/* 43 vars */]) = 0
uname({sys="Linux", node="xmenxk-OptiPlex-7010", ...}) = 0
brk(0)                                  = 0x2120000
brk(0x21211c0)                          = 0x21211c0
arch_prctl(ARCH_SET_FS, 0x2120880)      = 0
brk(0x21421c0)                          = 0x21421c0
brk(0x2143000)                          = 0x2143000
open("error", O_WRONLY|O_CREAT|O_TRUNC, 0666) = 3
open("../inputs/in.0", O_RDONLY)        = 4
brk(0x2164000)                          = 0x2164000
ioctl(4, SNDCTL_TMR_TIMEBASE or TCGETS, 0x7fff56709eb8) = -1 ENOTTY (Inappropriate ioctl for device)
fstat(4, {st_mode=S_IFREG|0640, st_size=792, ...}) = 0
mmap(NULL, 4096, PROT_READ|PROT_WRITE, MAP_PRIVATE|MAP_ANONYMOUS, -1, 0) = 0x7f0f2493b000
read(4, "/* scanner for a toy Pascal-like"..., 8192) = 792
read(4, "", 4096)                       = 0
open("lex.yy.c", O_WRONLY|O_CREAT|O_TRUNC, 0666) = 5
dup3(5, 1, 0)                           = 1
close(5)                                = 0
fstat(1, {st_mode=S_IFREG|0664, st_size=0, ...}) = 0
mmap(NULL, 4096, PROT_READ|PROT_WRITE, MAP_PRIVATE|MAP_ANONYMOUS, -1, 0) = 0x7f0f2493a000
write(1, "/* A lexical scanner generated b"..., 4096) = 4096
write(1, "\t * instead of fread(), to make "..., 4096) = 4096
write(1, "      4,    4,    4,    0\n    } "..., 4096) = 4096
write(1, "20,   20,   20,   20,   20,   20"..., 4096) = 4096
write(1, "0,   20,   20,   20,   20,   20,"..., 4096) = 4096
write(1, "     44,   44,   44,   44,   44,"..., 4096) = 4096
write(1, "   23,   23,   25,   25,   25,  "..., 4096) = 4096
write(1, "  43,   43,   43,   43,   43,   "..., 4096) = 4096
write(1, "/\n#ifndef YY_READ_BUF_SIZE\n#defi"..., 4096) = 4096
write(1, " one-line comments */\n\tYY_BREAK\n"..., 4096) = 4096
write(1, "_buffer->yy_ch_buf;\n\tregister ch"..., 4096) = 4096
write(1, "tate = yy_try_NUL_trans( current"..., 4096) = 4096
write(1, "oad_buffer_state()\n#endif\n\t{\n\tyy"..., 4096) = 4096
read(4, "", 8192)                       = 0
ioctl(4, SNDCTL_TMR_TIMEBASE or TCGETS, 0x7fff5670a3e8) = -1 ENOTTY (Inappropriate ioctl for device)
write(1, "_buffer( buf, n );\n\tif ( ! b )\n\t"..., 3471) = 3471
exit_group(0)                           = ?
