execve("../source/flex.exe.static", ["../source/flex.exe.static", "error", "-l", "-Cra", "../inputs/in.closure"], [/* 43 vars */]) = 0
uname({sys="Linux", node="xmenxk-OptiPlex-7010", ...}) = 0
brk(0)                                  = 0x1c2d000
brk(0x1c2e1c0)                          = 0x1c2e1c0
arch_prctl(ARCH_SET_FS, 0x1c2d880)      = 0
brk(0x1c4f1c0)                          = 0x1c4f1c0
brk(0x1c50000)                          = 0x1c50000
open("error", O_WRONLY|O_CREAT|O_TRUNC, 0666) = 3
open("../inputs/in.closure", O_RDONLY)  = 4
brk(0x1c71000)                          = 0x1c71000
ioctl(4, SNDCTL_TMR_TIMEBASE or TCGETS, 0x7fff269c4678) = -1 ENOTTY (Inappropriate ioctl for device)
fstat(4, {st_mode=S_IFREG|0640, st_size=274, ...}) = 0
mmap(NULL, 4096, PROT_READ|PROT_WRITE, MAP_PRIVATE|MAP_ANONYMOUS, -1, 0) = 0x7fbe86057000
read(4, "%%\n\nr*\t\tprintf(\"Zero or more r's"..., 8192) = 274
read(4, "", 4096)                       = 0
open("lex.yy.c", O_WRONLY|O_CREAT|O_TRUNC, 0666) = 5
dup3(5, 1, 0)                           = 1
close(5)                                = 0
fstat(1, {st_mode=S_IFREG|0664, st_size=0, ...}) = 0
mmap(NULL, 4096, PROT_READ|PROT_WRITE, MAP_PRIVATE|MAP_ANONYMOUS, -1, 0) = 0x7fbe86056000
write(1, "/* A lexical scanner generated b"..., 4096) = 4096
read(4, "", 8192)                       = 0
ioctl(4, SNDCTL_TMR_TIMEBASE or TCGETS, 0x7fff269c4638) = -1 ENOTTY (Inappropriate ioctl for device)
write(1, "\t * instead of fread(), to make "..., 4096) = 4096
write(1, "_END_OF_BUFFER 7\nstatic yyconst "..., 4096) = 4096
write(1, "24,   24,   24,\n       24,   24,"..., 4096) = 4096
write(1, "  24,   24,   24,   24,   24,   "..., 4096) = 4096
write(1, "s read, or YY_NULL,\n * is return"..., 4096) = 4096
write(1, "yytext);\n\tYY_BREAK\ncase 6:\nYY_RU"..., 4096) = 4096
write(1, "\t\t\"fatal flex scanner internal e"..., 4096) = 4096
write(1, "UNPUT\n#ifdef YY_USE_PROTOS\nstati"..., 4096) = 4096
write(1, "\n#endif\n\t{\n\tYY_BUFFER_STATE b;\n\n"..., 4096) = 4096
write(1, " )\nint new_state;\n#endif\n\t{\n\tif "..., 2944) = 2944
exit_group(0)                           = ?
