execve("../source/flex.exe.static", ["../source/flex.exe.static", "error", "-df", "-Cra", "../inputs/in.compress"], [/* 43 vars */]) = 0
uname({sys="Linux", node="xmenxk-OptiPlex-7010", ...}) = 0
brk(0)                                  = 0x200e000
brk(0x200f1c0)                          = 0x200f1c0
arch_prctl(ARCH_SET_FS, 0x200e880)      = 0
brk(0x20301c0)                          = 0x20301c0
brk(0x2031000)                          = 0x2031000
open("error", O_WRONLY|O_CREAT|O_TRUNC, 0666) = 3
open("../inputs/in.compress", O_RDONLY) = 4
brk(0x2052000)                          = 0x2052000
ioctl(4, SNDCTL_TMR_TIMEBASE or TCGETS, 0x7fff89eba7b8) = -1 ENOTTY (Inappropriate ioctl for device)
fstat(4, {st_mode=S_IFREG|0640, st_size=55, ...}) = 0
mmap(NULL, 4096, PROT_READ|PROT_WRITE, MAP_PRIVATE|MAP_ANONYMOUS, -1, 0) = 0x7f5c826ac000
read(4, "%%\n[ \\t]+\tputchar(' ');\n[ \\t]+$\t"..., 8192) = 55
read(4, "", 4096)                       = 0
open("lex.yy.c", O_WRONLY|O_CREAT|O_TRUNC, 0666) = 5
dup3(5, 1, 0)                           = 1
close(5)                                = 0
fstat(1, {st_mode=S_IFREG|0664, st_size=0, ...}) = 0
mmap(NULL, 4096, PROT_READ|PROT_WRITE, MAP_PRIVATE|MAP_ANONYMOUS, -1, 0) = 0x7f5c826ab000
write(1, "/* A lexical scanner generated b"..., 4096) = 4096
read(4, "", 8192)                       = 0
ioctl(4, SNDCTL_TMR_TIMEBASE or TCGETS, 0x7fff89eba778) = -1 ENOTTY (Inappropriate ioctl for device)
write(1, "\t * instead of fread(), to make "..., 4096) = 4096
write(1, "\n        9,    9,    8,    8,   "..., 4096) = 4096
write(1, "   9,    9,    9,    9,    9,   "..., 4096) = 4096
write(1, "id ));\n#endif\n#endif\n\n#ifndef YY"..., 4096) = 4096
write(1, "yy_act = yy_accept[yy_current_st"..., 4096) = 4096
write(1, "uf_p = yytext_ptr + YY_MORE_ADJ;"..., 4096) = 4096
write(1, "0];\n\n\treturn ret_val;\n\t}\n\n\n/* yy"..., 4096) = 4096
write(1, "PROTOS\nvoid yyrestart( FILE *inp"..., 4096) = 4096
write(1, "uffer = 0;\n\tb->yy_input_file = 0"..., 4096) = 4096
write(1, ".\n\t */\n\treturn (void *) realloc("..., 284) = 284
exit_group(0)                           = ?
