execve("../source/flex.exe.static", ["../source/flex.exe.static", "error", "-Cra", "../inputs/in.ch_exp_1"], [/* 43 vars */]) = 0
uname({sys="Linux", node="xmenxk-OptiPlex-7010", ...}) = 0
brk(0)                                  = 0x1aea000
brk(0x1aeb1c0)                          = 0x1aeb1c0
arch_prctl(ARCH_SET_FS, 0x1aea880)      = 0
brk(0x1b0c1c0)                          = 0x1b0c1c0
brk(0x1b0d000)                          = 0x1b0d000
open("error", O_WRONLY|O_CREAT|O_TRUNC, 0666) = 3
open("../inputs/in.ch_exp_1", O_RDONLY) = 4
brk(0x1b2e000)                          = 0x1b2e000
ioctl(4, SNDCTL_TMR_TIMEBASE or TCGETS, 0x7fff5d0bd788) = -1 ENOTTY (Inappropriate ioctl for device)
fstat(4, {st_mode=S_IFREG|0640, st_size=70, ...}) = 0
mmap(NULL, 4096, PROT_READ|PROT_WRITE, MAP_PRIVATE|MAP_ANONYMOUS, -1, 0) = 0x7fcc46eca000
read(4, "%%\n\nfoo|bar*\tprintf(\"foo or ba(z"..., 8192) = 70
read(4, "", 4096)                       = 0
open("lex.yy.c", O_WRONLY|O_CREAT|O_TRUNC, 0666) = 5
dup3(5, 1, 0)                           = 1
close(5)                                = 0
fstat(1, {st_mode=S_IFREG|0664, st_size=0, ...}) = 0
mmap(NULL, 4096, PROT_READ|PROT_WRITE, MAP_PRIVATE|MAP_ANONYMOUS, -1, 0) = 0x7fcc46ec9000
write(1, "/* A lexical scanner generated b"..., 4096) = 4096
read(4, "", 8192)                       = 0
ioctl(4, SNDCTL_TMR_TIMEBASE or TCGETS, 0x7fff5d0bd748) = -1 ENOTTY (Inappropriate ioctl for device)
write(1, "\t * instead of fread(), to make "..., 4096) = 4096
write(1, " {   0,\n       12,   12,   11,  "..., 4096) = 4096
write(1, "11,   11,   11,   11,\n       11,"..., 4096) = 4096
write(1, "  11,   11,   11,   11,   11,\n  "..., 4096) = 4096
write(1, "\t\t\tyy_current_buffer =\n\t\t\t\tyy_cr"..., 4096) = 4096
write(1, "o that if some total\n\t\t\t\t\t * hos"..., 4096) = 4096
write(1, "hars += number_to_move;\n\tyy_curr"..., 4096) = 4096
write(1, " offset;\n\t\t\t\t\tbreak;\n\t\t\t\t}\n\t\t\t}\n"..., 4096) = 4096
write(1, "er_state ) );\n\tif ( ! b )\n\t\tYY_F"..., 4096) = 4096
write(1, " generic pointers.  It works wit"..., 491) = 491
exit_group(0)                           = ?
