execve("../source/flex.exe.static", ["../source/flex.exe.static", "error", "-Cra", "../inputs/in.closure"], [/* 43 vars */]) = 0
uname({sys="Linux", node="xmenxk-OptiPlex-7010", ...}) = 0
brk(0)                                  = 0x2498000
brk(0x24991c0)                          = 0x24991c0
arch_prctl(ARCH_SET_FS, 0x2498880)      = 0
brk(0x24ba1c0)                          = 0x24ba1c0
brk(0x24bb000)                          = 0x24bb000
open("error", O_WRONLY|O_CREAT|O_TRUNC, 0666) = 3
open("../inputs/in.closure", O_RDONLY)  = 4
brk(0x24dc000)                          = 0x24dc000
ioctl(4, SNDCTL_TMR_TIMEBASE or TCGETS, 0x7ffff0cfe9b8) = -1 ENOTTY (Inappropriate ioctl for device)
fstat(4, {st_mode=S_IFREG|0640, st_size=274, ...}) = 0
mmap(NULL, 4096, PROT_READ|PROT_WRITE, MAP_PRIVATE|MAP_ANONYMOUS, -1, 0) = 0x7fd6fc37a000
read(4, "%%\n\nr*\t\tprintf(\"Zero or more r's"..., 8192) = 274
read(4, "", 4096)                       = 0
open("lex.yy.c", O_WRONLY|O_CREAT|O_TRUNC, 0666) = 5
dup3(5, 1, 0)                           = 1
close(5)                                = 0
fstat(1, {st_mode=S_IFREG|0664, st_size=0, ...}) = 0
mmap(NULL, 4096, PROT_READ|PROT_WRITE, MAP_PRIVATE|MAP_ANONYMOUS, -1, 0) = 0x7fd6fc379000
write(1, "/* A lexical scanner generated b"..., 4096) = 4096
read(4, "", 8192)                       = 0
ioctl(4, SNDCTL_TMR_TIMEBASE or TCGETS, 0x7ffff0cfe978) = -1 ENOTTY (Inappropriate ioctl for device)
write(1, "\t * instead of fread(), to make "..., 4096) = 4096
write(1, " 280,  277,  271,\n      278,  27"..., 4096) = 4096
write(1, "24,   24,\n       24,   24,   24,"..., 4096) = 4096
write(1, "  24,   24,   24,   24,   24,   "..., 4096) = 4096
write(1, "rameters.\n */\n#ifndef YY_DECL\n#d"..., 4096) = 4096
write(1, "he test\n\t\t * in input().\n\t\t */\n\t"..., 4096) = 4096
write(1, "if ( b->yy_is_our_buffer )\n\t\t\t\t{"..., 4096) = 4096
write(1, "_p == YY_END_OF_BUFFER_CHAR )\n\t\t"..., 4096) = 4096
write(1, ">yy_is_interactive = 1;\n#else\n#i"..., 4096) = 4096
write(1, " effects of setting up yytext. *"..., 1684) = 1684
exit_group(0)                           = ?
