execve("../source/flex.exe.static", ["../source/flex.exe.static", "error", "-Cra", "../inputs/in.0"], [/* 43 vars */]) = 0
uname({sys="Linux", node="xmenxk-OptiPlex-7010", ...}) = 0
brk(0)                                  = 0xb60000
brk(0xb611c0)                           = 0xb611c0
arch_prctl(ARCH_SET_FS, 0xb60880)       = 0
brk(0xb821c0)                           = 0xb821c0
brk(0xb83000)                           = 0xb83000
open("error", O_WRONLY|O_CREAT|O_TRUNC, 0666) = 3
open("../inputs/in.0", O_RDONLY)        = 4
brk(0xba4000)                           = 0xba4000
ioctl(4, SNDCTL_TMR_TIMEBASE or TCGETS, 0x7fff6745afa8) = -1 ENOTTY (Inappropriate ioctl for device)
fstat(4, {st_mode=S_IFREG|0640, st_size=792, ...}) = 0
mmap(NULL, 4096, PROT_READ|PROT_WRITE, MAP_PRIVATE|MAP_ANONYMOUS, -1, 0) = 0x7fd375c48000
read(4, "/* scanner for a toy Pascal-like"..., 8192) = 792
read(4, "", 4096)                       = 0
open("lex.yy.c", O_WRONLY|O_CREAT|O_TRUNC, 0666) = 5
dup3(5, 1, 0)                           = 1
close(5)                                = 0
fstat(1, {st_mode=S_IFREG|0664, st_size=0, ...}) = 0
mmap(NULL, 4096, PROT_READ|PROT_WRITE, MAP_PRIVATE|MAP_ANONYMOUS, -1, 0) = 0x7fd375c47000
write(1, "/* A lexical scanner generated b"..., 4096) = 4096
write(1, "\t * instead of fread(), to make "..., 4096) = 4096
write(1, "      4,    4,    4,    0\n    } "..., 4096) = 4096
write(1, "  20,   20,   20,   20,\n       4"..., 4096) = 4096
write(1, " 20,   20,   20,   20,   20,\n   "..., 4096) = 4096
write(1, "44,   44,   44,   44,   44,   44"..., 4096) = 4096
write(1, ",   13,   13,\n       13,   13,  "..., 4096) = 4096
write(1, "   38,    0,   37,\n\n       37,  "..., 4096) = 4096
write(1, "   46,   46,   46,   46,\n       "..., 4096) = 4096
write(1, "CK_USED\nstatic int yy_start_stac"..., 4096) = 4096
write(1, "\n\t\t\t*yy_cp = yy_hold_char;\n\t\t\tyy"..., 4096) = 4096
write(1, "\n\t\t\tcase EOB_ACT_LAST_MATCH:\n\t\t\t"..., 4096) = 4096
write(1, "t_accepting_cpos = yy_cp;\n\t\t\t}\n\t"..., 4096) = 4096
write(1, "dif\n\t{\n\tif ( yy_current_buffer ="..., 4096) = 4096
write(1, "n = 0; yy_str[len]; ++len )\n\t\t;\n"..., 4096) = 4096
read(4, "", 8192)                       = 0
ioctl(4, SNDCTL_TMR_TIMEBASE or TCGETS, 0x7fff6745b4d8) = -1 ENOTTY (Inappropriate ioctl for device)
write(1, " stdin;\n\n\tyylex();\n\t} \n", 23) = 23
exit_group(0)                           = ?
