execve("../source/flex.exe.static", ["../source/flex.exe.static", "error", "-l", "-Crem", "../inputs/in.closure"], [/* 43 vars */]) = 0
uname({sys="Linux", node="xmenxk-OptiPlex-7010", ...}) = 0
brk(0)                                  = 0x25ae000
brk(0x25af1c0)                          = 0x25af1c0
arch_prctl(ARCH_SET_FS, 0x25ae880)      = 0
brk(0x25d01c0)                          = 0x25d01c0
brk(0x25d1000)                          = 0x25d1000
open("error", O_WRONLY|O_CREAT|O_TRUNC, 0666) = 3
open("../inputs/in.closure", O_RDONLY)  = 4
brk(0x25f2000)                          = 0x25f2000
ioctl(4, SNDCTL_TMR_TIMEBASE or TCGETS, 0x7fffc56b64b8) = -1 ENOTTY (Inappropriate ioctl for device)
fstat(4, {st_mode=S_IFREG|0640, st_size=274, ...}) = 0
mmap(NULL, 4096, PROT_READ|PROT_WRITE, MAP_PRIVATE|MAP_ANONYMOUS, -1, 0) = 0x7fb5d9169000
read(4, "%%\n\nr*\t\tprintf(\"Zero or more r's"..., 8192) = 274
read(4, "", 4096)                       = 0
open("lex.yy.c", O_WRONLY|O_CREAT|O_TRUNC, 0666) = 5
dup3(5, 1, 0)                           = 1
close(5)                                = 0
fstat(1, {st_mode=S_IFREG|0664, st_size=0, ...}) = 0
mmap(NULL, 4096, PROT_READ|PROT_WRITE, MAP_PRIVATE|MAP_ANONYMOUS, -1, 0) = 0x7fb5d9168000
write(1, "/* A lexical scanner generated b"..., 4096) = 4096
read(4, "", 8192)                       = 0
ioctl(4, SNDCTL_TMR_TIMEBASE or TCGETS, 0x7fffc56b6478) = -1 ENOTTY (Inappropriate ioctl for device)
write(1, "\t * instead of fread(), to make "..., 4096) = 4096
write(1, "_END_OF_BUFFER 7\nstatic yyconst "..., 4096) = 4096
write(1, "rn \"C\" int yywrap YY_PROTO(( voi"..., 4096) = 4096
write(1, "state;\nyy_match:\n\t\tdo\n\t\t\t{\n\t\t\tre"..., 4096) = 4096
write(1, ":\n\t\t\t\t{\n\t\t\t\tyy_did_buffer_switch"..., 4096) = 4096
write(1, "END_OF_FILE;\n\t\t\tyyrestart( yyin "..., 4096) = 4096
write(1, "\t\t\t\t * to EOB_ACT_END_OF_FILE.\n\t"..., 4096) = 4096
write(1, "O_SCAN_BUFFER\n#ifdef YY_USE_PROT"..., 4096) = 4096
write(1, "_flex_alloc( yy_size_t size )\n#e"..., 929) = 929
exit_group(0)                           = ?
