execve("../source/flex.exe.static", ["../source/flex.exe.static", "error", "-df", "-Cre", "../inputs/in.delete"], [/* 43 vars */]) = 0
uname({sys="Linux", node="xmenxk-OptiPlex-7010", ...}) = 0
brk(0)                                  = 0x2467000
brk(0x24681c0)                          = 0x24681c0
arch_prctl(ARCH_SET_FS, 0x2467880)      = 0
brk(0x24891c0)                          = 0x24891c0
brk(0x248a000)                          = 0x248a000
open("error", O_WRONLY|O_CREAT|O_TRUNC, 0666) = 3
open("../inputs/in.delete", O_RDONLY)   = 4
brk(0x24ab000)                          = 0x24ab000
ioctl(4, SNDCTL_TMR_TIMEBASE or TCGETS, 0x7fff557af218) = -1 ENOTTY (Inappropriate ioctl for device)
fstat(4, {st_mode=S_IFREG|0640, st_size=12, ...}) = 0
mmap(NULL, 4096, PROT_READ|PROT_WRITE, MAP_PRIVATE|MAP_ANONYMOUS, -1, 0) = 0x7fd66c59a000
read(4, "%%\n\"zap me\"\n", 8192)       = 12
read(4, "", 4096)                       = 0
open("lex.yy.c", O_WRONLY|O_CREAT|O_TRUNC, 0666) = 5
dup3(5, 1, 0)                           = 1
close(5)                                = 0
fstat(1, {st_mode=S_IFREG|0664, st_size=0, ...}) = 0
mmap(NULL, 4096, PROT_READ|PROT_WRITE, MAP_PRIVATE|MAP_ANONYMOUS, -1, 0) = 0x7fd66c599000
write(1, "/* A lexical scanner generated b"..., 4096) = 4096
read(4, "", 8192)                       = 0
ioctl(4, SNDCTL_TMR_TIMEBASE or TCGETS, 0x7fff557af1d8) = -1 ENOTTY (Inappropriate ioctl for device)
write(1, "\t * instead of fread(), to make "..., 4096) = 4096
write(1, "  1,    1,    1,    1,    1,    "..., 4096) = 4096
write(1, "bly on non-ANSI systems for whic"..., 4096) = 4096
write(1, "\ncase 1:\nYY_RULE_SETUP\n#line 2 \""..., 4096) = 4096
write(1, "f[yy_n_chars + 1] )\n\t\tYY_FATAL_E"..., 4096) = 4096
write(1, "ccepting_cpos = yy_cp;\n\t\t}\n\twhil"..., 4096) = 4096
write(1, "= yy_c_buf_p = yy_current_buffer"..., 4096) = 4096
write(1, "/* It's okay to grow etc. this b"..., 3217) = 3217
exit_group(0)                           = ?
