execve("../source/flex.exe.static", ["../source/flex.exe.static", "error", "-Crem", "../inputs/in.ch_exp_1"], [/* 43 vars */]) = 0
uname({sys="Linux", node="xmenxk-OptiPlex-7010", ...}) = 0
brk(0)                                  = 0x851000
brk(0x8521c0)                           = 0x8521c0
arch_prctl(ARCH_SET_FS, 0x851880)       = 0
brk(0x8731c0)                           = 0x8731c0
brk(0x874000)                           = 0x874000
open("error", O_WRONLY|O_CREAT|O_TRUNC, 0666) = 3
open("../inputs/in.ch_exp_1", O_RDONLY) = 4
brk(0x895000)                           = 0x895000
ioctl(4, SNDCTL_TMR_TIMEBASE or TCGETS, 0x7fff5b3012a8) = -1 ENOTTY (Inappropriate ioctl for device)
fstat(4, {st_mode=S_IFREG|0640, st_size=70, ...}) = 0
mmap(NULL, 4096, PROT_READ|PROT_WRITE, MAP_PRIVATE|MAP_ANONYMOUS, -1, 0) = 0x7febd518d000
read(4, "%%\n\nfoo|bar*\tprintf(\"foo or ba(z"..., 8192) = 70
read(4, "", 4096)                       = 0
open("lex.yy.c", O_WRONLY|O_CREAT|O_TRUNC, 0666) = 5
dup3(5, 1, 0)                           = 1
close(5)                                = 0
fstat(1, {st_mode=S_IFREG|0664, st_size=0, ...}) = 0
mmap(NULL, 4096, PROT_READ|PROT_WRITE, MAP_PRIVATE|MAP_ANONYMOUS, -1, 0) = 0x7febd518c000
write(1, "/* A lexical scanner generated b"..., 4096) = 4096
read(4, "", 8192)                       = 0
ioctl(4, SNDCTL_TMR_TIMEBASE or TCGETS, 0x7fff5b301268) = -1 ENOTTY (Inappropriate ioctl for device)
write(1, "\t * instead of fread(), to make "..., 4096) = 4096
write(1, "   1,    1,    1,    1,    1,   "..., 4096) = 4096
write(1, "zeof(size_t) != sizeof(int)\n * o"..., 4096) = 4096
write(1, "E_ACTION. */\n\t\t*yy_cp = yy_hold_"..., 4096) = 4096
write(1, "}\n\n\t\telse\n\t\t\t{\n\t\t\t/* We matched "..., 4096) = 4096
write(1, "s_jam = (yy_current_state == 11)"..., 4096) = 4096
write(1, "le, size )\nFILE *file;\nint size;"..., 4096) = 4096
write(1, "ic void yy_push_state( new_state"..., 2977) = 2977
exit_group(0)                           = ?
