execve("../source/flex.exe.static", ["../source/flex.exe.static", "error", "-Crem", "../inputs/in.closure"], [/* 43 vars */]) = 0
uname({sys="Linux", node="xmenxk-OptiPlex-7010", ...}) = 0
brk(0)                                  = 0x194e000
brk(0x194f1c0)                          = 0x194f1c0
arch_prctl(ARCH_SET_FS, 0x194e880)      = 0
brk(0x19701c0)                          = 0x19701c0
brk(0x1971000)                          = 0x1971000
open("error", O_WRONLY|O_CREAT|O_TRUNC, 0666) = 3
open("../inputs/in.closure", O_RDONLY)  = 4
brk(0x1992000)                          = 0x1992000
ioctl(4, SNDCTL_TMR_TIMEBASE or TCGETS, 0x7fff464d00d8) = -1 ENOTTY (Inappropriate ioctl for device)
fstat(4, {st_mode=S_IFREG|0640, st_size=274, ...}) = 0
mmap(NULL, 4096, PROT_READ|PROT_WRITE, MAP_PRIVATE|MAP_ANONYMOUS, -1, 0) = 0x7fc644f51000
read(4, "%%\n\nr*\t\tprintf(\"Zero or more r's"..., 8192) = 274
read(4, "", 4096)                       = 0
open("lex.yy.c", O_WRONLY|O_CREAT|O_TRUNC, 0666) = 5
dup3(5, 1, 0)                           = 1
close(5)                                = 0
fstat(1, {st_mode=S_IFREG|0664, st_size=0, ...}) = 0
mmap(NULL, 4096, PROT_READ|PROT_WRITE, MAP_PRIVATE|MAP_ANONYMOUS, -1, 0) = 0x7fc644f50000
write(1, "/* A lexical scanner generated b"..., 4096) = 4096
read(4, "", 8192)                       = 0
ioctl(4, SNDCTL_TMR_TIMEBASE or TCGETS, 0x7fff464d0098) = -1 ENOTTY (Inappropriate ioctl for device)
write(1, "\t * instead of fread(), to make "..., 4096) = 4096
write(1, "    1,    1,\n        1,    1,   "..., 4096) = 4096
write(1, "( void ));\n#endif\n\n#else\n#define"..., 4096) = 4096
write(1, "\nYY_RULE_SETUP\n#line 4 \"../input"..., 4096) = 4096
write(1, "ing an action:\n *\tEOB_ACT_LAST_M"..., 4096) = 4096
write(1, " *\tnext_state = yy_try_NUL_trans"..., 4096) = 4096
write(1, "nt_buffer->yy_n_chars = yy_n_cha"..., 4096) = 4096
write(1, "_bytes( bytes, len )\nyyconst cha"..., 3732) = 3732
exit_group(0)                           = ?
