execve("../source/flex.exe.static", ["../source/flex.exe.static", "error", "-Crem", "../inputs/in.exp"], [/* 43 vars */]) = 0
uname({sys="Linux", node="xmenxk-OptiPlex-7010", ...}) = 0
brk(0)                                  = 0x143c000
brk(0x143d1c0)                          = 0x143d1c0
arch_prctl(ARCH_SET_FS, 0x143c880)      = 0
brk(0x145e1c0)                          = 0x145e1c0
brk(0x145f000)                          = 0x145f000
open("error", O_WRONLY|O_CREAT|O_TRUNC, 0666) = 3
open("../inputs/in.exp", O_RDONLY)      = 4
brk(0x1480000)                          = 0x1480000
ioctl(4, SNDCTL_TMR_TIMEBASE or TCGETS, 0x7fff83dfe078) = -1 ENOTTY (Inappropriate ioctl for device)
fstat(4, {st_mode=S_IFREG|0640, st_size=290, ...}) = 0
mmap(NULL, 4096, PROT_READ|PROT_WRITE, MAP_PRIVATE|MAP_ANONYMOUS, -1, 0) = 0x7f2caadcc000
read(4, "%%\n(r)\t\tprintf(\"Match an r: %s\\n"..., 8192) = 290
read(4, "", 4096)                       = 0
open("lex.yy.c", O_WRONLY|O_CREAT|O_TRUNC, 0666) = 5
dup3(5, 1, 0)                           = 1
close(5)                                = 0
fstat(1, {st_mode=S_IFREG|0664, st_size=0, ...}) = 0
mmap(NULL, 4096, PROT_READ|PROT_WRITE, MAP_PRIVATE|MAP_ANONYMOUS, -1, 0) = 0x7f2caadcb000
write(1, "/* A lexical scanner generated b"..., 4096) = 4096
read(4, "", 8192)                       = 0
ioctl(4, SNDCTL_TMR_TIMEBASE or TCGETS, 0x7fff83dfe038) = -1 ENOTTY (Inappropriate ioctl for device)
write(1, "\t * instead of fread(), to make "..., 4096) = 4096
write(1, "    1,    1,    1,    2,\n       "..., 4096) = 4096
write(1, "\n#endif\n#endif\n\n#if YY_STACK_USE"..., 4096) = 4096
write(1, "];\n\t\t\t}\n\n\t\tYY_DO_BEFORE_ACTION;\n"..., 4096) = 4096
write(1, "! yy_did_buffer_switch_on_eof )\n"..., 4096) = 4096
write(1, "pe yy_get_previous_state()\n\t{\n\tr"..., 4096) = 4096
write(1, "\t\tbreak;\n\t\t\t\t}\n\t\t\t}\n\t\t}\n\n\tc = *("..., 4096) = 4096
write(1, "lex_alloc( sizeof( struct yy_buf"..., 4096) = 4096
write(1, "ers, and those\n\t * that use void"..., 519) = 519
exit_group(0)                           = ?
