execve("../source/flex.exe.static", ["../source/flex.exe.static", "error", "-Crem", "../inputs/in.0"], [/* 43 vars */]) = 0
uname({sys="Linux", node="xmenxk-OptiPlex-7010", ...}) = 0
brk(0)                                  = 0x1493000
brk(0x14941c0)                          = 0x14941c0
arch_prctl(ARCH_SET_FS, 0x1493880)      = 0
brk(0x14b51c0)                          = 0x14b51c0
brk(0x14b6000)                          = 0x14b6000
open("error", O_WRONLY|O_CREAT|O_TRUNC, 0666) = 3
open("../inputs/in.0", O_RDONLY)        = 4
brk(0x14d7000)                          = 0x14d7000
ioctl(4, SNDCTL_TMR_TIMEBASE or TCGETS, 0x7fffd2a87f18) = -1 ENOTTY (Inappropriate ioctl for device)
fstat(4, {st_mode=S_IFREG|0640, st_size=792, ...}) = 0
mmap(NULL, 4096, PROT_READ|PROT_WRITE, MAP_PRIVATE|MAP_ANONYMOUS, -1, 0) = 0x7f125dcc6000
read(4, "/* scanner for a toy Pascal-like"..., 8192) = 792
read(4, "", 4096)                       = 0
open("lex.yy.c", O_WRONLY|O_CREAT|O_TRUNC, 0666) = 5
dup3(5, 1, 0)                           = 1
close(5)                                = 0
fstat(1, {st_mode=S_IFREG|0664, st_size=0, ...}) = 0
mmap(NULL, 4096, PROT_READ|PROT_WRITE, MAP_PRIVATE|MAP_ANONYMOUS, -1, 0) = 0x7f125dcc5000
write(1, "/* A lexical scanner generated b"..., 4096) = 4096
write(1, "\t * instead of fread(), to make "..., 4096) = 4096
write(1, "       4,    4,    4,    0\n    }"..., 4096) = 4096
write(1, "state;\nstatic char *yy_last_acce"..., 4096) = 4096
write(1, "= yy_c_buf_p;\n\n\t\t/* Support of y"..., 4096) = 4096
write(1, "yy_next_state = yy_try_NUL_trans"..., 4096) = 4096
write(1, "_size -\n\t\t\t\t\t\tnumber_to_move - 1"..., 4096) = 4096
write(1, "ally a NUL. */\n\t\t\t*yy_c_buf_p = "..., 4096) = 4096
write(1, ")\n\t\treturn;\n\n\tb->yy_n_chars = 0;"..., 4096) = 4096
read(4, "", 8192)                       = 0
ioctl(4, SNDCTL_TMR_TIMEBASE or TCGETS, 0x7fffd2a88448) = -1 ENOTTY (Inappropriate ioctl for device)
write(1, "yconst char *s2, int n )\n#else\ns"..., 1544) = 1544
exit_group(0)                           = ?
