execve("../source/flex.exe.static", ["../source/flex.exe.static", "error", "-l", "-Cre", "../inputs/in.exp"], [/* 43 vars */]) = 0
uname({sys="Linux", node="xmenxk-OptiPlex-7010", ...}) = 0
brk(0)                                  = 0x181d000
brk(0x181e1c0)                          = 0x181e1c0
arch_prctl(ARCH_SET_FS, 0x181d880)      = 0
brk(0x183f1c0)                          = 0x183f1c0
brk(0x1840000)                          = 0x1840000
open("error", O_WRONLY|O_CREAT|O_TRUNC, 0666) = 3
open("../inputs/in.exp", O_RDONLY)      = 4
brk(0x1861000)                          = 0x1861000
ioctl(4, SNDCTL_TMR_TIMEBASE or TCGETS, 0x7fff5f3c4068) = -1 ENOTTY (Inappropriate ioctl for device)
fstat(4, {st_mode=S_IFREG|0640, st_size=290, ...}) = 0
mmap(NULL, 4096, PROT_READ|PROT_WRITE, MAP_PRIVATE|MAP_ANONYMOUS, -1, 0) = 0x7f40fc330000
read(4, "%%\n(r)\t\tprintf(\"Match an r: %s\\n"..., 8192) = 290
read(4, "", 4096)                       = 0
open("lex.yy.c", O_WRONLY|O_CREAT|O_TRUNC, 0666) = 5
dup3(5, 1, 0)                           = 1
close(5)                                = 0
fstat(1, {st_mode=S_IFREG|0664, st_size=0, ...}) = 0
mmap(NULL, 4096, PROT_READ|PROT_WRITE, MAP_PRIVATE|MAP_ANONYMOUS, -1, 0) = 0x7f40fc32f000
write(1, "/* A lexical scanner generated b"..., 4096) = 4096
read(4, "", 8192)                       = 0
ioctl(4, SNDCTL_TMR_TIMEBASE or TCGETS, 0x7fff5f3c4028) = -1 ENOTTY (Inappropriate ioctl for device)
fstat(3, {st_mode=S_IFREG|0664, st_size=0, ...}) = 0
mmap(NULL, 4096, PROT_READ|PROT_WRITE, MAP_PRIVATE|MAP_ANONYMOUS, -1, 0) = 0x7f40fc32e000
write(1, "\t * instead of fread(), to make "..., 4096) = 4096
write(1, "_END_OF_BUFFER 8\nstatic yyconst "..., 4096) = 4096
write(1, "set = 0;\nstatic int yy_prev_more"..., 4096) = 4096
write(1, "def YY_USER_INIT\n\t\tYY_USER_INIT;"..., 4096) = 4096
write(1, "\n\t\t/* Note that here we test for"..., 4096) = 4096
write(1, " YY_USES_REJECT\n\t\t\tYY_FATAL_ERRO"..., 4096) = 4096
write(1, ">yy_ch_buf + 2 )\n\t\t\tYY_FATAL_ERR"..., 4096) = 4096
write(1, "_is_our_buffer )\n\t\tyy_flex_free("..., 4096) = 4096
write(1, "int yy_top_state()\n\t{\n\treturn yy"..., 2142) = 2142
write(3, "\"../inputs/in.exp\", line 7: warn"..., 64) = 64
exit_group(0)                           = ?
