execve("../source/flex.exe.static", ["../source/flex.exe.static", "error", "-df", "-Cre", "../inputs/in.eof"], [/* 43 vars */]) = 0
uname({sys="Linux", node="xmenxk-OptiPlex-7010", ...}) = 0
brk(0)                                  = 0x182d000
brk(0x182e1c0)                          = 0x182e1c0
arch_prctl(ARCH_SET_FS, 0x182d880)      = 0
brk(0x184f1c0)                          = 0x184f1c0
brk(0x1850000)                          = 0x1850000
open("error", O_WRONLY|O_CREAT|O_TRUNC, 0666) = 3
open("../inputs/in.eof", O_RDONLY)      = 4
brk(0x1871000)                          = 0x1871000
ioctl(4, SNDCTL_TMR_TIMEBASE or TCGETS, 0x7fff11ce2438) = -1 ENOTTY (Inappropriate ioctl for device)
fstat(4, {st_mode=S_IFREG|0640, st_size=165, ...}) = 0
mmap(NULL, 4096, PROT_READ|PROT_WRITE, MAP_PRIVATE|MAP_ANONYMOUS, -1, 0) = 0x7f0ef2a9b000
read(4, "%x quote\n%%\n\n<quote><<EOF>> {\n\te"..., 8192) = 165
read(4, "", 4096)                       = 0
open("lex.yy.c", O_WRONLY|O_CREAT|O_TRUNC, 0666) = 5
dup3(5, 1, 0)                           = 1
close(5)                                = 0
fstat(1, {st_mode=S_IFREG|0664, st_size=0, ...}) = 0
mmap(NULL, 4096, PROT_READ|PROT_WRITE, MAP_PRIVATE|MAP_ANONYMOUS, -1, 0) = 0x7f0ef2a9a000
write(1, "/* A lexical scanner generated b"..., 4096) = 4096
read(4, "", 8192)                       = 0
ioctl(4, SNDCTL_TMR_TIMEBASE or TCGETS, 0x7fff11ce23f8) = -1 ENOTTY (Inappropriate ioctl for device)
write(1, "\t * instead of fread(), to make "..., 4096) = 4096
write(1, "  1,\n        1,    1,    1,    1"..., 4096) = 4096
write(1, "uts(), but since the string migh"..., 4096) = 4096
write(1, "yy.c\"\n\n\tcase YY_END_OF_BUFFER:\n\t"..., 4096) = 4096
write(1, "is is an EOF. */\n\t\tif ( yy_c_buf"..., 4096) = 4096
write(1, "ase[yy_current_state] + (unsigne"..., 4096) = 4096
write(1, " size )\n#else\nYY_BUFFER_STATE yy"..., 4096) = 4096
write(1, "tic void yy_push_state( int new_"..., 3023) = 3023
exit_group(0)                           = ?
