execve("../source/flex.exe.static", ["../source/flex.exe.static", "error", "-Cre", "../inputs/in.closure"], [/* 43 vars */]) = 0
uname({sys="Linux", node="xmenxk-OptiPlex-7010", ...}) = 0
brk(0)                                  = 0x725000
brk(0x7261c0)                           = 0x7261c0
arch_prctl(ARCH_SET_FS, 0x725880)       = 0
brk(0x7471c0)                           = 0x7471c0
brk(0x748000)                           = 0x748000
open("error", O_WRONLY|O_CREAT|O_TRUNC, 0666) = 3
open("../inputs/in.closure", O_RDONLY)  = 4
brk(0x769000)                           = 0x769000
ioctl(4, SNDCTL_TMR_TIMEBASE or TCGETS, 0x7fff5e93db78) = -1 ENOTTY (Inappropriate ioctl for device)
fstat(4, {st_mode=S_IFREG|0640, st_size=274, ...}) = 0
mmap(NULL, 4096, PROT_READ|PROT_WRITE, MAP_PRIVATE|MAP_ANONYMOUS, -1, 0) = 0x7fbc1da66000
read(4, "%%\n\nr*\t\tprintf(\"Zero or more r's"..., 8192) = 274
read(4, "", 4096)                       = 0
open("lex.yy.c", O_WRONLY|O_CREAT|O_TRUNC, 0666) = 5
dup3(5, 1, 0)                           = 1
close(5)                                = 0
fstat(1, {st_mode=S_IFREG|0664, st_size=0, ...}) = 0
mmap(NULL, 4096, PROT_READ|PROT_WRITE, MAP_PRIVATE|MAP_ANONYMOUS, -1, 0) = 0x7fbc1da65000
write(1, "/* A lexical scanner generated b"..., 4096) = 4096
read(4, "", 8192)                       = 0
ioctl(4, SNDCTL_TMR_TIMEBASE or TCGETS, 0x7fff5e93db38) = -1 ENOTTY (Inappropriate ioctl for device)
write(1, "\t * instead of fread(), to make "..., 4096) = 4096
write(1, "    1,    1,\n        1,    1,   "..., 4096) = 4096
write(1, "ATE 1\n#endif\n\n#ifdef YY_MALLOC_D"..., 4096) = 4096
write(1, "printf(\"Two to five z's: %s\\n\", "..., 4096) = 4096
write(1, "fer()\n\t{\n\tregister char *dest = "..., 4096) = 4096
write(1, "dif\n\t{\n\tregister int yy_is_jam;\n"..., 4096) = 4096
write(1, "yy_did_buffer_switch_on_eof = 1;"..., 4096) = 4096
write(1, " ( i = 0; i < len; ++i )\n\t\tbuf[i"..., 3412) = 3412
exit_group(0)                           = ?
