execve("../source/flex.exe.static", ["../source/flex.exe.static", "error", "-l", "-Crm", "../inputs/in.ch_exp_1"], [/* 43 vars */]) = 0
uname({sys="Linux", node="xmenxk-OptiPlex-7010", ...}) = 0
brk(0)                                  = 0x12fe000
brk(0x12ff1c0)                          = 0x12ff1c0
arch_prctl(ARCH_SET_FS, 0x12fe880)      = 0
brk(0x13201c0)                          = 0x13201c0
brk(0x1321000)                          = 0x1321000
open("error", O_WRONLY|O_CREAT|O_TRUNC, 0666) = 3
open("../inputs/in.ch_exp_1", O_RDONLY) = 4
brk(0x1342000)                          = 0x1342000
ioctl(4, SNDCTL_TMR_TIMEBASE or TCGETS, 0x7fff7b18a868) = -1 ENOTTY (Inappropriate ioctl for device)
fstat(4, {st_mode=S_IFREG|0640, st_size=70, ...}) = 0
mmap(NULL, 4096, PROT_READ|PROT_WRITE, MAP_PRIVATE|MAP_ANONYMOUS, -1, 0) = 0x7f4599d7b000
read(4, "%%\n\nfoo|bar*\tprintf(\"foo or ba(z"..., 8192) = 70
read(4, "", 4096)                       = 0
open("lex.yy.c", O_WRONLY|O_CREAT|O_TRUNC, 0666) = 5
dup3(5, 1, 0)                           = 1
close(5)                                = 0
fstat(1, {st_mode=S_IFREG|0664, st_size=0, ...}) = 0
mmap(NULL, 4096, PROT_READ|PROT_WRITE, MAP_PRIVATE|MAP_ANONYMOUS, -1, 0) = 0x7f4599d7a000
write(1, "/* A lexical scanner generated b"..., 4096) = 4096
read(4, "", 8192)                       = 0
ioctl(4, SNDCTL_TMR_TIMEBASE or TCGETS, 0x7fff7b18a828) = -1 ENOTTY (Inappropriate ioctl for device)
write(1, "\t * instead of fread(), to make "..., 4096) = 4096
write(1, "_END_OF_BUFFER 3\nstatic yyconst "..., 4096) = 4096
write(1, "  11,   11,   11,   11,   11,   "..., 4096) = 4096
write(1, "n by user definitions in\n * sect"..., 4096) = 4096
write(1, "yy_current_state = yy_start;\n\t\ty"..., 4096) = 4096
write(1, ", it'll still work - another\n\t\t\t"..., 4096) = 4096
write(1, "_n_chars + 1] = YY_END_OF_BUFFER"..., 4096) = 4096
write(1, ";\n\n\tif ( c == '\\n' )\n\t\t++yylinen"..., 4096) = 4096
write(1, " of EOB's */\n\tb->yy_buf_pos = b-"..., 4096) = 4096
write(1, "d deal with argument conversions"..., 350) = 350
exit_group(0)                           = ?
