execve("../source/flex.exe.static", ["../source/flex.exe.static", "error", "-Crm", "../inputs/in.ch"], [/* 43 vars */]) = 0
uname({sys="Linux", node="xmenxk-OptiPlex-7010", ...}) = 0
brk(0)                                  = 0x24b9000
brk(0x24ba1c0)                          = 0x24ba1c0
arch_prctl(ARCH_SET_FS, 0x24b9880)      = 0
brk(0x24db1c0)                          = 0x24db1c0
brk(0x24dc000)                          = 0x24dc000
open("error", O_WRONLY|O_CREAT|O_TRUNC, 0666) = 3
open("../inputs/in.ch", O_RDONLY)       = 4
brk(0x24fd000)                          = 0x24fd000
ioctl(4, SNDCTL_TMR_TIMEBASE or TCGETS, 0x7fffe91796b8) = -1 ENOTTY (Inappropriate ioctl for device)
fstat(4, {st_mode=S_IFREG|0640, st_size=357, ...}) = 0
mmap(NULL, 4096, PROT_READ|PROT_WRITE, MAP_PRIVATE|MAP_ANONYMOUS, -1, 0) = 0x7f50fa2c2000
read(4, "%%\n\nxyz\"++\"\t\tprintf(\"Match chara"..., 8192) = 357
read(4, "", 4096)                       = 0
open("lex.yy.c", O_WRONLY|O_CREAT|O_TRUNC, 0666) = 5
dup3(5, 1, 0)                           = 1
close(5)                                = 0
fstat(1, {st_mode=S_IFREG|0664, st_size=0, ...}) = 0
mmap(NULL, 4096, PROT_READ|PROT_WRITE, MAP_PRIVATE|MAP_ANONYMOUS, -1, 0) = 0x7f50fa2c1000
write(1, "/* A lexical scanner generated b"..., 4096) = 4096
read(4, "", 8192)                       = 0
ioctl(4, SNDCTL_TMR_TIMEBASE or TCGETS, 0x7fffe9179678) = -1 ENOTTY (Inappropriate ioctl for device)
write(1, "\t * instead of fread(), to make "..., 4096) = 4096
write(1, "1,    1,    1,\n        1,    1, "..., 4096) = 4096
write(1, "   24,   24,   24,   24,   24,  "..., 4096) = 4096
write(1, "24,   24,   24,   24,   24,   24"..., 4096) = 4096
write(1, "e_type yy_current_state;\n\tregist"..., 4096) = 4096
write(1, "yy_current_state = yy_get_previo"..., 4096) = 4096
write(1, "om in for 2 EOB chars. */\n\t\t\t\t\ty"..., 4096) = 4096
write(1, "hen it's a\n\t\t * valid NUL; if no"..., 4096) = 4096
write(1, " : 0;\n#endif\n#endif\n\t}\n\n\n#ifdef "..., 4096) = 4096
write(1, " '\\0'; \\\n\t\tyyleng = n; \\\n\t\t} \\\n\t"..., 1532) = 1532
exit_group(0)                           = ?
