execve("../source/flex.exe.static", ["../source/flex.exe.static", "error", "-Crm", "../inputs/in.exp"], [/* 43 vars */]) = 0
uname({sys="Linux", node="xmenxk-OptiPlex-7010", ...}) = 0
brk(0)                                  = 0x947000
brk(0x9481c0)                           = 0x9481c0
arch_prctl(ARCH_SET_FS, 0x947880)       = 0
brk(0x9691c0)                           = 0x9691c0
brk(0x96a000)                           = 0x96a000
open("error", O_WRONLY|O_CREAT|O_TRUNC, 0666) = 3
open("../inputs/in.exp", O_RDONLY)      = 4
brk(0x98b000)                           = 0x98b000
ioctl(4, SNDCTL_TMR_TIMEBASE or TCGETS, 0x7fff26be0e98) = -1 ENOTTY (Inappropriate ioctl for device)
fstat(4, {st_mode=S_IFREG|0640, st_size=290, ...}) = 0
mmap(NULL, 4096, PROT_READ|PROT_WRITE, MAP_PRIVATE|MAP_ANONYMOUS, -1, 0) = 0x7f766f449000
read(4, "%%\n(r)\t\tprintf(\"Match an r: %s\\n"..., 8192) = 290
read(4, "", 4096)                       = 0
open("lex.yy.c", O_WRONLY|O_CREAT|O_TRUNC, 0666) = 5
dup3(5, 1, 0)                           = 1
close(5)                                = 0
fstat(1, {st_mode=S_IFREG|0664, st_size=0, ...}) = 0
mmap(NULL, 4096, PROT_READ|PROT_WRITE, MAP_PRIVATE|MAP_ANONYMOUS, -1, 0) = 0x7f766f448000
write(1, "/* A lexical scanner generated b"..., 4096) = 4096
read(4, "", 8192)                       = 0
ioctl(4, SNDCTL_TMR_TIMEBASE or TCGETS, 0x7fff26be0e58) = -1 ENOTTY (Inappropriate ioctl for device)
write(1, "\t * instead of fread(), to make "..., 4096) = 4096
write(1, "1,    1,    1,    1,    1,\n     "..., 4096) = 4096
write(1, "   26,   26,\n\n       26,   26,  "..., 4096) = 4096
write(1, "f\n#endif\n\n#ifndef YY_NO_UNPUT\nst"..., 4096) = 4096
write(1, "signed int) yy_c];\n\t\t\t\t}\n\t\t\tyy_c"..., 4096) = 4096
write(1, " up\n\t\t\t\t\t * yytext, we can now s"..., 4096) = 4096
write(1, "\t\t}\n\t\t}\n\n\telse\n\t\tret_val = EOB_A"..., 4096) = 4096
write(1, " )\n\t\t\t\t\t\tYY_NEW_FILE;\n#ifdef __c"..., 4096) = 4096
write(1, "    base[size-2] != YY_END_OF_BU"..., 4096) = 4096
write(1, "void *yy_flex_realloc( ptr, size"..., 699) = 699
exit_group(0)                           = ?
