execve("../source/flex.exe.static", ["../source/flex.exe.static", "error", "-l", "-Cr", "../inputs/in.ch_exp_1"], [/* 43 vars */]) = 0
uname({sys="Linux", node="xmenxk-OptiPlex-7010", ...}) = 0
brk(0)                                  = 0x19e3000
brk(0x19e41c0)                          = 0x19e41c0
arch_prctl(ARCH_SET_FS, 0x19e3880)      = 0
brk(0x1a051c0)                          = 0x1a051c0
brk(0x1a06000)                          = 0x1a06000
open("error", O_WRONLY|O_CREAT|O_TRUNC, 0666) = 3
open("../inputs/in.ch_exp_1", O_RDONLY) = 4
brk(0x1a27000)                          = 0x1a27000
ioctl(4, SNDCTL_TMR_TIMEBASE or TCGETS, 0x7fffc84176b8) = -1 ENOTTY (Inappropriate ioctl for device)
fstat(4, {st_mode=S_IFREG|0640, st_size=70, ...}) = 0
mmap(NULL, 4096, PROT_READ|PROT_WRITE, MAP_PRIVATE|MAP_ANONYMOUS, -1, 0) = 0x7fe1b6a5a000
read(4, "%%\n\nfoo|bar*\tprintf(\"foo or ba(z"..., 8192) = 70
read(4, "", 4096)                       = 0
open("lex.yy.c", O_WRONLY|O_CREAT|O_TRUNC, 0666) = 5
dup3(5, 1, 0)                           = 1
close(5)                                = 0
fstat(1, {st_mode=S_IFREG|0664, st_size=0, ...}) = 0
mmap(NULL, 4096, PROT_READ|PROT_WRITE, MAP_PRIVATE|MAP_ANONYMOUS, -1, 0) = 0x7fe1b6a59000
write(1, "/* A lexical scanner generated b"..., 4096) = 4096
read(4, "", 8192)                       = 0
ioctl(4, SNDCTL_TMR_TIMEBASE or TCGETS, 0x7fffc8417678) = -1 ENOTTY (Inappropriate ioctl for device)
write(1, "\t * instead of fread(), to make "..., 4096) = 4096
write(1, "_END_OF_BUFFER 3\nstatic yyconst "..., 4096) = 4096
write(1, ",   11,   11,\n       11,   11,  "..., 4096) = 4096
write(1, " 11,   11,   11,   11,\n       11"..., 4096) = 4096
write(1, "minate() return YY_NULL\n#endif\n\n"..., 4096) = 4096
write(1, "es make transitions on EOB to th"..., 4096) = 4096
write(1, "nt_buffer;\n\n\t\t\tint yy_c_buf_p_of"..., 4096) = 4096
write(1, "buf_p now points to the characte"..., 4096) = 4096
write(1, "active = 1;\n#else\n#if YY_NEVER_I"..., 4096) = 4096
write(1, "setting up yytext. */ \\\n\t\tyytext"..., 1673) = 1673
exit_group(0)                           = ?
