execve("../source/flex.exe.static", ["../source/flex.exe.static", "error", "-l", "-Cr", "../inputs/in.closure"], [/* 43 vars */]) = 0
uname({sys="Linux", node="xmenxk-OptiPlex-7010", ...}) = 0
brk(0)                                  = 0xee8000
brk(0xee91c0)                           = 0xee91c0
arch_prctl(ARCH_SET_FS, 0xee8880)       = 0
brk(0xf0a1c0)                           = 0xf0a1c0
brk(0xf0b000)                           = 0xf0b000
open("error", O_WRONLY|O_CREAT|O_TRUNC, 0666) = 3
open("../inputs/in.closure", O_RDONLY)  = 4
brk(0xf2c000)                           = 0xf2c000
ioctl(4, SNDCTL_TMR_TIMEBASE or TCGETS, 0x7fff321a6128) = -1 ENOTTY (Inappropriate ioctl for device)
fstat(4, {st_mode=S_IFREG|0640, st_size=274, ...}) = 0
mmap(NULL, 4096, PROT_READ|PROT_WRITE, MAP_PRIVATE|MAP_ANONYMOUS, -1, 0) = 0x7f3affa69000
read(4, "%%\n\nr*\t\tprintf(\"Zero or more r's"..., 8192) = 274
read(4, "", 4096)                       = 0
open("lex.yy.c", O_WRONLY|O_CREAT|O_TRUNC, 0666) = 5
dup3(5, 1, 0)                           = 1
close(5)                                = 0
fstat(1, {st_mode=S_IFREG|0664, st_size=0, ...}) = 0
mmap(NULL, 4096, PROT_READ|PROT_WRITE, MAP_PRIVATE|MAP_ANONYMOUS, -1, 0) = 0x7f3affa68000
write(1, "/* A lexical scanner generated b"..., 4096) = 4096
read(4, "", 8192)                       = 0
ioctl(4, SNDCTL_TMR_TIMEBASE or TCGETS, 0x7fff321a60e8) = -1 ENOTTY (Inappropriate ioctl for device)
write(1, "\t * instead of fread(), to make "..., 4096) = 4096
write(1, "_END_OF_BUFFER 7\nstatic yyconst "..., 4096) = 4096
write(1, "4,   24,   24,   24,\n       24, "..., 4096) = 4096
write(1, "  24,   24,   24,   24,   24,   "..., 4096) = 4096
write(1, "racters read, or YY_NULL,\n * is "..., 4096) = 4096
write(1, "s\\n\", yytext);\n\tYY_BREAK\ncase 6:"..., 4096) = 4096
write(1, "RROR(\n\t\t\"fatal flex scanner inte"..., 4096) = 4096
write(1, "YY_NO_UNPUT\n#ifdef YY_USE_PROTOS"..., 4096) = 4096
write(1, " size;\n#endif\n\t{\n\tYY_BUFFER_STAT"..., 4096) = 4096
write(1, "_state )\nint new_state;\n#endif\n\t"..., 2950) = 2950
exit_group(0)                           = ?
