execve("../source/flex.exe.static", ["../source/flex.exe.static", "error", "-l", "-Cr", "../inputs/in.exp"], [/* 43 vars */]) = 0
uname({sys="Linux", node="xmenxk-OptiPlex-7010", ...}) = 0
brk(0)                                  = 0x903000
brk(0x9041c0)                           = 0x9041c0
arch_prctl(ARCH_SET_FS, 0x903880)       = 0
brk(0x9251c0)                           = 0x9251c0
brk(0x926000)                           = 0x926000
open("error", O_WRONLY|O_CREAT|O_TRUNC, 0666) = 3
open("../inputs/in.exp", O_RDONLY)      = 4
brk(0x947000)                           = 0x947000
ioctl(4, SNDCTL_TMR_TIMEBASE or TCGETS, 0x7fffbd26ef98) = -1 ENOTTY (Inappropriate ioctl for device)
fstat(4, {st_mode=S_IFREG|0640, st_size=290, ...}) = 0
mmap(NULL, 4096, PROT_READ|PROT_WRITE, MAP_PRIVATE|MAP_ANONYMOUS, -1, 0) = 0x7fca32527000
read(4, "%%\n(r)\t\tprintf(\"Match an r: %s\\n"..., 8192) = 290
read(4, "", 4096)                       = 0
open("lex.yy.c", O_WRONLY|O_CREAT|O_TRUNC, 0666) = 5
dup3(5, 1, 0)                           = 1
close(5)                                = 0
fstat(1, {st_mode=S_IFREG|0664, st_size=0, ...}) = 0
mmap(NULL, 4096, PROT_READ|PROT_WRITE, MAP_PRIVATE|MAP_ANONYMOUS, -1, 0) = 0x7fca32526000
write(1, "/* A lexical scanner generated b"..., 4096) = 4096
read(4, "", 8192)                       = 0
ioctl(4, SNDCTL_TMR_TIMEBASE or TCGETS, 0x7fffbd26ef58) = -1 ENOTTY (Inappropriate ioctl for device)
fstat(3, {st_mode=S_IFREG|0664, st_size=0, ...}) = 0
mmap(NULL, 4096, PROT_READ|PROT_WRITE, MAP_PRIVATE|MAP_ANONYMOUS, -1, 0) = 0x7fca32525000
write(1, "\t * instead of fread(), to make "..., 4096) = 4096
write(1, "_END_OF_BUFFER 8\nstatic yyconst "..., 4096) = 4096
write(1, "6,   26,   26,   26,   26,   26,"..., 4096) = 4096
write(1, "   26,   26,   26,   26,\n       "..., 4096) = 4096
write(1, "to the standard output. */\n\n#ifn"..., 4096) = 4096
write(1, "e_ptr;\n\t\t\t\t\tyy_full_lp = yy_lp;\n"..., 4096) = 4096
write(1, "hed_text;\n\n\t\t\t\tyy_current_state "..., 4096) = 4096
write(1, "\n\tyy_state_ptr = yy_state_buf;\n\t"..., 4096) = 4096
write(1, "YY_USE_PROTOS\nvoid yy_switch_to_"..., 4096) = 4096
write(1, "R_STATE yy_scan_string( yyconst "..., 4093) = 4093
write(3, "\"../inputs/in.exp\", line 7: warn"..., 64) = 64
exit_group(0)                           = ?
