execve("../source/flex.exe.static", ["../source/flex.exe.static", "error", "-df", "-Cre", "../inputs/in.reject"], [/* 43 vars */]) = 0
uname({sys="Linux", node="xmenxk-OptiPlex-7010", ...}) = 0
brk(0)                                  = 0x1966000
brk(0x19671c0)                          = 0x19671c0
arch_prctl(ARCH_SET_FS, 0x1966880)      = 0
brk(0x19881c0)                          = 0x19881c0
brk(0x1989000)                          = 0x1989000
open("error", O_WRONLY|O_CREAT|O_TRUNC, 0666) = 3
open("../inputs/in.reject", O_RDONLY)   = 4
brk(0x19aa000)                          = 0x19aa000
ioctl(4, SNDCTL_TMR_TIMEBASE or TCGETS, 0x7fff72e17b18) = -1 ENOTTY (Inappropriate ioctl for device)
fstat(4, {st_mode=S_IFREG|0640, st_size=139, ...}) = 0
mmap(NULL, 4096, PROT_READ|PROT_WRITE, MAP_PRIVATE|MAP_ANONYMOUS, -1, 0) = 0x7fbfdcb73000
read(4, "\tint\tword_count = 0;\n\n%%\n\nfrob\t\t"..., 8192) = 139
read(4, "", 4096)                       = 0
open("lex.yy.c", O_WRONLY|O_CREAT|O_TRUNC, 0666) = 5
dup3(5, 1, 0)                           = 1
close(5)                                = 0
fstat(1, {st_mode=S_IFREG|0664, st_size=0, ...}) = 0
mmap(NULL, 4096, PROT_READ|PROT_WRITE, MAP_PRIVATE|MAP_ANONYMOUS, -1, 0) = 0x7fbfdcb72000
write(1, "/* A lexical scanner generated b"..., 4096) = 4096
write(1, "\t * instead of fread(), to make "..., 4096) = 4096
write(1, "10,\n       12,   12\n    } ;\n\nsta"..., 4096) = 4096
write(1, "state YY_PROTO(( void ));\n#endif"..., 4096) = 4096
write(1, "if ( yy_act == 3 )\n\t\t\t\tfprintf( "..., 4096) = 4096
write(1, "uffer\n *\n * Returns a code repre"..., 4096) = 4096
write(1, " YY_USE_PROTOS\nstatic yy_state_t"..., 4096) = 4096
write(1, " is after yywrap() is called, so"..., 4096) = 4096
read(4, "", 8192)                       = 0
ioctl(4, SNDCTL_TMR_TIMEBASE or TCGETS, 0x7fff72e18048) = -1 ENOTTY (Inappropriate ioctl for device)
write(1, "\n\tif ( ! buf )\n\t\tYY_FATAL_ERROR("..., 3561) = 3561
exit_group(0)                           = ?
