execve("../source/flex.exe.static", ["../source/flex.exe.static", "error", "-l", "-Cr", "../inputs/in.0"], [/* 43 vars */]) = 0
uname({sys="Linux", node="xmenxk-OptiPlex-7010", ...}) = 0
brk(0)                                  = 0x10e1000
brk(0x10e21c0)                          = 0x10e21c0
arch_prctl(ARCH_SET_FS, 0x10e1880)      = 0
brk(0x11031c0)                          = 0x11031c0
brk(0x1104000)                          = 0x1104000
open("error", O_WRONLY|O_CREAT|O_TRUNC, 0666) = 3
open("../inputs/in.0", O_RDONLY)        = 4
brk(0x1125000)                          = 0x1125000
ioctl(4, SNDCTL_TMR_TIMEBASE or TCGETS, 0x7fff2fe01dd8) = -1 ENOTTY (Inappropriate ioctl for device)
fstat(4, {st_mode=S_IFREG|0640, st_size=792, ...}) = 0
mmap(NULL, 4096, PROT_READ|PROT_WRITE, MAP_PRIVATE|MAP_ANONYMOUS, -1, 0) = 0x7ff7b6598000
read(4, "/* scanner for a toy Pascal-like"..., 8192) = 792
read(4, "", 4096)                       = 0
open("lex.yy.c", O_WRONLY|O_CREAT|O_TRUNC, 0666) = 5
dup3(5, 1, 0)                           = 1
close(5)                                = 0
fstat(1, {st_mode=S_IFREG|0664, st_size=0, ...}) = 0
mmap(NULL, 4096, PROT_READ|PROT_WRITE, MAP_PRIVATE|MAP_ANONYMOUS, -1, 0) = 0x7ff7b6597000
write(1, "/* A lexical scanner generated b"..., 4096) = 4096
write(1, "\t * instead of fread(), to make "..., 4096) = 4096
write(1, "_END_OF_BUFFER 10\nstatic yyconst"..., 4096) = 4096
write(1, "20,   20,\n       20,   20,   20,"..., 4096) = 4096
write(1, "39,   20,   20,\n       20,   20,"..., 4096) = 4096
write(1, "7,   27,   27,   27,\n       27, "..., 4096) = 4096
write(1, ",\n       11,   11,   11,   11,  "..., 4096) = 4096
write(1, "   33,\n       33,   33,   33,   "..., 4096) = 4096
write(1, "  45,   45,\n\n       45,   45,   "..., 4096) = 4096
write(1, "\n#define yymore() (yy_more_offse"..., 4096) = 4096
write(1, "Y_USER_INIT\n\t\tYY_USER_INIT;\n#end"..., 4096) = 4096
write(1, "y_c_buf_p = yytext_ptr + yy_amou"..., 4096) = 4096
write(1, "ze *= 2;\n\n\t\t\t\tb->yy_ch_buf = (ch"..., 4096) = 4096
write(1, "/* This was really a NUL. */\n\t\t\t"..., 4096) = 4096
write(1, "( b )\nYY_BUFFER_STATE b;\n#endif\n"..., 4096) = 4096
read(4, "", 8192)                       = 0
ioctl(4, SNDCTL_TMR_TIMEBASE or TCGETS, 0x7fff2fe02308) = -1 ENOTTY (Inappropriate ioctl for device)
write(1, "ROTOS\nstatic void yy_flex_strncp"..., 1590) = 1590
exit_group(0)                           = ?
