execve("../source/flex.exe.static", ["../source/flex.exe.static", "error", "-Cr", "../inputs/in.ch"], [/* 43 vars */]) = 0
uname({sys="Linux", node="xmenxk-OptiPlex-7010", ...}) = 0
brk(0)                                  = 0x1176000
brk(0x11771c0)                          = 0x11771c0
arch_prctl(ARCH_SET_FS, 0x1176880)      = 0
brk(0x11981c0)                          = 0x11981c0
brk(0x1199000)                          = 0x1199000
open("error", O_WRONLY|O_CREAT|O_TRUNC, 0666) = 3
open("../inputs/in.ch", O_RDONLY)       = 4
brk(0x11ba000)                          = 0x11ba000
ioctl(4, SNDCTL_TMR_TIMEBASE or TCGETS, 0x7fff0e7c2808) = -1 ENOTTY (Inappropriate ioctl for device)
fstat(4, {st_mode=S_IFREG|0640, st_size=357, ...}) = 0
mmap(NULL, 4096, PROT_READ|PROT_WRITE, MAP_PRIVATE|MAP_ANONYMOUS, -1, 0) = 0x7fdae83e7000
read(4, "%%\n\nxyz\"++\"\t\tprintf(\"Match chara"..., 8192) = 357
read(4, "", 4096)                       = 0
open("lex.yy.c", O_WRONLY|O_CREAT|O_TRUNC, 0666) = 5
dup3(5, 1, 0)                           = 1
close(5)                                = 0
fstat(1, {st_mode=S_IFREG|0664, st_size=0, ...}) = 0
mmap(NULL, 4096, PROT_READ|PROT_WRITE, MAP_PRIVATE|MAP_ANONYMOUS, -1, 0) = 0x7fdae83e6000
write(1, "/* A lexical scanner generated b"..., 4096) = 4096
read(4, "", 8192)                       = 0
ioctl(4, SNDCTL_TMR_TIMEBASE or TCGETS, 0x7fff0e7c27c8) = -1 ENOTTY (Inappropriate ioctl for device)
write(1, "\t * instead of fread(), to make "..., 4096) = 4096
write(1, ",   39,  491,    5,\n      491,  "..., 4096) = 4096
write(1, ",   24,   24,\n       24,   24,  "..., 4096) = 4096
write(1, " 25,   25,   25,   25,   25,   2"..., 4096) = 4096
write(1, "AD_BUF_SIZE\n#define YY_READ_BUF_"..., 4096) = 4096
write(1, "\"../inputs/in.ch\"\nECHO;\n\tYY_BREA"..., 4096) = 4096
write(1, ");\n\n\tif ( yy_current_buffer->yy_"..., 4096) = 4096
write(1, "y_is_jam = (yy_current_state == "..., 4096) = 4096
write(1, "file, size )\nFILE *file;\nint siz"..., 4096) = 4096
write(1, "atic void yy_push_state( new_sta"..., 2973) = 2973
exit_group(0)                           = ?
