execve("../source/flex.exe.static", ["../source/flex.exe.static", "error", "-Cr", "../inputs/in.exp"], [/* 43 vars */]) = 0
uname({sys="Linux", node="xmenxk-OptiPlex-7010", ...}) = 0
brk(0)                                  = 0x185f000
brk(0x18601c0)                          = 0x18601c0
arch_prctl(ARCH_SET_FS, 0x185f880)      = 0
brk(0x18811c0)                          = 0x18811c0
brk(0x1882000)                          = 0x1882000
open("error", O_WRONLY|O_CREAT|O_TRUNC, 0666) = 3
open("../inputs/in.exp", O_RDONLY)      = 4
brk(0x18a3000)                          = 0x18a3000
ioctl(4, SNDCTL_TMR_TIMEBASE or TCGETS, 0x7fffb0e0cb28) = -1 ENOTTY (Inappropriate ioctl for device)
fstat(4, {st_mode=S_IFREG|0640, st_size=290, ...}) = 0
mmap(NULL, 4096, PROT_READ|PROT_WRITE, MAP_PRIVATE|MAP_ANONYMOUS, -1, 0) = 0x7fedaa7f6000
read(4, "%%\n(r)\t\tprintf(\"Match an r: %s\\n"..., 8192) = 290
read(4, "", 4096)                       = 0
open("lex.yy.c", O_WRONLY|O_CREAT|O_TRUNC, 0666) = 5
dup3(5, 1, 0)                           = 1
close(5)                                = 0
fstat(1, {st_mode=S_IFREG|0664, st_size=0, ...}) = 0
mmap(NULL, 4096, PROT_READ|PROT_WRITE, MAP_PRIVATE|MAP_ANONYMOUS, -1, 0) = 0x7fedaa7f5000
write(1, "/* A lexical scanner generated b"..., 4096) = 4096
read(4, "", 8192)                       = 0
ioctl(4, SNDCTL_TMR_TIMEBASE or TCGETS, 0x7fffb0e0cae8) = -1 ENOTTY (Inappropriate ioctl for device)
write(1, "\t * instead of fread(), to make "..., 4096) = 4096
write(1, ",  121,   31,   28,  390,  390,\n"..., 4096) = 4096
write(1, ",   26,   26,   26,   26,   26, "..., 4096) = 4096
write(1, "  26,   26,   26,   26,\n       2"..., 4096) = 4096
write(1, "id ))\n#endif\n\n/* Code executed a"..., 4096) = 4096
write(1, "nt_buffer->yy_input_file = yyin;"..., 4096) = 4096
write(1, "ove - 1;\n\n\t\twhile ( num_to_read "..., 4096) = 4096
write(1, "\t\tyy_n_chars = yy_current_buffer"..., 4096) = 4096
write(1, "s_our_buffer )\n\t\tyy_flex_free( ("..., 4096) = 4096
write(1, "t yy_top_state()\n\t{\n\treturn yy_s"..., 2140) = 2140
exit_group(0)                           = ?
