execve("../source/flex.exe.static", ["../source/flex.exe.static", "error", "-f", "-Cae", "../inputs/in.ch"], [/* 43 vars */]) = 0
uname({sys="Linux", node="xmenxk-OptiPlex-7010", ...}) = 0
brk(0)                                  = 0x1057000
brk(0x10581c0)                          = 0x10581c0
arch_prctl(ARCH_SET_FS, 0x1057880)      = 0
brk(0x10791c0)                          = 0x10791c0
brk(0x107a000)                          = 0x107a000
open("error", O_WRONLY|O_CREAT|O_TRUNC, 0666) = 3
open("../inputs/in.ch", O_RDONLY)       = 4
brk(0x109b000)                          = 0x109b000
ioctl(4, SNDCTL_TMR_TIMEBASE or TCGETS, 0x7fff4debaae8) = -1 ENOTTY (Inappropriate ioctl for device)
fstat(4, {st_mode=S_IFREG|0640, st_size=357, ...}) = 0
mmap(NULL, 4096, PROT_READ|PROT_WRITE, MAP_PRIVATE|MAP_ANONYMOUS, -1, 0) = 0x7f2b82f58000
read(4, "%%\n\nxyz\"++\"\t\tprintf(\"Match chara"..., 8192) = 357
read(4, "", 4096)                       = 0
open("lex.yy.c", O_WRONLY|O_CREAT|O_TRUNC, 0666) = 5
dup3(5, 1, 0)                           = 1
close(5)                                = 0
fstat(1, {st_mode=S_IFREG|0664, st_size=0, ...}) = 0
mmap(NULL, 4096, PROT_READ|PROT_WRITE, MAP_PRIVATE|MAP_ANONYMOUS, -1, 0) = 0x7f2b82f57000
write(1, "/* A lexical scanner generated b"..., 4096) = 4096
read(4, "", 8192)                       = 0
ioctl(4, SNDCTL_TMR_TIMEBASE or TCGETS, 0x7fff4debaaa8) = -1 ENOTTY (Inappropriate ioctl for device)
write(1, "\t * instead of fread(), to make "..., 4096) = 4096
write(1, "   1,    2,\n        1,    1,    "..., 4096) = 4096
write(1, "\n#ifndef YY_NO_TOP_STATE\nstatic "..., 4096) = 4096
write(1, "puts/in.ch\"\nprintf(\"Character cl"..., 4096) = 4096
write(1, " yy_get_next_buffer - try to rea"..., 4096) = 4096
write(1, "opsis\n *\tnext_state = yy_try_NUL"..., 4096) = 4096
write(1, "buffer;\n\tyy_load_buffer_state();"..., 4096) = 4096
write(1, "UFFER_STATE b;\n\tchar *buf;\n\tyy_s"..., 3661) = 3661
exit_group(0)                           = ?
