execve("../source/flex.exe.static", ["../source/flex.exe.static", "error", "-f", "-Cae", "../inputs/in.ch_exp_1"], [/* 43 vars */]) = 0
uname({sys="Linux", node="xmenxk-OptiPlex-7010", ...}) = 0
brk(0)                                  = 0xee7000
brk(0xee81c0)                           = 0xee81c0
arch_prctl(ARCH_SET_FS, 0xee7880)       = 0
brk(0xf091c0)                           = 0xf091c0
brk(0xf0a000)                           = 0xf0a000
open("error", O_WRONLY|O_CREAT|O_TRUNC, 0666) = 3
open("../inputs/in.ch_exp_1", O_RDONLY) = 4
brk(0xf2b000)                           = 0xf2b000
ioctl(4, SNDCTL_TMR_TIMEBASE or TCGETS, 0x7fff3abf9468) = -1 ENOTTY (Inappropriate ioctl for device)
fstat(4, {st_mode=S_IFREG|0640, st_size=70, ...}) = 0
mmap(NULL, 4096, PROT_READ|PROT_WRITE, MAP_PRIVATE|MAP_ANONYMOUS, -1, 0) = 0x7f1ec7e94000
read(4, "%%\n\nfoo|bar*\tprintf(\"foo or ba(z"..., 8192) = 70
read(4, "", 4096)                       = 0
open("lex.yy.c", O_WRONLY|O_CREAT|O_TRUNC, 0666) = 5
dup3(5, 1, 0)                           = 1
close(5)                                = 0
fstat(1, {st_mode=S_IFREG|0664, st_size=0, ...}) = 0
mmap(NULL, 4096, PROT_READ|PROT_WRITE, MAP_PRIVATE|MAP_ANONYMOUS, -1, 0) = 0x7f1ec7e93000
write(1, "/* A lexical scanner generated b"..., 4096) = 4096
read(4, "", 8192)                       = 0
ioctl(4, SNDCTL_TMR_TIMEBASE or TCGETS, 0x7fff3abf9428) = -1 ENOTTY (Inappropriate ioctl for device)
write(1, "\t * instead of fread(), to make "..., 4096) = 4096
write(1, "  1,    1,    1,    1,    1,    "..., 4096) = 4096
write(1, "f\n#endif\n\n/* Amount of stuff to "..., 4096) = 4096
write(1, "nning a new file or input source"..., 4096) = 4096
write(1, "re data. */\n\n\t/* First move last"..., 4096) = 4096
write(1, "o effects of setting up yytext *"..., 4096) = 4096
write(1, " size given because\n\t * we need "..., 4096) = 4096
write(1, "lex_alloc( new_size );\n\n\t\telse\n\t"..., 2682) = 2682
exit_group(0)                           = ?
