execve("../source/flex.exe.static", ["../source/flex.exe.static", "error", "-df", "-Cre", "../inputs/in.unput"], [/* 43 vars */]) = 0
uname({sys="Linux", node="xmenxk-OptiPlex-7010", ...}) = 0
brk(0)                                  = 0x1510000
brk(0x15111c0)                          = 0x15111c0
arch_prctl(ARCH_SET_FS, 0x1510880)      = 0
brk(0x15321c0)                          = 0x15321c0
brk(0x1533000)                          = 0x1533000
open("error", O_WRONLY|O_CREAT|O_TRUNC, 0666) = 3
open("../inputs/in.unput", O_RDONLY)    = 4
brk(0x1554000)                          = 0x1554000
ioctl(4, SNDCTL_TMR_TIMEBASE or TCGETS, 0x7ffffa9ae2e8) = -1 ENOTTY (Inappropriate ioctl for device)
fstat(4, {st_mode=S_IFREG|0640, st_size=142, ...}) = 0
mmap(NULL, 4096, PROT_READ|PROT_WRITE, MAP_PRIVATE|MAP_ANONYMOUS, -1, 0) = 0x7fc47e3dd000
read(4, "%%\n\n\"abc\"\t{\nint i;\nchar *yycopy "..., 8192) = 142
read(4, "", 4096)                       = 0
open("lex.yy.c", O_WRONLY|O_CREAT|O_TRUNC, 0666) = 5
dup3(5, 1, 0)                           = 1
close(5)                                = 0
fstat(1, {st_mode=S_IFREG|0664, st_size=0, ...}) = 0
mmap(NULL, 4096, PROT_READ|PROT_WRITE, MAP_PRIVATE|MAP_ANONYMOUS, -1, 0) = 0x7fc47e3dc000
write(1, "/* A lexical scanner generated b"..., 4096) = 4096
read(4, "", 8192)                       = 0
ioctl(4, SNDCTL_TMR_TIMEBASE or TCGETS, 0x7ffffa9ae2a8) = -1 ENOTTY (Inappropriate ioctl for device)
write(1, "\t * instead of fread(), to make "..., 4096) = 4096
write(1, "  1,    1,\n        1,    1,    1"..., 4096) = 4096
write(1, "each read. */\n#ifndef YY_READ_BU"..., 4096) = 4096
write(1, "\nunput('(');\nfree(yycopy);\n}\n\tYY"..., 4096) = 4096
write(1, "FATAL_ERROR(\n\t\t\"fatal flex scann"..., 4096) = 4096
write(1, "}\n\twhile ( yy_chk[yy_base[yy_cur"..., 4096) = 4096
write(1, "buffer->yy_buf_pos;\n\tyyin = yy_c"..., 4096) = 4096
write(1, "this buffer, and we should throw"..., 3191) = 3191
exit_group(0)                           = ?
