execve("../source/flex.exe.static", ["../source/flex.exe.static", "error", "-f", "-Ce", "../inputs/in.ch_exp_1"], [/* 43 vars */]) = 0
uname({sys="Linux", node="xmenxk-OptiPlex-7010", ...}) = 0
brk(0)                                  = 0xa1f000
brk(0xa201c0)                           = 0xa201c0
arch_prctl(ARCH_SET_FS, 0xa1f880)       = 0
brk(0xa411c0)                           = 0xa411c0
brk(0xa42000)                           = 0xa42000
open("error", O_WRONLY|O_CREAT|O_TRUNC, 0666) = 3
open("../inputs/in.ch_exp_1", O_RDONLY) = 4
brk(0xa63000)                           = 0xa63000
ioctl(4, SNDCTL_TMR_TIMEBASE or TCGETS, 0x7fff0cbe9af8) = -1 ENOTTY (Inappropriate ioctl for device)
fstat(4, {st_mode=S_IFREG|0640, st_size=70, ...}) = 0
mmap(NULL, 4096, PROT_READ|PROT_WRITE, MAP_PRIVATE|MAP_ANONYMOUS, -1, 0) = 0x7fed618db000
read(4, "%%\n\nfoo|bar*\tprintf(\"foo or ba(z"..., 8192) = 70
read(4, "", 4096)                       = 0
open("lex.yy.c", O_WRONLY|O_CREAT|O_TRUNC, 0666) = 5
dup3(5, 1, 0)                           = 1
close(5)                                = 0
fstat(1, {st_mode=S_IFREG|0664, st_size=0, ...}) = 0
mmap(NULL, 4096, PROT_READ|PROT_WRITE, MAP_PRIVATE|MAP_ANONYMOUS, -1, 0) = 0x7fed618da000
write(1, "/* A lexical scanner generated b"..., 4096) = 4096
read(4, "", 8192)                       = 0
ioctl(4, SNDCTL_TMR_TIMEBASE or TCGETS, 0x7fff0cbe9ab8) = -1 ENOTTY (Inappropriate ioctl for device)
write(1, "\t * instead of fread(), to make "..., 4096) = 4096
write(1, "   1,    1,    1,    1,    1,   "..., 4096) = 4096
write(1, "#endif\n#endif\n\n/* Amount of stuf"..., 4096) = 4096
write(1, "e scanning a new file or input s"..., 4096) = 4096
write(1, "ad more data. */\n\n\t/* First move"..., 4096) = 4096
write(1, "* undo effects of setting up yyt"..., 4096) = 4096
write(1, "n the size given because\n\t * we "..., 4096) = 4096
write(1, " yy_flex_alloc( new_size );\n\n\t\te"..., 2687) = 2687
exit_group(0)                           = ?
