execve("../source/flex.exe.static", ["../source/flex.exe.static", "error", "-df", "-Cr", "../inputs/in.yyless"], [/* 43 vars */]) = 0
uname({sys="Linux", node="xmenxk-OptiPlex-7010", ...}) = 0
brk(0)                                  = 0xf8f000
brk(0xf901c0)                           = 0xf901c0
arch_prctl(ARCH_SET_FS, 0xf8f880)       = 0
brk(0xfb11c0)                           = 0xfb11c0
brk(0xfb2000)                           = 0xfb2000
open("error", O_WRONLY|O_CREAT|O_TRUNC, 0666) = 3
open("../inputs/in.yyless", O_RDONLY)   = 4
brk(0xfd3000)                           = 0xfd3000
ioctl(4, SNDCTL_TMR_TIMEBASE or TCGETS, 0x7fff568c45c8) = -1 ENOTTY (Inappropriate ioctl for device)
fstat(4, {st_mode=S_IFREG|0640, st_size=64, ...}) = 0
mmap(NULL, 4096, PROT_READ|PROT_WRITE, MAP_PRIVATE|MAP_ANONYMOUS, -1, 0) = 0x7f1318541000
read(4, "%%\nfoobar\tECHO; yyless(3);\nyyles"..., 8192) = 64
read(4, "", 4096)                       = 0
open("lex.yy.c", O_WRONLY|O_CREAT|O_TRUNC, 0666) = 5
dup3(5, 1, 0)                           = 1
close(5)                                = 0
fstat(1, {st_mode=S_IFREG|0664, st_size=0, ...}) = 0
mmap(NULL, 4096, PROT_READ|PROT_WRITE, MAP_PRIVATE|MAP_ANONYMOUS, -1, 0) = 0x7f1318540000
write(1, "/* A lexical scanner generated b"..., 4096) = 4096
read(4, "", 8192)                       = 0
ioctl(4, SNDCTL_TMR_TIMEBASE or TCGETS, 0x7fff568c4588) = -1 ENOTTY (Inappropriate ioctl for device)
write(1, "\t * instead of fread(), to make "..., 4096) = 4096
write(1, "  104,  130,  156,  182,\n      2"..., 4096) = 4096
write(1, "4,    4,    4,\n        4,    4, "..., 4096) = 4096
write(1, "    5,    6,    6,    6,    6,  "..., 4096) = 4096
write(1, "   19,   19,   19,   19,   19,  "..., 4096) = 4096
write(1, "f,result,max_size) \\\n\tif ( (resu"..., 4096) = 4096
write(1, "rrent_buffer->yy_buffer_status ="..., 4096) = 4096
write(1, " it.\n\t\t\t */\n\t\t\treturn EOB_ACT_LA"..., 4096) = 4096
write(1, " yy_current_buffer->yy_ch_buf + "..., 4096) = 4096
write(1, "*/\n\tb->yy_ch_buf = (char *) yy_f"..., 4096) = 4096
write(1, "oc(\n\t\t\t\t\t(void *) yy_start_stack"..., 2608) = 2608
exit_group(0)                           = ?
