execve("../source/flex.exe.static", ["../source/flex.exe.static", "error", "-f", "-Ce", "../inputs/in.0"], [/* 43 vars */]) = 0
uname({sys="Linux", node="xmenxk-OptiPlex-7010", ...}) = 0
brk(0)                                  = 0xa9f000
brk(0xaa01c0)                           = 0xaa01c0
arch_prctl(ARCH_SET_FS, 0xa9f880)       = 0
brk(0xac11c0)                           = 0xac11c0
brk(0xac2000)                           = 0xac2000
open("error", O_WRONLY|O_CREAT|O_TRUNC, 0666) = 3
open("../inputs/in.0", O_RDONLY)        = 4
brk(0xae3000)                           = 0xae3000
ioctl(4, SNDCTL_TMR_TIMEBASE or TCGETS, 0x7fff9fdc2278) = -1 ENOTTY (Inappropriate ioctl for device)
fstat(4, {st_mode=S_IFREG|0640, st_size=792, ...}) = 0
mmap(NULL, 4096, PROT_READ|PROT_WRITE, MAP_PRIVATE|MAP_ANONYMOUS, -1, 0) = 0x7fc96f6e1000
read(4, "/* scanner for a toy Pascal-like"..., 8192) = 792
read(4, "", 4096)                       = 0
open("lex.yy.c", O_WRONLY|O_CREAT|O_TRUNC, 0666) = 5
dup3(5, 1, 0)                           = 1
close(5)                                = 0
fstat(1, {st_mode=S_IFREG|0664, st_size=0, ...}) = 0
mmap(NULL, 4096, PROT_READ|PROT_WRITE, MAP_PRIVATE|MAP_ANONYMOUS, -1, 0) = 0x7fc96f6e0000
write(1, "/* A lexical scanner generated b"..., 4096) = 4096
write(1, "\t * instead of fread(), to make "..., 4096) = 4096
write(1, "       4,    4,    4,    0\n    }"..., 4096) = 4096
write(1, "6,\n\n       15,   14,   13,   12,"..., 4096) = 4096
write(1, "state */\n\n\t\tif ( ! yyin )\n\t\t\tyyi"..., 4096) = 4096
write(1, " do it\n\t\t\t * for us because it d"..., 4096) = 4096
write(1, "f = 0;\n\n\t\t\tif ( ! b->yy_ch_buf )"..., 4096) = 4096
write(1, "rent_buffer->yy_ch_buf[yy_n_char"..., 4096) = 4096
write(1, "h_buffer( b )\nYY_BUFFER_STATE b;"..., 4096) = 4096
read(4, "", 8192)                       = 0
ioctl(4, SNDCTL_TMR_TIMEBASE or TCGETS, 0x7fff9fdc27a8) = -1 ENOTTY (Inappropriate ioctl for device)
write(1, "YY_USE_PROTOS\nstatic void yy_fle"..., 1598) = 1598
exit_group(0)                           = ?
