execve("../source/flex.exe.static", ["../source/flex.exe.static", "error", "-f", "../inputs/in.closure"], [/* 43 vars */]) = 0
uname({sys="Linux", node="xmenxk-OptiPlex-7010", ...}) = 0
brk(0)                                  = 0x1737000
brk(0x17381c0)                          = 0x17381c0
arch_prctl(ARCH_SET_FS, 0x1737880)      = 0
brk(0x17591c0)                          = 0x17591c0
brk(0x175a000)                          = 0x175a000
open("error", O_WRONLY|O_CREAT|O_TRUNC, 0666) = 3
open("../inputs/in.closure", O_RDONLY)  = 4
brk(0x177b000)                          = 0x177b000
ioctl(4, SNDCTL_TMR_TIMEBASE or TCGETS, 0x7fff7dfdf348) = -1 ENOTTY (Inappropriate ioctl for device)
fstat(4, {st_mode=S_IFREG|0640, st_size=274, ...}) = 0
mmap(NULL, 4096, PROT_READ|PROT_WRITE, MAP_PRIVATE|MAP_ANONYMOUS, -1, 0) = 0x7fd860606000
read(4, "%%\n\nr*\t\tprintf(\"Zero or more r's"..., 8192) = 274
read(4, "", 4096)                       = 0
open("lex.yy.c", O_WRONLY|O_CREAT|O_TRUNC, 0666) = 5
dup3(5, 1, 0)                           = 1
close(5)                                = 0
fstat(1, {st_mode=S_IFREG|0664, st_size=0, ...}) = 0
mmap(NULL, 4096, PROT_READ|PROT_WRITE, MAP_PRIVATE|MAP_ANONYMOUS, -1, 0) = 0x7fd860605000
write(1, "/* A lexical scanner generated b"..., 4096) = 4096
read(4, "", 8192)                       = 0
ioctl(4, SNDCTL_TMR_TIMEBASE or TCGETS, 0x7fff7dfdf308) = -1 ENOTTY (Inappropriate ioctl for device)
write(1, "\t * instead of fread(), to make "..., 4096) = 4096
write(1, "        3,    4,    4,    4,    "..., 4096) = 4096
write(1, "5,   -5,\n       -5,   -5,   -5, "..., 4096) = 4096
write(1, "  -10,  -10,  -10,\n      -10,  -"..., 4096) = 4096
write(1, " -15,  -15,  -15,  -15,  -15,\n  "..., 4096) = 4096
write(1, "20,  -20,  -20,  -20,  -20,  -20"..., 4096) = 4096
write(1, "  0,\n        0,    0,    0,    0"..., 4096) = 4096
write(1, "\n\n\t\t/* yy_bp points to the posit"..., 4096) = 4096
write(1, " returned.\n\t\t\t\t\t */\n\t\t\t\t\tyy_c_bu"..., 4096) = 4096
write(1, " &yy_current_buffer->yy_ch_buf[0"..., 4096) = 4096
write(1, " ( ! yy_current_buffer )\n\t\tyy_cu"..., 4096) = 4096
write(1, "= 1;\n\tb->yy_fill_buffer = 0;\n\tb-"..., 4096) = 4096
write(1, "id *ptr )\n#else\nstatic void yy_f"..., 175) = 175
exit_group(0)                           = ?
