execve("../source/flex.exe.static", ["../source/flex.exe.static", "error", "-Cf", "../inputs/in.exp"], [/* 43 vars */]) = 0
uname({sys="Linux", node="xmenxk-OptiPlex-7010", ...}) = 0
brk(0)                                  = 0xbe1000
brk(0xbe21c0)                           = 0xbe21c0
arch_prctl(ARCH_SET_FS, 0xbe1880)       = 0
brk(0xc031c0)                           = 0xc031c0
brk(0xc04000)                           = 0xc04000
open("error", O_WRONLY|O_CREAT|O_TRUNC, 0666) = 3
open("../inputs/in.exp", O_RDONLY)      = 4
brk(0xc25000)                           = 0xc25000
ioctl(4, SNDCTL_TMR_TIMEBASE or TCGETS, 0x7fffd61cf038) = -1 ENOTTY (Inappropriate ioctl for device)
fstat(4, {st_mode=S_IFREG|0640, st_size=290, ...}) = 0
mmap(NULL, 4096, PROT_READ|PROT_WRITE, MAP_PRIVATE|MAP_ANONYMOUS, -1, 0) = 0x7f870f5d4000
read(4, "%%\n(r)\t\tprintf(\"Match an r: %s\\n"..., 8192) = 290
read(4, "", 4096)                       = 0
open("lex.yy.c", O_WRONLY|O_CREAT|O_TRUNC, 0666) = 5
dup3(5, 1, 0)                           = 1
close(5)                                = 0
fstat(1, {st_mode=S_IFREG|0664, st_size=0, ...}) = 0
mmap(NULL, 4096, PROT_READ|PROT_WRITE, MAP_PRIVATE|MAP_ANONYMOUS, -1, 0) = 0x7f870f5d3000
write(1, "/* A lexical scanner generated b"..., 4096) = 4096
read(4, "", 8192)                       = 0
ioctl(4, SNDCTL_TMR_TIMEBASE or TCGETS, 0x7fffd61ceff8) = -1 ENOTTY (Inappropriate ioctl for device)
write(1, "\t * instead of fread(), to make "..., 4096) = 4096
write(1, "        3,    4,    4,    4,    "..., 4096) = 4096
write(1, "5,   -5,\n       -5,   13,   -5, "..., 4096) = 4096
write(1, "  -10,  -10,  -10,\n      -10,  -"..., 4096) = 4096
write(1, " -15,  -15,  -15,  -15,  -15,\n  "..., 4096) = 4096
write(1, "20,  -20,  -20,  -20,  -20,  -20"..., 4096) = 4096
write(1, ",  -25,  -25,  -25,  -25,  -25, "..., 4096) = 4096
write(1, "->yy_is_interactive ) \\\n\t\t{ \\\n\t\t"..., 4096) = 4096
write(1, " Amount of text matched not incl"..., 4096) = 4096
write(1, "text_ptr - YY_MORE_ADJ == 1 )\n\t\t"..., 4096) = 4096
write(1, "y_bp;\n#endif\n\t{\n\tregister char *"..., 4096) = 4096
write(1, " in yy_create_buffer()\" );\n\n\tb->"..., 4096) = 4096
write(1, "_size = yy_start_stack_depth * s"..., 2782) = 2782
exit_group(0)                           = ?
