execve("../source/flex.exe.static", ["../source/flex.exe.static", "error", "-F", "-Cae", "../inputs/in.0"], [/* 43 vars */]) = 0
uname({sys="Linux", node="xmenxk-OptiPlex-7010", ...}) = 0
brk(0)                                  = 0x1d13000
brk(0x1d141c0)                          = 0x1d141c0
arch_prctl(ARCH_SET_FS, 0x1d13880)      = 0
brk(0x1d351c0)                          = 0x1d351c0
brk(0x1d36000)                          = 0x1d36000
open("error", O_WRONLY|O_CREAT|O_TRUNC, 0666) = 3
open("../inputs/in.0", O_RDONLY)        = 4
brk(0x1d57000)                          = 0x1d57000
ioctl(4, SNDCTL_TMR_TIMEBASE or TCGETS, 0x7fffbb689c68) = -1 ENOTTY (Inappropriate ioctl for device)
fstat(4, {st_mode=S_IFREG|0640, st_size=792, ...}) = 0
mmap(NULL, 4096, PROT_READ|PROT_WRITE, MAP_PRIVATE|MAP_ANONYMOUS, -1, 0) = 0x7f0b2c497000
read(4, "/* scanner for a toy Pascal-like"..., 8192) = 792
read(4, "", 4096)                       = 0
open("lex.yy.c", O_WRONLY|O_CREAT|O_TRUNC, 0666) = 5
dup3(5, 1, 0)                           = 1
close(5)                                = 0
fstat(1, {st_mode=S_IFREG|0664, st_size=0, ...}) = 0
mmap(NULL, 4096, PROT_READ|PROT_WRITE, MAP_PRIVATE|MAP_ANONYMOUS, -1, 0) = 0x7f0b2c496000
write(1, "/* A lexical scanner generated b"..., 4096) = 4096
write(1, "\t * instead of fread(), to make "..., 4096) = 4096
write(1, "68 }, {   9,  70 }, {  10,  72 }"..., 4096) = 4096
write(1, " },\n\n {  10,   0 }, {  11,   0 }"..., 4096) = 4096
write(1, " }, {   0,   0 }, {   9,-290 },\n"..., 4096) = 4096
write(1, ",\n    &yy_transition[3],\n    &yy"..., 4096) = 4096
write(1, "s it into \"buf\".  number of char"..., 4096) = 4096
write(1, ";\n\t\tYY_RESTORE_YY_MORE_OFFSET\n\n\t"..., 4096) = 4096
write(1, " text prior to the EOB, first\n\t\t"..., 4096) = 4096
write(1, "yy_current_buffer->yy_ch_buf + 2"..., 4096) = 4096
write(1, "/\n\tb->yy_ch_buf = (char *) yy_fl"..., 4096) = 4096
read(4, "", 8192)                       = 0
ioctl(4, SNDCTL_TMR_TIMEBASE or TCGETS, 0x7fffbb68a198) = -1 ENOTTY (Inappropriate ioctl for device)
write(1, "c(\n\t\t\t\t\t(void *) yy_start_stack,"..., 2775) = 2775
exit_group(0)                           = ?
