execve("../source/flex.exe.static", ["../source/flex.exe.static", "error", "-F", "-Ca", "../inputs/in.ch"], [/* 43 vars */]) = 0
uname({sys="Linux", node="xmenxk-OptiPlex-7010", ...}) = 0
brk(0)                                  = 0x1731000
brk(0x17321c0)                          = 0x17321c0
arch_prctl(ARCH_SET_FS, 0x1731880)      = 0
brk(0x17531c0)                          = 0x17531c0
brk(0x1754000)                          = 0x1754000
open("error", O_WRONLY|O_CREAT|O_TRUNC, 0666) = 3
open("../inputs/in.ch", O_RDONLY)       = 4
brk(0x1775000)                          = 0x1775000
ioctl(4, SNDCTL_TMR_TIMEBASE or TCGETS, 0x7fff3949d6e8) = -1 ENOTTY (Inappropriate ioctl for device)
fstat(4, {st_mode=S_IFREG|0640, st_size=357, ...}) = 0
mmap(NULL, 4096, PROT_READ|PROT_WRITE, MAP_PRIVATE|MAP_ANONYMOUS, -1, 0) = 0x7f48e03f9000
read(4, "%%\n\nxyz\"++\"\t\tprintf(\"Match chara"..., 8192) = 357
read(4, "", 4096)                       = 0
open("lex.yy.c", O_WRONLY|O_CREAT|O_TRUNC, 0666) = 5
dup3(5, 1, 0)                           = 1
close(5)                                = 0
fstat(1, {st_mode=S_IFREG|0664, st_size=0, ...}) = 0
mmap(NULL, 4096, PROT_READ|PROT_WRITE, MAP_PRIVATE|MAP_ANONYMOUS, -1, 0) = 0x7f48e03f8000
write(1, "/* A lexical scanner generated b"..., 4096) = 4096
read(4, "", 8192)                       = 0
ioctl(4, SNDCTL_TMR_TIMEBASE or TCGETS, 0x7fff3949d6a8) = -1 ENOTTY (Inappropriate ioctl for device)
write(1, "\t * instead of fread(), to make "..., 4096) = 4096
write(1, "9, 260 }, {  10, 262 }, {  11, 2"..., 4096) = 4096
write(1, "0,   5 }, {   0, 130 }, {   0,  "..., 4096) = 4096
write(1, "in NUL's,\n * we now use fwrite()"..., 4096) = 4096
write(1, "_buffer->yy_buffer_status == YY_"..., 4096) = 4096
write(1, "\t\t\t */\n\t\t\treturn EOB_ACT_LAST_MA"..., 4096) = 4096
write(1, "hift things up to make room */\n\t"..., 4096) = 4096
write(1, "_size + 2 );\n\tif ( ! b->yy_ch_bu"..., 4096) = 4096
write(1, "( ! yy_start_stack )\n\t\t\tYY_FATAL"..., 2552) = 2552
exit_group(0)                           = ?
