execve("../source/flex.exe.static", ["../source/flex.exe.static", "error", "-F", "-Ca", "../inputs/in.exp"], [/* 43 vars */]) = 0
uname({sys="Linux", node="xmenxk-OptiPlex-7010", ...}) = 0
brk(0)                                  = 0x2220000
brk(0x22211c0)                          = 0x22211c0
arch_prctl(ARCH_SET_FS, 0x2220880)      = 0
brk(0x22421c0)                          = 0x22421c0
brk(0x2243000)                          = 0x2243000
open("error", O_WRONLY|O_CREAT|O_TRUNC, 0666) = 3
open("../inputs/in.exp", O_RDONLY)      = 4
brk(0x2264000)                          = 0x2264000
ioctl(4, SNDCTL_TMR_TIMEBASE or TCGETS, 0x7fff0d34a878) = -1 ENOTTY (Inappropriate ioctl for device)
fstat(4, {st_mode=S_IFREG|0640, st_size=290, ...}) = 0
mmap(NULL, 4096, PROT_READ|PROT_WRITE, MAP_PRIVATE|MAP_ANONYMOUS, -1, 0) = 0x7f67a0914000
read(4, "%%\n(r)\t\tprintf(\"Match an r: %s\\n"..., 8192) = 290
read(4, "", 4096)                       = 0
open("lex.yy.c", O_WRONLY|O_CREAT|O_TRUNC, 0666) = 5
dup3(5, 1, 0)                           = 1
close(5)                                = 0
fstat(1, {st_mode=S_IFREG|0664, st_size=0, ...}) = 0
mmap(NULL, 4096, PROT_READ|PROT_WRITE, MAP_PRIVATE|MAP_ANONYMOUS, -1, 0) = 0x7f67a0913000
write(1, "/* A lexical scanner generated b"..., 4096) = 4096
read(4, "", 8192)                       = 0
ioctl(4, SNDCTL_TMR_TIMEBASE or TCGETS, 0x7fff0d34a838) = -1 ENOTTY (Inappropriate ioctl for device)
write(1, "\t * instead of fread(), to make "..., 4096) = 4096
write(1, "9, 260 }, {  10, 260 }, {  11, 2"..., 4096) = 4096
write(1, "0,   0 }, {   0, 138 }, {   0,  "..., 4096) = 4096
write(1, " matched to the standard output."..., 4096) = 4096
write(1, "\"End with Z: %s\\n\", yytext);\n\tYY"..., 4096) = 4096
write(1, "AL_ERROR(\n\t\t\"fatal flex scanner "..., 4096) = 4096
write(1, "ng_state = yy_current_state;\n\t\t\t"..., 4096) = 4096
write(1, " yy_create_buffer( FILE *file, i"..., 4096) = 4096
write(1, "USH_STATE\n#ifdef YY_USE_PROTOS\ns"..., 3056) = 3056
exit_group(0)                           = ?
