execve("../source/flex.exe.static", ["../source/flex.exe.static", "error", "-df", "-Cr", "../inputs/in.1"], [/* 43 vars */]) = 0
uname({sys="Linux", node="xmenxk-OptiPlex-7010", ...}) = 0
brk(0)                                  = 0x786000
brk(0x7871c0)                           = 0x7871c0
arch_prctl(ARCH_SET_FS, 0x786880)       = 0
brk(0x7a81c0)                           = 0x7a81c0
brk(0x7a9000)                           = 0x7a9000
open("error", O_WRONLY|O_CREAT|O_TRUNC, 0666) = 3
open("../inputs/in.1", O_RDONLY)        = 4
brk(0x7ca000)                           = 0x7ca000
ioctl(4, SNDCTL_TMR_TIMEBASE or TCGETS, 0x7fff532c8628) = -1 ENOTTY (Inappropriate ioctl for device)
fstat(4, {st_mode=S_IFREG|0640, st_size=180, ...}) = 0
mmap(NULL, 4096, PROT_READ|PROT_WRITE, MAP_PRIVATE|MAP_ANONYMOUS, -1, 0) = 0x7f2558806000
read(4, "\tint num_lines = 0, num_chars = "..., 8192) = 180
read(4, "", 4096)                       = 0
open("lex.yy.c", O_WRONLY|O_CREAT|O_TRUNC, 0666) = 5
dup3(5, 1, 0)                           = 1
close(5)                                = 0
fstat(1, {st_mode=S_IFREG|0664, st_size=0, ...}) = 0
mmap(NULL, 4096, PROT_READ|PROT_WRITE, MAP_PRIVATE|MAP_ANONYMOUS, -1, 0) = 0x7f2558805000
write(1, "/* A lexical scanner generated b"..., 4096) = 4096
write(1, "\t * instead of fread(), to make "..., 4096) = 4096
write(1, "    6,    6,    0,    6\n    } ;\n"..., 4096) = 4096
write(1, ",    7,    7,    7,    7,    7, "..., 4096) = 4096
write(1, "\nstatic int yy_start_stack_ptr ="..., 4096) = 4096
write(1, "cepting rule at line %d (\\\"%s\\\")"..., 4096) = 4096
write(1, "= yytext_ptr + YY_MORE_ADJ;\n\t\t\t\t"..., 4096) = 4096
write(1, "current_state;\n\t\t\t\tyy_last_accep"..., 4096) = 4096
write(1, "buffer->yy_buf_pos = yy_c_buf_p;"..., 4096) = 4096
read(4, "", 8192)                       = 0
ioctl(4, SNDCTL_TMR_TIMEBASE or TCGETS, 0x7fff532c8b58) = -1 ENOTTY (Inappropriate ioctl for device)
write(1, "es, int len )\n#else\nYY_BUFFER_ST"..., 3864) = 3864
exit_group(0)                           = ?
