execve("../source/flex.exe.static", ["../source/flex.exe.static", "error", "-F", "../inputs/in.ch_exp_1"], [/* 43 vars */]) = 0
uname({sys="Linux", node="xmenxk-OptiPlex-7010", ...}) = 0
brk(0)                                  = 0x163f000
brk(0x16401c0)                          = 0x16401c0
arch_prctl(ARCH_SET_FS, 0x163f880)      = 0
brk(0x16611c0)                          = 0x16611c0
brk(0x1662000)                          = 0x1662000
open("error", O_WRONLY|O_CREAT|O_TRUNC, 0666) = 3
open("../inputs/in.ch_exp_1", O_RDONLY) = 4
brk(0x1683000)                          = 0x1683000
ioctl(4, SNDCTL_TMR_TIMEBASE or TCGETS, 0x7fffa83a1888) = -1 ENOTTY (Inappropriate ioctl for device)
fstat(4, {st_mode=S_IFREG|0640, st_size=70, ...}) = 0
mmap(NULL, 4096, PROT_READ|PROT_WRITE, MAP_PRIVATE|MAP_ANONYMOUS, -1, 0) = 0x7f4504e15000
read(4, "%%\n\nfoo|bar*\tprintf(\"foo or ba(z"..., 8192) = 70
read(4, "", 4096)                       = 0
open("lex.yy.c", O_WRONLY|O_CREAT|O_TRUNC, 0666) = 5
dup3(5, 1, 0)                           = 1
close(5)                                = 0
fstat(1, {st_mode=S_IFREG|0664, st_size=0, ...}) = 0
mmap(NULL, 4096, PROT_READ|PROT_WRITE, MAP_PRIVATE|MAP_ANONYMOUS, -1, 0) = 0x7f4504e14000
write(1, "/* A lexical scanner generated b"..., 4096) = 4096
read(4, "", 8192)                       = 0
ioctl(4, SNDCTL_TMR_TIMEBASE or TCGETS, 0x7fffa83a1848) = -1 ENOTTY (Inappropriate ioctl for device)
write(1, "\t * instead of fread(), to make "..., 4096) = 4096
write(1, "  9, 260 }, {  10, 260 }, {  11,"..., 4096) = 4096
write(1, "  0,   0 }, {   0,   0 }, {   0,"..., 4096) = 4096
write(1, "put in flex scanner failed\" );\n#"..., 4096) = 4096
write(1, "d-of-buffer state).  Contrast th"..., 4096) = 4096
write(1, "\t\t(int) (yy_c_buf_p - b->yy_ch_b"..., 4096) = 4096
write(1, "YY_END_OF_BUFFER_CHAR )\n\t\t{\n\t\t/*"..., 4096) = 4096
write(1, "_interactive = 1;\n#else\n#if YY_N"..., 4096) = 4096
write(1, "ts of setting up yytext. */ \\\n\t\t"..., 1679) = 1679
exit_group(0)                           = ?
