execve("../source/flex.exe.static", ["../source/flex.exe.static", "error", "-df", "-Cr", "../inputs/in.2"], [/* 43 vars */]) = 0
uname({sys="Linux", node="xmenxk-OptiPlex-7010", ...}) = 0
brk(0)                                  = 0x83a000
brk(0x83b1c0)                           = 0x83b1c0
arch_prctl(ARCH_SET_FS, 0x83a880)       = 0
brk(0x85c1c0)                           = 0x85c1c0
brk(0x85d000)                           = 0x85d000
open("error", O_WRONLY|O_CREAT|O_TRUNC, 0666) = 3
open("../inputs/in.2", O_RDONLY)        = 4
brk(0x87e000)                           = 0x87e000
ioctl(4, SNDCTL_TMR_TIMEBASE or TCGETS, 0x7fff6ffdbe98) = -1 ENOTTY (Inappropriate ioctl for device)
fstat(4, {st_mode=S_IFREG|0640, st_size=218, ...}) = 0
mmap(NULL, 4096, PROT_READ|PROT_WRITE, MAP_PRIVATE|MAP_ANONYMOUS, -1, 0) = 0x7fa9e2f22000
read(4, "digit [0-9]\ndigits {digit}+\nwhit"..., 8192) = 218
read(4, "", 4096)                       = 0
open("lex.yy.c", O_WRONLY|O_CREAT|O_TRUNC, 0666) = 5
dup3(5, 1, 0)                           = 1
close(5)                                = 0
fstat(1, {st_mode=S_IFREG|0664, st_size=0, ...}) = 0
mmap(NULL, 4096, PROT_READ|PROT_WRITE, MAP_PRIVATE|MAP_ANONYMOUS, -1, 0) = 0x7fa9e2f21000
write(1, "/* A lexical scanner generated b"..., 4096) = 4096
read(4, "", 8192)                       = 0
ioctl(4, SNDCTL_TMR_TIMEBASE or TCGETS, 0x7fff6ffdbe58) = -1 ENOTTY (Inappropriate ioctl for device)
write(1, "\t * instead of fread(), to make "..., 4096) = 4096
write(1, " 391,  391,  391,  391,  391,  3"..., 4096) = 4096
write(1, "       21,   21,   21,   21,   2"..., 4096) = 4096
write(1, "1,   21,   21,   21,   21,   21,"..., 4096) = 4096
write(1, "asily add parameters.\n */\n#ifnde"..., 4096) = 4096
write(1, "= yy_current_buffer->yy_n_chars;"..., 4096) = 4096
write(1, "yy_current_buffer->yy_buf_size -"..., 4096) = 4096
write(1, "_chars =\n\t\t\tyy_n_chars = yy_curr"..., 4096) = 4096
write(1, "d *) b->yy_ch_buf );\n\n\tyy_flex_f"..., 4096) = 4096
write(1, "t_stack[yy_start_stack_ptr - 1];"..., 2104) = 2104
exit_group(0)                           = ?
