execve("../source/flex.exe.static", ["../source/flex.exe.static", "error", "-CF", "../inputs/in.ch"], [/* 43 vars */]) = 0
uname({sys="Linux", node="xmenxk-OptiPlex-7010", ...}) = 0
brk(0)                                  = 0x16ec000
brk(0x16ed1c0)                          = 0x16ed1c0
arch_prctl(ARCH_SET_FS, 0x16ec880)      = 0
brk(0x170e1c0)                          = 0x170e1c0
brk(0x170f000)                          = 0x170f000
open("error", O_WRONLY|O_CREAT|O_TRUNC, 0666) = 3
open("../inputs/in.ch", O_RDONLY)       = 4
brk(0x1730000)                          = 0x1730000
ioctl(4, SNDCTL_TMR_TIMEBASE or TCGETS, 0x7fff4a4cdbe8) = -1 ENOTTY (Inappropriate ioctl for device)
fstat(4, {st_mode=S_IFREG|0640, st_size=357, ...}) = 0
mmap(NULL, 4096, PROT_READ|PROT_WRITE, MAP_PRIVATE|MAP_ANONYMOUS, -1, 0) = 0x7f4fbe115000
read(4, "%%\n\nxyz\"++\"\t\tprintf(\"Match chara"..., 8192) = 357
read(4, "", 4096)                       = 0
open("lex.yy.c", O_WRONLY|O_CREAT|O_TRUNC, 0666) = 5
dup3(5, 1, 0)                           = 1
close(5)                                = 0
fstat(1, {st_mode=S_IFREG|0664, st_size=0, ...}) = 0
mmap(NULL, 4096, PROT_READ|PROT_WRITE, MAP_PRIVATE|MAP_ANONYMOUS, -1, 0) = 0x7f4fbe114000
write(1, "/* A lexical scanner generated b"..., 4096) = 4096
read(4, "", 8192)                       = 0
ioctl(4, SNDCTL_TMR_TIMEBASE or TCGETS, 0x7fff4a4cdba8) = -1 ENOTTY (Inappropriate ioctl for device)
write(1, "\t * instead of fread(), to make "..., 4096) = 4096
write(1, "  9, 260 }, {  10, 262 }, {  11,"..., 4096) = 4096
write(1, "  0,   5 }, {   0, 130 }, {   0,"..., 4096) = 4096
write(1, "tain NUL's,\n * we now use fwrite"..., 4096) = 4096
write(1, "nputs/in.ch\"\nECHO;\n\tYY_BREAK\n#li"..., 4096) = 4096
write(1, "if ( yy_current_buffer->yy_fill_"..., 4096) = 4096
write(1, "am ? 0 : yy_current_state;\n\t}\n\n\n"..., 4096) = 4096
write(1, "FER_STATE b;\n\n\tb = (YY_BUFFER_ST"..., 4096) = 4096
write(1, "#endif\n\t{\n\tif ( yy_start_stack_p"..., 2921) = 2921
exit_group(0)                           = ?
