execve("../source/flex.exe.static", ["../source/flex.exe.static", "error", "-CF", "../inputs/in.ch_exp_1"], [/* 43 vars */]) = 0
uname({sys="Linux", node="xmenxk-OptiPlex-7010", ...}) = 0
brk(0)                                  = 0x2369000
brk(0x236a1c0)                          = 0x236a1c0
arch_prctl(ARCH_SET_FS, 0x2369880)      = 0
brk(0x238b1c0)                          = 0x238b1c0
brk(0x238c000)                          = 0x238c000
open("error", O_WRONLY|O_CREAT|O_TRUNC, 0666) = 3
open("../inputs/in.ch_exp_1", O_RDONLY) = 4
brk(0x23ad000)                          = 0x23ad000
ioctl(4, SNDCTL_TMR_TIMEBASE or TCGETS, 0x7fffff703eb8) = -1 ENOTTY (Inappropriate ioctl for device)
fstat(4, {st_mode=S_IFREG|0640, st_size=70, ...}) = 0
mmap(NULL, 4096, PROT_READ|PROT_WRITE, MAP_PRIVATE|MAP_ANONYMOUS, -1, 0) = 0x7fc181f16000
read(4, "%%\n\nfoo|bar*\tprintf(\"foo or ba(z"..., 8192) = 70
read(4, "", 4096)                       = 0
open("lex.yy.c", O_WRONLY|O_CREAT|O_TRUNC, 0666) = 5
dup3(5, 1, 0)                           = 1
close(5)                                = 0
fstat(1, {st_mode=S_IFREG|0664, st_size=0, ...}) = 0
mmap(NULL, 4096, PROT_READ|PROT_WRITE, MAP_PRIVATE|MAP_ANONYMOUS, -1, 0) = 0x7fc181f15000
write(1, "/* A lexical scanner generated b"..., 4096) = 4096
read(4, "", 8192)                       = 0
ioctl(4, SNDCTL_TMR_TIMEBASE or TCGETS, 0x7fffff703e78) = -1 ENOTTY (Inappropriate ioctl for device)
write(1, "\t * instead of fread(), to make "..., 4096) = 4096
write(1, "  9, 260 }, {  10, 260 }, {  11,"..., 4096) = 4096
write(1, "  0,   0 }, {   0,   0 }, {   0,"..., 4096) = 4096
write(1, " max_size && \\\n\t\t\t     (c = getc"..., 4096) = 4096
write(1, "er->yy_n_chars;\n\t\t\tyy_current_bu"..., 4096) = 4096
write(1, "->yy_buf_size - number_to_move -"..., 4096) = 4096
write(1, " yy_cp < yy_current_buffer->yy_c"..., 4096) = 4096
write(1, "YY_ALWAYS_INTERACTIVE\n#ifndef YY"..., 4096) = 4096
write(1, "URE\n#define YY_EXIT_FAILURE 2\n#e"..., 2046) = 2046
exit_group(0)                           = ?
