execve("../source/flex.exe.static", ["../source/flex.exe.static", "error", "-CF", "../inputs/in.exp"], [/* 43 vars */]) = 0
uname({sys="Linux", node="xmenxk-OptiPlex-7010", ...}) = 0
brk(0)                                  = 0x157f000
brk(0x15801c0)                          = 0x15801c0
arch_prctl(ARCH_SET_FS, 0x157f880)      = 0
brk(0x15a11c0)                          = 0x15a11c0
brk(0x15a2000)                          = 0x15a2000
open("error", O_WRONLY|O_CREAT|O_TRUNC, 0666) = 3
open("../inputs/in.exp", O_RDONLY)      = 4
brk(0x15c3000)                          = 0x15c3000
ioctl(4, SNDCTL_TMR_TIMEBASE or TCGETS, 0x7fff80ecf108) = -1 ENOTTY (Inappropriate ioctl for device)
fstat(4, {st_mode=S_IFREG|0640, st_size=290, ...}) = 0
mmap(NULL, 4096, PROT_READ|PROT_WRITE, MAP_PRIVATE|MAP_ANONYMOUS, -1, 0) = 0x7f9231296000
read(4, "%%\n(r)\t\tprintf(\"Match an r: %s\\n"..., 8192) = 290
read(4, "", 4096)                       = 0
open("lex.yy.c", O_WRONLY|O_CREAT|O_TRUNC, 0666) = 5
dup3(5, 1, 0)                           = 1
close(5)                                = 0
fstat(1, {st_mode=S_IFREG|0664, st_size=0, ...}) = 0
mmap(NULL, 4096, PROT_READ|PROT_WRITE, MAP_PRIVATE|MAP_ANONYMOUS, -1, 0) = 0x7f9231295000
write(1, "/* A lexical scanner generated b"..., 4096) = 4096
read(4, "", 8192)                       = 0
ioctl(4, SNDCTL_TMR_TIMEBASE or TCGETS, 0x7fff80ecf0c8) = -1 ENOTTY (Inappropriate ioctl for device)
write(1, "\t * instead of fread(), to make "..., 4096) = 4096
write(1, "  9, 260 }, {  10, 260 }, {  11,"..., 4096) = 4096
write(1, "  0,   0 }, {   0, 138 }, {   0,"..., 4096) = 4096
write(1, "le matched to the standard outpu"..., 4096) = 4096
write(1, "/inputs/in.exp\"\nprintf(\"Match Ro"..., 4096) = 4096
write(1, "AST_MATCH -\n *\tEOB_ACT_CONTINUE_"..., 4096) = 4096
write(1, "int yy_is_jam;\n\tregister char *y"..., 4096) = 4096
write(1, "ys set it.\n\t */\n\tyy_did_buffer_s"..., 4096) = 4096
write(1, "bytes()\" );\n\n\tfor ( i = 0; i < l"..., 3425) = 3425
exit_group(0)                           = ?
