execve("../source/flex.exe.static", ["../source/flex.exe.static", "error", "-CF", "../inputs/in.0"], [/* 43 vars */]) = 0
uname({sys="Linux", node="xmenxk-OptiPlex-7010", ...}) = 0
brk(0)                                  = 0xc8f000
brk(0xc901c0)                           = 0xc901c0
arch_prctl(ARCH_SET_FS, 0xc8f880)       = 0
brk(0xcb11c0)                           = 0xcb11c0
brk(0xcb2000)                           = 0xcb2000
open("error", O_WRONLY|O_CREAT|O_TRUNC, 0666) = 3
open("../inputs/in.0", O_RDONLY)        = 4
brk(0xcd3000)                           = 0xcd3000
ioctl(4, SNDCTL_TMR_TIMEBASE or TCGETS, 0x7fff46d03e88) = -1 ENOTTY (Inappropriate ioctl for device)
fstat(4, {st_mode=S_IFREG|0640, st_size=792, ...}) = 0
mmap(NULL, 4096, PROT_READ|PROT_WRITE, MAP_PRIVATE|MAP_ANONYMOUS, -1, 0) = 0x7ff31cdfa000
read(4, "/* scanner for a toy Pascal-like"..., 8192) = 792
read(4, "", 4096)                       = 0
open("lex.yy.c", O_WRONLY|O_CREAT|O_TRUNC, 0666) = 5
dup3(5, 1, 0)                           = 1
close(5)                                = 0
fstat(1, {st_mode=S_IFREG|0664, st_size=0, ...}) = 0
mmap(NULL, 4096, PROT_READ|PROT_WRITE, MAP_PRIVATE|MAP_ANONYMOUS, -1, 0) = 0x7ff31cdf9000
write(1, "/* A lexical scanner generated b"..., 4096) = 4096
write(1, "\t * instead of fread(), to make "..., 4096) = 4096
write(1, "{   9, 262 }, {  10, 264 }, {  1"..., 4096) = 4096
write(1, "{   0,   0 }, {   0,   0 }, {   "..., 4096) = 4096
write(1, "  0,   0 }, {   0,   0 },\n {   0"..., 4096) = 4096
write(1, " 21, 726 }, {  22, 726 }, {  23,"..., 4096) = 4096
write(1, " 0,   0 },\n {   0,   0 }, {   0,"..., 4096) = 4096
write(1, " 0,   0 }, {   0,   0 }, {   0, "..., 4096) = 4096
write(1, " 0,   0 }, {   0,   0 }, {   0, "..., 4096) = 4096
write(1, "0,   0 }, {   0,   0 },\n {   0, "..., 4096) = 4096
write(1, ",-1190 }, { 111,-1190 }, { 112,-"..., 4096) = 4096
write(1, ", { 116,-1464 }, { 117, 150 }, {"..., 4096) = 4096
write(1, "d ));\n#else\nstatic int input YY_"..., 4096) = 4096
write(1, " yy_current_state[-1].yy_nxt;\n\n\t"..., 4096) = 4096
write(1, "_NEW_FILE;\n\t\t\t\t\t}\n\t\t\t\tbreak;\n\t\t\t"..., 4096) = 4096
write(1, "yy_state_type yy_current_state;\n"..., 4096) = 4096
write(1, "_current_buffer, input_file );\n\t"..., 4096) = 4096
write(1, "\n\t}\n#endif\n\n\n#ifndef YY_NO_SCAN_"..., 4096) = 4096
read(4, "", 8192)                       = 0
ioctl(4, SNDCTL_TMR_TIMEBASE or TCGETS, 0x7fff46d043b8) = -1 ENOTTY (Inappropriate ioctl for device)
write(1, "n()\n\t{\n\tyylex();\n\treturn 0;\n\t}\n#"..., 236) = 236
exit_group(0)                           = ?
