execve("../source/flex.exe.static", ["../source/flex.exe.static", "error", "-l", "-Caem", "../inputs/in.ch_exp_1"], [/* 43 vars */]) = 0
uname({sys="Linux", node="xmenxk-OptiPlex-7010", ...}) = 0
brk(0)                                  = 0x20ea000
brk(0x20eb1c0)                          = 0x20eb1c0
arch_prctl(ARCH_SET_FS, 0x20ea880)      = 0
brk(0x210c1c0)                          = 0x210c1c0
brk(0x210d000)                          = 0x210d000
open("error", O_WRONLY|O_CREAT|O_TRUNC, 0666) = 3
open("../inputs/in.ch_exp_1", O_RDONLY) = 4
brk(0x212e000)                          = 0x212e000
ioctl(4, SNDCTL_TMR_TIMEBASE or TCGETS, 0x7fffb54964e8) = -1 ENOTTY (Inappropriate ioctl for device)
fstat(4, {st_mode=S_IFREG|0640, st_size=70, ...}) = 0
mmap(NULL, 4096, PROT_READ|PROT_WRITE, MAP_PRIVATE|MAP_ANONYMOUS, -1, 0) = 0x7f247179e000
read(4, "%%\n\nfoo|bar*\tprintf(\"foo or ba(z"..., 8192) = 70
read(4, "", 4096)                       = 0
open("lex.yy.c", O_WRONLY|O_CREAT|O_TRUNC, 0666) = 5
dup3(5, 1, 0)                           = 1
close(5)                                = 0
fstat(1, {st_mode=S_IFREG|0664, st_size=0, ...}) = 0
mmap(NULL, 4096, PROT_READ|PROT_WRITE, MAP_PRIVATE|MAP_ANONYMOUS, -1, 0) = 0x7f247179d000
write(1, "/* A lexical scanner generated b"..., 4096) = 4096
read(4, "", 8192)                       = 0
ioctl(4, SNDCTL_TMR_TIMEBASE or TCGETS, 0x7fffb54964a8) = -1 ENOTTY (Inappropriate ioctl for device)
write(1, "\t * instead of fread(), to make "..., 4096) = 4096
write(1, "_END_OF_BUFFER 3\nstatic yyconst "..., 4096) = 4096
write(1, "PROTO(( void ));\n#else\nstatic in"..., 4096) = 4096
write(1, "cp;\n\t\t\t}\n\t\twhile ( yy_base[yy_cu"..., 4096) = 4096
write(1, "\n\n\t\t\tcase EOB_ACT_LAST_MATCH:\n\t\t"..., 4096) = 4096
write(1, "_cp ? yy_ec[YY_SC_TO_UI(*yy_cp)]"..., 4096) = 4096
write(1, "nit_buffer( yy_current_buffer, i"..., 4096) = 4096
write(1, ");\n\n\treturn b;\n\t}\n#endif\n\n\n#ifnd"..., 4096) = 4096
write(1, "Y_MAIN\nint main()\n\t{\n\tyylex();\n\t"..., 84) = 84
exit_group(0)                           = ?
