execve("../source/flex.exe.static", ["../source/flex.exe.static", "error", "-l", "-Caem", "../inputs/in.closure"], [/* 43 vars */]) = 0
uname({sys="Linux", node="xmenxk-OptiPlex-7010", ...}) = 0
brk(0)                                  = 0x8f5000
brk(0x8f61c0)                           = 0x8f61c0
arch_prctl(ARCH_SET_FS, 0x8f5880)       = 0
brk(0x9171c0)                           = 0x9171c0
brk(0x918000)                           = 0x918000
open("error", O_WRONLY|O_CREAT|O_TRUNC, 0666) = 3
open("../inputs/in.closure", O_RDONLY)  = 4
brk(0x939000)                           = 0x939000
ioctl(4, SNDCTL_TMR_TIMEBASE or TCGETS, 0x7fffbe5be328) = -1 ENOTTY (Inappropriate ioctl for device)
fstat(4, {st_mode=S_IFREG|0640, st_size=274, ...}) = 0
mmap(NULL, 4096, PROT_READ|PROT_WRITE, MAP_PRIVATE|MAP_ANONYMOUS, -1, 0) = 0x7f9376991000
read(4, "%%\n\nr*\t\tprintf(\"Zero or more r's"..., 8192) = 274
read(4, "", 4096)                       = 0
open("lex.yy.c", O_WRONLY|O_CREAT|O_TRUNC, 0666) = 5
dup3(5, 1, 0)                           = 1
close(5)                                = 0
fstat(1, {st_mode=S_IFREG|0664, st_size=0, ...}) = 0
mmap(NULL, 4096, PROT_READ|PROT_WRITE, MAP_PRIVATE|MAP_ANONYMOUS, -1, 0) = 0x7f9376990000
write(1, "/* A lexical scanner generated b"..., 4096) = 4096
read(4, "", 8192)                       = 0
ioctl(4, SNDCTL_TMR_TIMEBASE or TCGETS, 0x7fffbe5be2e8) = -1 ENOTTY (Inappropriate ioctl for device)
write(1, "\t * instead of fread(), to make "..., 4096) = 4096
write(1, "_END_OF_BUFFER 7\nstatic yyconst "..., 4096) = 4096
write(1, " int yywrap YY_PROTO(( void ));\n"..., 4096) = 4096
write(1, "\nyy_match:\n\t\tdo\n\t\t\t{\n\t\t\tregister"..., 4096) = 4096
write(1, "{\n\t\t\t\tyy_did_buffer_switch_on_eo"..., 4096) = 4096
write(1, "_FILE;\n\t\t\tyyrestart( yyin );\n\t\t\t"..., 4096) = 4096
write(1, " to EOB_ACT_END_OF_FILE.\n\t\t\t\t\t *"..., 4096) = 4096
write(1, "_BUFFER\n#ifdef YY_USE_PROTOS\nYY_"..., 4096) = 4096
write(1, "alloc( yy_size_t size )\n#else\nst"..., 923) = 923
exit_group(0)                           = ?
