execve("../source/flex.exe.static", ["../source/flex.exe.static", "error", "-l", "-Caem", "../inputs/in.exp"], [/* 43 vars */]) = 0
uname({sys="Linux", node="xmenxk-OptiPlex-7010", ...}) = 0
brk(0)                                  = 0xb5d000
brk(0xb5e1c0)                           = 0xb5e1c0
arch_prctl(ARCH_SET_FS, 0xb5d880)       = 0
brk(0xb7f1c0)                           = 0xb7f1c0
brk(0xb80000)                           = 0xb80000
open("error", O_WRONLY|O_CREAT|O_TRUNC, 0666) = 3
open("../inputs/in.exp", O_RDONLY)      = 4
brk(0xba1000)                           = 0xba1000
ioctl(4, SNDCTL_TMR_TIMEBASE or TCGETS, 0x7fff52b81128) = -1 ENOTTY (Inappropriate ioctl for device)
fstat(4, {st_mode=S_IFREG|0640, st_size=290, ...}) = 0
mmap(NULL, 4096, PROT_READ|PROT_WRITE, MAP_PRIVATE|MAP_ANONYMOUS, -1, 0) = 0x7f336700a000
read(4, "%%\n(r)\t\tprintf(\"Match an r: %s\\n"..., 8192) = 290
read(4, "", 4096)                       = 0
open("lex.yy.c", O_WRONLY|O_CREAT|O_TRUNC, 0666) = 5
dup3(5, 1, 0)                           = 1
close(5)                                = 0
fstat(1, {st_mode=S_IFREG|0664, st_size=0, ...}) = 0
mmap(NULL, 4096, PROT_READ|PROT_WRITE, MAP_PRIVATE|MAP_ANONYMOUS, -1, 0) = 0x7f3367009000
write(1, "/* A lexical scanner generated b"..., 4096) = 4096
read(4, "", 8192)                       = 0
ioctl(4, SNDCTL_TMR_TIMEBASE or TCGETS, 0x7fff52b810e8) = -1 ENOTTY (Inappropriate ioctl for device)
fstat(3, {st_mode=S_IFREG|0664, st_size=0, ...}) = 0
mmap(NULL, 4096, PROT_READ|PROT_WRITE, MAP_PRIVATE|MAP_ANONYMOUS, -1, 0) = 0x7f3367008000
write(1, "\t * instead of fread(), to make "..., 4096) = 4096
write(1, "_END_OF_BUFFER 8\nstatic yyconst "..., 4096) = 4096
write(1, "e orig. state */ \\\nyy_current_st"..., 4096) = 4096
write(1, " char *yy_cp, *yy_bp;\n\tregister "..., 4096) = 4096
write(1, "k-up) that will match for the ne"..., 4096) = 4096
write(1, "ffer->yy_n_chars = yy_n_chars = "..., 4096) = 4096
write(1, ">yy_buf_size + 2];\n\t\tregister ch"..., 4096) = 4096
write(1, "out of dynamic memory in yy_crea"..., 4096) = 4096
write(1, "ry expanding start-condition sta"..., 2498) = 2498
write(3, "\"../inputs/in.exp\", line 7: warn"..., 64) = 64
exit_group(0)                           = ?
