execve("../source/flex.exe.static", ["../source/flex.exe.static", "error", "-Caem", "../inputs/in.ch"], [/* 43 vars */]) = 0
uname({sys="Linux", node="xmenxk-OptiPlex-7010", ...}) = 0
brk(0)                                  = 0xaf2000
brk(0xaf31c0)                           = 0xaf31c0
arch_prctl(ARCH_SET_FS, 0xaf2880)       = 0
brk(0xb141c0)                           = 0xb141c0
brk(0xb15000)                           = 0xb15000
open("error", O_WRONLY|O_CREAT|O_TRUNC, 0666) = 3
open("../inputs/in.ch", O_RDONLY)       = 4
brk(0xb36000)                           = 0xb36000
ioctl(4, SNDCTL_TMR_TIMEBASE or TCGETS, 0x7fff5187e6b8) = -1 ENOTTY (Inappropriate ioctl for device)
fstat(4, {st_mode=S_IFREG|0640, st_size=357, ...}) = 0
mmap(NULL, 4096, PROT_READ|PROT_WRITE, MAP_PRIVATE|MAP_ANONYMOUS, -1, 0) = 0x7fcf18ed3000
read(4, "%%\n\nxyz\"++\"\t\tprintf(\"Match chara"..., 8192) = 357
read(4, "", 4096)                       = 0
open("lex.yy.c", O_WRONLY|O_CREAT|O_TRUNC, 0666) = 5
dup3(5, 1, 0)                           = 1
close(5)                                = 0
fstat(1, {st_mode=S_IFREG|0664, st_size=0, ...}) = 0
mmap(NULL, 4096, PROT_READ|PROT_WRITE, MAP_PRIVATE|MAP_ANONYMOUS, -1, 0) = 0x7fcf18ed2000
write(1, "/* A lexical scanner generated b"..., 4096) = 4096
read(4, "", 8192)                       = 0
ioctl(4, SNDCTL_TMR_TIMEBASE or TCGETS, 0x7fff5187e678) = -1 ENOTTY (Inappropriate ioctl for device)
write(1, "\t * instead of fread(), to make "..., 4096) = 4096
write(1, "   1,    2,\n        1,    1,    "..., 4096) = 4096
write(1, "def YY_NO_PUSH_STATE\nstatic void"..., 4096) = 4096
write(1, "epting_cpos;\n\t\t\tyy_current_state"..., 4096) = 4096
write(1, "\t\tyytext_ptr + yy_amount_of_matc"..., 4096) = 4096
write(1, "\tfor ( yy_cp = yytext_ptr + YY_M"..., 4096) = 4096
write(1, ";\n\n\n\treturn c;\n\t}\n\n\n#ifdef YY_US"..., 4096) = 4096
write(1, ">yy_ch_buf = base;\n\tb->yy_is_our"..., 4096) = 4096
write(1, "\n\t * as though doing an assignme"..., 312) = 312
exit_group(0)                           = ?
