execve("../source/flex.exe.static", ["../source/flex.exe.static", "error", "-Caem", "../inputs/in.ch_exp_1"], [/* 43 vars */]) = 0
uname({sys="Linux", node="xmenxk-OptiPlex-7010", ...}) = 0
brk(0)                                  = 0xca7000
brk(0xca81c0)                           = 0xca81c0
arch_prctl(ARCH_SET_FS, 0xca7880)       = 0
brk(0xcc91c0)                           = 0xcc91c0
brk(0xcca000)                           = 0xcca000
open("error", O_WRONLY|O_CREAT|O_TRUNC, 0666) = 3
open("../inputs/in.ch_exp_1", O_RDONLY) = 4
brk(0xceb000)                           = 0xceb000
ioctl(4, SNDCTL_TMR_TIMEBASE or TCGETS, 0x7fffcebdddf8) = -1 ENOTTY (Inappropriate ioctl for device)
fstat(4, {st_mode=S_IFREG|0640, st_size=70, ...}) = 0
mmap(NULL, 4096, PROT_READ|PROT_WRITE, MAP_PRIVATE|MAP_ANONYMOUS, -1, 0) = 0x7ff506646000
read(4, "%%\n\nfoo|bar*\tprintf(\"foo or ba(z"..., 8192) = 70
read(4, "", 4096)                       = 0
open("lex.yy.c", O_WRONLY|O_CREAT|O_TRUNC, 0666) = 5
dup3(5, 1, 0)                           = 1
close(5)                                = 0
fstat(1, {st_mode=S_IFREG|0664, st_size=0, ...}) = 0
mmap(NULL, 4096, PROT_READ|PROT_WRITE, MAP_PRIVATE|MAP_ANONYMOUS, -1, 0) = 0x7ff506645000
write(1, "/* A lexical scanner generated b"..., 4096) = 4096
read(4, "", 8192)                       = 0
ioctl(4, SNDCTL_TMR_TIMEBASE or TCGETS, 0x7fffcebdddb8) = -1 ENOTTY (Inappropriate ioctl for device)
write(1, "\t * instead of fread(), to make "..., 4096) = 4096
write(1, "  1,    1,    1,    1,    1,    "..., 4096) = 4096
write(1, "size_t) != sizeof(int)\n * or siz"..., 4096) = 4096
write(1, "than r's) %s\\n\", yytext);\n\tYY_BR"..., 4096) = 4096
write(1, "ATAL_ERROR(\n\t\t\"fatal flex scanne"..., 4096) = 4096
write(1, "_accepting_state = yy_current_st"..., 4096) = 4096
write(1, "ffer_state( void )\n#else\nvoid yy"..., 4096) = 4096
write(1, "_END_OF_BUFFER_CHAR;\n\n\tb = yy_sc"..., 3339) = 3339
exit_group(0)                           = ?
