execve("../source/flex.exe.static", ["../source/flex.exe.static", "error", "-Caem", "../inputs/in.exp"], [/* 43 vars */]) = 0
uname({sys="Linux", node="xmenxk-OptiPlex-7010", ...}) = 0
brk(0)                                  = 0x253e000
brk(0x253f1c0)                          = 0x253f1c0
arch_prctl(ARCH_SET_FS, 0x253e880)      = 0
brk(0x25601c0)                          = 0x25601c0
brk(0x2561000)                          = 0x2561000
open("error", O_WRONLY|O_CREAT|O_TRUNC, 0666) = 3
open("../inputs/in.exp", O_RDONLY)      = 4
brk(0x2582000)                          = 0x2582000
ioctl(4, SNDCTL_TMR_TIMEBASE or TCGETS, 0x7fff43189e18) = -1 ENOTTY (Inappropriate ioctl for device)
fstat(4, {st_mode=S_IFREG|0640, st_size=290, ...}) = 0
mmap(NULL, 4096, PROT_READ|PROT_WRITE, MAP_PRIVATE|MAP_ANONYMOUS, -1, 0) = 0x7f3ea03e6000
read(4, "%%\n(r)\t\tprintf(\"Match an r: %s\\n"..., 8192) = 290
read(4, "", 4096)                       = 0
open("lex.yy.c", O_WRONLY|O_CREAT|O_TRUNC, 0666) = 5
dup3(5, 1, 0)                           = 1
close(5)                                = 0
fstat(1, {st_mode=S_IFREG|0664, st_size=0, ...}) = 0
mmap(NULL, 4096, PROT_READ|PROT_WRITE, MAP_PRIVATE|MAP_ANONYMOUS, -1, 0) = 0x7f3ea03e5000
write(1, "/* A lexical scanner generated b"..., 4096) = 4096
read(4, "", 8192)                       = 0
ioctl(4, SNDCTL_TMR_TIMEBASE or TCGETS, 0x7fff43189dd8) = -1 ENOTTY (Inappropriate ioctl for device)
write(1, "\t * instead of fread(), to make "..., 4096) = 4096
write(1, "   1,    1,    1,    2,\n        "..., 4096) = 4096
write(1, "if\n#endif\n\n#if YY_STACK_USED\nsta"..., 4096) = 4096
write(1, "y_current_state = yy_nxt[yy_base"..., 4096) = 4096
write(1, " set up\n\t\t\t\t\t * yy_c_buf_p so th"..., 4096) = 4096
write(1, "_ACT_CONTINUE_SCAN;\n\n\tyy_n_chars"..., 4096) = 4096
write(1, "ffer status. */\n\t\t\t\t\tyyrestart( "..., 4096) = 4096
write(1, "_STATE yy_scan_buffer( char *bas"..., 4096) = 4096
write(1, "oid *yy_flex_alloc( size )\nyy_si"..., 881) = 881
exit_group(0)                           = ?
