execve("../source/flex.exe.static", ["../source/flex.exe.static", "error", "-l", "-Cae", "../inputs/in.ch"], [/* 43 vars */]) = 0
uname({sys="Linux", node="xmenxk-OptiPlex-7010", ...}) = 0
brk(0)                                  = 0x76c000
brk(0x76d1c0)                           = 0x76d1c0
arch_prctl(ARCH_SET_FS, 0x76c880)       = 0
brk(0x78e1c0)                           = 0x78e1c0
brk(0x78f000)                           = 0x78f000
open("error", O_WRONLY|O_CREAT|O_TRUNC, 0666) = 3
open("../inputs/in.ch", O_RDONLY)       = 4
brk(0x7b0000)                           = 0x7b0000
ioctl(4, SNDCTL_TMR_TIMEBASE or TCGETS, 0x7fff3df5acf8) = -1 ENOTTY (Inappropriate ioctl for device)
fstat(4, {st_mode=S_IFREG|0640, st_size=357, ...}) = 0
mmap(NULL, 4096, PROT_READ|PROT_WRITE, MAP_PRIVATE|MAP_ANONYMOUS, -1, 0) = 0x7f9b67760000
read(4, "%%\n\nxyz\"++\"\t\tprintf(\"Match chara"..., 8192) = 357
read(4, "", 4096)                       = 0
open("lex.yy.c", O_WRONLY|O_CREAT|O_TRUNC, 0666) = 5
dup3(5, 1, 0)                           = 1
close(5)                                = 0
fstat(1, {st_mode=S_IFREG|0664, st_size=0, ...}) = 0
mmap(NULL, 4096, PROT_READ|PROT_WRITE, MAP_PRIVATE|MAP_ANONYMOUS, -1, 0) = 0x7f9b6775f000
write(1, "/* A lexical scanner generated b"..., 4096) = 4096
read(4, "", 8192)                       = 0
ioctl(4, SNDCTL_TMR_TIMEBASE or TCGETS, 0x7fff3df5acb8) = -1 ENOTTY (Inappropriate ioctl for device)
write(1, "\t * instead of fread(), to make "..., 4096) = 4096
write(1, "_END_OF_BUFFER 8\nstatic yyconst "..., 4096) = 4096
write(1, "l be overridden by user definiti"..., 4096) = 4096
write(1, "_cp;\n\n\t\tyy_current_state = yy_st"..., 4096) = 4096
write(1, "_cp = yy_c_buf_p;\n\t\t\t\tgoto yy_fi"..., 4096) = 4096
write(1, "r->yy_n_chars = yy_n_chars;\n\t\t}\n"..., 4096) = 4096
write(1, "D_OF_FILE.\n\t\t\t\t\t */\n\n\t\t\t\t\t/* Res"..., 4096) = 4096
write(1, " YY_USE_PROTOS\nYY_BUFFER_STATE y"..., 4096) = 4096
write(1, "_t size )\n#else\nstatic void *yy_"..., 904) = 904
exit_group(0)                           = ?
