execve("../source/flex.exe.static", ["../source/flex.exe.static", "error", "-Cae", "../inputs/in.ch_exp_1"], [/* 43 vars */]) = 0
uname({sys="Linux", node="xmenxk-OptiPlex-7010", ...}) = 0
brk(0)                                  = 0x24c6000
brk(0x24c71c0)                          = 0x24c71c0
arch_prctl(ARCH_SET_FS, 0x24c6880)      = 0
brk(0x24e81c0)                          = 0x24e81c0
brk(0x24e9000)                          = 0x24e9000
open("error", O_WRONLY|O_CREAT|O_TRUNC, 0666) = 3
open("../inputs/in.ch_exp_1", O_RDONLY) = 4
brk(0x250a000)                          = 0x250a000
ioctl(4, SNDCTL_TMR_TIMEBASE or TCGETS, 0x7fffd60ad038) = -1 ENOTTY (Inappropriate ioctl for device)
fstat(4, {st_mode=S_IFREG|0640, st_size=70, ...}) = 0
mmap(NULL, 4096, PROT_READ|PROT_WRITE, MAP_PRIVATE|MAP_ANONYMOUS, -1, 0) = 0x7f9f23dc2000
read(4, "%%\n\nfoo|bar*\tprintf(\"foo or ba(z"..., 8192) = 70
read(4, "", 4096)                       = 0
open("lex.yy.c", O_WRONLY|O_CREAT|O_TRUNC, 0666) = 5
dup3(5, 1, 0)                           = 1
close(5)                                = 0
fstat(1, {st_mode=S_IFREG|0664, st_size=0, ...}) = 0
mmap(NULL, 4096, PROT_READ|PROT_WRITE, MAP_PRIVATE|MAP_ANONYMOUS, -1, 0) = 0x7f9f23dc1000
write(1, "/* A lexical scanner generated b"..., 4096) = 4096
read(4, "", 8192)                       = 0
ioctl(4, SNDCTL_TMR_TIMEBASE or TCGETS, 0x7fffd60acff8) = -1 ENOTTY (Inappropriate ioctl for device)
write(1, "\t * instead of fread(), to make "..., 4096) = 4096
write(1, "  1,    1,    1,    1,    1,    "..., 4096) = 4096
write(1, "f\n#endif\n\n/* Amount of stuff to "..., 4096) = 4096
write(1, "(INITIAL):\n\tyyterminate();\n\n\tcas"..., 4096) = 4096
write(1, "ill the buffer, so this is an EO"..., 4096) = 4096
write(1, "t_state = yy_nxt[yy_base[yy_curr"..., 4096) = 4096
write(1, "uffer( FILE *file, int size )\n#e"..., 4096) = 4096
write(1, "fdef YY_USE_PROTOS\nstatic void y"..., 3049) = 3049
exit_group(0)                           = ?
