execve("../source/flex.exe.static", ["../source/flex.exe.static", "error", "-l", "-Cam", "../inputs/in.exp"], [/* 43 vars */]) = 0
uname({sys="Linux", node="xmenxk-OptiPlex-7010", ...}) = 0
brk(0)                                  = 0x751000
brk(0x7521c0)                           = 0x7521c0
arch_prctl(ARCH_SET_FS, 0x751880)       = 0
brk(0x7731c0)                           = 0x7731c0
brk(0x774000)                           = 0x774000
open("error", O_WRONLY|O_CREAT|O_TRUNC, 0666) = 3
open("../inputs/in.exp", O_RDONLY)      = 4
brk(0x795000)                           = 0x795000
ioctl(4, SNDCTL_TMR_TIMEBASE or TCGETS, 0x7fff324c4ef8) = -1 ENOTTY (Inappropriate ioctl for device)
fstat(4, {st_mode=S_IFREG|0640, st_size=290, ...}) = 0
mmap(NULL, 4096, PROT_READ|PROT_WRITE, MAP_PRIVATE|MAP_ANONYMOUS, -1, 0) = 0x7ffe831a3000
read(4, "%%\n(r)\t\tprintf(\"Match an r: %s\\n"..., 8192) = 290
read(4, "", 4096)                       = 0
open("lex.yy.c", O_WRONLY|O_CREAT|O_TRUNC, 0666) = 5
dup3(5, 1, 0)                           = 1
close(5)                                = 0
fstat(1, {st_mode=S_IFREG|0664, st_size=0, ...}) = 0
mmap(NULL, 4096, PROT_READ|PROT_WRITE, MAP_PRIVATE|MAP_ANONYMOUS, -1, 0) = 0x7ffe831a2000
write(1, "/* A lexical scanner generated b"..., 4096) = 4096
read(4, "", 8192)                       = 0
ioctl(4, SNDCTL_TMR_TIMEBASE or TCGETS, 0x7fff324c4eb8) = -1 ENOTTY (Inappropriate ioctl for device)
fstat(3, {st_mode=S_IFREG|0664, st_size=0, ...}) = 0
mmap(NULL, 4096, PROT_READ|PROT_WRITE, MAP_PRIVATE|MAP_ANONYMOUS, -1, 0) = 0x7ffe831a1000
write(1, "\t * instead of fread(), to make "..., 4096) = 4096
write(1, "_END_OF_BUFFER 8\nstatic yyconst "..., 4096) = 4096
write(1, "26,   26,\n       26,   26,   26,"..., 4096) = 4096
write(1, "nt yy_looking_for_trail_begin = "..., 4096) = 4096
write(1, "rule, after yytext and yyleng\n *"..., 4096) = 4096
write(1, "FFER_NEW )\n\t\t\t{\n\t\t\t/* We're scan"..., 4096) = 4096
write(1, "H;\n\t\t\t}\n\t\t}\n\n\t/* Try to read mor"..., 4096) = 4096
write(1, " +2 for EOB chars. */\n\t\tregister"..., 4096) = 4096
write(1, " to put in 2 end-of-buffer chara"..., 4096) = 4096
write(1, "\t\t\tyy_start_stack = (int *) yy_f"..., 2646) = 2646
write(3, "\"../inputs/in.exp\", line 7: warn"..., 64) = 64
exit_group(0)                           = ?
