execve("../source/flex.exe.static", ["../source/flex.exe.static", "error", "-dF", "-Crae", "../inputs/in.ch_exp_1"], [/* 43 vars */]) = 0
uname({sys="Linux", node="xmenxk-OptiPlex-7010", ...}) = 0
brk(0)                                  = 0x19ff000
brk(0x1a001c0)                          = 0x1a001c0
arch_prctl(ARCH_SET_FS, 0x19ff880)      = 0
brk(0x1a211c0)                          = 0x1a211c0
brk(0x1a22000)                          = 0x1a22000
open("error", O_WRONLY|O_CREAT|O_TRUNC, 0666) = 3
open("../inputs/in.ch_exp_1", O_RDONLY) = 4
brk(0x1a43000)                          = 0x1a43000
ioctl(4, SNDCTL_TMR_TIMEBASE or TCGETS, 0x7fffb97f92b8) = -1 ENOTTY (Inappropriate ioctl for device)
fstat(4, {st_mode=S_IFREG|0640, st_size=70, ...}) = 0
mmap(NULL, 4096, PROT_READ|PROT_WRITE, MAP_PRIVATE|MAP_ANONYMOUS, -1, 0) = 0x7ffdf45d4000
read(4, "%%\n\nfoo|bar*\tprintf(\"foo or ba(z"..., 8192) = 70
read(4, "", 4096)                       = 0
open("lex.yy.c", O_WRONLY|O_CREAT|O_TRUNC, 0666) = 5
dup3(5, 1, 0)                           = 1
close(5)                                = 0
fstat(1, {st_mode=S_IFREG|0664, st_size=0, ...}) = 0
mmap(NULL, 4096, PROT_READ|PROT_WRITE, MAP_PRIVATE|MAP_ANONYMOUS, -1, 0) = 0x7ffdf45d3000
write(1, "/* A lexical scanner generated b"..., 4096) = 4096
read(4, "", 8192)                       = 0
ioctl(4, SNDCTL_TMR_TIMEBASE or TCGETS, 0x7fffb97f9278) = -1 ENOTTY (Inappropriate ioctl for device)
write(1, "\t * instead of fread(), to make "..., 4096) = 4096
write(1, " {   6,  16 },\n {   0,   0 }, { "..., 4096) = 4096
write(1, "ude <stdlib.h>\n#endif\n#else\n/* J"..., 4096) = 4096
write(1, "foo or ba(zero or more than r's)"..., 4096) = 4096
write(1, "y_n_chars + 1] )\n\t\tYY_FATAL_ERRO"..., 4096) = 4096
write(1, "y_last_accepting_state = yy_curr"..., 4096) = 4096
write(1, "int size )\n#else\nYY_BUFFER_STATE"..., 4096) = 4096
write(1, "static void yy_push_state( int n"..., 3030) = 3030
exit_group(0)                           = ?
