execve("../source/flex.exe.static", ["../source/flex.exe.static", "error", "-l", "-Cam", "../inputs/in.0"], [/* 43 vars */]) = 0
uname({sys="Linux", node="xmenxk-OptiPlex-7010", ...}) = 0
brk(0)                                  = 0x11fc000
brk(0x11fd1c0)                          = 0x11fd1c0
arch_prctl(ARCH_SET_FS, 0x11fc880)      = 0
brk(0x121e1c0)                          = 0x121e1c0
brk(0x121f000)                          = 0x121f000
open("error", O_WRONLY|O_CREAT|O_TRUNC, 0666) = 3
open("../inputs/in.0", O_RDONLY)        = 4
brk(0x1240000)                          = 0x1240000
ioctl(4, SNDCTL_TMR_TIMEBASE or TCGETS, 0x7fff6e68f388) = -1 ENOTTY (Inappropriate ioctl for device)
fstat(4, {st_mode=S_IFREG|0640, st_size=792, ...}) = 0
mmap(NULL, 4096, PROT_READ|PROT_WRITE, MAP_PRIVATE|MAP_ANONYMOUS, -1, 0) = 0x7fc3dc565000
read(4, "/* scanner for a toy Pascal-like"..., 8192) = 792
read(4, "", 4096)                       = 0
open("lex.yy.c", O_WRONLY|O_CREAT|O_TRUNC, 0666) = 5
dup3(5, 1, 0)                           = 1
close(5)                                = 0
fstat(1, {st_mode=S_IFREG|0664, st_size=0, ...}) = 0
mmap(NULL, 4096, PROT_READ|PROT_WRITE, MAP_PRIVATE|MAP_ANONYMOUS, -1, 0) = 0x7fc3dc564000
write(1, "/* A lexical scanner generated b"..., 4096) = 4096
write(1, "\t * instead of fread(), to make "..., 4096) = 4096
write(1, "_END_OF_BUFFER 10\nstatic yyconst"..., 4096) = 4096
write(1, " 9,   15,    9,    9,    9,    9"..., 4096) = 4096
write(1, "0,   20,   34,   20,   20,   20,"..., 4096) = 4096
write(1, ",   44,   44,   44,   44,   44, "..., 4096) = 4096
write(1, "  20,   20,   20,   20,   20,   "..., 4096) = 4096
write(1, "  40,   40,   40,   40,   40,   "..., 4096) = 4096
write(1, "r ));\n#endif\n\n#ifndef yytext_ptr"..., 4096) = 4096
write(1, "ate = (int) yy_def[yy_current_st"..., 4096) = 4096
write(1, ";\n\t\t\t\t}\n\t\t\t}\n\n\t\telse switch ( yy"..., 4096) = 4096
write(1, "_n_chars == 0 )\n\t\t{\n\t\tif ( numbe"..., 4096) = 4096
write(1, "\n\t\t\t\t\tif ( yywrap() )\n\t\t\t\t\t\tretu"..., 4096) = 4096
write(1, "yy_size_t size;\n#endif\n\t{\n\tYY_BU"..., 4096) = 4096
read(4, "", 8192)                       = 0
ioctl(4, SNDCTL_TMR_TIMEBASE or TCGETS, 0x7fff6e68f8b8) = -1 ENOTTY (Inappropriate ioctl for device)
write(1, "ic void *yy_flex_realloc( void *"..., 937) = 937
exit_group(0)                           = ?
