execve("../source/flex.exe.static", ["../source/flex.exe.static", "error", "-Cam", "../inputs/in.ch"], [/* 43 vars */]) = 0
uname({sys="Linux", node="xmenxk-OptiPlex-7010", ...}) = 0
brk(0)                                  = 0x1215000
brk(0x12161c0)                          = 0x12161c0
arch_prctl(ARCH_SET_FS, 0x1215880)      = 0
brk(0x12371c0)                          = 0x12371c0
brk(0x1238000)                          = 0x1238000
open("error", O_WRONLY|O_CREAT|O_TRUNC, 0666) = 3
open("../inputs/in.ch", O_RDONLY)       = 4
brk(0x1259000)                          = 0x1259000
ioctl(4, SNDCTL_TMR_TIMEBASE or TCGETS, 0x7fffbc377808) = -1 ENOTTY (Inappropriate ioctl for device)
fstat(4, {st_mode=S_IFREG|0640, st_size=357, ...}) = 0
mmap(NULL, 4096, PROT_READ|PROT_WRITE, MAP_PRIVATE|MAP_ANONYMOUS, -1, 0) = 0x7f6ead40a000
read(4, "%%\n\nxyz\"++\"\t\tprintf(\"Match chara"..., 8192) = 357
read(4, "", 4096)                       = 0
open("lex.yy.c", O_WRONLY|O_CREAT|O_TRUNC, 0666) = 5
dup3(5, 1, 0)                           = 1
close(5)                                = 0
fstat(1, {st_mode=S_IFREG|0664, st_size=0, ...}) = 0
mmap(NULL, 4096, PROT_READ|PROT_WRITE, MAP_PRIVATE|MAP_ANONYMOUS, -1, 0) = 0x7f6ead409000
write(1, "/* A lexical scanner generated b"..., 4096) = 4096
read(4, "", 8192)                       = 0
ioctl(4, SNDCTL_TMR_TIMEBASE or TCGETS, 0x7fffbc3777c8) = -1 ENOTTY (Inappropriate ioctl for device)
write(1, "\t * instead of fread(), to make "..., 4096) = 4096
write(1, ",    1,    1,\n        1,    1,  "..., 4096) = 4096
write(1, "4,   24,   24,   24,   24,   24,"..., 4096) = 4096
write(1, " 24,   24,   24,   24,   24,   2"..., 4096) = 4096
write(1, "ne YY_DECL int yylex YY_PROTO(( "..., 4096) = 4096
write(1, "n incremented past the NUL chara"..., 4096) = 4096
write(1, "for the current buffer */\n\t\t\tYY_"..., 4096) = 4096
write(1, "bp;\n\tyy_hold_char = *yy_cp;\n\tyy_"..., 4096) = 4096
write(1, "Y_BUFFER_STATE b, FILE *file )\n#"..., 4096) = 4096
write(1, ")\nchar msg[];\n#endif\n\t{\nFILE *er"..., 1894) = 1894
exit_group(0)                           = ?
