execve("../source/flex.exe.static", ["../source/flex.exe.static", "error", "-Cam", "../inputs/in.exp"], [/* 43 vars */]) = 0
uname({sys="Linux", node="xmenxk-OptiPlex-7010", ...}) = 0
brk(0)                                  = 0x8b5000
brk(0x8b61c0)                           = 0x8b61c0
arch_prctl(ARCH_SET_FS, 0x8b5880)       = 0
brk(0x8d71c0)                           = 0x8d71c0
brk(0x8d8000)                           = 0x8d8000
open("error", O_WRONLY|O_CREAT|O_TRUNC, 0666) = 3
open("../inputs/in.exp", O_RDONLY)      = 4
brk(0x8f9000)                           = 0x8f9000
ioctl(4, SNDCTL_TMR_TIMEBASE or TCGETS, 0x7fff71a80958) = -1 ENOTTY (Inappropriate ioctl for device)
fstat(4, {st_mode=S_IFREG|0640, st_size=290, ...}) = 0
mmap(NULL, 4096, PROT_READ|PROT_WRITE, MAP_PRIVATE|MAP_ANONYMOUS, -1, 0) = 0x7f704c8ca000
read(4, "%%\n(r)\t\tprintf(\"Match an r: %s\\n"..., 8192) = 290
read(4, "", 4096)                       = 0
open("lex.yy.c", O_WRONLY|O_CREAT|O_TRUNC, 0666) = 5
dup3(5, 1, 0)                           = 1
close(5)                                = 0
fstat(1, {st_mode=S_IFREG|0664, st_size=0, ...}) = 0
mmap(NULL, 4096, PROT_READ|PROT_WRITE, MAP_PRIVATE|MAP_ANONYMOUS, -1, 0) = 0x7f704c8c9000
write(1, "/* A lexical scanner generated b"..., 4096) = 4096
read(4, "", 8192)                       = 0
ioctl(4, SNDCTL_TMR_TIMEBASE or TCGETS, 0x7fff71a80918) = -1 ENOTTY (Inappropriate ioctl for device)
write(1, "\t * instead of fread(), to make "..., 4096) = 4096
write(1, ",    1,    1,    1,    1,\n      "..., 4096) = 4096
write(1, "6,   26,\n\n       26,   26,   26,"..., 4096) = 4096
write(1, "dif\n\n#ifndef YY_NO_UNPUT\nstatic "..., 4096) = 4096
write(1, "YY_CHAR yy_c = YY_SC_TO_UI(*yy_c"..., 4096) = 4096
write(1, "\tyy_current_state = yy_next_stat"..., 4096) = 4096
write(1, "er->yy_ch_buf[number_to_move]),\n"..., 4096) = 4096
write(1, "\n\t\t\t\t\t * proceeding.  But for in"..., 4096) = 4096
write(1, "];\n\n\tb->yy_at_bol = 1;\n\tb->yy_bu"..., 4096) = 4096
write(1, ")\nyyconst char *s;\n#endif\n\t{\n\tre"..., 1061) = 1061
exit_group(0)                           = ?
