execve("../source/flex.exe.static", ["../source/flex.exe.static", "error", "-l", "-Ca", "../inputs/in.ch"], [/* 43 vars */]) = 0
uname({sys="Linux", node="xmenxk-OptiPlex-7010", ...}) = 0
brk(0)                                  = 0xc73000
brk(0xc741c0)                           = 0xc741c0
arch_prctl(ARCH_SET_FS, 0xc73880)       = 0
brk(0xc951c0)                           = 0xc951c0
brk(0xc96000)                           = 0xc96000
open("error", O_WRONLY|O_CREAT|O_TRUNC, 0666) = 3
open("../inputs/in.ch", O_RDONLY)       = 4
brk(0xcb7000)                           = 0xcb7000
ioctl(4, SNDCTL_TMR_TIMEBASE or TCGETS, 0x7fff4538f0b8) = -1 ENOTTY (Inappropriate ioctl for device)
fstat(4, {st_mode=S_IFREG|0640, st_size=357, ...}) = 0
mmap(NULL, 4096, PROT_READ|PROT_WRITE, MAP_PRIVATE|MAP_ANONYMOUS, -1, 0) = 0x7fd1a4a80000
read(4, "%%\n\nxyz\"++\"\t\tprintf(\"Match chara"..., 8192) = 357
read(4, "", 4096)                       = 0
open("lex.yy.c", O_WRONLY|O_CREAT|O_TRUNC, 0666) = 5
dup3(5, 1, 0)                           = 1
close(5)                                = 0
fstat(1, {st_mode=S_IFREG|0664, st_size=0, ...}) = 0
mmap(NULL, 4096, PROT_READ|PROT_WRITE, MAP_PRIVATE|MAP_ANONYMOUS, -1, 0) = 0x7fd1a4a7f000
write(1, "/* A lexical scanner generated b"..., 4096) = 4096
read(4, "", 8192)                       = 0
ioctl(4, SNDCTL_TMR_TIMEBASE or TCGETS, 0x7fff4538f078) = -1 ENOTTY (Inappropriate ioctl for device)
write(1, "\t * instead of fread(), to make "..., 4096) = 4096
write(1, "_END_OF_BUFFER 8\nstatic yyconst "..., 4096) = 4096
write(1, "      4,    4,    4,    4,    4,"..., 4096) = 4096
write(1, "  25,   25,   25,   25,   25,   "..., 4096) = 4096
write(1, ";\n#else\nstatic int input YY_PROT"..., 4096) = 4096
write(1, "_ptr;\n\t\tyy_lp = yy_accept[yy_cur"..., 4096) = 4096
write(1, "= yytext_ptr + YY_MORE_ADJ;\n\n\t\t\t"..., 4096) = 4096
write(1, "\treturn ret_val;\n\t}\n\n\n/* yy_get_"..., 4096) = 4096
write(1, "if\n\t{\n\tif ( ! yy_current_buffer "..., 4096) = 4096
write(1, "y_at_bol = 1;\n\tb->yy_fill_buffer"..., 4096) = 4096
write(1, "_free( void *ptr )\n#else\nstatic "..., 179) = 179
exit_group(0)                           = ?
