execve("../source/flex.exe.static", ["../source/flex.exe.static", "error", "-l", "-Ca", "../inputs/in.0"], [/* 43 vars */]) = 0
uname({sys="Linux", node="xmenxk-OptiPlex-7010", ...}) = 0
brk(0)                                  = 0x119b000
brk(0x119c1c0)                          = 0x119c1c0
arch_prctl(ARCH_SET_FS, 0x119b880)      = 0
brk(0x11bd1c0)                          = 0x11bd1c0
brk(0x11be000)                          = 0x11be000
open("error", O_WRONLY|O_CREAT|O_TRUNC, 0666) = 3
open("../inputs/in.0", O_RDONLY)        = 4
brk(0x11df000)                          = 0x11df000
ioctl(4, SNDCTL_TMR_TIMEBASE or TCGETS, 0x7fff624e6f28) = -1 ENOTTY (Inappropriate ioctl for device)
fstat(4, {st_mode=S_IFREG|0640, st_size=792, ...}) = 0
mmap(NULL, 4096, PROT_READ|PROT_WRITE, MAP_PRIVATE|MAP_ANONYMOUS, -1, 0) = 0x7f06338c1000
read(4, "/* scanner for a toy Pascal-like"..., 8192) = 792
read(4, "", 4096)                       = 0
open("lex.yy.c", O_WRONLY|O_CREAT|O_TRUNC, 0666) = 5
dup3(5, 1, 0)                           = 1
close(5)                                = 0
fstat(1, {st_mode=S_IFREG|0664, st_size=0, ...}) = 0
mmap(NULL, 4096, PROT_READ|PROT_WRITE, MAP_PRIVATE|MAP_ANONYMOUS, -1, 0) = 0x7f06338c0000
write(1, "/* A lexical scanner generated b"..., 4096) = 4096
write(1, "\t * instead of fread(), to make "..., 4096) = 4096
write(1, "_END_OF_BUFFER 10\nstatic yyconst"..., 4096) = 4096
write(1, " 20,\n       20,   20,   20,   20"..., 4096) = 4096
write(1, " 20,   20,\n       20,   20,   20"..., 4096) = 4096
write(1, "27,   27,   27,\n       27,   27,"..., 4096) = 4096
write(1, "   11,   11,   11,   11,   11,  "..., 4096) = 4096
write(1, "\n       33,   33,   33,   33,   "..., 4096) = 4096
write(1, "  45,\n\n       45,   45,   45,   "..., 4096) = 4096
write(1, "ne yymore() (yy_more_offset = yy"..., 4096) = 4096
write(1, "_INIT\n\t\tYY_USER_INIT;\n#endif\n\n\t\t"..., 4096) = 4096
write(1, "f_p = yytext_ptr + yy_amount_of_"..., 4096) = 4096
write(1, "2;\n\n\t\t\t\tb->yy_ch_buf = (char *)\n"..., 4096) = 4096
write(1, "s was really a NUL. */\n\t\t\t*yy_c_"..., 4096) = 4096
write(1, "YY_BUFFER_STATE b;\n#endif\n\n\t{\n\ti"..., 4096) = 4096
read(4, "", 8192)                       = 0
ioctl(4, SNDCTL_TMR_TIMEBASE or TCGETS, 0x7fff624e7458) = -1 ENOTTY (Inappropriate ioctl for device)
write(1, "static void yy_flex_strncpy( cha"..., 1584) = 1584
exit_group(0)                           = ?
