execve("../source/flex.exe.static", ["../source/flex.exe.static", "error", "-Ca", "../inputs/in.ch"], [/* 43 vars */]) = 0
uname({sys="Linux", node="xmenxk-OptiPlex-7010", ...}) = 0
brk(0)                                  = 0xc1b000
brk(0xc1c1c0)                           = 0xc1c1c0
arch_prctl(ARCH_SET_FS, 0xc1b880)       = 0
brk(0xc3d1c0)                           = 0xc3d1c0
brk(0xc3e000)                           = 0xc3e000
open("error", O_WRONLY|O_CREAT|O_TRUNC, 0666) = 3
open("../inputs/in.ch", O_RDONLY)       = 4
brk(0xc5f000)                           = 0xc5f000
ioctl(4, SNDCTL_TMR_TIMEBASE or TCGETS, 0x7fff8b14ecf8) = -1 ENOTTY (Inappropriate ioctl for device)
fstat(4, {st_mode=S_IFREG|0640, st_size=357, ...}) = 0
mmap(NULL, 4096, PROT_READ|PROT_WRITE, MAP_PRIVATE|MAP_ANONYMOUS, -1, 0) = 0x7f234450e000
read(4, "%%\n\nxyz\"++\"\t\tprintf(\"Match chara"..., 8192) = 357
read(4, "", 4096)                       = 0
open("lex.yy.c", O_WRONLY|O_CREAT|O_TRUNC, 0666) = 5
dup3(5, 1, 0)                           = 1
close(5)                                = 0
fstat(1, {st_mode=S_IFREG|0664, st_size=0, ...}) = 0
mmap(NULL, 4096, PROT_READ|PROT_WRITE, MAP_PRIVATE|MAP_ANONYMOUS, -1, 0) = 0x7f234450d000
write(1, "/* A lexical scanner generated b"..., 4096) = 4096
read(4, "", 8192)                       = 0
ioctl(4, SNDCTL_TMR_TIMEBASE or TCGETS, 0x7fff8b14ecb8) = -1 ENOTTY (Inappropriate ioctl for device)
write(1, "\t * instead of fread(), to make "..., 4096) = 4096
write(1, "  39,  491,    5,\n      491,   3"..., 4096) = 4096
write(1, "24,   24,\n       24,   24,   24,"..., 4096) = 4096
write(1, "  25,   25,   25,   25,   25,   "..., 4096) = 4096
write(1, "F_SIZE\n#define YY_READ_BUF_SIZE "..., 4096) = 4096
write(1, "case 4:\nYY_RULE_SETUP\n#line 6 \"."..., 4096) = 4096
write(1, "n\n *\tEOB_ACT_END_OF_FILE - end o"..., 4096) = 4096
write(1, "L character\n *\n * synopsis\n *\tne"..., 4096) = 4096
write(1, "buffer_state( void )\n#else\nvoid "..., 4096) = 4096
write(1, "YY_END_OF_BUFFER_CHAR;\n\n\tb = yy_"..., 3335) = 3335
exit_group(0)                           = ?
