execve("../source/flex.exe.static", ["../source/flex.exe.static", "error", "-Ca", "../inputs/in.ch_exp_1"], [/* 43 vars */]) = 0
uname({sys="Linux", node="xmenxk-OptiPlex-7010", ...}) = 0
brk(0)                                  = 0x20ec000
brk(0x20ed1c0)                          = 0x20ed1c0
arch_prctl(ARCH_SET_FS, 0x20ec880)      = 0
brk(0x210e1c0)                          = 0x210e1c0
brk(0x210f000)                          = 0x210f000
open("error", O_WRONLY|O_CREAT|O_TRUNC, 0666) = 3
open("../inputs/in.ch_exp_1", O_RDONLY) = 4
brk(0x2130000)                          = 0x2130000
ioctl(4, SNDCTL_TMR_TIMEBASE or TCGETS, 0x7fff1120e2d8) = -1 ENOTTY (Inappropriate ioctl for device)
fstat(4, {st_mode=S_IFREG|0640, st_size=70, ...}) = 0
mmap(NULL, 4096, PROT_READ|PROT_WRITE, MAP_PRIVATE|MAP_ANONYMOUS, -1, 0) = 0x7f1281963000
read(4, "%%\n\nfoo|bar*\tprintf(\"foo or ba(z"..., 8192) = 70
read(4, "", 4096)                       = 0
open("lex.yy.c", O_WRONLY|O_CREAT|O_TRUNC, 0666) = 5
dup3(5, 1, 0)                           = 1
close(5)                                = 0
fstat(1, {st_mode=S_IFREG|0664, st_size=0, ...}) = 0
mmap(NULL, 4096, PROT_READ|PROT_WRITE, MAP_PRIVATE|MAP_ANONYMOUS, -1, 0) = 0x7f1281962000
write(1, "/* A lexical scanner generated b"..., 4096) = 4096
read(4, "", 8192)                       = 0
ioctl(4, SNDCTL_TMR_TIMEBASE or TCGETS, 0x7fff1120e298) = -1 ENOTTY (Inappropriate ioctl for device)
write(1, "\t * instead of fread(), to make "..., 4096) = 4096
write(1, " {   0,\n       12,   12,   11,  "..., 4096) = 4096
write(1, "11,   11,   11,   11,\n       11,"..., 4096) = 4096
write(1, "  11,   11,   11,   11,   11,\n  "..., 4096) = 4096
write(1, "current_state;\n\tregister char *y"..., 4096) = 4096
write(1, "\n\t\t\t\t}\n\n\t\t\telse\n\t\t\t\t{\n\t\t\t\tyy_cp "..., 4096) = 4096
write(1, "_read );\n\n\t\tyy_current_buffer->y"..., 4096) = 4096
write(1, "\n\t\t\t\t\t/* Reset buffer status. */"..., 4096) = 4096
write(1, "*base, yy_size_t size )\n#else\nYY"..., 4096) = 4096
write(1, "y_size_t size;\n#endif\n\t{\n\treturn"..., 858) = 858
exit_group(0)                           = ?
