execve("../source/flex.exe.static", ["../source/flex.exe.static", "error", "-Ca", "../inputs/in.exp"], [/* 43 vars */]) = 0
uname({sys="Linux", node="xmenxk-OptiPlex-7010", ...}) = 0
brk(0)                                  = 0x147a000
brk(0x147b1c0)                          = 0x147b1c0
arch_prctl(ARCH_SET_FS, 0x147a880)      = 0
brk(0x149c1c0)                          = 0x149c1c0
brk(0x149d000)                          = 0x149d000
open("error", O_WRONLY|O_CREAT|O_TRUNC, 0666) = 3
open("../inputs/in.exp", O_RDONLY)      = 4
brk(0x14be000)                          = 0x14be000
ioctl(4, SNDCTL_TMR_TIMEBASE or TCGETS, 0x7fff33eaa068) = -1 ENOTTY (Inappropriate ioctl for device)
fstat(4, {st_mode=S_IFREG|0640, st_size=290, ...}) = 0
mmap(NULL, 4096, PROT_READ|PROT_WRITE, MAP_PRIVATE|MAP_ANONYMOUS, -1, 0) = 0x7fbfaa9ff000
read(4, "%%\n(r)\t\tprintf(\"Match an r: %s\\n"..., 8192) = 290
read(4, "", 4096)                       = 0
open("lex.yy.c", O_WRONLY|O_CREAT|O_TRUNC, 0666) = 5
dup3(5, 1, 0)                           = 1
close(5)                                = 0
fstat(1, {st_mode=S_IFREG|0664, st_size=0, ...}) = 0
mmap(NULL, 4096, PROT_READ|PROT_WRITE, MAP_PRIVATE|MAP_ANONYMOUS, -1, 0) = 0x7fbfaa9fe000
write(1, "/* A lexical scanner generated b"..., 4096) = 4096
read(4, "", 8192)                       = 0
ioctl(4, SNDCTL_TMR_TIMEBASE or TCGETS, 0x7fff33eaa028) = -1 ENOTTY (Inappropriate ioctl for device)
write(1, "\t * instead of fread(), to make "..., 4096) = 4096
write(1, " 121,   31,   28,  390,  390,\n  "..., 4096) = 4096
write(1, "26,   26,   26,   26,   26,   26"..., 4096) = 4096
write(1, "   26,   26,   26,\n       26,   "..., 4096) = 4096
write(1, "art-condition stack grows. */\n#i"..., 4096) = 4096
write(1, "in at a new source and called\n\t\t"..., 4096) = 4096
write(1, "- 1;\n\n\tfor ( i = 0; i < number_t"..., 4096) = 4096
write(1, "ars + 2;\n\t\tregister char *dest ="..., 4096) = 4096
write(1, "R( \"out of dynamic memory in yy_"..., 4096) = 4096
write(1, "memory expanding start-condition"..., 2502) = 2502
exit_group(0)                           = ?
