execve("../source/flex.exe.static", ["../source/flex.exe.static", "error", "-Ca", "../inputs/in.0"], [/* 43 vars */]) = 0
uname({sys="Linux", node="xmenxk-OptiPlex-7010", ...}) = 0
brk(0)                                  = 0x19f6000
brk(0x19f71c0)                          = 0x19f71c0
arch_prctl(ARCH_SET_FS, 0x19f6880)      = 0
brk(0x1a181c0)                          = 0x1a181c0
brk(0x1a19000)                          = 0x1a19000
open("error", O_WRONLY|O_CREAT|O_TRUNC, 0666) = 3
open("../inputs/in.0", O_RDONLY)        = 4
brk(0x1a3a000)                          = 0x1a3a000
ioctl(4, SNDCTL_TMR_TIMEBASE or TCGETS, 0x7fff1ee638a8) = -1 ENOTTY (Inappropriate ioctl for device)
fstat(4, {st_mode=S_IFREG|0640, st_size=792, ...}) = 0
mmap(NULL, 4096, PROT_READ|PROT_WRITE, MAP_PRIVATE|MAP_ANONYMOUS, -1, 0) = 0x7f52b5ffc000
read(4, "/* scanner for a toy Pascal-like"..., 8192) = 792
read(4, "", 4096)                       = 0
open("lex.yy.c", O_WRONLY|O_CREAT|O_TRUNC, 0666) = 5
dup3(5, 1, 0)                           = 1
close(5)                                = 0
fstat(1, {st_mode=S_IFREG|0664, st_size=0, ...}) = 0
mmap(NULL, 4096, PROT_READ|PROT_WRITE, MAP_PRIVATE|MAP_ANONYMOUS, -1, 0) = 0x7f52b5ffb000
write(1, "/* A lexical scanner generated b"..., 4096) = 4096
write(1, "\t * instead of fread(), to make "..., 4096) = 4096
write(1, "      4,    4,    4,    0\n    } "..., 4096) = 4096
write(1, "  20,   20,   20,   20,\n       4"..., 4096) = 4096
write(1, " 20,   20,   20,   20,   20,\n   "..., 4096) = 4096
write(1, "44,   44,   44,   44,   44,   44"..., 4096) = 4096
write(1, ",   13,   13,\n       13,   13,  "..., 4096) = 4096
write(1, "   38,    0,   37,\n\n       37,  "..., 4096) = 4096
write(1, "   46,   46,   46,   46,\n       "..., 4096) = 4096
write(1, "CK_USED\nstatic int yy_start_stac"..., 4096) = 4096
write(1, "o back up */\n\t\t\tyy_cp = yy_last_"..., 4096) = 4096
write(1, "(YY_START);\n\t\t\t\t\tgoto do_action;"..., 4096) = 4096
write(1, "e state just before the EOB char"..., 4096) = 4096
write(1, "rt( input_file )\nFILE *input_fil"..., 4096) = 4096
write(1, "_size;\n\tb->yy_is_interactive = 0"..., 4096) = 4096
read(4, "", 8192)                       = 0
ioctl(4, SNDCTL_TMR_TIMEBASE or TCGETS, 0x7fff1ee63dd8) = -1 ENOTTY (Inappropriate ioctl for device)
write(1, "ifdef YY_USE_PROTOS\nstatic void "..., 390) = 390
exit_group(0)                           = ?
