execve("../source/flex.exe.static", ["../source/flex.exe.static", "error", "-Cem", "../inputs/in.ch"], [/* 43 vars */]) = 0
uname({sys="Linux", node="xmenxk-OptiPlex-7010", ...}) = 0
brk(0)                                  = 0x1f6e000
brk(0x1f6f1c0)                          = 0x1f6f1c0
arch_prctl(ARCH_SET_FS, 0x1f6e880)      = 0
brk(0x1f901c0)                          = 0x1f901c0
brk(0x1f91000)                          = 0x1f91000
open("error", O_WRONLY|O_CREAT|O_TRUNC, 0666) = 3
open("../inputs/in.ch", O_RDONLY)       = 4
brk(0x1fb2000)                          = 0x1fb2000
ioctl(4, SNDCTL_TMR_TIMEBASE or TCGETS, 0x7fffd0b97718) = -1 ENOTTY (Inappropriate ioctl for device)
fstat(4, {st_mode=S_IFREG|0640, st_size=357, ...}) = 0
mmap(NULL, 4096, PROT_READ|PROT_WRITE, MAP_PRIVATE|MAP_ANONYMOUS, -1, 0) = 0x7f40c5ba8000
read(4, "%%\n\nxyz\"++\"\t\tprintf(\"Match chara"..., 8192) = 357
read(4, "", 4096)                       = 0
open("lex.yy.c", O_WRONLY|O_CREAT|O_TRUNC, 0666) = 5
dup3(5, 1, 0)                           = 1
close(5)                                = 0
fstat(1, {st_mode=S_IFREG|0664, st_size=0, ...}) = 0
mmap(NULL, 4096, PROT_READ|PROT_WRITE, MAP_PRIVATE|MAP_ANONYMOUS, -1, 0) = 0x7f40c5ba7000
write(1, "/* A lexical scanner generated b"..., 4096) = 4096
read(4, "", 8192)                       = 0
ioctl(4, SNDCTL_TMR_TIMEBASE or TCGETS, 0x7fffd0b976d8) = -1 ENOTTY (Inappropriate ioctl for device)
write(1, "\t * instead of fread(), to make "..., 4096) = 4096
write(1, "    1,    2,\n        1,    1,   "..., 4096) = 4096
write(1, "\n#ifndef YY_NO_PUSH_STATE\nstatic"..., 4096) = 4096
write(1, "t_accepting_cpos;\n\t\t\tyy_current_"..., 4096) = 4096
write(1, "=\n\t\t\t\t\tyytext_ptr + yy_amount_of"..., 4096) = 4096
write(1, "rt;\n\n\tfor ( yy_cp = yytext_ptr +"..., 4096) = 4096
write(1, "buf_p;\n\n\n\treturn c;\n\t}\n\n\n#ifdef "..., 4096) = 4096
write(1, " = b->yy_ch_buf = base;\n\tb->yy_i"..., 4096) = 4096
write(1, "sions\n\t * as though doing an ass"..., 317) = 317
exit_group(0)                           = ?
