execve("../source/flex.exe.static", ["../source/flex.exe.static", "error", "-Cem", "../inputs/in.ch_exp_1"], [/* 43 vars */]) = 0
uname({sys="Linux", node="xmenxk-OptiPlex-7010", ...}) = 0
brk(0)                                  = 0xe60000
brk(0xe611c0)                           = 0xe611c0
arch_prctl(ARCH_SET_FS, 0xe60880)       = 0
brk(0xe821c0)                           = 0xe821c0
brk(0xe83000)                           = 0xe83000
open("error", O_WRONLY|O_CREAT|O_TRUNC, 0666) = 3
open("../inputs/in.ch_exp_1", O_RDONLY) = 4
brk(0xea4000)                           = 0xea4000
ioctl(4, SNDCTL_TMR_TIMEBASE or TCGETS, 0x7fff3fed17c8) = -1 ENOTTY (Inappropriate ioctl for device)
fstat(4, {st_mode=S_IFREG|0640, st_size=70, ...}) = 0
mmap(NULL, 4096, PROT_READ|PROT_WRITE, MAP_PRIVATE|MAP_ANONYMOUS, -1, 0) = 0x7f6b0c4ec000
read(4, "%%\n\nfoo|bar*\tprintf(\"foo or ba(z"..., 8192) = 70
read(4, "", 4096)                       = 0
open("lex.yy.c", O_WRONLY|O_CREAT|O_TRUNC, 0666) = 5
dup3(5, 1, 0)                           = 1
close(5)                                = 0
fstat(1, {st_mode=S_IFREG|0664, st_size=0, ...}) = 0
mmap(NULL, 4096, PROT_READ|PROT_WRITE, MAP_PRIVATE|MAP_ANONYMOUS, -1, 0) = 0x7f6b0c4eb000
write(1, "/* A lexical scanner generated b"..., 4096) = 4096
read(4, "", 8192)                       = 0
ioctl(4, SNDCTL_TMR_TIMEBASE or TCGETS, 0x7fff3fed1788) = -1 ENOTTY (Inappropriate ioctl for device)
write(1, "\t * instead of fread(), to make "..., 4096) = 4096
write(1, "   1,    1,    1,    1,    1,   "..., 4096) = 4096
write(1, "zeof(size_t) != sizeof(int)\n * o"..., 4096) = 4096
write(1, "more than r's) %s\\n\", yytext);\n\t"..., 4096) = 4096
write(1, "\tYY_FATAL_ERROR(\n\t\t\"fatal flex s"..., 4096) = 4096
write(1, "_last_accepting_state = yy_curre"..., 4096) = 4096
write(1, "ad_buffer_state( void )\n#else\nvo"..., 4096) = 4096
write(1, " = YY_END_OF_BUFFER_CHAR;\n\n\tb = "..., 3344) = 3344
exit_group(0)                           = ?
