execve("../source/flex.exe.static", ["../source/flex.exe.static", "error", "-l", "-Ce", "../inputs/in.ch_exp_1"], [/* 43 vars */]) = 0
uname({sys="Linux", node="xmenxk-OptiPlex-7010", ...}) = 0
brk(0)                                  = 0x1552000
brk(0x15531c0)                          = 0x15531c0
arch_prctl(ARCH_SET_FS, 0x1552880)      = 0
brk(0x15741c0)                          = 0x15741c0
brk(0x1575000)                          = 0x1575000
open("error", O_WRONLY|O_CREAT|O_TRUNC, 0666) = 3
open("../inputs/in.ch_exp_1", O_RDONLY) = 4
brk(0x1596000)                          = 0x1596000
ioctl(4, SNDCTL_TMR_TIMEBASE or TCGETS, 0x7fffcb23d0c8) = -1 ENOTTY (Inappropriate ioctl for device)
fstat(4, {st_mode=S_IFREG|0640, st_size=70, ...}) = 0
mmap(NULL, 4096, PROT_READ|PROT_WRITE, MAP_PRIVATE|MAP_ANONYMOUS, -1, 0) = 0x7f8c286d5000
read(4, "%%\n\nfoo|bar*\tprintf(\"foo or ba(z"..., 8192) = 70
read(4, "", 4096)                       = 0
open("lex.yy.c", O_WRONLY|O_CREAT|O_TRUNC, 0666) = 5
dup3(5, 1, 0)                           = 1
close(5)                                = 0
fstat(1, {st_mode=S_IFREG|0664, st_size=0, ...}) = 0
mmap(NULL, 4096, PROT_READ|PROT_WRITE, MAP_PRIVATE|MAP_ANONYMOUS, -1, 0) = 0x7f8c286d4000
write(1, "/* A lexical scanner generated b"..., 4096) = 4096
read(4, "", 8192)                       = 0
ioctl(4, SNDCTL_TMR_TIMEBASE or TCGETS, 0x7fffcb23d088) = -1 ENOTTY (Inappropriate ioctl for device)
write(1, "\t * instead of fread(), to make "..., 4096) = 4096
write(1, "_END_OF_BUFFER 3\nstatic yyconst "..., 4096) = 4096
write(1, "ndif\n#endif\n\n#if YY_STACK_USED\ns"..., 4096) = 4096
write(1, "t_state];\nfind_rule: /* we branc"..., 4096) = 4096
write(1, "e();\n\n\t\t\t\tyy_cp = yy_c_buf_p;\n\t\t"..., 4096) = 4096
write(1, " (int) yy_def[yy_current_state];"..., 4096) = 4096
write(1, "\n\tif ( yy_current_buffer )\n\t\t{\n\t"..., 4096) = 4096
write(1, "y_str, len );\n\t}\n#endif\n\n\n#ifnde"..., 3896) = 3896
exit_group(0)                           = ?
