execve("../source/flex.exe.static", ["../source/flex.exe.static", "error", "-s", "../inputs/in.code"], [/* 43 vars */]) = 0
uname({sys="Linux", node="xmenxk-OptiPlex-7010", ...}) = 0
brk(0)                                  = 0x11de000
brk(0x11df1c0)                          = 0x11df1c0
arch_prctl(ARCH_SET_FS, 0x11de880)      = 0
brk(0x12001c0)                          = 0x12001c0
brk(0x1201000)                          = 0x1201000
open("error", O_WRONLY|O_CREAT|O_TRUNC, 0666) = 3
open("../inputs/in.code", O_RDONLY)     = 4
brk(0x1222000)                          = 0x1222000
ioctl(4, SNDCTL_TMR_TIMEBASE or TCGETS, 0x7fffde23dcc8) = -1 ENOTTY (Inappropriate ioctl for device)
fstat(4, {st_mode=S_IFREG|0640, st_size=185, ...}) = 0
mmap(NULL, 4096, PROT_READ|PROT_WRITE, MAP_PRIVATE|MAP_ANONYMOUS, -1, 0) = 0x7f3fc2900000
read(4, "%%\n\n[\\a]\t\tprintf(\"Zero or more r"..., 8192) = 185
read(4, "", 4096)                       = 0
open("lex.yy.c", O_WRONLY|O_CREAT|O_TRUNC, 0666) = 5
dup3(5, 1, 0)                           = 1
close(5)                                = 0
fstat(1, {st_mode=S_IFREG|0664, st_size=0, ...}) = 0
mmap(NULL, 4096, PROT_READ|PROT_WRITE, MAP_PRIVATE|MAP_ANONYMOUS, -1, 0) = 0x7f3fc28ff000
write(1, "/* A lexical scanner generated b"..., 4096) = 4096
read(4, "", 8192)                       = 0
ioctl(4, SNDCTL_TMR_TIMEBASE or TCGETS, 0x7fffde23dc88) = -1 ENOTTY (Inappropriate ioctl for device)
fstat(3, {st_mode=S_IFREG|0664, st_size=0, ...}) = 0
mmap(NULL, 4096, PROT_READ|PROT_WRITE, MAP_PRIVATE|MAP_ANONYMOUS, -1, 0) = 0x7f3fc28fe000
write(1, "\t * instead of fread(), to make "..., 4096) = 4096
write(1, "    3,    3,    3,    3,    3,  "..., 4096) = 4096
write(1, "output. */\n\n#ifndef ECHO\n/* This"..., 4096) = 4096
write(1, "n.code\"\nprintf(\"over 256: %d\\n\","..., 4096) = 4096
write(1, "rent_buffer->yy_ch_buf[yy_n_char"..., 4096) = 4096
write(1, "f ( yy_accept[yy_current_state] "..., 4096) = 4096
write(1, "= 1;\n\t}\n\n\n#ifdef YY_USE_PROTOS\nv"..., 4096) = 4096
write(1, "uf[i] = bytes[i];\n\n\tbuf[len] = b"..., 3381) = 3381
write(3, "\"../inputs/in.code\", line 7: war"..., 86) = 86
exit_group(0)                           = ?
