execve("../source/flex.exe.static", ["../source/flex.exe.static", "error", "-Ce", "../inputs/in.ch"], [/* 43 vars */]) = 0
uname({sys="Linux", node="xmenxk-OptiPlex-7010", ...}) = 0
brk(0)                                  = 0x228b000
brk(0x228c1c0)                          = 0x228c1c0
arch_prctl(ARCH_SET_FS, 0x228b880)      = 0
brk(0x22ad1c0)                          = 0x22ad1c0
brk(0x22ae000)                          = 0x22ae000
open("error", O_WRONLY|O_CREAT|O_TRUNC, 0666) = 3
open("../inputs/in.ch", O_RDONLY)       = 4
brk(0x22cf000)                          = 0x22cf000
ioctl(4, SNDCTL_TMR_TIMEBASE or TCGETS, 0x7fff620d1248) = -1 ENOTTY (Inappropriate ioctl for device)
fstat(4, {st_mode=S_IFREG|0640, st_size=357, ...}) = 0
mmap(NULL, 4096, PROT_READ|PROT_WRITE, MAP_PRIVATE|MAP_ANONYMOUS, -1, 0) = 0x7fda24f41000
read(4, "%%\n\nxyz\"++\"\t\tprintf(\"Match chara"..., 8192) = 357
read(4, "", 4096)                       = 0
open("lex.yy.c", O_WRONLY|O_CREAT|O_TRUNC, 0666) = 5
dup3(5, 1, 0)                           = 1
close(5)                                = 0
fstat(1, {st_mode=S_IFREG|0664, st_size=0, ...}) = 0
mmap(NULL, 4096, PROT_READ|PROT_WRITE, MAP_PRIVATE|MAP_ANONYMOUS, -1, 0) = 0x7fda24f40000
write(1, "/* A lexical scanner generated b"..., 4096) = 4096
read(4, "", 8192)                       = 0
ioctl(4, SNDCTL_TMR_TIMEBASE or TCGETS, 0x7fff620d1208) = -1 ENOTTY (Inappropriate ioctl for device)
write(1, "\t * instead of fread(), to make "..., 4096) = 4096
write(1, "    1,    2,\n        1,    1,   "..., 4096) = 4096
write(1, "endif\n#ifndef YY_NO_TOP_STATE\nst"..., 4096) = 4096
write(1, "ning of action switch */\n\t\t\tcase"..., 4096) = 4096
write(1, "rrent_buffer->yy_ch_buf[yy_n_cha"..., 4096) = 4096
write(1, "te;\n\t\t\tyy_last_accepting_cpos = "..., 4096) = 4096
write(1, "_buffer )\n#else\nvoid yy_switch_t"..., 4096) = 4096
write(1, "FER_STATE yy_scan_string( yy_str"..., 4033) = 4033
exit_group(0)                           = ?
