execve("../source/flex.exe.static", ["../source/flex.exe.static", "error", "-Ce", "../inputs/in.closure"], [/* 43 vars */]) = 0
uname({sys="Linux", node="xmenxk-OptiPlex-7010", ...}) = 0
brk(0)                                  = 0xab1000
brk(0xab21c0)                           = 0xab21c0
arch_prctl(ARCH_SET_FS, 0xab1880)       = 0
brk(0xad31c0)                           = 0xad31c0
brk(0xad4000)                           = 0xad4000
open("error", O_WRONLY|O_CREAT|O_TRUNC, 0666) = 3
open("../inputs/in.closure", O_RDONLY)  = 4
brk(0xaf5000)                           = 0xaf5000
ioctl(4, SNDCTL_TMR_TIMEBASE or TCGETS, 0x7fff1e576768) = -1 ENOTTY (Inappropriate ioctl for device)
fstat(4, {st_mode=S_IFREG|0640, st_size=274, ...}) = 0
mmap(NULL, 4096, PROT_READ|PROT_WRITE, MAP_PRIVATE|MAP_ANONYMOUS, -1, 0) = 0x7fd3b15c3000
read(4, "%%\n\nr*\t\tprintf(\"Zero or more r's"..., 8192) = 274
read(4, "", 4096)                       = 0
open("lex.yy.c", O_WRONLY|O_CREAT|O_TRUNC, 0666) = 5
dup3(5, 1, 0)                           = 1
close(5)                                = 0
fstat(1, {st_mode=S_IFREG|0664, st_size=0, ...}) = 0
mmap(NULL, 4096, PROT_READ|PROT_WRITE, MAP_PRIVATE|MAP_ANONYMOUS, -1, 0) = 0x7fd3b15c2000
write(1, "/* A lexical scanner generated b"..., 4096) = 4096
read(4, "", 8192)                       = 0
ioctl(4, SNDCTL_TMR_TIMEBASE or TCGETS, 0x7fff1e576728) = -1 ENOTTY (Inappropriate ioctl for device)
write(1, "\t * instead of fread(), to make "..., 4096) = 4096
write(1, "    1,    1,\n        1,    1,   "..., 4096) = 4096
write(1, "ATE 1\n#endif\n\n#ifdef YY_MALLOC_D"..., 4096) = 4096
write(1, "ng_cpos;\n\t\t\tyy_current_state = y"..., 4096) = 4096
write(1, "-no action found\" );\n\t} /* end o"..., 4096) = 4096
write(1, "\t\t}\n\n\treturn yy_current_state;\n\t"..., 4096) = 4096
write(1, "ent_buffer->yy_buf_pos = yy_c_bu"..., 4096) = 4096
write(1, "*bytes, int len )\n#else\nYY_BUFFE"..., 3779) = 3779
exit_group(0)                           = ?
