execve("../source/flex.exe.static", ["../source/flex.exe.static", "error", "-Ce", "../inputs/in.exp"], [/* 43 vars */]) = 0
uname({sys="Linux", node="xmenxk-OptiPlex-7010", ...}) = 0
brk(0)                                  = 0x1cf6000
brk(0x1cf71c0)                          = 0x1cf71c0
arch_prctl(ARCH_SET_FS, 0x1cf6880)      = 0
brk(0x1d181c0)                          = 0x1d181c0
brk(0x1d19000)                          = 0x1d19000
open("error", O_WRONLY|O_CREAT|O_TRUNC, 0666) = 3
open("../inputs/in.exp", O_RDONLY)      = 4
brk(0x1d3a000)                          = 0x1d3a000
ioctl(4, SNDCTL_TMR_TIMEBASE or TCGETS, 0x7fffe3efb858) = -1 ENOTTY (Inappropriate ioctl for device)
fstat(4, {st_mode=S_IFREG|0640, st_size=290, ...}) = 0
mmap(NULL, 4096, PROT_READ|PROT_WRITE, MAP_PRIVATE|MAP_ANONYMOUS, -1, 0) = 0x7f7dc7ab9000
read(4, "%%\n(r)\t\tprintf(\"Match an r: %s\\n"..., 8192) = 290
read(4, "", 4096)                       = 0
open("lex.yy.c", O_WRONLY|O_CREAT|O_TRUNC, 0666) = 5
dup3(5, 1, 0)                           = 1
close(5)                                = 0
fstat(1, {st_mode=S_IFREG|0664, st_size=0, ...}) = 0
mmap(NULL, 4096, PROT_READ|PROT_WRITE, MAP_PRIVATE|MAP_ANONYMOUS, -1, 0) = 0x7f7dc7ab8000
write(1, "/* A lexical scanner generated b"..., 4096) = 4096
read(4, "", 8192)                       = 0
ioctl(4, SNDCTL_TMR_TIMEBASE or TCGETS, 0x7fffe3efb818) = -1 ENOTTY (Inappropriate ioctl for device)
write(1, "\t * instead of fread(), to make "..., 4096) = 4096
write(1, "    1,    1,    1,    2,\n       "..., 4096) = 4096
write(1, "fndef YY_NO_PUSH_STATE\nstatic vo"..., 4096) = 4096
write(1, "0 )\n\t\t\t{ /* have to back up */\n\t"..., 4096) = 4096
write(1, "ed.\n\t\t\t\t\t */\n\t\t\t\t\tyy_c_buf_p = y"..., 4096) = 4096
write(1, "rrent_buffer->yy_ch_buf[0];\n\n\tre"..., 4096) = 4096
write(1, ";\n\t\t\t\t\tbreak;\n\t\t\t\t}\n\t\t\t}\n\t\t}\n\n\tc"..., 4096) = 4096
write(1, " yy_flex_alloc( sizeof( struct y"..., 4096) = 4096
write(1, "pointers, and those\n\t * that use"..., 524) = 524
exit_group(0)                           = ?
