execve("../source/flex.exe.static", ["../source/flex.exe.static", "error", "-l", "-Cm", "../inputs/in.ch"], [/* 43 vars */]) = 0
uname({sys="Linux", node="xmenxk-OptiPlex-7010", ...}) = 0
brk(0)                                  = 0x133e000
brk(0x133f1c0)                          = 0x133f1c0
arch_prctl(ARCH_SET_FS, 0x133e880)      = 0
brk(0x13601c0)                          = 0x13601c0
brk(0x1361000)                          = 0x1361000
open("error", O_WRONLY|O_CREAT|O_TRUNC, 0666) = 3
open("../inputs/in.ch", O_RDONLY)       = 4
brk(0x1382000)                          = 0x1382000
ioctl(4, SNDCTL_TMR_TIMEBASE or TCGETS, 0x7fff8438d8a8) = -1 ENOTTY (Inappropriate ioctl for device)
fstat(4, {st_mode=S_IFREG|0640, st_size=357, ...}) = 0
mmap(NULL, 4096, PROT_READ|PROT_WRITE, MAP_PRIVATE|MAP_ANONYMOUS, -1, 0) = 0x7f644627c000
read(4, "%%\n\nxyz\"++\"\t\tprintf(\"Match chara"..., 8192) = 357
read(4, "", 4096)                       = 0
open("lex.yy.c", O_WRONLY|O_CREAT|O_TRUNC, 0666) = 5
dup3(5, 1, 0)                           = 1
close(5)                                = 0
fstat(1, {st_mode=S_IFREG|0664, st_size=0, ...}) = 0
mmap(NULL, 4096, PROT_READ|PROT_WRITE, MAP_PRIVATE|MAP_ANONYMOUS, -1, 0) = 0x7f644627b000
write(1, "/* A lexical scanner generated b"..., 4096) = 4096
read(4, "", 8192)                       = 0
ioctl(4, SNDCTL_TMR_TIMEBASE or TCGETS, 0x7fff8438d868) = -1 ENOTTY (Inappropriate ioctl for device)
write(1, "\t * instead of fread(), to make "..., 4096) = 4096
write(1, "_END_OF_BUFFER 8\nstatic yyconst "..., 4096) = 4096
write(1, ",   24,   24,   24,    9,    9,\n"..., 4096) = 4096
write(1, " 24,   24,   24,   24,   24,   2"..., 4096) = 4096
write(1, "c == EOF && ferror( yyin ) ) \\\n\t"..., 4096) = 4096
write(1, "_BUFFER:\n\t\t{\n\t\t/* Amount of text"..., 4096) = 4096
write(1, "( yy_c_buf_p - yytext_ptr - YY_M"..., 4096) = 4096
write(1, "nput( c, yy_bp )\nint c;\nregister"..., 4096) = 4096
write(1, "e ) );\n\tif ( ! b )\n\t\tYY_FATAL_ER"..., 4096) = 4096
write(1, "size;\n\n\t\tyy_start_stack_depth +="..., 2840) = 2840
exit_group(0)                           = ?
