execve("../source/flex.exe.static", ["../source/flex.exe.static", "error", "-l", "-Cm", "../inputs/in.closure"], [/* 43 vars */]) = 0
uname({sys="Linux", node="xmenxk-OptiPlex-7010", ...}) = 0
brk(0)                                  = 0x1591000
brk(0x15921c0)                          = 0x15921c0
arch_prctl(ARCH_SET_FS, 0x1591880)      = 0
brk(0x15b31c0)                          = 0x15b31c0
brk(0x15b4000)                          = 0x15b4000
open("error", O_WRONLY|O_CREAT|O_TRUNC, 0666) = 3
open("../inputs/in.closure", O_RDONLY)  = 4
brk(0x15d5000)                          = 0x15d5000
ioctl(4, SNDCTL_TMR_TIMEBASE or TCGETS, 0x7fffd75c1cc8) = -1 ENOTTY (Inappropriate ioctl for device)
fstat(4, {st_mode=S_IFREG|0640, st_size=274, ...}) = 0
mmap(NULL, 4096, PROT_READ|PROT_WRITE, MAP_PRIVATE|MAP_ANONYMOUS, -1, 0) = 0x7fdb8bb62000
read(4, "%%\n\nr*\t\tprintf(\"Zero or more r's"..., 8192) = 274
read(4, "", 4096)                       = 0
open("lex.yy.c", O_WRONLY|O_CREAT|O_TRUNC, 0666) = 5
dup3(5, 1, 0)                           = 1
close(5)                                = 0
fstat(1, {st_mode=S_IFREG|0664, st_size=0, ...}) = 0
mmap(NULL, 4096, PROT_READ|PROT_WRITE, MAP_PRIVATE|MAP_ANONYMOUS, -1, 0) = 0x7fdb8bb61000
write(1, "/* A lexical scanner generated b"..., 4096) = 4096
read(4, "", 8192)                       = 0
ioctl(4, SNDCTL_TMR_TIMEBASE or TCGETS, 0x7fffd75c1c88) = -1 ENOTTY (Inappropriate ioctl for device)
write(1, "\t * instead of fread(), to make "..., 4096) = 4096
write(1, "_END_OF_BUFFER 7\nstatic yyconst "..., 4096) = 4096
write(1, ",   24,   24,   24,   24,   24, "..., 4096) = 4096
write(1, "], *yy_state_ptr;\nstatic char *y"..., 4096) = 4096
write(1, "r yy_state_type yy_current_state"..., 4096) = 4096
write(1, "y_c_buf_p = yytext_ptr + yy_amou"..., 4096) = 4096
write(1, "ze *= 2;\n\n\t\t\t\tb->yy_ch_buf = (ch"..., 4096) = 4096
write(1, "r.\n\t\t */\n\t\tif ( yy_c_buf_p < &yy"..., 4096) = 4096
write(1, "_PROTOS\nvoid yy_flush_buffer( YY"..., 4096) = 4096
write(1, "( 0 )\n\n\n/* Internal utility rout"..., 1499) = 1499
exit_group(0)                           = ?
