execve("../source/flex.exe.static", ["../source/flex.exe.static", "error", "-l", "-Cm", "../inputs/in.exp"], [/* 43 vars */]) = 0
uname({sys="Linux", node="xmenxk-OptiPlex-7010", ...}) = 0
brk(0)                                  = 0x7c8000
brk(0x7c91c0)                           = 0x7c91c0
arch_prctl(ARCH_SET_FS, 0x7c8880)       = 0
brk(0x7ea1c0)                           = 0x7ea1c0
brk(0x7eb000)                           = 0x7eb000
open("error", O_WRONLY|O_CREAT|O_TRUNC, 0666) = 3
open("../inputs/in.exp", O_RDONLY)      = 4
brk(0x80c000)                           = 0x80c000
ioctl(4, SNDCTL_TMR_TIMEBASE or TCGETS, 0x7fffda1175d8) = -1 ENOTTY (Inappropriate ioctl for device)
fstat(4, {st_mode=S_IFREG|0640, st_size=290, ...}) = 0
mmap(NULL, 4096, PROT_READ|PROT_WRITE, MAP_PRIVATE|MAP_ANONYMOUS, -1, 0) = 0x7f2262895000
read(4, "%%\n(r)\t\tprintf(\"Match an r: %s\\n"..., 8192) = 290
read(4, "", 4096)                       = 0
open("lex.yy.c", O_WRONLY|O_CREAT|O_TRUNC, 0666) = 5
dup3(5, 1, 0)                           = 1
close(5)                                = 0
fstat(1, {st_mode=S_IFREG|0664, st_size=0, ...}) = 0
mmap(NULL, 4096, PROT_READ|PROT_WRITE, MAP_PRIVATE|MAP_ANONYMOUS, -1, 0) = 0x7f2262894000
write(1, "/* A lexical scanner generated b"..., 4096) = 4096
read(4, "", 8192)                       = 0
ioctl(4, SNDCTL_TMR_TIMEBASE or TCGETS, 0x7fffda117598) = -1 ENOTTY (Inappropriate ioctl for device)
fstat(3, {st_mode=S_IFREG|0664, st_size=0, ...}) = 0
mmap(NULL, 4096, PROT_READ|PROT_WRITE, MAP_PRIVATE|MAP_ANONYMOUS, -1, 0) = 0x7f2262893000
write(1, "\t * instead of fread(), to make "..., 4096) = 4096
write(1, "_END_OF_BUFFER 8\nstatic yyconst "..., 4096) = 4096
write(1, "6,   26,   26,\n       26,   26, "..., 4096) = 4096
write(1, "atic int yy_looking_for_trail_be"..., 4096) = 4096
write(1, " each rule, after yytext and yyl"..., 4096) = 4096
write(1, " YY_BUFFER_NEW )\n\t\t\t{\n\t\t\t/* We'r"..., 4096) = 4096
write(1, "T_MATCH;\n\t\t\t}\n\t\t}\n\n\t/* Try to re"..., 4096) = 4096
write(1, "/\n\t\t/* +2 for EOB chars. */\n\t\tre"..., 4096) = 4096
write(1, "e need to put in 2 end-of-buffer"..., 4096) = 4096
write(1, "\telse\n\t\t\tyy_start_stack = (int *"..., 2652) = 2652
write(3, "\"../inputs/in.exp\", line 7: warn"..., 64) = 64
exit_group(0)                           = ?
