execve("../source/flex.exe.static", ["../source/flex.exe.static", "error", "-Cm", "../inputs/in.ch"], [/* 43 vars */]) = 0
uname({sys="Linux", node="xmenxk-OptiPlex-7010", ...}) = 0
brk(0)                                  = 0xb08000
brk(0xb091c0)                           = 0xb091c0
arch_prctl(ARCH_SET_FS, 0xb08880)       = 0
brk(0xb2a1c0)                           = 0xb2a1c0
brk(0xb2b000)                           = 0xb2b000
open("error", O_WRONLY|O_CREAT|O_TRUNC, 0666) = 3
open("../inputs/in.ch", O_RDONLY)       = 4
brk(0xb4c000)                           = 0xb4c000
ioctl(4, SNDCTL_TMR_TIMEBASE or TCGETS, 0x7fff19c60df8) = -1 ENOTTY (Inappropriate ioctl for device)
fstat(4, {st_mode=S_IFREG|0640, st_size=357, ...}) = 0
mmap(NULL, 4096, PROT_READ|PROT_WRITE, MAP_PRIVATE|MAP_ANONYMOUS, -1, 0) = 0x7f0f64a72000
read(4, "%%\n\nxyz\"++\"\t\tprintf(\"Match chara"..., 8192) = 357
read(4, "", 4096)                       = 0
open("lex.yy.c", O_WRONLY|O_CREAT|O_TRUNC, 0666) = 5
dup3(5, 1, 0)                           = 1
close(5)                                = 0
fstat(1, {st_mode=S_IFREG|0664, st_size=0, ...}) = 0
mmap(NULL, 4096, PROT_READ|PROT_WRITE, MAP_PRIVATE|MAP_ANONYMOUS, -1, 0) = 0x7f0f64a71000
write(1, "/* A lexical scanner generated b"..., 4096) = 4096
read(4, "", 8192)                       = 0
ioctl(4, SNDCTL_TMR_TIMEBASE or TCGETS, 0x7fff19c60db8) = -1 ENOTTY (Inappropriate ioctl for device)
write(1, "\t * instead of fread(), to make "..., 4096) = 4096
write(1, "1,    1,    1,\n        1,    1, "..., 4096) = 4096
write(1, "   24,   24,   24,   24,   24,  "..., 4096) = 4096
write(1, "24,   24,   24,   24,   24,   24"..., 4096) = 4096
write(1, "#define YY_DECL int yylex YY_PRO"..., 4096) = 4096
write(1, "e been incremented past the NUL "..., 4096) = 4096
write(1, "name for the current buffer */\n\t"..., 4096) = 4096
write(1, "= yy_bp;\n\tyy_hold_char = *yy_cp;"..., 4096) = 4096
write(1, "er( YY_BUFFER_STATE b, FILE *fil"..., 4096) = 4096
write(1, " msg )\nchar msg[];\n#endif\n\t{\nFIL"..., 1899) = 1899
exit_group(0)                           = ?
