execve("../source/flex.exe.static", ["../source/flex.exe.static", "error", "-Cm", "../inputs/in.ch_exp_1"], [/* 43 vars */]) = 0
uname({sys="Linux", node="xmenxk-OptiPlex-7010", ...}) = 0
brk(0)                                  = 0x1260000
brk(0x12611c0)                          = 0x12611c0
arch_prctl(ARCH_SET_FS, 0x1260880)      = 0
brk(0x12821c0)                          = 0x12821c0
brk(0x1283000)                          = 0x1283000
open("error", O_WRONLY|O_CREAT|O_TRUNC, 0666) = 3
open("../inputs/in.ch_exp_1", O_RDONLY) = 4
brk(0x12a4000)                          = 0x12a4000
ioctl(4, SNDCTL_TMR_TIMEBASE or TCGETS, 0x7fff906b01c8) = -1 ENOTTY (Inappropriate ioctl for device)
fstat(4, {st_mode=S_IFREG|0640, st_size=70, ...}) = 0
mmap(NULL, 4096, PROT_READ|PROT_WRITE, MAP_PRIVATE|MAP_ANONYMOUS, -1, 0) = 0x7f11d21b5000
read(4, "%%\n\nfoo|bar*\tprintf(\"foo or ba(z"..., 8192) = 70
read(4, "", 4096)                       = 0
open("lex.yy.c", O_WRONLY|O_CREAT|O_TRUNC, 0666) = 5
dup3(5, 1, 0)                           = 1
close(5)                                = 0
fstat(1, {st_mode=S_IFREG|0664, st_size=0, ...}) = 0
mmap(NULL, 4096, PROT_READ|PROT_WRITE, MAP_PRIVATE|MAP_ANONYMOUS, -1, 0) = 0x7f11d21b4000
write(1, "/* A lexical scanner generated b"..., 4096) = 4096
read(4, "", 8192)                       = 0
ioctl(4, SNDCTL_TMR_TIMEBASE or TCGETS, 0x7fff906b0188) = -1 ENOTTY (Inappropriate ioctl for device)
write(1, "\t * instead of fread(), to make "..., 4096) = 4096
write(1, "     1,    1,    1,    1,    1, "..., 4096) = 4096
write(1, "  11,   11,   11,   11,   11,   "..., 4096) = 4096
write(1, "tate YY_PROTO(( int new_state ))"..., 4096) = 4096
write(1, "_accepting_state;\n\t\t\tyy_act = yy"..., 4096) = 4096
write(1, "token */\n\t} /* end of yylex */\n\n"..., 4096) = 4096
write(1, "e >= 12 )\n\t\t\t\t\tyy_c = yy_meta[(u"..., 4096) = 4096
write(1, ";\n\n\t/* We don't actually know wh"..., 4096) = 4096
write(1, "size_t n;\n\tint i;\n\n\t/* Get memor"..., 3636) = 3636
exit_group(0)                           = ?
