execve("../source/flex.exe.static", ["../source/flex.exe.static", "error", "-Cm", "../inputs/in.closure"], [/* 43 vars */]) = 0
uname({sys="Linux", node="xmenxk-OptiPlex-7010", ...}) = 0
brk(0)                                  = 0x2065000
brk(0x20661c0)                          = 0x20661c0
arch_prctl(ARCH_SET_FS, 0x2065880)      = 0
brk(0x20871c0)                          = 0x20871c0
brk(0x2088000)                          = 0x2088000
open("error", O_WRONLY|O_CREAT|O_TRUNC, 0666) = 3
open("../inputs/in.closure", O_RDONLY)  = 4
brk(0x20a9000)                          = 0x20a9000
ioctl(4, SNDCTL_TMR_TIMEBASE or TCGETS, 0x7fffef19cff8) = -1 ENOTTY (Inappropriate ioctl for device)
fstat(4, {st_mode=S_IFREG|0640, st_size=274, ...}) = 0
mmap(NULL, 4096, PROT_READ|PROT_WRITE, MAP_PRIVATE|MAP_ANONYMOUS, -1, 0) = 0x7f982c311000
read(4, "%%\n\nr*\t\tprintf(\"Zero or more r's"..., 8192) = 274
read(4, "", 4096)                       = 0
open("lex.yy.c", O_WRONLY|O_CREAT|O_TRUNC, 0666) = 5
dup3(5, 1, 0)                           = 1
close(5)                                = 0
fstat(1, {st_mode=S_IFREG|0664, st_size=0, ...}) = 0
mmap(NULL, 4096, PROT_READ|PROT_WRITE, MAP_PRIVATE|MAP_ANONYMOUS, -1, 0) = 0x7f982c310000
write(1, "/* A lexical scanner generated b"..., 4096) = 4096
read(4, "", 8192)                       = 0
ioctl(4, SNDCTL_TMR_TIMEBASE or TCGETS, 0x7fffef19cfb8) = -1 ENOTTY (Inappropriate ioctl for device)
write(1, "\t * instead of fread(), to make "..., 4096) = 4096
write(1, "1,    1,    1,\n        1,    1, "..., 4096) = 4096
write(1, "   24,   24,   24,   24,   24,  "..., 4096) = 4096
write(1, "OTO(( void ));\n#else\nextern int "..., 4096) = 4096
write(1, "[yy_current_state] )\n\t\t\t\t{\n\t\t\t\ty"..., 4096) = 4096
write(1, " we can now set up\n\t\t\t\t\t * yy_c_"..., 4096) = 4096
write(1, "t_val = EOB_ACT_CONTINUE_SCAN;\n\n"..., 4096) = 4096
write(1, "yyinput();\n#else\n\t\t\t\t\treturn inp"..., 4096) = 4096
write(1, "ey forgot to leave room for the "..., 4096) = 4096
write(1, "n the following accommodates bot"..., 605) = 605
exit_group(0)                           = ?
