execve("../source/flex.exe.static", ["../source/flex.exe.static", "error", "-Cm", "../inputs/in.0"], [/* 43 vars */]) = 0
uname({sys="Linux", node="xmenxk-OptiPlex-7010", ...}) = 0
brk(0)                                  = 0x1e88000
brk(0x1e891c0)                          = 0x1e891c0
arch_prctl(ARCH_SET_FS, 0x1e88880)      = 0
brk(0x1eaa1c0)                          = 0x1eaa1c0
brk(0x1eab000)                          = 0x1eab000
open("error", O_WRONLY|O_CREAT|O_TRUNC, 0666) = 3
open("../inputs/in.0", O_RDONLY)        = 4
brk(0x1ecc000)                          = 0x1ecc000
ioctl(4, SNDCTL_TMR_TIMEBASE or TCGETS, 0x7fff67773dd8) = -1 ENOTTY (Inappropriate ioctl for device)
fstat(4, {st_mode=S_IFREG|0640, st_size=792, ...}) = 0
mmap(NULL, 4096, PROT_READ|PROT_WRITE, MAP_PRIVATE|MAP_ANONYMOUS, -1, 0) = 0x7f6c75def000
read(4, "/* scanner for a toy Pascal-like"..., 8192) = 792
read(4, "", 4096)                       = 0
open("lex.yy.c", O_WRONLY|O_CREAT|O_TRUNC, 0666) = 5
dup3(5, 1, 0)                           = 1
close(5)                                = 0
fstat(1, {st_mode=S_IFREG|0664, st_size=0, ...}) = 0
mmap(NULL, 4096, PROT_READ|PROT_WRITE, MAP_PRIVATE|MAP_ANONYMOUS, -1, 0) = 0x7f6c75dee000
write(1, "/* A lexical scanner generated b"..., 4096) = 4096
write(1, "\t * instead of fread(), to make "..., 4096) = 4096
write(1, "       4,    4,    4,    0\n    }"..., 4096) = 4096
write(1, ",   20,   20,   20,   20,   20, "..., 4096) = 4096
write(1, "   20,   20,   20,   20,   20,  "..., 4096) = 4096
write(1, "\n\n       44,   44,   44,   44,  "..., 4096) = 4096
write(1, "  23,   23,   23,   25,   25,   "..., 4096) = 4096
write(1, "       43,   43,   43,   43,   4"..., 4096) = 4096
write(1, "ad. */\n#ifndef YY_READ_BUF_SIZE\n"..., 4096) = 4096
write(1, "text));\n\t\t}\n\tYY_BREAK\ncase 3:\nYY"..., 4096) = 4096
write(1, "tion switch */\n\t\t} /* end of sca"..., 4096) = 4096
write(1, "y_current_state];\n\t\t\t\tif ( yy_cu"..., 4096) = 4096
write(1, "ffer = new_buffer;\n\tyy_load_buff"..., 4096) = 4096
read(4, "", 8192)                       = 0
ioctl(4, SNDCTL_TMR_TIMEBASE or TCGETS, 0x7fff67774308) = -1 ENOTTY (Inappropriate ioctl for device)
write(1, "if\n\t{\n\tYY_BUFFER_STATE b;\n\tchar "..., 3844) = 3844
exit_group(0)                           = ?
