execve("../source/flex.exe.static", ["../source/flex.exe.static", "error", "../inputs/in.ch_exp_1"], [/* 43 vars */]) = 0
uname({sys="Linux", node="xmenxk-OptiPlex-7010", ...}) = 0
brk(0)                                  = 0x723000
brk(0x7241c0)                           = 0x7241c0
arch_prctl(ARCH_SET_FS, 0x723880)       = 0
brk(0x7451c0)                           = 0x7451c0
brk(0x746000)                           = 0x746000
open("error", O_WRONLY|O_CREAT|O_TRUNC, 0666) = 3
open("../inputs/in.ch_exp_1", O_RDONLY) = 4
brk(0x767000)                           = 0x767000
ioctl(4, SNDCTL_TMR_TIMEBASE or TCGETS, 0x7fff245fdcd8) = -1 ENOTTY (Inappropriate ioctl for device)
fstat(4, {st_mode=S_IFREG|0640, st_size=70, ...}) = 0
mmap(NULL, 4096, PROT_READ|PROT_WRITE, MAP_PRIVATE|MAP_ANONYMOUS, -1, 0) = 0x7f656f06f000
read(4, "%%\n\nfoo|bar*\tprintf(\"foo or ba(z"..., 8192) = 70
read(4, "", 4096)                       = 0
open("lex.yy.c", O_WRONLY|O_CREAT|O_TRUNC, 0666) = 5
dup3(5, 1, 0)                           = 1
close(5)                                = 0
fstat(1, {st_mode=S_IFREG|0664, st_size=0, ...}) = 0
mmap(NULL, 4096, PROT_READ|PROT_WRITE, MAP_PRIVATE|MAP_ANONYMOUS, -1, 0) = 0x7f656f06e000
write(1, "/* A lexical scanner generated b"..., 4096) = 4096
read(4, "", 8192)                       = 0
ioctl(4, SNDCTL_TMR_TIMEBASE or TCGETS, 0x7fff245fdc98) = -1 ENOTTY (Inappropriate ioctl for device)
write(1, "\t * instead of fread(), to make "..., 4096) = 4096
write(1, "   1,    1,    1,    1,    1,   "..., 4096) = 4096
write(1, "zeof(size_t) != sizeof(int)\n * o"..., 4096) = 4096
write(1, "more than r's) %s\\n\", yytext);\n\t"..., 4096) = 4096
write(1, "\tYY_FATAL_ERROR(\n\t\t\"fatal flex s"..., 4096) = 4096
write(1, "_last_accepting_state = yy_curre"..., 4096) = 4096
write(1, "ad_buffer_state( void )\n#else\nvo"..., 4096) = 4096
write(1, " = YY_END_OF_BUFFER_CHAR;\n\n\tb = "..., 3344) = 3344
exit_group(0)                           = ?
