execve("../source/flex.exe.static", ["../source/flex.exe.static", "error", "../inputs/in.exp"], [/* 43 vars */]) = 0
uname({sys="Linux", node="xmenxk-OptiPlex-7010", ...}) = 0
brk(0)                                  = 0xd79000
brk(0xd7a1c0)                           = 0xd7a1c0
arch_prctl(ARCH_SET_FS, 0xd79880)       = 0
brk(0xd9b1c0)                           = 0xd9b1c0
brk(0xd9c000)                           = 0xd9c000
open("error", O_WRONLY|O_CREAT|O_TRUNC, 0666) = 3
open("../inputs/in.exp", O_RDONLY)      = 4
brk(0xdbd000)                           = 0xdbd000
ioctl(4, SNDCTL_TMR_TIMEBASE or TCGETS, 0x7fff6d451178) = -1 ENOTTY (Inappropriate ioctl for device)
fstat(4, {st_mode=S_IFREG|0640, st_size=290, ...}) = 0
mmap(NULL, 4096, PROT_READ|PROT_WRITE, MAP_PRIVATE|MAP_ANONYMOUS, -1, 0) = 0x7f5bf21e7000
read(4, "%%\n(r)\t\tprintf(\"Match an r: %s\\n"..., 8192) = 290
read(4, "", 4096)                       = 0
open("lex.yy.c", O_WRONLY|O_CREAT|O_TRUNC, 0666) = 5
dup3(5, 1, 0)                           = 1
close(5)                                = 0
fstat(1, {st_mode=S_IFREG|0664, st_size=0, ...}) = 0
mmap(NULL, 4096, PROT_READ|PROT_WRITE, MAP_PRIVATE|MAP_ANONYMOUS, -1, 0) = 0x7f5bf21e6000
write(1, "/* A lexical scanner generated b"..., 4096) = 4096
read(4, "", 8192)                       = 0
ioctl(4, SNDCTL_TMR_TIMEBASE or TCGETS, 0x7fff6d451138) = -1 ENOTTY (Inappropriate ioctl for device)
write(1, "\t * instead of fread(), to make "..., 4096) = 4096
write(1, "    1,    1,    1,    2,\n       "..., 4096) = 4096
write(1, "\n#endif\n#endif\n\n#if YY_STACK_USE"..., 4096) = 4096
write(1, "\n\t\t\tyy_current_state = yy_nxt[yy"..., 4096) = 4096
write(1, "n now set up\n\t\t\t\t\t * yy_c_buf_p "..., 4096) = 4096
write(1, "= EOB_ACT_CONTINUE_SCAN;\n\n\tyy_n_"..., 4096) = 4096
write(1, "et buffer status. */\n\t\t\t\t\tyyrest"..., 4096) = 4096
write(1, "UFFER_STATE yy_scan_buffer( char"..., 4096) = 4096
write(1, "tic void *yy_flex_alloc( size )\n"..., 886) = 886
exit_group(0)                           = ?
