execve("../source/flex.exe.static", ["../source/flex.exe.static", "error", "../inputs/in.0"], [/* 43 vars */]) = 0
uname({sys="Linux", node="xmenxk-OptiPlex-7010", ...}) = 0
brk(0)                                  = 0x11e8000
brk(0x11e91c0)                          = 0x11e91c0
arch_prctl(ARCH_SET_FS, 0x11e8880)      = 0
brk(0x120a1c0)                          = 0x120a1c0
brk(0x120b000)                          = 0x120b000
open("error", O_WRONLY|O_CREAT|O_TRUNC, 0666) = 3
open("../inputs/in.0", O_RDONLY)        = 4
brk(0x122c000)                          = 0x122c000
ioctl(4, SNDCTL_TMR_TIMEBASE or TCGETS, 0x7ffff9308048) = -1 ENOTTY (Inappropriate ioctl for device)
fstat(4, {st_mode=S_IFREG|0640, st_size=792, ...}) = 0
mmap(NULL, 4096, PROT_READ|PROT_WRITE, MAP_PRIVATE|MAP_ANONYMOUS, -1, 0) = 0x7fa3fd394000
read(4, "/* scanner for a toy Pascal-like"..., 8192) = 792
read(4, "", 4096)                       = 0
open("lex.yy.c", O_WRONLY|O_CREAT|O_TRUNC, 0666) = 5
dup3(5, 1, 0)                           = 1
close(5)                                = 0
fstat(1, {st_mode=S_IFREG|0664, st_size=0, ...}) = 0
mmap(NULL, 4096, PROT_READ|PROT_WRITE, MAP_PRIVATE|MAP_ANONYMOUS, -1, 0) = 0x7fa3fd393000
write(1, "/* A lexical scanner generated b"..., 4096) = 4096
write(1, "\t * instead of fread(), to make "..., 4096) = 4096
write(1, "       4,    4,    4,    0\n    }"..., 4096) = 4096
write(1, "state;\nstatic char *yy_last_acce"..., 4096) = 4096
write(1, "ef YY_USER_INIT\n\t\tYY_USER_INIT;\n"..., 4096) = 4096
write(1, "rrent_state = yy_get_previous_st"..., 4096) = 4096
write(1, " for 2 EOB chars. */\n\t\t\t\t\tyy_fle"..., 4096) = 4096
write(1, "if\n\t{\n\tint c;\n\n\t*yy_c_buf_p = yy"..., 4096) = 4096
write(1, "file;\n\tb->yy_fill_buffer = 1;\n\n#"..., 4096) = 4096
read(4, "", 8192)                       = 0
ioctl(4, SNDCTL_TMR_TIMEBASE or TCGETS, 0x7ffff9308578) = -1 ENOTTY (Inappropriate ioctl for device)
write(1, " */\n\n#undef yyless\n#define yyles"..., 1911) = 1911
exit_group(0)                           = ?
