execve("../source/flex.exe.static", ["../source/flex.exe.static", "error", "-dF", "-Cra", "../inputs/in.exp"], [/* 43 vars */]) = 0
uname({sys="Linux", node="xmenxk-OptiPlex-7010", ...}) = 0
brk(0)                                  = 0x19ca000
brk(0x19cb1c0)                          = 0x19cb1c0
arch_prctl(ARCH_SET_FS, 0x19ca880)      = 0
brk(0x19ec1c0)                          = 0x19ec1c0
brk(0x19ed000)                          = 0x19ed000
open("error", O_WRONLY|O_CREAT|O_TRUNC, 0666) = 3
open("../inputs/in.exp", O_RDONLY)      = 4
brk(0x1a0e000)                          = 0x1a0e000
ioctl(4, SNDCTL_TMR_TIMEBASE or TCGETS, 0x7fff2e0d9f98) = -1 ENOTTY (Inappropriate ioctl for device)
fstat(4, {st_mode=S_IFREG|0640, st_size=290, ...}) = 0
mmap(NULL, 4096, PROT_READ|PROT_WRITE, MAP_PRIVATE|MAP_ANONYMOUS, -1, 0) = 0x7fcc67c50000
read(4, "%%\n(r)\t\tprintf(\"Match an r: %s\\n"..., 8192) = 290
read(4, "", 4096)                       = 0
open("lex.yy.c", O_WRONLY|O_CREAT|O_TRUNC, 0666) = 5
dup3(5, 1, 0)                           = 1
close(5)                                = 0
fstat(1, {st_mode=S_IFREG|0664, st_size=0, ...}) = 0
mmap(NULL, 4096, PROT_READ|PROT_WRITE, MAP_PRIVATE|MAP_ANONYMOUS, -1, 0) = 0x7fcc67c4f000
write(1, "/* A lexical scanner generated b"..., 4096) = 4096
read(4, "", 8192)                       = 0
ioctl(4, SNDCTL_TMR_TIMEBASE or TCGETS, 0x7fff2e0d9f58) = -1 ENOTTY (Inappropriate ioctl for device)
write(1, "\t * instead of fread(), to make "..., 4096) = 4096
write(1, "260 },\n {   7, 260 }, {   8, 260"..., 4096) = 4096
write(1, "42 }, {   0,   0 }, {   0, 140 }"..., 4096) = 4096
write(1, "or sizeof(void*) != sizeof(int)."..., 4096) = 4096
write(1, "\"Match ab or cd: %s\\n\",yytext);\n"..., 4096) = 4096
write(1, "ind_action;\n\t\t\t}\n\t\tbreak;\n\t\t}\n\n\t"..., 4096) = 4096
write(1, "ke a transition on the NUL chara"..., 4096) = 4096
write(1, "_p;\n\t\tyy_current_buffer->yy_n_ch"..., 4096) = 4096
write(1, "_STATE yy_scan_bytes( bytes, len"..., 3742) = 3742
exit_group(0)                           = ?
