execve("../source/flex.exe.static", ["../source/flex.exe.static", "error", "-dF", "-Cre", "../inputs/in.ch"], [/* 43 vars */]) = 0
uname({sys="Linux", node="xmenxk-OptiPlex-7010", ...}) = 0
brk(0)                                  = 0x14e0000
brk(0x14e11c0)                          = 0x14e11c0
arch_prctl(ARCH_SET_FS, 0x14e0880)      = 0
brk(0x15021c0)                          = 0x15021c0
brk(0x1503000)                          = 0x1503000
open("error", O_WRONLY|O_CREAT|O_TRUNC, 0666) = 3
open("../inputs/in.ch", O_RDONLY)       = 4
brk(0x1524000)                          = 0x1524000
ioctl(4, SNDCTL_TMR_TIMEBASE or TCGETS, 0x7fff6d84dd68) = -1 ENOTTY (Inappropriate ioctl for device)
fstat(4, {st_mode=S_IFREG|0640, st_size=357, ...}) = 0
mmap(NULL, 4096, PROT_READ|PROT_WRITE, MAP_PRIVATE|MAP_ANONYMOUS, -1, 0) = 0x7fac78822000
read(4, "%%\n\nxyz\"++\"\t\tprintf(\"Match chara"..., 8192) = 357
read(4, "", 4096)                       = 0
open("lex.yy.c", O_WRONLY|O_CREAT|O_TRUNC, 0666) = 5
dup3(5, 1, 0)                           = 1
close(5)                                = 0
fstat(1, {st_mode=S_IFREG|0664, st_size=0, ...}) = 0
mmap(NULL, 4096, PROT_READ|PROT_WRITE, MAP_PRIVATE|MAP_ANONYMOUS, -1, 0) = 0x7fac78821000
write(1, "/* A lexical scanner generated b"..., 4096) = 4096
read(4, "", 8192)                       = 0
ioctl(4, SNDCTL_TMR_TIMEBASE or TCGETS, 0x7fff6d84dd28) = -1 ENOTTY (Inappropriate ioctl for device)
write(1, "\t * instead of fread(), to make "..., 4096) = 4096
write(1, " }, {   6,  40 },\n {   7,  40 },"..., 4096) = 4096
write(1, "OTO(( void ));\n#endif\n#endif\n\n#i"..., 4096) = 4096
write(1, "tion:\n\t\tyy_act = yy_current_stat"..., 4096) = 4096
write(1, " * hoser (like flex itself) want"..., 4096) = 4096
write(1, "y_current_buffer->yy_ch_buf[yy_n"..., 4096) = 4096
write(1, "p;\t/* cast for 8-bit char's */\n\t"..., 4096) = 4096
write(1, "yy_scan_buffer()\" );\n\n\tb->yy_buf"..., 4096) = 4096
write(1, "nd C++ allow castless assignment"..., 415) = 415
exit_group(0)                           = ?
