execve("../source/flex.exe.static", ["../source/flex.exe.static", "error", "-dF", "-Cre", "../inputs/in.ch_exp_1"], [/* 43 vars */]) = 0
uname({sys="Linux", node="xmenxk-OptiPlex-7010", ...}) = 0
brk(0)                                  = 0x1f79000
brk(0x1f7a1c0)                          = 0x1f7a1c0
arch_prctl(ARCH_SET_FS, 0x1f79880)      = 0
brk(0x1f9b1c0)                          = 0x1f9b1c0
brk(0x1f9c000)                          = 0x1f9c000
open("error", O_WRONLY|O_CREAT|O_TRUNC, 0666) = 3
open("../inputs/in.ch_exp_1", O_RDONLY) = 4
brk(0x1fbd000)                          = 0x1fbd000
ioctl(4, SNDCTL_TMR_TIMEBASE or TCGETS, 0x7fff1320b6e8) = -1 ENOTTY (Inappropriate ioctl for device)
fstat(4, {st_mode=S_IFREG|0640, st_size=70, ...}) = 0
mmap(NULL, 4096, PROT_READ|PROT_WRITE, MAP_PRIVATE|MAP_ANONYMOUS, -1, 0) = 0x7fa21eb0e000
read(4, "%%\n\nfoo|bar*\tprintf(\"foo or ba(z"..., 8192) = 70
read(4, "", 4096)                       = 0
open("lex.yy.c", O_WRONLY|O_CREAT|O_TRUNC, 0666) = 5
dup3(5, 1, 0)                           = 1
close(5)                                = 0
fstat(1, {st_mode=S_IFREG|0664, st_size=0, ...}) = 0
mmap(NULL, 4096, PROT_READ|PROT_WRITE, MAP_PRIVATE|MAP_ANONYMOUS, -1, 0) = 0x7fa21eb0d000
write(1, "/* A lexical scanner generated b"..., 4096) = 4096
read(4, "", 8192)                       = 0
ioctl(4, SNDCTL_TMR_TIMEBASE or TCGETS, 0x7fff1320b6a8) = -1 ENOTTY (Inappropriate ioctl for device)
write(1, "\t * instead of fread(), to make "..., 4096) = 4096
write(1, "}, {   6,  16 },\n {   0,   0 }, "..., 4096) = 4096
write(1, "nclude <stdlib.h>\n#endif\n#else\n/"..., 4096) = 4096
write(1, "f(\"foo or ba(zero or more than r"..., 4096) = 4096
write(1, "f[yy_n_chars + 1] )\n\t\tYY_FATAL_E"..., 4096) = 4096
write(1, "\t\tyy_last_accepting_state = yy_c"..., 4096) = 4096
write(1, "e, int size )\n#else\nYY_BUFFER_ST"..., 4096) = 4096
write(1, "OS\nstatic void yy_push_state( in"..., 3033) = 3033
exit_group(0)                           = ?
