execve("../source/flex.exe.static", ["../source/flex.exe.static", "error", "-t", "../inputs/in.compress"], [/* 43 vars */]) = 0
uname({sys="Linux", node="xmenxk-OptiPlex-7010", ...}) = 0
brk(0)                                  = 0x146e000
brk(0x146f1c0)                          = 0x146f1c0
arch_prctl(ARCH_SET_FS, 0x146e880)      = 0
brk(0x14901c0)                          = 0x14901c0
brk(0x1491000)                          = 0x1491000
open("error", O_WRONLY|O_CREAT|O_TRUNC, 0666) = 3
open("../inputs/in.compress", O_RDONLY) = 4
brk(0x14b2000)                          = 0x14b2000
ioctl(4, SNDCTL_TMR_TIMEBASE or TCGETS, 0x7fffab7ce6f8) = -1 ENOTTY (Inappropriate ioctl for device)
fstat(4, {st_mode=S_IFREG|0640, st_size=55, ...}) = 0
mmap(NULL, 4096, PROT_READ|PROT_WRITE, MAP_PRIVATE|MAP_ANONYMOUS, -1, 0) = 0x7f073e4a9000
read(4, "%%\n[ \\t]+\tputchar(' ');\n[ \\t]+$\t"..., 8192) = 55
read(4, "", 4096)                       = 0
fstat(1, {st_mode=S_IFREG|0664, st_size=0, ...}) = 0
mmap(NULL, 4096, PROT_READ|PROT_WRITE, MAP_PRIVATE|MAP_ANONYMOUS, -1, 0) = 0x7f073e4a8000
write(1, "/* A lexical scanner generated b"..., 4096) = 4096
read(4, "", 8192)                       = 0
ioctl(4, SNDCTL_TMR_TIMEBASE or TCGETS, 0x7fffab7ce6b8) = -1 ENOTTY (Inappropriate ioctl for device)
write(1, "\t * instead of fread(), to make "..., 4096) = 4096
write(1, "   1,    1,    1,    1,    1,   "..., 4096) = 4096
write(1, "string might contain NUL's,\n * w"..., 4096) = 4096
write(1, "ND_OF_BUFFER:\n\t\t{\n\t\t/* Amount of"..., 4096) = 4096
write(1, "\t\tif ( yy_c_buf_p - yytext_ptr -"..., 4096) = 4096
write(1, "f[yy_current_state];\n\t\tif ( yy_c"..., 4096) = 4096
write(1, "buffer->yy_input_file;\n\tyy_hold_"..., 4096) = 4096
write(1, " away when we're done.\n\t */\n\tb->"..., 3154) = 3154
exit_group(0)                           = ?
