execve("../source/flex.exe.static", ["../source/flex.exe.static", "error", "-dF", "-Cr", "../inputs/in.exp"], [/* 43 vars */]) = 0
uname({sys="Linux", node="xmenxk-OptiPlex-7010", ...}) = 0
brk(0)                                  = 0x1d7c000
brk(0x1d7d1c0)                          = 0x1d7d1c0
arch_prctl(ARCH_SET_FS, 0x1d7c880)      = 0
brk(0x1d9e1c0)                          = 0x1d9e1c0
brk(0x1d9f000)                          = 0x1d9f000
open("error", O_WRONLY|O_CREAT|O_TRUNC, 0666) = 3
open("../inputs/in.exp", O_RDONLY)      = 4
brk(0x1dc0000)                          = 0x1dc0000
ioctl(4, SNDCTL_TMR_TIMEBASE or TCGETS, 0x7fff6b39f108) = -1 ENOTTY (Inappropriate ioctl for device)
fstat(4, {st_mode=S_IFREG|0640, st_size=290, ...}) = 0
mmap(NULL, 4096, PROT_READ|PROT_WRITE, MAP_PRIVATE|MAP_ANONYMOUS, -1, 0) = 0x7f0d9456c000
read(4, "%%\n(r)\t\tprintf(\"Match an r: %s\\n"..., 8192) = 290
read(4, "", 4096)                       = 0
open("lex.yy.c", O_WRONLY|O_CREAT|O_TRUNC, 0666) = 5
dup3(5, 1, 0)                           = 1
close(5)                                = 0
fstat(1, {st_mode=S_IFREG|0664, st_size=0, ...}) = 0
mmap(NULL, 4096, PROT_READ|PROT_WRITE, MAP_PRIVATE|MAP_ANONYMOUS, -1, 0) = 0x7f0d9456b000
write(1, "/* A lexical scanner generated b"..., 4096) = 4096
read(4, "", 8192)                       = 0
ioctl(4, SNDCTL_TMR_TIMEBASE or TCGETS, 0x7fff6b39f0c8) = -1 ENOTTY (Inappropriate ioctl for device)
write(1, "\t * instead of fread(), to make "..., 4096) = 4096
write(1, ", 260 },\n {   7, 260 }, {   8, 2"..., 4096) = 4096
write(1, " 142 }, {   0,   0 }, {   0, 140"..., 4096) = 4096
write(1, " * or sizeof(void*) != sizeof(in"..., 4096) = 4096
write(1, "tf(\"Match ab or cd: %s\\n\",yytext"..., 4096) = 4096
write(1, "y_find_action;\n\t\t\t}\n\t\tbreak;\n\t\t}"..., 4096) = 4096
write(1, " make a transition on the NUL ch"..., 4096) = 4096
write(1, "buf_p;\n\t\tyy_current_buffer->yy_n"..., 4096) = 4096
write(1, "FER_STATE yy_scan_bytes( bytes, "..., 3745) = 3745
exit_group(0)                           = ?
