execve("../source/flex.exe.static", ["../source/flex.exe.static", "error", "-dl", "-Craem", "../inputs/in.ch"], [/* 43 vars */]) = 0
uname({sys="Linux", node="xmenxk-OptiPlex-7010", ...}) = 0
brk(0)                                  = 0x22b8000
brk(0x22b91c0)                          = 0x22b91c0
arch_prctl(ARCH_SET_FS, 0x22b8880)      = 0
brk(0x22da1c0)                          = 0x22da1c0
brk(0x22db000)                          = 0x22db000
open("error", O_WRONLY|O_CREAT|O_TRUNC, 0666) = 3
open("../inputs/in.ch", O_RDONLY)       = 4
brk(0x22fc000)                          = 0x22fc000
ioctl(4, SNDCTL_TMR_TIMEBASE or TCGETS, 0x7fffc6f613a8) = -1 ENOTTY (Inappropriate ioctl for device)
fstat(4, {st_mode=S_IFREG|0640, st_size=357, ...}) = 0
mmap(NULL, 4096, PROT_READ|PROT_WRITE, MAP_PRIVATE|MAP_ANONYMOUS, -1, 0) = 0x7f3d2b99c000
read(4, "%%\n\nxyz\"++\"\t\tprintf(\"Match chara"..., 8192) = 357
read(4, "", 4096)                       = 0
open("lex.yy.c", O_WRONLY|O_CREAT|O_TRUNC, 0666) = 5
dup3(5, 1, 0)                           = 1
close(5)                                = 0
fstat(1, {st_mode=S_IFREG|0664, st_size=0, ...}) = 0
mmap(NULL, 4096, PROT_READ|PROT_WRITE, MAP_PRIVATE|MAP_ANONYMOUS, -1, 0) = 0x7f3d2b99b000
write(1, "/* A lexical scanner generated b"..., 4096) = 4096
read(4, "", 8192)                       = 0
ioctl(4, SNDCTL_TMR_TIMEBASE or TCGETS, 0x7fffc6f61368) = -1 ENOTTY (Inappropriate ioctl for device)
write(1, "\t * instead of fread(), to make "..., 4096) = 4096
write(1, "y_cp;\n\n#define YY_NUM_RULES 7\n#d"..., 4096) = 4096
write(1, "n( yytext ))\n#define YY_NEED_STR"..., 4096) = 4096
write(1, "current_buffer )\n\t\t\tyy_current_b"..., 4096) = 4096
write(1, "ns on EOB to the\n\t\t * end-of-buf"..., 4096) = 4096
write(1, "t yy_c_buf_p_offset =\n\t\t\t\t(int) "..., 4096) = 4096
write(1, "c == '\\n' )\n\t\t--yylineno;\n\n\tyyte"..., 4096) = 4096
write(1, "Y_PROTO(( int ));\n#endif\n#endif\n"..., 4096) = 4096
write(1, " yy_fatal_error( yyconst char ms"..., 1970) = 1970
exit_group(0)                           = ?
