execve("../source/flex.exe.static", ["../source/flex.exe.static", "error", "-dl", "-Craem", "../inputs/in.ch_exp_1"], [/* 43 vars */]) = 0
uname({sys="Linux", node="xmenxk-OptiPlex-7010", ...}) = 0
brk(0)                                  = 0x121e000
brk(0x121f1c0)                          = 0x121f1c0
arch_prctl(ARCH_SET_FS, 0x121e880)      = 0
brk(0x12401c0)                          = 0x12401c0
brk(0x1241000)                          = 0x1241000
open("error", O_WRONLY|O_CREAT|O_TRUNC, 0666) = 3
open("../inputs/in.ch_exp_1", O_RDONLY) = 4
brk(0x1262000)                          = 0x1262000
ioctl(4, SNDCTL_TMR_TIMEBASE or TCGETS, 0x7fff35143438) = -1 ENOTTY (Inappropriate ioctl for device)
fstat(4, {st_mode=S_IFREG|0640, st_size=70, ...}) = 0
mmap(NULL, 4096, PROT_READ|PROT_WRITE, MAP_PRIVATE|MAP_ANONYMOUS, -1, 0) = 0x7f97d76e5000
read(4, "%%\n\nfoo|bar*\tprintf(\"foo or ba(z"..., 8192) = 70
read(4, "", 4096)                       = 0
open("lex.yy.c", O_WRONLY|O_CREAT|O_TRUNC, 0666) = 5
dup3(5, 1, 0)                           = 1
close(5)                                = 0
fstat(1, {st_mode=S_IFREG|0664, st_size=0, ...}) = 0
mmap(NULL, 4096, PROT_READ|PROT_WRITE, MAP_PRIVATE|MAP_ANONYMOUS, -1, 0) = 0x7f97d76e4000
write(1, "/* A lexical scanner generated b"..., 4096) = 4096
read(4, "", 8192)                       = 0
ioctl(4, SNDCTL_TMR_TIMEBASE or TCGETS, 0x7fff351433f8) = -1 ENOTTY (Inappropriate ioctl for device)
write(1, "\t * instead of fread(), to make "..., 4096) = 4096
write(1, "y_cp;\n\n#define YY_NUM_RULES 2\n#d"..., 4096) = 4096
write(1, ", int ));\n#endif\n\n#ifdef YY_NEED"..., 4096) = 4096
write(1, " = yy_meta[(unsigned int) yy_c];"..., 4096) = 4096
write(1, "up\n\t\t\t\t\t * yy_c_buf_p so that if"..., 4096) = 4096
write(1, "CONTINUE_SCAN;\n\n\tyy_n_chars += n"..., 4096) = 4096
write(1, "urn EOF;\n\n\t\t\t\t\tif ( ! yy_did_buf"..., 4096) = 4096
write(1, "UFFER_STATE b;\n\n\tif ( size < 2 |"..., 4096) = 4096
write(1, "*ptr, yy_size_t size )\n#else\nsta"..., 740) = 740
exit_group(0)                           = ?
