execve("../source/flex.exe.static", ["../source/flex.exe.static", "error", "-dl", "-Craem", "../inputs/in.closure"], [/* 43 vars */]) = 0
uname({sys="Linux", node="xmenxk-OptiPlex-7010", ...}) = 0
brk(0)                                  = 0x10cc000
brk(0x10cd1c0)                          = 0x10cd1c0
arch_prctl(ARCH_SET_FS, 0x10cc880)      = 0
brk(0x10ee1c0)                          = 0x10ee1c0
brk(0x10ef000)                          = 0x10ef000
open("error", O_WRONLY|O_CREAT|O_TRUNC, 0666) = 3
open("../inputs/in.closure", O_RDONLY)  = 4
brk(0x1110000)                          = 0x1110000
ioctl(4, SNDCTL_TMR_TIMEBASE or TCGETS, 0x7fff6e174bd8) = -1 ENOTTY (Inappropriate ioctl for device)
fstat(4, {st_mode=S_IFREG|0640, st_size=274, ...}) = 0
mmap(NULL, 4096, PROT_READ|PROT_WRITE, MAP_PRIVATE|MAP_ANONYMOUS, -1, 0) = 0x7f402f7c5000
read(4, "%%\n\nr*\t\tprintf(\"Zero or more r's"..., 8192) = 274
read(4, "", 4096)                       = 0
open("lex.yy.c", O_WRONLY|O_CREAT|O_TRUNC, 0666) = 5
dup3(5, 1, 0)                           = 1
close(5)                                = 0
fstat(1, {st_mode=S_IFREG|0664, st_size=0, ...}) = 0
mmap(NULL, 4096, PROT_READ|PROT_WRITE, MAP_PRIVATE|MAP_ANONYMOUS, -1, 0) = 0x7f402f7c4000
write(1, "/* A lexical scanner generated b"..., 4096) = 4096
read(4, "", 8192)                       = 0
ioctl(4, SNDCTL_TMR_TIMEBASE or TCGETS, 0x7fff6e174b98) = -1 ENOTTY (Inappropriate ioctl for device)
write(1, "\t * instead of fread(), to make "..., 4096) = 4096
write(1, "y_cp;\n\n#define YY_NUM_RULES 6\n#d"..., 4096) = 4096
write(1, "sure\"\n#define INITIAL 0\n#line 41"..., 4096) = 4096
write(1, "o the position in yy_ch_buf of t"..., 4096) = 4096
write(1, "e the NUL\n\t\t\t * transition.  We "..., 4096) = 4096
write(1, "_buf_size + 2 );\n\t\t\t\t}\n\t\t\telse\n\t"..., 4096) = 4096
write(1, "urs *before* the EOB characters,"..., 4096) = 4096
write(1, "\n#else\n\tb->yy_is_interactive = f"..., 4096) = 4096
write(1, "_p = yytext + n; \\\n\t\tyy_hold_cha"..., 1603) = 1603
exit_group(0)                           = ?
