execve("../source/flex.exe.static", ["../source/flex.exe.static", "error", "-dl", "-Craem", "../inputs/in.0"], [/* 43 vars */]) = 0
uname({sys="Linux", node="xmenxk-OptiPlex-7010", ...}) = 0
brk(0)                                  = 0x1590000
brk(0x15911c0)                          = 0x15911c0
arch_prctl(ARCH_SET_FS, 0x1590880)      = 0
brk(0x15b21c0)                          = 0x15b21c0
brk(0x15b3000)                          = 0x15b3000
open("error", O_WRONLY|O_CREAT|O_TRUNC, 0666) = 3
open("../inputs/in.0", O_RDONLY)        = 4
brk(0x15d4000)                          = 0x15d4000
ioctl(4, SNDCTL_TMR_TIMEBASE or TCGETS, 0x7fff4cef76f8) = -1 ENOTTY (Inappropriate ioctl for device)
fstat(4, {st_mode=S_IFREG|0640, st_size=792, ...}) = 0
mmap(NULL, 4096, PROT_READ|PROT_WRITE, MAP_PRIVATE|MAP_ANONYMOUS, -1, 0) = 0x7f5a3c803000
read(4, "/* scanner for a toy Pascal-like"..., 8192) = 792
read(4, "", 4096)                       = 0
open("lex.yy.c", O_WRONLY|O_CREAT|O_TRUNC, 0666) = 5
dup3(5, 1, 0)                           = 1
close(5)                                = 0
fstat(1, {st_mode=S_IFREG|0664, st_size=0, ...}) = 0
mmap(NULL, 4096, PROT_READ|PROT_WRITE, MAP_PRIVATE|MAP_ANONYMOUS, -1, 0) = 0x7f5a3c802000
write(1, "/* A lexical scanner generated b"..., 4096) = 4096
write(1, "\t * instead of fread(), to make "..., 4096) = 4096
write(1, "y_cp;\n\n#define YY_NUM_RULES 9\n#d"..., 4096) = 4096
write(1, ",   44,   44,   44,   44,\n      "..., 4096) = 4096
write(1, "); \\\n\t\tresult = n; \\\n\t\t} \\\n\telse"..., 4096) = 4096
write(1, "0\"\nprintf(\"An identifier: %s\\n\","..., 4096) = 4096
write(1, " action:\n *\tEOB_ACT_LAST_MATCH -"..., 4096) = 4096
write(1, "ns( current_state );\n */\n\n#ifdef"..., 4096) = 4096
write(1, "ffer;\n\tyy_load_buffer_state();\n\n"..., 4096) = 4096
read(4, "", 8192)                       = 0
ioctl(4, SNDCTL_TMR_TIMEBASE or TCGETS, 0x7fff4cef7c28) = -1 ENOTTY (Inappropriate ioctl for device)
write(1, "FER_STATE b;\n\tchar *buf;\n\tyy_siz"..., 3831) = 3831
exit_group(0)                           = ?
