execve("../source/flex.exe.static", ["../source/flex.exe.static", "error", "-d", "-Craem", "../inputs/in.ch_exp_1"], [/* 43 vars */]) = 0
uname({sys="Linux", node="xmenxk-OptiPlex-7010", ...}) = 0
brk(0)                                  = 0xc86000
brk(0xc871c0)                           = 0xc871c0
arch_prctl(ARCH_SET_FS, 0xc86880)       = 0
brk(0xca81c0)                           = 0xca81c0
brk(0xca9000)                           = 0xca9000
open("error", O_WRONLY|O_CREAT|O_TRUNC, 0666) = 3
open("../inputs/in.ch_exp_1", O_RDONLY) = 4
brk(0xcca000)                           = 0xcca000
ioctl(4, SNDCTL_TMR_TIMEBASE or TCGETS, 0x7fff0cf76498) = -1 ENOTTY (Inappropriate ioctl for device)
fstat(4, {st_mode=S_IFREG|0640, st_size=70, ...}) = 0
mmap(NULL, 4096, PROT_READ|PROT_WRITE, MAP_PRIVATE|MAP_ANONYMOUS, -1, 0) = 0x7ffe09fdf000
read(4, "%%\n\nfoo|bar*\tprintf(\"foo or ba(z"..., 8192) = 70
read(4, "", 4096)                       = 0
open("lex.yy.c", O_WRONLY|O_CREAT|O_TRUNC, 0666) = 5
dup3(5, 1, 0)                           = 1
close(5)                                = 0
fstat(1, {st_mode=S_IFREG|0664, st_size=0, ...}) = 0
mmap(NULL, 4096, PROT_READ|PROT_WRITE, MAP_PRIVATE|MAP_ANONYMOUS, -1, 0) = 0x7ffe09fde000
write(1, "/* A lexical scanner generated b"..., 4096) = 4096
read(4, "", 8192)                       = 0
ioctl(4, SNDCTL_TMR_TIMEBASE or TCGETS, 0x7fff0cf76458) = -1 ENOTTY (Inappropriate ioctl for device)
write(1, "\t * instead of fread(), to make "..., 4096) = 4096
write(1, " 1,    1,    1,    1,    1,    1"..., 4096) = 4096
write(1, "__cplusplus\n#include <stdlib.h>\n"..., 4096) = 4096
write(1, "0: /* must back up */\n\t\t\t/* undo"..., 4096) = 4096
write(1, "\n *\tEOB_ACT_END_OF_FILE - end of"..., 4096) = 4096
write(1, "NUL_trans( yy_state_type yy_curr"..., 4096) = 4096
write(1, "e don't actually know whether we"..., 4096) = 4096
write(1, ";\n\tint i;\n\n\t/* Get memory for fu"..., 3628) = 3628
exit_group(0)                           = ?
