execve("../source/flex.exe.static", ["../source/flex.exe.static", "error", "-d", "-Craem", "../inputs/in.closure"], [/* 43 vars */]) = 0
uname({sys="Linux", node="xmenxk-OptiPlex-7010", ...}) = 0
brk(0)                                  = 0xe96000
brk(0xe971c0)                           = 0xe971c0
arch_prctl(ARCH_SET_FS, 0xe96880)       = 0
brk(0xeb81c0)                           = 0xeb81c0
brk(0xeb9000)                           = 0xeb9000
open("error", O_WRONLY|O_CREAT|O_TRUNC, 0666) = 3
open("../inputs/in.closure", O_RDONLY)  = 4
brk(0xeda000)                           = 0xeda000
ioctl(4, SNDCTL_TMR_TIMEBASE or TCGETS, 0x7fff2325dc08) = -1 ENOTTY (Inappropriate ioctl for device)
fstat(4, {st_mode=S_IFREG|0640, st_size=274, ...}) = 0
mmap(NULL, 4096, PROT_READ|PROT_WRITE, MAP_PRIVATE|MAP_ANONYMOUS, -1, 0) = 0x7f6981280000
read(4, "%%\n\nr*\t\tprintf(\"Zero or more r's"..., 8192) = 274
read(4, "", 4096)                       = 0
open("lex.yy.c", O_WRONLY|O_CREAT|O_TRUNC, 0666) = 5
dup3(5, 1, 0)                           = 1
close(5)                                = 0
fstat(1, {st_mode=S_IFREG|0664, st_size=0, ...}) = 0
mmap(NULL, 4096, PROT_READ|PROT_WRITE, MAP_PRIVATE|MAP_ANONYMOUS, -1, 0) = 0x7f698127f000
write(1, "/* A lexical scanner generated b"..., 4096) = 4096
read(4, "", 8192)                       = 0
ioctl(4, SNDCTL_TMR_TIMEBASE or TCGETS, 0x7fff2325dbc8) = -1 ENOTTY (Inappropriate ioctl for device)
write(1, "\t * instead of fread(), to make "..., 4096) = 4096
write(1, " 1,    1,    1,    1,    1,    1"..., 4096) = 4096
write(1, " yy_push_state YY_PROTO(( int ne"..., 4096) = 4096
write(1, "_rule_linenum[yy_act], yytext );"..., 4096) = 4096
write(1, "xt_ptr + yy_amount_of_matched_te"..., 4096) = 4096
write(1, " yy_cp = yytext_ptr + YY_MORE_AD"..., 4096) = 4096
write(1, "eturn c;\n\t}\n\n\n#ifdef YY_USE_PROT"..., 4096) = 4096
write(1, "_buf = base;\n\tb->yy_is_our_buffe"..., 4096) = 4096
write(1, "s though doing an assignment.\n\t "..., 311) = 311
exit_group(0)                           = ?
