execve("../source/flex.exe.static", ["../source/flex.exe.static", "error", "-d", "-Craem", "../inputs/in.0"], [/* 43 vars */]) = 0
uname({sys="Linux", node="xmenxk-OptiPlex-7010", ...}) = 0
brk(0)                                  = 0x1c16000
brk(0x1c171c0)                          = 0x1c171c0
arch_prctl(ARCH_SET_FS, 0x1c16880)      = 0
brk(0x1c381c0)                          = 0x1c381c0
brk(0x1c39000)                          = 0x1c39000
open("error", O_WRONLY|O_CREAT|O_TRUNC, 0666) = 3
open("../inputs/in.0", O_RDONLY)        = 4
brk(0x1c5a000)                          = 0x1c5a000
ioctl(4, SNDCTL_TMR_TIMEBASE or TCGETS, 0x7fff6bb24bb8) = -1 ENOTTY (Inappropriate ioctl for device)
fstat(4, {st_mode=S_IFREG|0640, st_size=792, ...}) = 0
mmap(NULL, 4096, PROT_READ|PROT_WRITE, MAP_PRIVATE|MAP_ANONYMOUS, -1, 0) = 0x7f80e63dc000
read(4, "/* scanner for a toy Pascal-like"..., 8192) = 792
read(4, "", 4096)                       = 0
open("lex.yy.c", O_WRONLY|O_CREAT|O_TRUNC, 0666) = 5
dup3(5, 1, 0)                           = 1
close(5)                                = 0
fstat(1, {st_mode=S_IFREG|0664, st_size=0, ...}) = 0
mmap(NULL, 4096, PROT_READ|PROT_WRITE, MAP_PRIVATE|MAP_ANONYMOUS, -1, 0) = 0x7f80e63db000
write(1, "/* A lexical scanner generated b"..., 4096) = 4096
write(1, "\t * instead of fread(), to make "..., 4096) = 4096
write(1, ",    4,    4,    4,    4,    4, "..., 4096) = 4096
write(1, "ic yy_state_type yy_last_accepti"..., 4096) = 4096
write(1, "tdout;\n\n\t\tif ( ! yy_current_buff"..., 4096) = 4096
write(1, "* (since all states make transit"..., 4096) = 4096
write(1, "TATE b = yy_current_buffer;\n\n\t\t\t"..., 4096) = 4096
write(1, "ffer->yy_buf_size;\n\n\t\tif ( yy_cp"..., 4096) = 4096
write(1, "void *) b );\n\t}\n\n\n#ifndef YY_ALW"..., 4096) = 4096
read(4, "", 8192)                       = 0
ioctl(4, SNDCTL_TMR_TIMEBASE or TCGETS, 0x7fff6bb250e8) = -1 ENOTTY (Inappropriate ioctl for device)
write(1, "ndif\n\n#ifndef YY_EXIT_FAILURE\n#d"..., 2238) = 2238
exit_group(0)                           = ?
