execve("../source/flex.exe.static", ["../source/flex.exe.static", "error", "-dl", "-Crae", "../inputs/in.ch"], [/* 43 vars */]) = 0
uname({sys="Linux", node="xmenxk-OptiPlex-7010", ...}) = 0
brk(0)                                  = 0xfad000
brk(0xfae1c0)                           = 0xfae1c0
arch_prctl(ARCH_SET_FS, 0xfad880)       = 0
brk(0xfcf1c0)                           = 0xfcf1c0
brk(0xfd0000)                           = 0xfd0000
open("error", O_WRONLY|O_CREAT|O_TRUNC, 0666) = 3
open("../inputs/in.ch", O_RDONLY)       = 4
brk(0xff1000)                           = 0xff1000
ioctl(4, SNDCTL_TMR_TIMEBASE or TCGETS, 0x7fff7ab813c8) = -1 ENOTTY (Inappropriate ioctl for device)
fstat(4, {st_mode=S_IFREG|0640, st_size=357, ...}) = 0
mmap(NULL, 4096, PROT_READ|PROT_WRITE, MAP_PRIVATE|MAP_ANONYMOUS, -1, 0) = 0x7f4a33936000
read(4, "%%\n\nxyz\"++\"\t\tprintf(\"Match chara"..., 8192) = 357
read(4, "", 4096)                       = 0
open("lex.yy.c", O_WRONLY|O_CREAT|O_TRUNC, 0666) = 5
dup3(5, 1, 0)                           = 1
close(5)                                = 0
fstat(1, {st_mode=S_IFREG|0664, st_size=0, ...}) = 0
mmap(NULL, 4096, PROT_READ|PROT_WRITE, MAP_PRIVATE|MAP_ANONYMOUS, -1, 0) = 0x7f4a33935000
write(1, "/* A lexical scanner generated b"..., 4096) = 4096
read(4, "", 8192)                       = 0
ioctl(4, SNDCTL_TMR_TIMEBASE or TCGETS, 0x7fff7ab81388) = -1 ENOTTY (Inappropriate ioctl for device)
write(1, "\t * instead of fread(), to make "..., 4096) = 4096
write(1, "y_cp;\n\n#define YY_NUM_RULES 7\n#d"..., 4096) = 4096
write(1, "_offset; \\\n\t}\n#ifndef YYLMAX\n#de"..., 4096) = 4096
write(1, " reached */\n\t\t{\n\t\tyy_cp = yy_c_b"..., 4096) = 4096
write(1, "c_buf_p = yytext_ptr + yy_amount"..., 4096) = 4096
write(1, " *= 2;\n\n\t\t\t\tb->yy_ch_buf = (char"..., 4096) = 4096
write(1, "ore* the EOB characters, then it"..., 4096) = 4096
write(1, "b->yy_is_interactive = file ? (i"..., 4096) = 4096
write(1, "ext + n; \\\n\t\tyy_hold_char = *yy_"..., 1590) = 1590
exit_group(0)                           = ?
