execve("../source/flex.exe.static", ["../source/flex.exe.static", "error", "-dl", "-Crae", "../inputs/in.ch_exp_1"], [/* 43 vars */]) = 0
uname({sys="Linux", node="xmenxk-OptiPlex-7010", ...}) = 0
brk(0)                                  = 0xe09000
brk(0xe0a1c0)                           = 0xe0a1c0
arch_prctl(ARCH_SET_FS, 0xe09880)       = 0
brk(0xe2b1c0)                           = 0xe2b1c0
brk(0xe2c000)                           = 0xe2c000
open("error", O_WRONLY|O_CREAT|O_TRUNC, 0666) = 3
open("../inputs/in.ch_exp_1", O_RDONLY) = 4
brk(0xe4d000)                           = 0xe4d000
ioctl(4, SNDCTL_TMR_TIMEBASE or TCGETS, 0x7fff8b49ed38) = -1 ENOTTY (Inappropriate ioctl for device)
fstat(4, {st_mode=S_IFREG|0640, st_size=70, ...}) = 0
mmap(NULL, 4096, PROT_READ|PROT_WRITE, MAP_PRIVATE|MAP_ANONYMOUS, -1, 0) = 0x7fc868836000
read(4, "%%\n\nfoo|bar*\tprintf(\"foo or ba(z"..., 8192) = 70
read(4, "", 4096)                       = 0
open("lex.yy.c", O_WRONLY|O_CREAT|O_TRUNC, 0666) = 5
dup3(5, 1, 0)                           = 1
close(5)                                = 0
fstat(1, {st_mode=S_IFREG|0664, st_size=0, ...}) = 0
mmap(NULL, 4096, PROT_READ|PROT_WRITE, MAP_PRIVATE|MAP_ANONYMOUS, -1, 0) = 0x7fc868835000
write(1, "/* A lexical scanner generated b"..., 4096) = 4096
read(4, "", 8192)                       = 0
ioctl(4, SNDCTL_TMR_TIMEBASE or TCGETS, 0x7fff8b49ecf8) = -1 ENOTTY (Inappropriate ioctl for device)
write(1, "\t * instead of fread(), to make "..., 4096) = 4096
write(1, "y_cp;\n\n#define YY_NUM_RULES 2\n#d"..., 4096) = 4096
write(1, "_PROTO(( yyconst char * ));\n#end"..., 4096) = 4096
write(1, "rrent_state;\n\t\t\t++yy_cp;\n\t\t\t}\n\t\t"..., 4096) = 4096
write(1, "LL, it'll still work - another\n\t"..., 4096) = 4096
write(1, "yy_n_chars + 1] = YY_END_OF_BUFF"..., 4096) = 4096
write(1, "/* cast for 8-bit char's */\n\t*yy"..., 4096) = 4096
write(1, "R( \"out of dynamic memory in yy_"..., 4096) = 4096
write(1, "ter\n\t * because both ANSI C and "..., 450) = 450
exit_group(0)                           = ?
