execve("../source/flex.exe.static", ["../source/flex.exe.static", "error", "-dl", "-Crae", "../inputs/in.closure"], [/* 43 vars */]) = 0
uname({sys="Linux", node="xmenxk-OptiPlex-7010", ...}) = 0
brk(0)                                  = 0x13a3000
brk(0x13a41c0)                          = 0x13a41c0
arch_prctl(ARCH_SET_FS, 0x13a3880)      = 0
brk(0x13c51c0)                          = 0x13c51c0
brk(0x13c6000)                          = 0x13c6000
open("error", O_WRONLY|O_CREAT|O_TRUNC, 0666) = 3
open("../inputs/in.closure", O_RDONLY)  = 4
brk(0x13e7000)                          = 0x13e7000
ioctl(4, SNDCTL_TMR_TIMEBASE or TCGETS, 0x7fff6a235f28) = -1 ENOTTY (Inappropriate ioctl for device)
fstat(4, {st_mode=S_IFREG|0640, st_size=274, ...}) = 0
mmap(NULL, 4096, PROT_READ|PROT_WRITE, MAP_PRIVATE|MAP_ANONYMOUS, -1, 0) = 0x7fe545ecb000
read(4, "%%\n\nr*\t\tprintf(\"Zero or more r's"..., 8192) = 274
read(4, "", 4096)                       = 0
open("lex.yy.c", O_WRONLY|O_CREAT|O_TRUNC, 0666) = 5
dup3(5, 1, 0)                           = 1
close(5)                                = 0
fstat(1, {st_mode=S_IFREG|0664, st_size=0, ...}) = 0
mmap(NULL, 4096, PROT_READ|PROT_WRITE, MAP_PRIVATE|MAP_ANONYMOUS, -1, 0) = 0x7fe545eca000
write(1, "/* A lexical scanner generated b"..., 4096) = 4096
read(4, "", 8192)                       = 0
ioctl(4, SNDCTL_TMR_TIMEBASE or TCGETS, 0x7fff6a235ee8) = -1 ENOTTY (Inappropriate ioctl for device)
write(1, "\t * instead of fread(), to make "..., 4096) = 4096
write(1, "y_cp;\n\n#define YY_NUM_RULES 6\n#d"..., 4096) = 4096
write(1, "user definitions in\n * section 1"..., 4096) = 4096
write(1, "rent_state = yy_start;\n\t\tyy_stat"..., 4096) = 4096
write(1, "jamming (and we don't\n\t\t\t * want"..., 4096) = 4096
write(1, "buffer overflow\" );\n\n\t\t\tyy_c_buf"..., 4096) = 4096
write(1, "f_p;\n\n\t\t\tswitch ( yy_get_next_bu"..., 4096) = 4096
write(1, "causes\n\t * a transition to the e"..., 4096) = 4096
write(1, " *s2;\nint n;\n#endif\n\t{\n\tregister"..., 1283) = 1283
exit_group(0)                           = ?
