execve("../source/flex.exe.static", ["../source/flex.exe.static", "error", "-w", "../inputs/in.warn_1"], [/* 43 vars */]) = 0
uname({sys="Linux", node="xmenxk-OptiPlex-7010", ...}) = 0
brk(0)                                  = 0x967000
brk(0x9681c0)                           = 0x9681c0
arch_prctl(ARCH_SET_FS, 0x967880)       = 0
brk(0x9891c0)                           = 0x9891c0
brk(0x98a000)                           = 0x98a000
open("error", O_WRONLY|O_CREAT|O_TRUNC, 0666) = 3
open("../inputs/in.warn_1", O_RDONLY)   = 4
brk(0x9ab000)                           = 0x9ab000
ioctl(4, SNDCTL_TMR_TIMEBASE or TCGETS, 0x7ffffad3cb58) = -1 ENOTTY (Inappropriate ioctl for device)
fstat(4, {st_mode=S_IFREG|0640, st_size=83, ...}) = 0
mmap(NULL, 4096, PROT_READ|PROT_WRITE, MAP_PRIVATE|MAP_ANONYMOUS, -1, 0) = 0x7f064b1d7000
read(4, "%%\n\n[a-z]+\tprintf(\"matched %s\\n\""..., 8192) = 83
read(4, "", 4096)                       = 0
open("lex.yy.c", O_WRONLY|O_CREAT|O_TRUNC, 0666) = 5
dup3(5, 1, 0)                           = 1
close(5)                                = 0
fstat(1, {st_mode=S_IFREG|0664, st_size=0, ...}) = 0
mmap(NULL, 4096, PROT_READ|PROT_WRITE, MAP_PRIVATE|MAP_ANONYMOUS, -1, 0) = 0x7f064b1d6000
write(1, "/* A lexical scanner generated b"..., 4096) = 4096
read(4, "", 8192)                       = 0
ioctl(4, SNDCTL_TMR_TIMEBASE or TCGETS, 0x7ffffad3cb18) = -1 ENOTTY (Inappropriate ioctl for device)
write(1, "\t * instead of fread(), to make "..., 4096) = 4096
write(1, "    1,    1,    1,    1,    1,  "..., 4096) = 4096
write(1, " whatever the last rule matched "..., 4096) = 4096
write(1, "YY_STATE_EOF(INITIAL):\n\tyytermin"..., 4096) = 4096
write(1, "n't try to fill the buffer, so t"..., 4096) = 4096
write(1, "urrent_state )\n\t\t{\n\t\tyy_current_"..., 4096) = 4096
write(1, " = yy_current_buffer->yy_buf_pos"..., 4096) = 4096
write(1, " to grow etc. this buffer, and w"..., 3205) = 3205
exit_group(0)                           = ?
