execve("../source/flex.exe.static", ["../source/flex.exe.static", "error", "-d", "-Crae", "../inputs/in.ch"], [/* 43 vars */]) = 0
uname({sys="Linux", node="xmenxk-OptiPlex-7010", ...}) = 0
brk(0)                                  = 0x15ee000
brk(0x15ef1c0)                          = 0x15ef1c0
arch_prctl(ARCH_SET_FS, 0x15ee880)      = 0
brk(0x16101c0)                          = 0x16101c0
brk(0x1611000)                          = 0x1611000
open("error", O_WRONLY|O_CREAT|O_TRUNC, 0666) = 3
open("../inputs/in.ch", O_RDONLY)       = 4
brk(0x1632000)                          = 0x1632000
ioctl(4, SNDCTL_TMR_TIMEBASE or TCGETS, 0x7fffae4fd2d8) = -1 ENOTTY (Inappropriate ioctl for device)
fstat(4, {st_mode=S_IFREG|0640, st_size=357, ...}) = 0
mmap(NULL, 4096, PROT_READ|PROT_WRITE, MAP_PRIVATE|MAP_ANONYMOUS, -1, 0) = 0x7f3aadc72000
read(4, "%%\n\nxyz\"++\"\t\tprintf(\"Match chara"..., 8192) = 357
read(4, "", 4096)                       = 0
open("lex.yy.c", O_WRONLY|O_CREAT|O_TRUNC, 0666) = 5
dup3(5, 1, 0)                           = 1
close(5)                                = 0
fstat(1, {st_mode=S_IFREG|0664, st_size=0, ...}) = 0
mmap(NULL, 4096, PROT_READ|PROT_WRITE, MAP_PRIVATE|MAP_ANONYMOUS, -1, 0) = 0x7f3aadc71000
write(1, "/* A lexical scanner generated b"..., 4096) = 4096
read(4, "", 8192)                       = 0
ioctl(4, SNDCTL_TMR_TIMEBASE or TCGETS, 0x7fffae4fd298) = -1 ENOTTY (Inappropriate ioctl for device)
write(1, "\t * instead of fread(), to make "..., 4096) = 4096
write(1, " 1,    1,    1,    1,    1,    1"..., 4096) = 4096
write(1, "\nstatic int *yy_start_stack = 0;"..., 4096) = 4096
write(1, "m[yy_act], yytext );\n\t\t\telse if "..., 4096) = 4096
write(1, "EW_FILE;\n\t\t\t\t\t}\n\t\t\t\tbreak;\n\t\t\t\t}"..., 4096) = 4096
write(1, "_state_type yy_current_state;\n\tr"..., 4096) = 4096
write(1, " *input_file )\n#else\nvoid yyrest"..., 4096) = 4096
write(1, "e = 0;\n\tb->yy_n_chars = b->yy_bu"..., 4096) = 4096
write(1, "lloc( (char *) ptr, size );\n\t}\n\n"..., 251) = 251
exit_group(0)                           = ?
