execve("../source/flex.exe.static", ["../source/flex.exe.static", "error", "-d", "-Crae", "../inputs/in.exp"], [/* 43 vars */]) = 0
uname({sys="Linux", node="xmenxk-OptiPlex-7010", ...}) = 0
brk(0)                                  = 0x1d6a000
brk(0x1d6b1c0)                          = 0x1d6b1c0
arch_prctl(ARCH_SET_FS, 0x1d6a880)      = 0
brk(0x1d8c1c0)                          = 0x1d8c1c0
brk(0x1d8d000)                          = 0x1d8d000
open("error", O_WRONLY|O_CREAT|O_TRUNC, 0666) = 3
open("../inputs/in.exp", O_RDONLY)      = 4
brk(0x1dae000)                          = 0x1dae000
ioctl(4, SNDCTL_TMR_TIMEBASE or TCGETS, 0x7fff9acad2d8) = -1 ENOTTY (Inappropriate ioctl for device)
fstat(4, {st_mode=S_IFREG|0640, st_size=290, ...}) = 0
mmap(NULL, 4096, PROT_READ|PROT_WRITE, MAP_PRIVATE|MAP_ANONYMOUS, -1, 0) = 0x7f3b110dc000
read(4, "%%\n(r)\t\tprintf(\"Match an r: %s\\n"..., 8192) = 290
read(4, "", 4096)                       = 0
open("lex.yy.c", O_WRONLY|O_CREAT|O_TRUNC, 0666) = 5
dup3(5, 1, 0)                           = 1
close(5)                                = 0
fstat(1, {st_mode=S_IFREG|0664, st_size=0, ...}) = 0
mmap(NULL, 4096, PROT_READ|PROT_WRITE, MAP_PRIVATE|MAP_ANONYMOUS, -1, 0) = 0x7f3b110db000
write(1, "/* A lexical scanner generated b"..., 4096) = 4096
read(4, "", 8192)                       = 0
ioctl(4, SNDCTL_TMR_TIMEBASE or TCGETS, 0x7fff9acad298) = -1 ENOTTY (Inappropriate ioctl for device)
write(1, "\t * instead of fread(), to make "..., 4096) = 4096
write(1, "       1,    1,    1,    1,    1"..., 4096) = 4096
write(1, "oid ));\n#else\nstatic int input Y"..., 4096) = 4096
write(1, "TION;\n\n\ndo_action:\t/* This label"..., 4096) = 4096
write(1, "ote: because we've taken care in"..., 4096) = 4096
write(1, "CH;\n\t\t\tyy_current_buffer->yy_buf"..., 4096) = 4096
write(1, "\t\t\t/* fall through */\n\n\t\t\t\tcase "..., 4096) = 4096
write(1, "t size )\n#else\nYY_BUFFER_STATE y"..., 4096) = 4096
write(1, "#endif\n\t{\n\treturn (void *) mallo"..., 838) = 838
exit_group(0)                           = ?
