execve("../source/flex.exe.static", ["../source/flex.exe.static", "error", "-dl", "-Cram", "../inputs/in.ch"], [/* 43 vars */]) = 0
uname({sys="Linux", node="xmenxk-OptiPlex-7010", ...}) = 0
brk(0)                                  = 0x1359000
brk(0x135a1c0)                          = 0x135a1c0
arch_prctl(ARCH_SET_FS, 0x1359880)      = 0
brk(0x137b1c0)                          = 0x137b1c0
brk(0x137c000)                          = 0x137c000
open("error", O_WRONLY|O_CREAT|O_TRUNC, 0666) = 3
open("../inputs/in.ch", O_RDONLY)       = 4
brk(0x139d000)                          = 0x139d000
ioctl(4, SNDCTL_TMR_TIMEBASE or TCGETS, 0x7fffc26a6218) = -1 ENOTTY (Inappropriate ioctl for device)
fstat(4, {st_mode=S_IFREG|0640, st_size=357, ...}) = 0
mmap(NULL, 4096, PROT_READ|PROT_WRITE, MAP_PRIVATE|MAP_ANONYMOUS, -1, 0) = 0x7fb1ef191000
read(4, "%%\n\nxyz\"++\"\t\tprintf(\"Match chara"..., 8192) = 357
read(4, "", 4096)                       = 0
open("lex.yy.c", O_WRONLY|O_CREAT|O_TRUNC, 0666) = 5
dup3(5, 1, 0)                           = 1
close(5)                                = 0
fstat(1, {st_mode=S_IFREG|0664, st_size=0, ...}) = 0
mmap(NULL, 4096, PROT_READ|PROT_WRITE, MAP_PRIVATE|MAP_ANONYMOUS, -1, 0) = 0x7fb1ef190000
write(1, "/* A lexical scanner generated b"..., 4096) = 4096
read(4, "", 8192)                       = 0
ioctl(4, SNDCTL_TMR_TIMEBASE or TCGETS, 0x7fffc26a61d8) = -1 ENOTTY (Inappropriate ioctl for device)
write(1, "\t * instead of fread(), to make "..., 4096) = 4096
write(1, "y_cp;\n\n#define YY_NUM_RULES 7\n#d"..., 4096) = 4096
write(1, ",\n        9,   24,   24,   24,  "..., 4096) = 4096
write(1, "24,   24,   24,\n       24,   24,"..., 4096) = 4096
write(1, "\\\n\t\tint c = '*', n; \\\n\t\tfor ( n "..., 4096) = 4096
write(1, "line 4 \"../inputs/in.ch\"\nprintf("..., 4096) = 4096
write(1, "nd of yylex */\n\n\n/* yy_get_next_"..., 4096) = 4096
write(1, "te_ptr++ = yy_current_state;\n\t\t}"..., 4096) = 4096
write(1, "me this flag\n\t * is looked at is"..., 4096) = 4096
write(1, " (char *) yy_flex_alloc( n );\n\ti"..., 3520) = 3520
exit_group(0)                           = ?
