execve("../source/flex.exe.static", ["../source/flex.exe.static", "error", "-dl", "-Cram", "../inputs/in.closure"], [/* 43 vars */]) = 0
uname({sys="Linux", node="xmenxk-OptiPlex-7010", ...}) = 0
brk(0)                                  = 0xd36000
brk(0xd371c0)                           = 0xd371c0
arch_prctl(ARCH_SET_FS, 0xd36880)       = 0
brk(0xd581c0)                           = 0xd581c0
brk(0xd59000)                           = 0xd59000
open("error", O_WRONLY|O_CREAT|O_TRUNC, 0666) = 3
open("../inputs/in.closure", O_RDONLY)  = 4
brk(0xd7a000)                           = 0xd7a000
ioctl(4, SNDCTL_TMR_TIMEBASE or TCGETS, 0x7fffb7ad8168) = -1 ENOTTY (Inappropriate ioctl for device)
fstat(4, {st_mode=S_IFREG|0640, st_size=274, ...}) = 0
mmap(NULL, 4096, PROT_READ|PROT_WRITE, MAP_PRIVATE|MAP_ANONYMOUS, -1, 0) = 0x7fa928d76000
read(4, "%%\n\nr*\t\tprintf(\"Zero or more r's"..., 8192) = 274
read(4, "", 4096)                       = 0
open("lex.yy.c", O_WRONLY|O_CREAT|O_TRUNC, 0666) = 5
dup3(5, 1, 0)                           = 1
close(5)                                = 0
fstat(1, {st_mode=S_IFREG|0664, st_size=0, ...}) = 0
mmap(NULL, 4096, PROT_READ|PROT_WRITE, MAP_PRIVATE|MAP_ANONYMOUS, -1, 0) = 0x7fa928d75000
write(1, "/* A lexical scanner generated b"..., 4096) = 4096
read(4, "", 8192)                       = 0
ioctl(4, SNDCTL_TMR_TIMEBASE or TCGETS, 0x7fffb7ad8128) = -1 ENOTTY (Inappropriate ioctl for device)
write(1, "\t * instead of fread(), to make "..., 4096) = 4096
write(1, "y_cp;\n\n#define YY_NUM_RULES 6\n#d"..., 4096) = 4096
write(1, ",   24,   24,   24,\n       24,  "..., 4096) = 4096
write(1, "lex_debug;\nint yy_flex_debug = 1"..., 4096) = 4096
write(1, "efine YY_USER_ACTION\n#endif\n\n/* "..., 4096) = 4096
write(1, "y a\n\t\t\t * back-up) that will mat"..., 4096) = 4096
write(1, "yy_current_buffer->yy_n_chars = "..., 4096) = 4096
write(1, "_chars =\n\t\t\tyy_n_chars = yy_curr"..., 4096) = 4096
write(1, "FFER_STATE) 0;\n\n\tif ( b->yy_is_o"..., 4096) = 4096
write(1, "def YY_NO_TOP_STATE\nstatic int y"..., 2173) = 2173
exit_group(0)                           = ?
