execve("../source/flex.exe.static", ["../source/flex.exe.static", "error", "-d", "-Cram", "../inputs/in.0"], [/* 43 vars */]) = 0
uname({sys="Linux", node="xmenxk-OptiPlex-7010", ...}) = 0
brk(0)                                  = 0x1440000
brk(0x14411c0)                          = 0x14411c0
arch_prctl(ARCH_SET_FS, 0x1440880)      = 0
brk(0x14621c0)                          = 0x14621c0
brk(0x1463000)                          = 0x1463000
open("error", O_WRONLY|O_CREAT|O_TRUNC, 0666) = 3
open("../inputs/in.0", O_RDONLY)        = 4
brk(0x1484000)                          = 0x1484000
ioctl(4, SNDCTL_TMR_TIMEBASE or TCGETS, 0x7fffde2ff068) = -1 ENOTTY (Inappropriate ioctl for device)
fstat(4, {st_mode=S_IFREG|0640, st_size=792, ...}) = 0
mmap(NULL, 4096, PROT_READ|PROT_WRITE, MAP_PRIVATE|MAP_ANONYMOUS, -1, 0) = 0x7f6f91f6e000
read(4, "/* scanner for a toy Pascal-like"..., 8192) = 792
read(4, "", 4096)                       = 0
open("lex.yy.c", O_WRONLY|O_CREAT|O_TRUNC, 0666) = 5
dup3(5, 1, 0)                           = 1
close(5)                                = 0
fstat(1, {st_mode=S_IFREG|0664, st_size=0, ...}) = 0
mmap(NULL, 4096, PROT_READ|PROT_WRITE, MAP_PRIVATE|MAP_ANONYMOUS, -1, 0) = 0x7f6f91f6d000
write(1, "/* A lexical scanner generated b"..., 4096) = 4096
write(1, "\t * instead of fread(), to make "..., 4096) = 4096
write(1, ",    4,    4,    4,    4,    4, "..., 4096) = 4096
write(1, "9,    9,   16,   20,   20,\n     "..., 4096) = 4096
write(1, ",   20,   20,   20,   20,   20,\n"..., 4096) = 4096
write(1, "   44,   44,   44,   44,   44,  "..., 4096) = 4096
write(1, "  23,   23,   23,   23,   23,\n  "..., 4096) = 4096
write(1, " 43,   43,   43,   43,   43,   4"..., 4096) = 4096
write(1, " the routines.  This will fail\n "..., 4096) = 4096
write(1, "r;\n\t\t\tyy_cp = yy_last_accepting_"..., 4096) = 4096
write(1, "TCH:\n\t\t\t\tyy_c_buf_p =\n\t\t\t\t&yy_cu"..., 4096) = 4096
write(1, ";\n\t\t\t}\n\t\tif ( *yy_cp )\n\t\t\t{\n\t\t\tr"..., 4096) = 4096
write(1, "buffer( new_buffer )\nYY_BUFFER_S"..., 4096) = 4096
write(1, "\nyyconst char *yy_str;\n#endif\n\t{"..., 4096) = 4096
read(4, "", 8192)                       = 0
ioctl(4, SNDCTL_TMR_TIMEBASE or TCGETS, 0x7fffde2ff598) = -1 ENOTTY (Inappropriate ioctl for device)
write(1, "gc > 0)\n\t\tyyin = fopen(argv[0], "..., 75) = 75
exit_group(0)                           = ?
