execve("../source/flex.exe.static", ["../source/flex.exe.static", "error", "-dl", "-Cra", "../inputs/in.ch_exp_1"], [/* 43 vars */]) = 0
uname({sys="Linux", node="xmenxk-OptiPlex-7010", ...}) = 0
brk(0)                                  = 0x2631000
brk(0x26321c0)                          = 0x26321c0
arch_prctl(ARCH_SET_FS, 0x2631880)      = 0
brk(0x26531c0)                          = 0x26531c0
brk(0x2654000)                          = 0x2654000
open("error", O_WRONLY|O_CREAT|O_TRUNC, 0666) = 3
open("../inputs/in.ch_exp_1", O_RDONLY) = 4
brk(0x2675000)                          = 0x2675000
ioctl(4, SNDCTL_TMR_TIMEBASE or TCGETS, 0x7fffce9a6418) = -1 ENOTTY (Inappropriate ioctl for device)
fstat(4, {st_mode=S_IFREG|0640, st_size=70, ...}) = 0
mmap(NULL, 4096, PROT_READ|PROT_WRITE, MAP_PRIVATE|MAP_ANONYMOUS, -1, 0) = 0x7f9775e53000
read(4, "%%\n\nfoo|bar*\tprintf(\"foo or ba(z"..., 8192) = 70
read(4, "", 4096)                       = 0
open("lex.yy.c", O_WRONLY|O_CREAT|O_TRUNC, 0666) = 5
dup3(5, 1, 0)                           = 1
close(5)                                = 0
fstat(1, {st_mode=S_IFREG|0664, st_size=0, ...}) = 0
mmap(NULL, 4096, PROT_READ|PROT_WRITE, MAP_PRIVATE|MAP_ANONYMOUS, -1, 0) = 0x7f9775e52000
write(1, "/* A lexical scanner generated b"..., 4096) = 4096
read(4, "", 8192)                       = 0
ioctl(4, SNDCTL_TMR_TIMEBASE or TCGETS, 0x7fffce9a63d8) = -1 ENOTTY (Inappropriate ioctl for device)
write(1, "\t * instead of fread(), to make "..., 4096) = 4096
write(1, "y_cp;\n\n#define YY_NUM_RULES 2\n#d"..., 4096) = 4096
write(1, "   11,   11,   11,   11,   11,  "..., 4096) = 4096
write(1, "1,   11,   11,   11,   11,   11,"..., 4096) = 4096
write(1, " want an extra ';' after the \"re"..., 4096) = 4096
write(1, " source and called\n\t\t\t * yylex()"..., 4096) = 4096
write(1, "( i = 0; i < number_to_move; ++i"..., 4096) = 4096
write(1, "yy_current_buffer->yy_ch_buf )\n\t"..., 4096) = 4096
write(1, " b )\n#else\nvoid yy_delete_buffer"..., 4096) = 4096
write(1, "\tif ( --yy_start_stack_ptr < 0 )"..., 2323) = 2323
exit_group(0)                           = ?
