execve("../source/flex.exe.static", ["../source/flex.exe.static", "error", "-dl", "-Cra", "../inputs/in.exp"], [/* 43 vars */]) = 0
uname({sys="Linux", node="xmenxk-OptiPlex-7010", ...}) = 0
brk(0)                                  = 0x1aec000
brk(0x1aed1c0)                          = 0x1aed1c0
arch_prctl(ARCH_SET_FS, 0x1aec880)      = 0
brk(0x1b0e1c0)                          = 0x1b0e1c0
brk(0x1b0f000)                          = 0x1b0f000
open("error", O_WRONLY|O_CREAT|O_TRUNC, 0666) = 3
open("../inputs/in.exp", O_RDONLY)      = 4
brk(0x1b30000)                          = 0x1b30000
ioctl(4, SNDCTL_TMR_TIMEBASE or TCGETS, 0x7fff18a0ffd8) = -1 ENOTTY (Inappropriate ioctl for device)
fstat(4, {st_mode=S_IFREG|0640, st_size=290, ...}) = 0
mmap(NULL, 4096, PROT_READ|PROT_WRITE, MAP_PRIVATE|MAP_ANONYMOUS, -1, 0) = 0x7f281da8a000
read(4, "%%\n(r)\t\tprintf(\"Match an r: %s\\n"..., 8192) = 290
read(4, "", 4096)                       = 0
open("lex.yy.c", O_WRONLY|O_CREAT|O_TRUNC, 0666) = 5
dup3(5, 1, 0)                           = 1
close(5)                                = 0
fstat(1, {st_mode=S_IFREG|0664, st_size=0, ...}) = 0
mmap(NULL, 4096, PROT_READ|PROT_WRITE, MAP_PRIVATE|MAP_ANONYMOUS, -1, 0) = 0x7f281da89000
write(1, "/* A lexical scanner generated b"..., 4096) = 4096
read(4, "", 8192)                       = 0
ioctl(4, SNDCTL_TMR_TIMEBASE or TCGETS, 0x7fff18a0ff98) = -1 ENOTTY (Inappropriate ioctl for device)
fstat(3, {st_mode=S_IFREG|0664, st_size=0, ...}) = 0
mmap(NULL, 4096, PROT_READ|PROT_WRITE, MAP_PRIVATE|MAP_ANONYMOUS, -1, 0) = 0x7f281da88000
write(1, "\t * instead of fread(), to make "..., 4096) = 4096
write(1, "y_cp;\n\n#define YY_NUM_RULES 7\n#d"..., 4096) = 4096
write(1, "6,   26,   26,   26,\n       26, "..., 4096) = 4096
write(1, " 26,   26,   26,   26,   26,   2"..., 4096) = 4096
write(1, ") != sizeof(int).\n */\n#endif\n#en"..., 4096) = 4096
write(1, "Y_TRAILING_HEAD_MASK;\n\t\t\t\t\tyy_fu"..., 4096) = 4096
write(1, "switch_on_eof = 0;\n\n\t\t\t\tif ( yyw"..., 4096) = 4096
write(1, " yyin );\n\t\t\t}\n\n\t\telse\n\t\t\t{\n\t\t\tre"..., 4096) = 4096
write(1, "\t\treturn input();\n#endif\n\t\t\t\t\t}\n"..., 4096) = 4096
write(1, "_END_OF_BUFFER_CHAR ||\n\t     bas"..., 4096) = 4096
write(1, " ptr, size )\nvoid *ptr;\nyy_size_"..., 677) = 677
write(3, "\"../inputs/in.exp\", line 7: warn"..., 64) = 64
exit_group(0)                           = ?
