uname@__uname
brk@brk
brk@brk
brk@brk
brk@brk
open@__open_nocancel
open@__open_nocancel
brk@brk
fstat@__fxstat
mmap@mmap64
read@__read_nocancel
read@__read_nocancel
open@__open_nocancel
dup3@dup3
close@__close_nocancel
fstat@__fxstat
mmap@mmap64
write@__write_nocancel
write@__write_nocancel
write@__write_nocancel
write@__write_nocancel
write@__write_nocancel
write@__write_nocancel
write@__write_nocancel
write@__write_nocancel
write@__write_nocancel
read@__read_nocancel
write@__write_nocancel
exit_group@_exit
